ERROR - 2021-06-28 13:17:12 --> Error connecting to the database: Access denied for user '****'@'localhost' (using password: NO)
CRITICAL - 2021-06-28 13:17:12 --> Unable to connect to the database.
#0 C:\xampp\htdocs\pos\system\Database\BaseConnection.php(618): CodeIgniter\Database\BaseConnection->initialize()
#1 C:\xampp\htdocs\pos\system\Database\BaseBuilder.php(1866): CodeIgniter\Database\BaseConnection->query('SELECT *\nFROM `...', Array, false)
#2 C:\xampp\htdocs\pos\system\Model.php(213): CodeIgniter\Database\BaseBuilder->get()
#3 C:\xampp\htdocs\pos\system\BaseModel.php(583): CodeIgniter\Model->doFindAll(0, 0)
#4 C:\xampp\htdocs\pos\app\Models\ProductosAdminModel.php(108): CodeIgniter\BaseModel->findAll()
#5 C:\xampp\htdocs\pos\app\Controllers\Home.php(27): App\Models\ProductosAdminModel->masvendido()
#6 C:\xampp\htdocs\pos\system\CodeIgniter.php(936): App\Controllers\Home->index()
#7 C:\xampp\htdocs\pos\system\CodeIgniter.php(432): CodeIgniter\CodeIgniter->runController(Object(App\Controllers\Home))
#8 C:\xampp\htdocs\pos\system\CodeIgniter.php(333): CodeIgniter\CodeIgniter->handleRequest(NULL, Object(Config\Cache), false)
#9 C:\xampp\htdocs\pos\public\index.php(46): CodeIgniter\CodeIgniter->run()
#10 {main}
ERROR - 2021-06-28 13:17:15 --> Error connecting to the database: Access denied for user '****'@'localhost' (using password: NO)
CRITICAL - 2021-06-28 13:17:15 --> Unable to connect to the database.
#0 C:\xampp\htdocs\pos\system\Database\BaseConnection.php(618): CodeIgniter\Database\BaseConnection->initialize()
#1 C:\xampp\htdocs\pos\system\Database\BaseBuilder.php(1866): CodeIgniter\Database\BaseConnection->query('SELECT *\nFROM `...', Array, false)
#2 C:\xampp\htdocs\pos\system\Model.php(213): CodeIgniter\Database\BaseBuilder->get()
#3 C:\xampp\htdocs\pos\system\BaseModel.php(583): CodeIgniter\Model->doFindAll(0, 0)
#4 C:\xampp\htdocs\pos\app\Models\ProductosAdminModel.php(108): CodeIgniter\BaseModel->findAll()
#5 C:\xampp\htdocs\pos\app\Controllers\Home.php(27): App\Models\ProductosAdminModel->masvendido()
#6 C:\xampp\htdocs\pos\system\CodeIgniter.php(936): App\Controllers\Home->index()
#7 C:\xampp\htdocs\pos\system\CodeIgniter.php(432): CodeIgniter\CodeIgniter->runController(Object(App\Controllers\Home))
#8 C:\xampp\htdocs\pos\system\CodeIgniter.php(333): CodeIgniter\CodeIgniter->handleRequest(NULL, Object(Config\Cache), false)
#9 C:\xampp\htdocs\pos\public\index.php(46): CodeIgniter\CodeIgniter->run()
#10 {main}
ERROR - 2021-06-28 14:00:48 --> mysqli_sql_exception: Unknown column 'valo_neto' in 'field list' in C:\xampp\htdocs\pos\system\Database\MySQLi\Connection.php:314
Stack trace:
#0 C:\xampp\htdocs\pos\system\Database\MySQLi\Connection.php(314): mysqli->query('INSERT INTO `or...')
#1 C:\xampp\htdocs\pos\system\Database\BaseConnection.php(713): CodeIgniter\Database\MySQLi\Connection->execute('INSERT INTO `or...')
#2 C:\xampp\htdocs\pos\system\Database\BaseConnection.php(641): CodeIgniter\Database\BaseConnection->simpleQuery('INSERT INTO `or...')
#3 C:\xampp\htdocs\pos\system\Database\BaseBuilder.php(2263): CodeIgniter\Database\BaseConnection->query('INSERT INTO `or...', Array, false)
#4 C:\xampp\htdocs\pos\system\Model.php(278): CodeIgniter\Database\BaseBuilder->insert()
#5 C:\xampp\htdocs\pos\system\BaseModel.php(758): CodeIgniter\Model->doInsert(Array)
#6 C:\xampp\htdocs\pos\system\Model.php(705): CodeIgniter\BaseModel->insert(Array, false)
#7 C:\xampp\htdocs\pos\system\BaseModel.php(667): CodeIgniter\Model->insert(Array, false)
#8 C:\xampp\htdocs\pos\app\Controllers\OrdenesCompra.php(74): CodeIgniter\BaseModel->save(Array)
#9 C:\xampp\htdocs\pos\system\CodeIgniter.php(936): App\Controllers\OrdenesCompra->generarOrden()
#10 C:\xampp\htdocs\pos\system\CodeIgniter.php(432): CodeIgniter\CodeIgniter->runController(Object(App\Controllers\OrdenesCompra))
#11 C:\xampp\htdocs\pos\system\CodeIgniter.php(333): CodeIgniter\CodeIgniter->handleRequest(NULL, Object(Config\Cache), false)
#12 C:\xampp\htdocs\pos\public\index.php(46): CodeIgniter\CodeIgniter->run()
#13 {main}
CRITICAL - 2021-06-28 14:00:48 --> Unknown column 'valo_neto' in 'field list'
#0 C:\xampp\htdocs\pos\system\Database\MySQLi\Connection.php(314): mysqli->query('INSERT INTO `or...')
#1 C:\xampp\htdocs\pos\system\Database\BaseConnection.php(713): CodeIgniter\Database\MySQLi\Connection->execute('INSERT INTO `or...')
#2 C:\xampp\htdocs\pos\system\Database\BaseConnection.php(641): CodeIgniter\Database\BaseConnection->simpleQuery('INSERT INTO `or...')
#3 C:\xampp\htdocs\pos\system\Database\BaseBuilder.php(2263): CodeIgniter\Database\BaseConnection->query('INSERT INTO `or...', Array, false)
#4 C:\xampp\htdocs\pos\system\Model.php(278): CodeIgniter\Database\BaseBuilder->insert()
#5 C:\xampp\htdocs\pos\system\BaseModel.php(758): CodeIgniter\Model->doInsert(Array)
#6 C:\xampp\htdocs\pos\system\Model.php(705): CodeIgniter\BaseModel->insert(Array, false)
#7 C:\xampp\htdocs\pos\system\BaseModel.php(667): CodeIgniter\Model->insert(Array, false)
#8 C:\xampp\htdocs\pos\app\Controllers\OrdenesCompra.php(74): CodeIgniter\BaseModel->save(Array)
#9 C:\xampp\htdocs\pos\system\CodeIgniter.php(936): App\Controllers\OrdenesCompra->generarOrden()
#10 C:\xampp\htdocs\pos\system\CodeIgniter.php(432): CodeIgniter\CodeIgniter->runController(Object(App\Controllers\OrdenesCompra))
#11 C:\xampp\htdocs\pos\system\CodeIgniter.php(333): CodeIgniter\CodeIgniter->handleRequest(NULL, Object(Config\Cache), false)
#12 C:\xampp\htdocs\pos\public\index.php(46): CodeIgniter\CodeIgniter->run()
#13 {main}
ERROR - 2021-06-28 14:03:22 --> mysqli_sql_exception: Unknown column 'valo_neto' in 'field list' in C:\xampp\htdocs\pos\system\Database\MySQLi\Connection.php:314
Stack trace:
#0 C:\xampp\htdocs\pos\system\Database\MySQLi\Connection.php(314): mysqli->query('INSERT INTO `or...')
#1 C:\xampp\htdocs\pos\system\Database\BaseConnection.php(713): CodeIgniter\Database\MySQLi\Connection->execute('INSERT INTO `or...')
#2 C:\xampp\htdocs\pos\system\Database\BaseConnection.php(641): CodeIgniter\Database\BaseConnection->simpleQuery('INSERT INTO `or...')
#3 C:\xampp\htdocs\pos\system\Database\BaseBuilder.php(2263): CodeIgniter\Database\BaseConnection->query('INSERT INTO `or...', Array, false)
#4 C:\xampp\htdocs\pos\system\Model.php(278): CodeIgniter\Database\BaseBuilder->insert()
#5 C:\xampp\htdocs\pos\system\BaseModel.php(758): CodeIgniter\Model->doInsert(Array)
#6 C:\xampp\htdocs\pos\system\Model.php(705): CodeIgniter\BaseModel->insert(Array, false)
#7 C:\xampp\htdocs\pos\system\BaseModel.php(667): CodeIgniter\Model->insert(Array, false)
#8 C:\xampp\htdocs\pos\app\Controllers\OrdenesCompra.php(74): CodeIgniter\BaseModel->save(Array)
#9 C:\xampp\htdocs\pos\system\CodeIgniter.php(936): App\Controllers\OrdenesCompra->generarOrden()
#10 C:\xampp\htdocs\pos\system\CodeIgniter.php(432): CodeIgniter\CodeIgniter->runController(Object(App\Controllers\OrdenesCompra))
#11 C:\xampp\htdocs\pos\system\CodeIgniter.php(333): CodeIgniter\CodeIgniter->handleRequest(NULL, Object(Config\Cache), false)
#12 C:\xampp\htdocs\pos\public\index.php(46): CodeIgniter\CodeIgniter->run()
#13 {main}
CRITICAL - 2021-06-28 14:03:22 --> Unknown column 'valo_neto' in 'field list'
#0 C:\xampp\htdocs\pos\system\Database\MySQLi\Connection.php(314): mysqli->query('INSERT INTO `or...')
#1 C:\xampp\htdocs\pos\system\Database\BaseConnection.php(713): CodeIgniter\Database\MySQLi\Connection->execute('INSERT INTO `or...')
#2 C:\xampp\htdocs\pos\system\Database\BaseConnection.php(641): CodeIgniter\Database\BaseConnection->simpleQuery('INSERT INTO `or...')
#3 C:\xampp\htdocs\pos\system\Database\BaseBuilder.php(2263): CodeIgniter\Database\BaseConnection->query('INSERT INTO `or...', Array, false)
#4 C:\xampp\htdocs\pos\system\Model.php(278): CodeIgniter\Database\BaseBuilder->insert()
#5 C:\xampp\htdocs\pos\system\BaseModel.php(758): CodeIgniter\Model->doInsert(Array)
#6 C:\xampp\htdocs\pos\system\Model.php(705): CodeIgniter\BaseModel->insert(Array, false)
#7 C:\xampp\htdocs\pos\system\BaseModel.php(667): CodeIgniter\Model->insert(Array, false)
#8 C:\xampp\htdocs\pos\app\Controllers\OrdenesCompra.php(74): CodeIgniter\BaseModel->save(Array)
#9 C:\xampp\htdocs\pos\system\CodeIgniter.php(936): App\Controllers\OrdenesCompra->generarOrden()
#10 C:\xampp\htdocs\pos\system\CodeIgniter.php(432): CodeIgniter\CodeIgniter->runController(Object(App\Controllers\OrdenesCompra))
#11 C:\xampp\htdocs\pos\system\CodeIgniter.php(333): CodeIgniter\CodeIgniter->handleRequest(NULL, Object(Config\Cache), false)
#12 C:\xampp\htdocs\pos\public\index.php(46): CodeIgniter\CodeIgniter->run()
#13 {main}
CRITICAL - 2021-06-28 14:04:12 --> Too few arguments to function App\Controllers\Proveedor::buscarIdProveedor(), 0 passed in C:\xampp\htdocs\pos\system\CodeIgniter.php on line 936 and exactly 1 expected
#0 C:\xampp\htdocs\pos\system\CodeIgniter.php(936): App\Controllers\Proveedor->buscarIdProveedor()
#1 C:\xampp\htdocs\pos\system\CodeIgniter.php(432): CodeIgniter\CodeIgniter->runController(Object(App\Controllers\Proveedor))
#2 C:\xampp\htdocs\pos\system\CodeIgniter.php(333): CodeIgniter\CodeIgniter->handleRequest(NULL, Object(Config\Cache), false)
#3 C:\xampp\htdocs\pos\public\index.php(46): CodeIgniter\CodeIgniter->run()
#4 {main}
ERROR - 2021-06-28 14:04:24 --> mysqli_sql_exception: Unknown column 'valo_neto' in 'field list' in C:\xampp\htdocs\pos\system\Database\MySQLi\Connection.php:314
Stack trace:
#0 C:\xampp\htdocs\pos\system\Database\MySQLi\Connection.php(314): mysqli->query('INSERT INTO `or...')
#1 C:\xampp\htdocs\pos\system\Database\BaseConnection.php(713): CodeIgniter\Database\MySQLi\Connection->execute('INSERT INTO `or...')
#2 C:\xampp\htdocs\pos\system\Database\BaseConnection.php(641): CodeIgniter\Database\BaseConnection->simpleQuery('INSERT INTO `or...')
#3 C:\xampp\htdocs\pos\system\Database\BaseBuilder.php(2263): CodeIgniter\Database\BaseConnection->query('INSERT INTO `or...', Array, false)
#4 C:\xampp\htdocs\pos\system\Model.php(278): CodeIgniter\Database\BaseBuilder->insert()
#5 C:\xampp\htdocs\pos\system\BaseModel.php(758): CodeIgniter\Model->doInsert(Array)
#6 C:\xampp\htdocs\pos\system\Model.php(705): CodeIgniter\BaseModel->insert(Array, false)
#7 C:\xampp\htdocs\pos\system\BaseModel.php(667): CodeIgniter\Model->insert(Array, false)
#8 C:\xampp\htdocs\pos\app\Controllers\OrdenesCompra.php(74): CodeIgniter\BaseModel->save(Array)
#9 C:\xampp\htdocs\pos\system\CodeIgniter.php(936): App\Controllers\OrdenesCompra->generarOrden()
#10 C:\xampp\htdocs\pos\system\CodeIgniter.php(432): CodeIgniter\CodeIgniter->runController(Object(App\Controllers\OrdenesCompra))
#11 C:\xampp\htdocs\pos\system\CodeIgniter.php(333): CodeIgniter\CodeIgniter->handleRequest(NULL, Object(Config\Cache), false)
#12 C:\xampp\htdocs\pos\public\index.php(46): CodeIgniter\CodeIgniter->run()
#13 {main}
CRITICAL - 2021-06-28 14:04:24 --> Unknown column 'valo_neto' in 'field list'
#0 C:\xampp\htdocs\pos\system\Database\MySQLi\Connection.php(314): mysqli->query('INSERT INTO `or...')
#1 C:\xampp\htdocs\pos\system\Database\BaseConnection.php(713): CodeIgniter\Database\MySQLi\Connection->execute('INSERT INTO `or...')
#2 C:\xampp\htdocs\pos\system\Database\BaseConnection.php(641): CodeIgniter\Database\BaseConnection->simpleQuery('INSERT INTO `or...')
#3 C:\xampp\htdocs\pos\system\Database\BaseBuilder.php(2263): CodeIgniter\Database\BaseConnection->query('INSERT INTO `or...', Array, false)
#4 C:\xampp\htdocs\pos\system\Model.php(278): CodeIgniter\Database\BaseBuilder->insert()
#5 C:\xampp\htdocs\pos\system\BaseModel.php(758): CodeIgniter\Model->doInsert(Array)
#6 C:\xampp\htdocs\pos\system\Model.php(705): CodeIgniter\BaseModel->insert(Array, false)
#7 C:\xampp\htdocs\pos\system\BaseModel.php(667): CodeIgniter\Model->insert(Array, false)
#8 C:\xampp\htdocs\pos\app\Controllers\OrdenesCompra.php(74): CodeIgniter\BaseModel->save(Array)
#9 C:\xampp\htdocs\pos\system\CodeIgniter.php(936): App\Controllers\OrdenesCompra->generarOrden()
#10 C:\xampp\htdocs\pos\system\CodeIgniter.php(432): CodeIgniter\CodeIgniter->runController(Object(App\Controllers\OrdenesCompra))
#11 C:\xampp\htdocs\pos\system\CodeIgniter.php(333): CodeIgniter\CodeIgniter->handleRequest(NULL, Object(Config\Cache), false)
#12 C:\xampp\htdocs\pos\public\index.php(46): CodeIgniter\CodeIgniter->run()
#13 {main}
ERROR - 2021-06-28 15:51:27 --> mysqli_sql_exception: Cannot add or update a child row: a foreign key constraint fails (`ferme`.`orden_de_compra`, CONSTRAINT `proveedor_orden` FOREIGN KEY (`proveedor_fk`) REFERENCES `proveedor` (`id_proveedor`) ON DELETE NO ACTION ON UPDATE NO ACTION) in C:\xampp\htdocs\pos\system\Database\MySQLi\Connection.php:314
Stack trace:
#0 C:\xampp\htdocs\pos\system\Database\MySQLi\Connection.php(314): mysqli->query('INSERT INTO `or...')
#1 C:\xampp\htdocs\pos\system\Database\BaseConnection.php(713): CodeIgniter\Database\MySQLi\Connection->execute('INSERT INTO `or...')
#2 C:\xampp\htdocs\pos\system\Database\BaseConnection.php(641): CodeIgniter\Database\BaseConnection->simpleQuery('INSERT INTO `or...')
#3 C:\xampp\htdocs\pos\system\Database\BaseBuilder.php(2263): CodeIgniter\Database\BaseConnection->query('INSERT INTO `or...', Array, false)
#4 C:\xampp\htdocs\pos\system\Model.php(278): CodeIgniter\Database\BaseBuilder->insert()
#5 C:\xampp\htdocs\pos\system\BaseModel.php(758): CodeIgniter\Model->doInsert(Array)
#6 C:\xampp\htdocs\pos\system\Model.php(705): CodeIgniter\BaseModel->insert(Array, false)
#7 C:\xampp\htdocs\pos\system\BaseModel.php(667): CodeIgniter\Model->insert(Array, false)
#8 C:\xampp\htdocs\pos\app\Controllers\OrdenesCompra.php(74): CodeIgniter\BaseModel->save(Array)
#9 C:\xampp\htdocs\pos\system\CodeIgniter.php(936): App\Controllers\OrdenesCompra->generarOrden()
#10 C:\xampp\htdocs\pos\system\CodeIgniter.php(432): CodeIgniter\CodeIgniter->runController(Object(App\Controllers\OrdenesCompra))
#11 C:\xampp\htdocs\pos\system\CodeIgniter.php(333): CodeIgniter\CodeIgniter->handleRequest(NULL, Object(Config\Cache), false)
#12 C:\xampp\htdocs\pos\public\index.php(46): CodeIgniter\CodeIgniter->run()
#13 {main}
CRITICAL - 2021-06-28 15:51:27 --> Cannot add or update a child row: a foreign key constraint fails (`ferme`.`orden_de_compra`, CONSTRAINT `proveedor_orden` FOREIGN KEY (`proveedor_fk`) REFERENCES `proveedor` (`id_proveedor`) ON DELETE NO ACTION ON UPDATE NO ACTION)
#0 C:\xampp\htdocs\pos\system\Database\MySQLi\Connection.php(314): mysqli->query('INSERT INTO `or...')
#1 C:\xampp\htdocs\pos\system\Database\BaseConnection.php(713): CodeIgniter\Database\MySQLi\Connection->execute('INSERT INTO `or...')
#2 C:\xampp\htdocs\pos\system\Database\BaseConnection.php(641): CodeIgniter\Database\BaseConnection->simpleQuery('INSERT INTO `or...')
#3 C:\xampp\htdocs\pos\system\Database\BaseBuilder.php(2263): CodeIgniter\Database\BaseConnection->query('INSERT INTO `or...', Array, false)
#4 C:\xampp\htdocs\pos\system\Model.php(278): CodeIgniter\Database\BaseBuilder->insert()
#5 C:\xampp\htdocs\pos\system\BaseModel.php(758): CodeIgniter\Model->doInsert(Array)
#6 C:\xampp\htdocs\pos\system\Model.php(705): CodeIgniter\BaseModel->insert(Array, false)
#7 C:\xampp\htdocs\pos\system\BaseModel.php(667): CodeIgniter\Model->insert(Array, false)
#8 C:\xampp\htdocs\pos\app\Controllers\OrdenesCompra.php(74): CodeIgniter\BaseModel->save(Array)
#9 C:\xampp\htdocs\pos\system\CodeIgniter.php(936): App\Controllers\OrdenesCompra->generarOrden()
#10 C:\xampp\htdocs\pos\system\CodeIgniter.php(432): CodeIgniter\CodeIgniter->runController(Object(App\Controllers\OrdenesCompra))
#11 C:\xampp\htdocs\pos\system\CodeIgniter.php(333): CodeIgniter\CodeIgniter->handleRequest(NULL, Object(Config\Cache), false)
#12 C:\xampp\htdocs\pos\public\index.php(46): CodeIgniter\CodeIgniter->run()
#13 {main}
ERROR - 2021-06-28 15:51:33 --> mysqli_sql_exception: Cannot add or update a child row: a foreign key constraint fails (`ferme`.`orden_de_compra`, CONSTRAINT `proveedor_orden` FOREIGN KEY (`proveedor_fk`) REFERENCES `proveedor` (`id_proveedor`) ON DELETE NO ACTION ON UPDATE NO ACTION) in C:\xampp\htdocs\pos\system\Database\MySQLi\Connection.php:314
Stack trace:
#0 C:\xampp\htdocs\pos\system\Database\MySQLi\Connection.php(314): mysqli->query('INSERT INTO `or...')
#1 C:\xampp\htdocs\pos\system\Database\BaseConnection.php(713): CodeIgniter\Database\MySQLi\Connection->execute('INSERT INTO `or...')
#2 C:\xampp\htdocs\pos\system\Database\BaseConnection.php(641): CodeIgniter\Database\BaseConnection->simpleQuery('INSERT INTO `or...')
#3 C:\xampp\htdocs\pos\system\Database\BaseBuilder.php(2263): CodeIgniter\Database\BaseConnection->query('INSERT INTO `or...', Array, false)
#4 C:\xampp\htdocs\pos\system\Model.php(278): CodeIgniter\Database\BaseBuilder->insert()
#5 C:\xampp\htdocs\pos\system\BaseModel.php(758): CodeIgniter\Model->doInsert(Array)
#6 C:\xampp\htdocs\pos\system\Model.php(705): CodeIgniter\BaseModel->insert(Array, false)
#7 C:\xampp\htdocs\pos\system\BaseModel.php(667): CodeIgniter\Model->insert(Array, false)
#8 C:\xampp\htdocs\pos\app\Controllers\OrdenesCompra.php(74): CodeIgniter\BaseModel->save(Array)
#9 C:\xampp\htdocs\pos\system\CodeIgniter.php(936): App\Controllers\OrdenesCompra->generarOrden()
#10 C:\xampp\htdocs\pos\system\CodeIgniter.php(432): CodeIgniter\CodeIgniter->runController(Object(App\Controllers\OrdenesCompra))
#11 C:\xampp\htdocs\pos\system\CodeIgniter.php(333): CodeIgniter\CodeIgniter->handleRequest(NULL, Object(Config\Cache), false)
#12 C:\xampp\htdocs\pos\public\index.php(46): CodeIgniter\CodeIgniter->run()
#13 {main}
CRITICAL - 2021-06-28 15:51:33 --> Cannot add or update a child row: a foreign key constraint fails (`ferme`.`orden_de_compra`, CONSTRAINT `proveedor_orden` FOREIGN KEY (`proveedor_fk`) REFERENCES `proveedor` (`id_proveedor`) ON DELETE NO ACTION ON UPDATE NO ACTION)
#0 C:\xampp\htdocs\pos\system\Database\MySQLi\Connection.php(314): mysqli->query('INSERT INTO `or...')
#1 C:\xampp\htdocs\pos\system\Database\BaseConnection.php(713): CodeIgniter\Database\MySQLi\Connection->execute('INSERT INTO `or...')
#2 C:\xampp\htdocs\pos\system\Database\BaseConnection.php(641): CodeIgniter\Database\BaseConnection->simpleQuery('INSERT INTO `or...')
#3 C:\xampp\htdocs\pos\system\Database\BaseBuilder.php(2263): CodeIgniter\Database\BaseConnection->query('INSERT INTO `or...', Array, false)
#4 C:\xampp\htdocs\pos\system\Model.php(278): CodeIgniter\Database\BaseBuilder->insert()
#5 C:\xampp\htdocs\pos\system\BaseModel.php(758): CodeIgniter\Model->doInsert(Array)
#6 C:\xampp\htdocs\pos\system\Model.php(705): CodeIgniter\BaseModel->insert(Array, false)
#7 C:\xampp\htdocs\pos\system\BaseModel.php(667): CodeIgniter\Model->insert(Array, false)
#8 C:\xampp\htdocs\pos\app\Controllers\OrdenesCompra.php(74): CodeIgniter\BaseModel->save(Array)
#9 C:\xampp\htdocs\pos\system\CodeIgniter.php(936): App\Controllers\OrdenesCompra->generarOrden()
#10 C:\xampp\htdocs\pos\system\CodeIgniter.php(432): CodeIgniter\CodeIgniter->runController(Object(App\Controllers\OrdenesCompra))
#11 C:\xampp\htdocs\pos\system\CodeIgniter.php(333): CodeIgniter\CodeIgniter->handleRequest(NULL, Object(Config\Cache), false)
#12 C:\xampp\htdocs\pos\public\index.php(46): CodeIgniter\CodeIgniter->run()
#13 {main}
ERROR - 2021-06-28 15:56:00 --> mysqli_sql_exception: Cannot add or update a child row: a foreign key constraint fails (`ferme`.`orden_de_compra`, CONSTRAINT `proveedor_orden` FOREIGN KEY (`proveedor_fk`) REFERENCES `proveedor` (`id_proveedor`) ON DELETE NO ACTION ON UPDATE NO ACTION) in C:\xampp\htdocs\pos\system\Database\MySQLi\Connection.php:314
Stack trace:
#0 C:\xampp\htdocs\pos\system\Database\MySQLi\Connection.php(314): mysqli->query('INSERT INTO `or...')
#1 C:\xampp\htdocs\pos\system\Database\BaseConnection.php(713): CodeIgniter\Database\MySQLi\Connection->execute('INSERT INTO `or...')
#2 C:\xampp\htdocs\pos\system\Database\BaseConnection.php(641): CodeIgniter\Database\BaseConnection->simpleQuery('INSERT INTO `or...')
#3 C:\xampp\htdocs\pos\system\Database\BaseBuilder.php(2263): CodeIgniter\Database\BaseConnection->query('INSERT INTO `or...', Array, false)
#4 C:\xampp\htdocs\pos\system\Model.php(278): CodeIgniter\Database\BaseBuilder->insert()
#5 C:\xampp\htdocs\pos\system\BaseModel.php(758): CodeIgniter\Model->doInsert(Array)
#6 C:\xampp\htdocs\pos\system\Model.php(705): CodeIgniter\BaseModel->insert(Array, false)
#7 C:\xampp\htdocs\pos\system\BaseModel.php(667): CodeIgniter\Model->insert(Array, false)
#8 C:\xampp\htdocs\pos\app\Controllers\OrdenesCompra.php(74): CodeIgniter\BaseModel->save(Array)
#9 C:\xampp\htdocs\pos\system\CodeIgniter.php(936): App\Controllers\OrdenesCompra->generarOrden()
#10 C:\xampp\htdocs\pos\system\CodeIgniter.php(432): CodeIgniter\CodeIgniter->runController(Object(App\Controllers\OrdenesCompra))
#11 C:\xampp\htdocs\pos\system\CodeIgniter.php(333): CodeIgniter\CodeIgniter->handleRequest(NULL, Object(Config\Cache), false)
#12 C:\xampp\htdocs\pos\public\index.php(46): CodeIgniter\CodeIgniter->run()
#13 {main}
CRITICAL - 2021-06-28 15:56:00 --> Cannot add or update a child row: a foreign key constraint fails (`ferme`.`orden_de_compra`, CONSTRAINT `proveedor_orden` FOREIGN KEY (`proveedor_fk`) REFERENCES `proveedor` (`id_proveedor`) ON DELETE NO ACTION ON UPDATE NO ACTION)
#0 C:\xampp\htdocs\pos\system\Database\MySQLi\Connection.php(314): mysqli->query('INSERT INTO `or...')
#1 C:\xampp\htdocs\pos\system\Database\BaseConnection.php(713): CodeIgniter\Database\MySQLi\Connection->execute('INSERT INTO `or...')
#2 C:\xampp\htdocs\pos\system\Database\BaseConnection.php(641): CodeIgniter\Database\BaseConnection->simpleQuery('INSERT INTO `or...')
#3 C:\xampp\htdocs\pos\system\Database\BaseBuilder.php(2263): CodeIgniter\Database\BaseConnection->query('INSERT INTO `or...', Array, false)
#4 C:\xampp\htdocs\pos\system\Model.php(278): CodeIgniter\Database\BaseBuilder->insert()
#5 C:\xampp\htdocs\pos\system\BaseModel.php(758): CodeIgniter\Model->doInsert(Array)
#6 C:\xampp\htdocs\pos\system\Model.php(705): CodeIgniter\BaseModel->insert(Array, false)
#7 C:\xampp\htdocs\pos\system\BaseModel.php(667): CodeIgniter\Model->insert(Array, false)
#8 C:\xampp\htdocs\pos\app\Controllers\OrdenesCompra.php(74): CodeIgniter\BaseModel->save(Array)
#9 C:\xampp\htdocs\pos\system\CodeIgniter.php(936): App\Controllers\OrdenesCompra->generarOrden()
#10 C:\xampp\htdocs\pos\system\CodeIgniter.php(432): CodeIgniter\CodeIgniter->runController(Object(App\Controllers\OrdenesCompra))
#11 C:\xampp\htdocs\pos\system\CodeIgniter.php(333): CodeIgniter\CodeIgniter->handleRequest(NULL, Object(Config\Cache), false)
#12 C:\xampp\htdocs\pos\public\index.php(46): CodeIgniter\CodeIgniter->run()
#13 {main}
ERROR - 2021-06-28 15:56:57 --> mysqli_sql_exception: Cannot add or update a child row: a foreign key constraint fails (`ferme`.`orden_de_compra`, CONSTRAINT `proveedor_orden` FOREIGN KEY (`proveedor_fk`) REFERENCES `proveedor` (`id_proveedor`) ON DELETE NO ACTION ON UPDATE NO ACTION) in C:\xampp\htdocs\pos\system\Database\MySQLi\Connection.php:314
Stack trace:
#0 C:\xampp\htdocs\pos\system\Database\MySQLi\Connection.php(314): mysqli->query('INSERT INTO `or...')
#1 C:\xampp\htdocs\pos\system\Database\BaseConnection.php(713): CodeIgniter\Database\MySQLi\Connection->execute('INSERT INTO `or...')
#2 C:\xampp\htdocs\pos\system\Database\BaseConnection.php(641): CodeIgniter\Database\BaseConnection->simpleQuery('INSERT INTO `or...')
#3 C:\xampp\htdocs\pos\system\Database\BaseBuilder.php(2263): CodeIgniter\Database\BaseConnection->query('INSERT INTO `or...', Array, false)
#4 C:\xampp\htdocs\pos\system\Model.php(278): CodeIgniter\Database\BaseBuilder->insert()
#5 C:\xampp\htdocs\pos\system\BaseModel.php(758): CodeIgniter\Model->doInsert(Array)
#6 C:\xampp\htdocs\pos\system\Model.php(705): CodeIgniter\BaseModel->insert(Array, false)
#7 C:\xampp\htdocs\pos\system\BaseModel.php(667): CodeIgniter\Model->insert(Array, false)
#8 C:\xampp\htdocs\pos\app\Controllers\OrdenesCompra.php(74): CodeIgniter\BaseModel->save(Array)
#9 C:\xampp\htdocs\pos\system\CodeIgniter.php(936): App\Controllers\OrdenesCompra->generarOrden()
#10 C:\xampp\htdocs\pos\system\CodeIgniter.php(432): CodeIgniter\CodeIgniter->runController(Object(App\Controllers\OrdenesCompra))
#11 C:\xampp\htdocs\pos\system\CodeIgniter.php(333): CodeIgniter\CodeIgniter->handleRequest(NULL, Object(Config\Cache), false)
#12 C:\xampp\htdocs\pos\public\index.php(46): CodeIgniter\CodeIgniter->run()
#13 {main}
CRITICAL - 2021-06-28 15:56:57 --> Cannot add or update a child row: a foreign key constraint fails (`ferme`.`orden_de_compra`, CONSTRAINT `proveedor_orden` FOREIGN KEY (`proveedor_fk`) REFERENCES `proveedor` (`id_proveedor`) ON DELETE NO ACTION ON UPDATE NO ACTION)
#0 C:\xampp\htdocs\pos\system\Database\MySQLi\Connection.php(314): mysqli->query('INSERT INTO `or...')
#1 C:\xampp\htdocs\pos\system\Database\BaseConnection.php(713): CodeIgniter\Database\MySQLi\Connection->execute('INSERT INTO `or...')
#2 C:\xampp\htdocs\pos\system\Database\BaseConnection.php(641): CodeIgniter\Database\BaseConnection->simpleQuery('INSERT INTO `or...')
#3 C:\xampp\htdocs\pos\system\Database\BaseBuilder.php(2263): CodeIgniter\Database\BaseConnection->query('INSERT INTO `or...', Array, false)
#4 C:\xampp\htdocs\pos\system\Model.php(278): CodeIgniter\Database\BaseBuilder->insert()
#5 C:\xampp\htdocs\pos\system\BaseModel.php(758): CodeIgniter\Model->doInsert(Array)
#6 C:\xampp\htdocs\pos\system\Model.php(705): CodeIgniter\BaseModel->insert(Array, false)
#7 C:\xampp\htdocs\pos\system\BaseModel.php(667): CodeIgniter\Model->insert(Array, false)
#8 C:\xampp\htdocs\pos\app\Controllers\OrdenesCompra.php(74): CodeIgniter\BaseModel->save(Array)
#9 C:\xampp\htdocs\pos\system\CodeIgniter.php(936): App\Controllers\OrdenesCompra->generarOrden()
#10 C:\xampp\htdocs\pos\system\CodeIgniter.php(432): CodeIgniter\CodeIgniter->runController(Object(App\Controllers\OrdenesCompra))
#11 C:\xampp\htdocs\pos\system\CodeIgniter.php(333): CodeIgniter\CodeIgniter->handleRequest(NULL, Object(Config\Cache), false)
#12 C:\xampp\htdocs\pos\public\index.php(46): CodeIgniter\CodeIgniter->run()
#13 {main}
CRITICAL - 2021-06-28 19:15:06 --> Too few arguments to function App\Controllers\Empresas::boolClienteEmpresa(), 0 passed in C:\xampp\htdocs\pos\system\CodeIgniter.php on line 936 and exactly 1 expected
#0 C:\xampp\htdocs\pos\system\CodeIgniter.php(936): App\Controllers\Empresas->boolClienteEmpresa()
#1 C:\xampp\htdocs\pos\system\CodeIgniter.php(432): CodeIgniter\CodeIgniter->runController(Object(App\Controllers\Empresas))
#2 C:\xampp\htdocs\pos\system\CodeIgniter.php(333): CodeIgniter\CodeIgniter->handleRequest(NULL, Object(Config\Cache), false)
#3 C:\xampp\htdocs\pos\public\index.php(46): CodeIgniter\CodeIgniter->run()
#4 {main}
CRITICAL - 2021-06-28 19:15:18 --> Trying to access array offset on value of type null
#0 C:\xampp\htdocs\pos\app\Views\administrador\editar_moneda.php(8): CodeIgniter\Debug\Exceptions->errorHandler(2, 'Trying to acces...', 'C:\\xampp\\htdocs...', 8)
#1 C:\xampp\htdocs\pos\system\View\View.php(220): include('C:\\xampp\\htdocs...')
#2 C:\xampp\htdocs\pos\system\View\View.php(222): CodeIgniter\View\View->CodeIgniter\View\{closure}()
#3 C:\xampp\htdocs\pos\system\Common.php(1217): CodeIgniter\View\View->render('administrador/e...', Array, true)
#4 C:\xampp\htdocs\pos\app\Controllers\Moneda.php(83): view('administrador/e...')
#5 C:\xampp\htdocs\pos\system\CodeIgniter.php(936): App\Controllers\Moneda->editarMoneda('img', 'footer', '1.png')
#6 C:\xampp\htdocs\pos\system\CodeIgniter.php(432): CodeIgniter\CodeIgniter->runController(Object(App\Controllers\Moneda))
#7 C:\xampp\htdocs\pos\system\CodeIgniter.php(333): CodeIgniter\CodeIgniter->handleRequest(NULL, Object(Config\Cache), false)
#8 C:\xampp\htdocs\pos\public\index.php(46): CodeIgniter\CodeIgniter->run()
#9 {main}
CRITICAL - 2021-06-28 19:15:18 --> Trying to access array offset on value of type null
#0 C:\xampp\htdocs\pos\app\Views\administrador\editar_moneda.php(8): CodeIgniter\Debug\Exceptions->errorHandler(2, 'Trying to acces...', 'C:\\xampp\\htdocs...', 8)
#1 C:\xampp\htdocs\pos\system\View\View.php(220): include('C:\\xampp\\htdocs...')
#2 C:\xampp\htdocs\pos\system\View\View.php(222): CodeIgniter\View\View->CodeIgniter\View\{closure}()
#3 C:\xampp\htdocs\pos\system\Common.php(1217): CodeIgniter\View\View->render('administrador/e...', Array, true)
#4 C:\xampp\htdocs\pos\app\Controllers\Moneda.php(83): view('administrador/e...')
#5 C:\xampp\htdocs\pos\system\CodeIgniter.php(936): App\Controllers\Moneda->editarMoneda('img', 'icon', 'favicon.png')
#6 C:\xampp\htdocs\pos\system\CodeIgniter.php(432): CodeIgniter\CodeIgniter->runController(Object(App\Controllers\Moneda))
#7 C:\xampp\htdocs\pos\system\CodeIgniter.php(333): CodeIgniter\CodeIgniter->handleRequest(NULL, Object(Config\Cache), false)
#8 C:\xampp\htdocs\pos\public\index.php(46): CodeIgniter\CodeIgniter->run()
#9 {main}
CRITICAL - 2021-06-28 19:15:40 --> Too few arguments to function App\Controllers\Empresas::boolClienteEmpresa(), 0 passed in C:\xampp\htdocs\pos\system\CodeIgniter.php on line 936 and exactly 1 expected
#0 C:\xampp\htdocs\pos\system\CodeIgniter.php(936): App\Controllers\Empresas->boolClienteEmpresa()
#1 C:\xampp\htdocs\pos\system\CodeIgniter.php(432): CodeIgniter\CodeIgniter->runController(Object(App\Controllers\Empresas))
#2 C:\xampp\htdocs\pos\system\CodeIgniter.php(333): CodeIgniter\CodeIgniter->handleRequest(NULL, Object(Config\Cache), false)
#3 C:\xampp\htdocs\pos\public\index.php(46): CodeIgniter\CodeIgniter->run()
#4 {main}
CRITICAL - 2021-06-28 19:16:16 --> Too few arguments to function App\Controllers\Empresas::boolClienteEmpresa(), 0 passed in C:\xampp\htdocs\pos\system\CodeIgniter.php on line 936 and exactly 1 expected
#0 C:\xampp\htdocs\pos\system\CodeIgniter.php(936): App\Controllers\Empresas->boolClienteEmpresa()
#1 C:\xampp\htdocs\pos\system\CodeIgniter.php(432): CodeIgniter\CodeIgniter->runController(Object(App\Controllers\Empresas))
#2 C:\xampp\htdocs\pos\system\CodeIgniter.php(333): CodeIgniter\CodeIgniter->handleRequest(NULL, Object(Config\Cache), false)
#3 C:\xampp\htdocs\pos\public\index.php(46): CodeIgniter\CodeIgniter->run()
#4 {main}
CRITICAL - 2021-06-28 19:51:00 --> Undefined variable $ordenCompra
#0 C:\xampp\htdocs\pos\app\Views\administrador\ordenes_compra.php(23): CodeIgniter\Debug\Exceptions->errorHandler(2, 'Undefined varia...', 'C:\\xampp\\htdocs...', 23)
#1 C:\xampp\htdocs\pos\system\View\View.php(220): include('C:\\xampp\\htdocs...')
#2 C:\xampp\htdocs\pos\system\View\View.php(222): CodeIgniter\View\View->CodeIgniter\View\{closure}()
#3 C:\xampp\htdocs\pos\system\Common.php(1217): CodeIgniter\View\View->render('administrador/o...', Array, true)
#4 C:\xampp\htdocs\pos\app\Controllers\OrdenesCompra.php(40): view('administrador/o...')
#5 C:\xampp\htdocs\pos\system\CodeIgniter.php(936): App\Controllers\OrdenesCompra->index()
#6 C:\xampp\htdocs\pos\system\CodeIgniter.php(432): CodeIgniter\CodeIgniter->runController(Object(App\Controllers\OrdenesCompra))
#7 C:\xampp\htdocs\pos\system\CodeIgniter.php(333): CodeIgniter\CodeIgniter->handleRequest(NULL, Object(Config\Cache), false)
#8 C:\xampp\htdocs\pos\public\index.php(46): CodeIgniter\CodeIgniter->run()
#9 {main}
CRITICAL - 2021-06-28 19:51:36 --> Undefined variable $ordenCompra
#0 C:\xampp\htdocs\pos\app\Views\administrador\ordenes_compra.php(23): CodeIgniter\Debug\Exceptions->errorHandler(2, 'Undefined varia...', 'C:\\xampp\\htdocs...', 23)
#1 C:\xampp\htdocs\pos\system\View\View.php(220): include('C:\\xampp\\htdocs...')
#2 C:\xampp\htdocs\pos\system\View\View.php(222): CodeIgniter\View\View->CodeIgniter\View\{closure}()
#3 C:\xampp\htdocs\pos\system\Common.php(1217): CodeIgniter\View\View->render('administrador/o...', Array, true)
#4 C:\xampp\htdocs\pos\app\Controllers\OrdenesCompra.php(40): view('administrador/o...')
#5 C:\xampp\htdocs\pos\system\CodeIgniter.php(936): App\Controllers\OrdenesCompra->index()
#6 C:\xampp\htdocs\pos\system\CodeIgniter.php(432): CodeIgniter\CodeIgniter->runController(Object(App\Controllers\OrdenesCompra))
#7 C:\xampp\htdocs\pos\system\CodeIgniter.php(333): CodeIgniter\CodeIgniter->handleRequest(NULL, Object(Config\Cache), false)
#8 C:\xampp\htdocs\pos\public\index.php(46): CodeIgniter\CodeIgniter->run()
#9 {main}
CRITICAL - 2021-06-28 19:51:37 --> Undefined variable $ordenCompra
#0 C:\xampp\htdocs\pos\app\Views\administrador\ordenes_compra.php(23): CodeIgniter\Debug\Exceptions->errorHandler(2, 'Undefined varia...', 'C:\\xampp\\htdocs...', 23)
#1 C:\xampp\htdocs\pos\system\View\View.php(220): include('C:\\xampp\\htdocs...')
#2 C:\xampp\htdocs\pos\system\View\View.php(222): CodeIgniter\View\View->CodeIgniter\View\{closure}()
#3 C:\xampp\htdocs\pos\system\Common.php(1217): CodeIgniter\View\View->render('administrador/o...', Array, true)
#4 C:\xampp\htdocs\pos\app\Controllers\OrdenesCompra.php(40): view('administrador/o...')
#5 C:\xampp\htdocs\pos\system\CodeIgniter.php(936): App\Controllers\OrdenesCompra->index()
#6 C:\xampp\htdocs\pos\system\CodeIgniter.php(432): CodeIgniter\CodeIgniter->runController(Object(App\Controllers\OrdenesCompra))
#7 C:\xampp\htdocs\pos\system\CodeIgniter.php(333): CodeIgniter\CodeIgniter->handleRequest(NULL, Object(Config\Cache), false)
#8 C:\xampp\htdocs\pos\public\index.php(46): CodeIgniter\CodeIgniter->run()
#9 {main}
CRITICAL - 2021-06-28 19:51:38 --> Undefined variable $ordenCompra
#0 C:\xampp\htdocs\pos\app\Views\administrador\ordenes_compra.php(23): CodeIgniter\Debug\Exceptions->errorHandler(2, 'Undefined varia...', 'C:\\xampp\\htdocs...', 23)
#1 C:\xampp\htdocs\pos\system\View\View.php(220): include('C:\\xampp\\htdocs...')
#2 C:\xampp\htdocs\pos\system\View\View.php(222): CodeIgniter\View\View->CodeIgniter\View\{closure}()
#3 C:\xampp\htdocs\pos\system\Common.php(1217): CodeIgniter\View\View->render('administrador/o...', Array, true)
#4 C:\xampp\htdocs\pos\app\Controllers\OrdenesCompra.php(40): view('administrador/o...')
#5 C:\xampp\htdocs\pos\system\CodeIgniter.php(936): App\Controllers\OrdenesCompra->index()
#6 C:\xampp\htdocs\pos\system\CodeIgniter.php(432): CodeIgniter\CodeIgniter->runController(Object(App\Controllers\OrdenesCompra))
#7 C:\xampp\htdocs\pos\system\CodeIgniter.php(333): CodeIgniter\CodeIgniter->handleRequest(NULL, Object(Config\Cache), false)
#8 C:\xampp\htdocs\pos\public\index.php(46): CodeIgniter\CodeIgniter->run()
#9 {main}
CRITICAL - 2021-06-28 19:51:38 --> Undefined variable $ordenCompra
#0 C:\xampp\htdocs\pos\app\Views\administrador\ordenes_compra.php(23): CodeIgniter\Debug\Exceptions->errorHandler(2, 'Undefined varia...', 'C:\\xampp\\htdocs...', 23)
#1 C:\xampp\htdocs\pos\system\View\View.php(220): include('C:\\xampp\\htdocs...')
#2 C:\xampp\htdocs\pos\system\View\View.php(222): CodeIgniter\View\View->CodeIgniter\View\{closure}()
#3 C:\xampp\htdocs\pos\system\Common.php(1217): CodeIgniter\View\View->render('administrador/o...', Array, true)
#4 C:\xampp\htdocs\pos\app\Controllers\OrdenesCompra.php(40): view('administrador/o...')
#5 C:\xampp\htdocs\pos\system\CodeIgniter.php(936): App\Controllers\OrdenesCompra->index()
#6 C:\xampp\htdocs\pos\system\CodeIgniter.php(432): CodeIgniter\CodeIgniter->runController(Object(App\Controllers\OrdenesCompra))
#7 C:\xampp\htdocs\pos\system\CodeIgniter.php(333): CodeIgniter\CodeIgniter->handleRequest(NULL, Object(Config\Cache), false)
#8 C:\xampp\htdocs\pos\public\index.php(46): CodeIgniter\CodeIgniter->run()
#9 {main}
CRITICAL - 2021-06-28 19:51:38 --> Undefined variable $ordenCompra
#0 C:\xampp\htdocs\pos\app\Views\administrador\ordenes_compra.php(23): CodeIgniter\Debug\Exceptions->errorHandler(2, 'Undefined varia...', 'C:\\xampp\\htdocs...', 23)
#1 C:\xampp\htdocs\pos\system\View\View.php(220): include('C:\\xampp\\htdocs...')
#2 C:\xampp\htdocs\pos\system\View\View.php(222): CodeIgniter\View\View->CodeIgniter\View\{closure}()
#3 C:\xampp\htdocs\pos\system\Common.php(1217): CodeIgniter\View\View->render('administrador/o...', Array, true)
#4 C:\xampp\htdocs\pos\app\Controllers\OrdenesCompra.php(40): view('administrador/o...')
#5 C:\xampp\htdocs\pos\system\CodeIgniter.php(936): App\Controllers\OrdenesCompra->index()
#6 C:\xampp\htdocs\pos\system\CodeIgniter.php(432): CodeIgniter\CodeIgniter->runController(Object(App\Controllers\OrdenesCompra))
#7 C:\xampp\htdocs\pos\system\CodeIgniter.php(333): CodeIgniter\CodeIgniter->handleRequest(NULL, Object(Config\Cache), false)
#8 C:\xampp\htdocs\pos\public\index.php(46): CodeIgniter\CodeIgniter->run()
#9 {main}
CRITICAL - 2021-06-28 19:51:39 --> Undefined variable $ordenCompra
#0 C:\xampp\htdocs\pos\app\Views\administrador\ordenes_compra.php(23): CodeIgniter\Debug\Exceptions->errorHandler(2, 'Undefined varia...', 'C:\\xampp\\htdocs...', 23)
#1 C:\xampp\htdocs\pos\system\View\View.php(220): include('C:\\xampp\\htdocs...')
#2 C:\xampp\htdocs\pos\system\View\View.php(222): CodeIgniter\View\View->CodeIgniter\View\{closure}()
#3 C:\xampp\htdocs\pos\system\Common.php(1217): CodeIgniter\View\View->render('administrador/o...', Array, true)
#4 C:\xampp\htdocs\pos\app\Controllers\OrdenesCompra.php(40): view('administrador/o...')
#5 C:\xampp\htdocs\pos\system\CodeIgniter.php(936): App\Controllers\OrdenesCompra->index()
#6 C:\xampp\htdocs\pos\system\CodeIgniter.php(432): CodeIgniter\CodeIgniter->runController(Object(App\Controllers\OrdenesCompra))
#7 C:\xampp\htdocs\pos\system\CodeIgniter.php(333): CodeIgniter\CodeIgniter->handleRequest(NULL, Object(Config\Cache), false)
#8 C:\xampp\htdocs\pos\public\index.php(46): CodeIgniter\CodeIgniter->run()
#9 {main}
CRITICAL - 2021-06-28 19:51:39 --> Undefined variable $ordenCompra
#0 C:\xampp\htdocs\pos\app\Views\administrador\ordenes_compra.php(23): CodeIgniter\Debug\Exceptions->errorHandler(2, 'Undefined varia...', 'C:\\xampp\\htdocs...', 23)
#1 C:\xampp\htdocs\pos\system\View\View.php(220): include('C:\\xampp\\htdocs...')
#2 C:\xampp\htdocs\pos\system\View\View.php(222): CodeIgniter\View\View->CodeIgniter\View\{closure}()
#3 C:\xampp\htdocs\pos\system\Common.php(1217): CodeIgniter\View\View->render('administrador/o...', Array, true)
#4 C:\xampp\htdocs\pos\app\Controllers\OrdenesCompra.php(40): view('administrador/o...')
#5 C:\xampp\htdocs\pos\system\CodeIgniter.php(936): App\Controllers\OrdenesCompra->index()
#6 C:\xampp\htdocs\pos\system\CodeIgniter.php(432): CodeIgniter\CodeIgniter->runController(Object(App\Controllers\OrdenesCompra))
#7 C:\xampp\htdocs\pos\system\CodeIgniter.php(333): CodeIgniter\CodeIgniter->handleRequest(NULL, Object(Config\Cache), false)
#8 C:\xampp\htdocs\pos\public\index.php(46): CodeIgniter\CodeIgniter->run()
#9 {main}
CRITICAL - 2021-06-28 19:51:39 --> Undefined variable $ordenCompra
#0 C:\xampp\htdocs\pos\app\Views\administrador\ordenes_compra.php(23): CodeIgniter\Debug\Exceptions->errorHandler(2, 'Undefined varia...', 'C:\\xampp\\htdocs...', 23)
#1 C:\xampp\htdocs\pos\system\View\View.php(220): include('C:\\xampp\\htdocs...')
#2 C:\xampp\htdocs\pos\system\View\View.php(222): CodeIgniter\View\View->CodeIgniter\View\{closure}()
#3 C:\xampp\htdocs\pos\system\Common.php(1217): CodeIgniter\View\View->render('administrador/o...', Array, true)
#4 C:\xampp\htdocs\pos\app\Controllers\OrdenesCompra.php(40): view('administrador/o...')
#5 C:\xampp\htdocs\pos\system\CodeIgniter.php(936): App\Controllers\OrdenesCompra->index()
#6 C:\xampp\htdocs\pos\system\CodeIgniter.php(432): CodeIgniter\CodeIgniter->runController(Object(App\Controllers\OrdenesCompra))
#7 C:\xampp\htdocs\pos\system\CodeIgniter.php(333): CodeIgniter\CodeIgniter->handleRequest(NULL, Object(Config\Cache), false)
#8 C:\xampp\htdocs\pos\public\index.php(46): CodeIgniter\CodeIgniter->run()
#9 {main}
CRITICAL - 2021-06-28 22:23:09 --> Too few arguments to function App\Controllers\Empresas::boolClienteEmpresa(), 0 passed in C:\xampp\htdocs\pos\system\CodeIgniter.php on line 936 and exactly 1 expected
#0 C:\xampp\htdocs\pos\system\CodeIgniter.php(936): App\Controllers\Empresas->boolClienteEmpresa()
#1 C:\xampp\htdocs\pos\system\CodeIgniter.php(432): CodeIgniter\CodeIgniter->runController(Object(App\Controllers\Empresas))
#2 C:\xampp\htdocs\pos\system\CodeIgniter.php(333): CodeIgniter\CodeIgniter->handleRequest(NULL, Object(Config\Cache), false)
#3 C:\xampp\htdocs\pos\public\index.php(46): CodeIgniter\CodeIgniter->run()
#4 {main}
CRITICAL - 2021-06-28 22:25:27 --> Too few arguments to function App\Controllers\Empresas::boolClienteEmpresa(), 0 passed in C:\xampp\htdocs\pos\system\CodeIgniter.php on line 936 and exactly 1 expected
#0 C:\xampp\htdocs\pos\system\CodeIgniter.php(936): App\Controllers\Empresas->boolClienteEmpresa()
#1 C:\xampp\htdocs\pos\system\CodeIgniter.php(432): CodeIgniter\CodeIgniter->runController(Object(App\Controllers\Empresas))
#2 C:\xampp\htdocs\pos\system\CodeIgniter.php(333): CodeIgniter\CodeIgniter->handleRequest(NULL, Object(Config\Cache), false)
#3 C:\xampp\htdocs\pos\public\index.php(46): CodeIgniter\CodeIgniter->run()
#4 {main}
CRITICAL - 2021-06-28 22:25:55 --> Too few arguments to function App\Controllers\Empresas::boolClienteEmpresa(), 0 passed in C:\xampp\htdocs\pos\system\CodeIgniter.php on line 936 and exactly 1 expected
#0 C:\xampp\htdocs\pos\system\CodeIgniter.php(936): App\Controllers\Empresas->boolClienteEmpresa()
#1 C:\xampp\htdocs\pos\system\CodeIgniter.php(432): CodeIgniter\CodeIgniter->runController(Object(App\Controllers\Empresas))
#2 C:\xampp\htdocs\pos\system\CodeIgniter.php(333): CodeIgniter\CodeIgniter->handleRequest(NULL, Object(Config\Cache), false)
#3 C:\xampp\htdocs\pos\public\index.php(46): CodeIgniter\CodeIgniter->run()
#4 {main}
CRITICAL - 2021-06-28 22:26:17 --> Too few arguments to function App\Controllers\Empresas::boolClienteEmpresa(), 0 passed in C:\xampp\htdocs\pos\system\CodeIgniter.php on line 936 and exactly 1 expected
#0 C:\xampp\htdocs\pos\system\CodeIgniter.php(936): App\Controllers\Empresas->boolClienteEmpresa()
#1 C:\xampp\htdocs\pos\system\CodeIgniter.php(432): CodeIgniter\CodeIgniter->runController(Object(App\Controllers\Empresas))
#2 C:\xampp\htdocs\pos\system\CodeIgniter.php(333): CodeIgniter\CodeIgniter->handleRequest(NULL, Object(Config\Cache), false)
#3 C:\xampp\htdocs\pos\public\index.php(46): CodeIgniter\CodeIgniter->run()
#4 {main}
CRITICAL - 2021-06-28 22:26:30 --> Too few arguments to function App\Controllers\Empresas::boolClienteEmpresa(), 0 passed in C:\xampp\htdocs\pos\system\CodeIgniter.php on line 936 and exactly 1 expected
#0 C:\xampp\htdocs\pos\system\CodeIgniter.php(936): App\Controllers\Empresas->boolClienteEmpresa()
#1 C:\xampp\htdocs\pos\system\CodeIgniter.php(432): CodeIgniter\CodeIgniter->runController(Object(App\Controllers\Empresas))
#2 C:\xampp\htdocs\pos\system\CodeIgniter.php(333): CodeIgniter\CodeIgniter->handleRequest(NULL, Object(Config\Cache), false)
#3 C:\xampp\htdocs\pos\public\index.php(46): CodeIgniter\CodeIgniter->run()
#4 {main}
CRITICAL - 2021-06-28 22:27:14 --> Too few arguments to function App\Controllers\Empresas::boolClienteEmpresa(), 0 passed in C:\xampp\htdocs\pos\system\CodeIgniter.php on line 936 and exactly 1 expected
#0 C:\xampp\htdocs\pos\system\CodeIgniter.php(936): App\Controllers\Empresas->boolClienteEmpresa()
#1 C:\xampp\htdocs\pos\system\CodeIgniter.php(432): CodeIgniter\CodeIgniter->runController(Object(App\Controllers\Empresas))
#2 C:\xampp\htdocs\pos\system\CodeIgniter.php(333): CodeIgniter\CodeIgniter->handleRequest(NULL, Object(Config\Cache), false)
#3 C:\xampp\htdocs\pos\public\index.php(46): CodeIgniter\CodeIgniter->run()
#4 {main}
CRITICAL - 2021-06-28 22:27:55 --> Too few arguments to function App\Controllers\Empresas::boolClienteEmpresa(), 0 passed in C:\xampp\htdocs\pos\system\CodeIgniter.php on line 936 and exactly 1 expected
#0 C:\xampp\htdocs\pos\system\CodeIgniter.php(936): App\Controllers\Empresas->boolClienteEmpresa()
#1 C:\xampp\htdocs\pos\system\CodeIgniter.php(432): CodeIgniter\CodeIgniter->runController(Object(App\Controllers\Empresas))
#2 C:\xampp\htdocs\pos\system\CodeIgniter.php(333): CodeIgniter\CodeIgniter->handleRequest(NULL, Object(Config\Cache), false)
#3 C:\xampp\htdocs\pos\public\index.php(46): CodeIgniter\CodeIgniter->run()
#4 {main}
CRITICAL - 2021-06-28 22:28:36 --> Too few arguments to function App\Controllers\Empresas::boolClienteEmpresa(), 0 passed in C:\xampp\htdocs\pos\system\CodeIgniter.php on line 936 and exactly 1 expected
#0 C:\xampp\htdocs\pos\system\CodeIgniter.php(936): App\Controllers\Empresas->boolClienteEmpresa()
#1 C:\xampp\htdocs\pos\system\CodeIgniter.php(432): CodeIgniter\CodeIgniter->runController(Object(App\Controllers\Empresas))
#2 C:\xampp\htdocs\pos\system\CodeIgniter.php(333): CodeIgniter\CodeIgniter->handleRequest(NULL, Object(Config\Cache), false)
#3 C:\xampp\htdocs\pos\public\index.php(46): CodeIgniter\CodeIgniter->run()
#4 {main}
CRITICAL - 2021-06-28 22:28:59 --> Too few arguments to function App\Controllers\Empresas::boolClienteEmpresa(), 0 passed in C:\xampp\htdocs\pos\system\CodeIgniter.php on line 936 and exactly 1 expected
#0 C:\xampp\htdocs\pos\system\CodeIgniter.php(936): App\Controllers\Empresas->boolClienteEmpresa()
#1 C:\xampp\htdocs\pos\system\CodeIgniter.php(432): CodeIgniter\CodeIgniter->runController(Object(App\Controllers\Empresas))
#2 C:\xampp\htdocs\pos\system\CodeIgniter.php(333): CodeIgniter\CodeIgniter->handleRequest(NULL, Object(Config\Cache), false)
#3 C:\xampp\htdocs\pos\public\index.php(46): CodeIgniter\CodeIgniter->run()
#4 {main}
CRITICAL - 2021-06-28 22:29:11 --> Too few arguments to function App\Controllers\Empresas::boolClienteEmpresa(), 0 passed in C:\xampp\htdocs\pos\system\CodeIgniter.php on line 936 and exactly 1 expected
#0 C:\xampp\htdocs\pos\system\CodeIgniter.php(936): App\Controllers\Empresas->boolClienteEmpresa()
#1 C:\xampp\htdocs\pos\system\CodeIgniter.php(432): CodeIgniter\CodeIgniter->runController(Object(App\Controllers\Empresas))
#2 C:\xampp\htdocs\pos\system\CodeIgniter.php(333): CodeIgniter\CodeIgniter->handleRequest(NULL, Object(Config\Cache), false)
#3 C:\xampp\htdocs\pos\public\index.php(46): CodeIgniter\CodeIgniter->run()
#4 {main}
CRITICAL - 2021-06-28 22:33:34 --> Too few arguments to function App\Controllers\Usuarios::crearUsuarioVenta(), 1 passed in C:\xampp\htdocs\pos\system\CodeIgniter.php on line 936 and exactly 3 expected
#0 C:\xampp\htdocs\pos\system\CodeIgniter.php(936): App\Controllers\Usuarios->crearUsuarioVenta('98789745')
#1 C:\xampp\htdocs\pos\system\CodeIgniter.php(432): CodeIgniter\CodeIgniter->runController(Object(App\Controllers\Usuarios))
#2 C:\xampp\htdocs\pos\system\CodeIgniter.php(333): CodeIgniter\CodeIgniter->handleRequest(NULL, Object(Config\Cache), false)
#3 C:\xampp\htdocs\pos\public\index.php(46): CodeIgniter\CodeIgniter->run()
#4 {main}
CRITICAL - 2021-06-28 22:33:48 --> Trying to access array offset on value of type null
#0 C:\xampp\htdocs\pos\app\Controllers\Usuarios.php(471): CodeIgniter\Debug\Exceptions->errorHandler(2, 'Trying to acces...', 'C:\\xampp\\htdocs...', 471)
#1 C:\xampp\htdocs\pos\system\CodeIgniter.php(936): App\Controllers\Usuarios->buscarPorRutJson('98789745')
#2 C:\xampp\htdocs\pos\system\CodeIgniter.php(432): CodeIgniter\CodeIgniter->runController(Object(App\Controllers\Usuarios))
#3 C:\xampp\htdocs\pos\system\CodeIgniter.php(333): CodeIgniter\CodeIgniter->handleRequest(NULL, Object(Config\Cache), false)
#4 C:\xampp\htdocs\pos\public\index.php(46): CodeIgniter\CodeIgniter->run()
#5 {main}
CRITICAL - 2021-06-28 22:35:18 --> Too few arguments to function App\Controllers\Usuarios::crearUsuarioVenta(), 1 passed in C:\xampp\htdocs\pos\system\CodeIgniter.php on line 936 and exactly 3 expected
#0 C:\xampp\htdocs\pos\system\CodeIgniter.php(936): App\Controllers\Usuarios->crearUsuarioVenta('98856654')
#1 C:\xampp\htdocs\pos\system\CodeIgniter.php(432): CodeIgniter\CodeIgniter->runController(Object(App\Controllers\Usuarios))
#2 C:\xampp\htdocs\pos\system\CodeIgniter.php(333): CodeIgniter\CodeIgniter->handleRequest(NULL, Object(Config\Cache), false)
#3 C:\xampp\htdocs\pos\public\index.php(46): CodeIgniter\CodeIgniter->run()
#4 {main}
CRITICAL - 2021-06-28 22:35:21 --> Trying to access array offset on value of type null
#0 C:\xampp\htdocs\pos\app\Controllers\Usuarios.php(471): CodeIgniter\Debug\Exceptions->errorHandler(2, 'Trying to acces...', 'C:\\xampp\\htdocs...', 471)
#1 C:\xampp\htdocs\pos\system\CodeIgniter.php(936): App\Controllers\Usuarios->buscarPorRutJson('98856654')
#2 C:\xampp\htdocs\pos\system\CodeIgniter.php(432): CodeIgniter\CodeIgniter->runController(Object(App\Controllers\Usuarios))
#3 C:\xampp\htdocs\pos\system\CodeIgniter.php(333): CodeIgniter\CodeIgniter->handleRequest(NULL, Object(Config\Cache), false)
#4 C:\xampp\htdocs\pos\public\index.php(46): CodeIgniter\CodeIgniter->run()
#5 {main}
CRITICAL - 2021-06-28 22:36:44 --> Too few arguments to function App\Controllers\Usuarios::crearUsuarioVenta(), 1 passed in C:\xampp\htdocs\pos\system\CodeIgniter.php on line 936 and exactly 3 expected
#0 C:\xampp\htdocs\pos\system\CodeIgniter.php(936): App\Controllers\Usuarios->crearUsuarioVenta('54961564')
#1 C:\xampp\htdocs\pos\system\CodeIgniter.php(432): CodeIgniter\CodeIgniter->runController(Object(App\Controllers\Usuarios))
#2 C:\xampp\htdocs\pos\system\CodeIgniter.php(333): CodeIgniter\CodeIgniter->handleRequest(NULL, Object(Config\Cache), false)
#3 C:\xampp\htdocs\pos\public\index.php(46): CodeIgniter\CodeIgniter->run()
#4 {main}
CRITICAL - 2021-06-28 22:44:33 --> Too few arguments to function App\Controllers\Usuarios::crearUsuarioVenta(), 1 passed in C:\xampp\htdocs\pos\system\CodeIgniter.php on line 936 and exactly 3 expected
#0 C:\xampp\htdocs\pos\system\CodeIgniter.php(936): App\Controllers\Usuarios->crearUsuarioVenta('15654321')
#1 C:\xampp\htdocs\pos\system\CodeIgniter.php(432): CodeIgniter\CodeIgniter->runController(Object(App\Controllers\Usuarios))
#2 C:\xampp\htdocs\pos\system\CodeIgniter.php(333): CodeIgniter\CodeIgniter->handleRequest(NULL, Object(Config\Cache), false)
#3 C:\xampp\htdocs\pos\public\index.php(46): CodeIgniter\CodeIgniter->run()
#4 {main}
CRITICAL - 2021-06-28 22:46:00 --> Too few arguments to function App\Controllers\Usuarios::crearUsuarioVenta(), 1 passed in C:\xampp\htdocs\pos\system\CodeIgniter.php on line 936 and exactly 3 expected
#0 C:\xampp\htdocs\pos\system\CodeIgniter.php(936): App\Controllers\Usuarios->crearUsuarioVenta('122221')
#1 C:\xampp\htdocs\pos\system\CodeIgniter.php(432): CodeIgniter\CodeIgniter->runController(Object(App\Controllers\Usuarios))
#2 C:\xampp\htdocs\pos\system\CodeIgniter.php(333): CodeIgniter\CodeIgniter->handleRequest(NULL, Object(Config\Cache), false)
#3 C:\xampp\htdocs\pos\public\index.php(46): CodeIgniter\CodeIgniter->run()
#4 {main}
CRITICAL - 2021-06-28 22:49:26 --> Too few arguments to function App\Controllers\Usuarios::crearUsuarioVenta(), 1 passed in C:\xampp\htdocs\pos\system\CodeIgniter.php on line 936 and exactly 3 expected
#0 C:\xampp\htdocs\pos\system\CodeIgniter.php(936): App\Controllers\Usuarios->crearUsuarioVenta('95821456')
#1 C:\xampp\htdocs\pos\system\CodeIgniter.php(432): CodeIgniter\CodeIgniter->runController(Object(App\Controllers\Usuarios))
#2 C:\xampp\htdocs\pos\system\CodeIgniter.php(333): CodeIgniter\CodeIgniter->handleRequest(NULL, Object(Config\Cache), false)
#3 C:\xampp\htdocs\pos\public\index.php(46): CodeIgniter\CodeIgniter->run()
#4 {main}
ERROR - 2021-06-28 22:59:15 --> mysqli_sql_exception: Column 'fecha_vencimiento' cannot be null in C:\xampp\htdocs\pos\system\Database\MySQLi\Connection.php:314
Stack trace:
#0 C:\xampp\htdocs\pos\system\Database\MySQLi\Connection.php(314): mysqli->query('INSERT INTO `de...')
#1 C:\xampp\htdocs\pos\system\Database\BaseConnection.php(713): CodeIgniter\Database\MySQLi\Connection->execute('INSERT INTO `de...')
#2 C:\xampp\htdocs\pos\system\Database\BaseConnection.php(641): CodeIgniter\Database\BaseConnection->simpleQuery('INSERT INTO `de...')
#3 C:\xampp\htdocs\pos\system\Database\BaseBuilder.php(2263): CodeIgniter\Database\BaseConnection->query('INSERT INTO `de...', Array, false)
#4 C:\xampp\htdocs\pos\system\Model.php(278): CodeIgniter\Database\BaseBuilder->insert()
#5 C:\xampp\htdocs\pos\system\BaseModel.php(758): CodeIgniter\Model->doInsert(Array)
#6 C:\xampp\htdocs\pos\system\Model.php(705): CodeIgniter\BaseModel->insert(Array, false)
#7 C:\xampp\htdocs\pos\system\BaseModel.php(667): CodeIgniter\Model->insert(Array, false)
#8 C:\xampp\htdocs\pos\app\Controllers\DetalleProducto.php(36): CodeIgniter\BaseModel->save(Array)
#9 C:\xampp\htdocs\pos\app\Controllers\ProductosAdmin.php(108): App\Controllers\DetalleProducto->agregarFecha(NULL)
#10 C:\xampp\htdocs\pos\system\CodeIgniter.php(936): App\Controllers\ProductosAdmin->NuevoProducto()
#11 C:\xampp\htdocs\pos\system\CodeIgniter.php(432): CodeIgniter\CodeIgniter->runController(Object(App\Controllers\ProductosAdmin))
#12 C:\xampp\htdocs\pos\system\CodeIgniter.php(333): CodeIgniter\CodeIgniter->handleRequest(NULL, Object(Config\Cache), false)
#13 C:\xampp\htdocs\pos\public\index.php(46): CodeIgniter\CodeIgniter->run()
#14 {main}
CRITICAL - 2021-06-28 22:59:15 --> Column 'fecha_vencimiento' cannot be null
#0 C:\xampp\htdocs\pos\system\Database\MySQLi\Connection.php(314): mysqli->query('INSERT INTO `de...')
#1 C:\xampp\htdocs\pos\system\Database\BaseConnection.php(713): CodeIgniter\Database\MySQLi\Connection->execute('INSERT INTO `de...')
#2 C:\xampp\htdocs\pos\system\Database\BaseConnection.php(641): CodeIgniter\Database\BaseConnection->simpleQuery('INSERT INTO `de...')
#3 C:\xampp\htdocs\pos\system\Database\BaseBuilder.php(2263): CodeIgniter\Database\BaseConnection->query('INSERT INTO `de...', Array, false)
#4 C:\xampp\htdocs\pos\system\Model.php(278): CodeIgniter\Database\BaseBuilder->insert()
#5 C:\xampp\htdocs\pos\system\BaseModel.php(758): CodeIgniter\Model->doInsert(Array)
#6 C:\xampp\htdocs\pos\system\Model.php(705): CodeIgniter\BaseModel->insert(Array, false)
#7 C:\xampp\htdocs\pos\system\BaseModel.php(667): CodeIgniter\Model->insert(Array, false)
#8 C:\xampp\htdocs\pos\app\Controllers\DetalleProducto.php(36): CodeIgniter\BaseModel->save(Array)
#9 C:\xampp\htdocs\pos\app\Controllers\ProductosAdmin.php(108): App\Controllers\DetalleProducto->agregarFecha(NULL)
#10 C:\xampp\htdocs\pos\system\CodeIgniter.php(936): App\Controllers\ProductosAdmin->NuevoProducto()
#11 C:\xampp\htdocs\pos\system\CodeIgniter.php(432): CodeIgniter\CodeIgniter->runController(Object(App\Controllers\ProductosAdmin))
#12 C:\xampp\htdocs\pos\system\CodeIgniter.php(333): CodeIgniter\CodeIgniter->handleRequest(NULL, Object(Config\Cache), false)
#13 C:\xampp\htdocs\pos\public\index.php(46): CodeIgniter\CodeIgniter->run()
#14 {main}
CRITICAL - 2021-06-28 22:59:32 --> Trying to access array offset on value of type null
#0 C:\xampp\htdocs\pos\app\Controllers\ProductosAdmin.php(262): CodeIgniter\Debug\Exceptions->errorHandler(2, 'Trying to acces...', 'C:\\xampp\\htdocs...', 262)
#1 C:\xampp\htdocs\pos\system\CodeIgniter.php(936): App\Controllers\ProductosAdmin->editar('img', 'footer', '1.png')
#2 C:\xampp\htdocs\pos\system\CodeIgniter.php(432): CodeIgniter\CodeIgniter->runController(Object(App\Controllers\ProductosAdmin))
#3 C:\xampp\htdocs\pos\system\CodeIgniter.php(333): CodeIgniter\CodeIgniter->handleRequest(NULL, Object(Config\Cache), false)
#4 C:\xampp\htdocs\pos\public\index.php(46): CodeIgniter\CodeIgniter->run()
#5 {main}
CRITICAL - 2021-06-28 22:59:33 --> Trying to access array offset on value of type null
#0 C:\xampp\htdocs\pos\app\Controllers\ProductosAdmin.php(262): CodeIgniter\Debug\Exceptions->errorHandler(2, 'Trying to acces...', 'C:\\xampp\\htdocs...', 262)
#1 C:\xampp\htdocs\pos\system\CodeIgniter.php(936): App\Controllers\ProductosAdmin->editar('img', 'icon', 'favicon.png')
#2 C:\xampp\htdocs\pos\system\CodeIgniter.php(432): CodeIgniter\CodeIgniter->runController(Object(App\Controllers\ProductosAdmin))
#3 C:\xampp\htdocs\pos\system\CodeIgniter.php(333): CodeIgniter\CodeIgniter->handleRequest(NULL, Object(Config\Cache), false)
#4 C:\xampp\htdocs\pos\public\index.php(46): CodeIgniter\CodeIgniter->run()
#5 {main}
ERROR - 2021-06-28 23:05:40 --> mysqli_sql_exception: Column 'comuna_fk' cannot be null in C:\xampp\htdocs\pos\system\Database\MySQLi\Connection.php:314
Stack trace:
#0 C:\xampp\htdocs\pos\system\Database\MySQLi\Connection.php(314): mysqli->query('INSERT INTO `di...')
#1 C:\xampp\htdocs\pos\system\Database\BaseConnection.php(713): CodeIgniter\Database\MySQLi\Connection->execute('INSERT INTO `di...')
#2 C:\xampp\htdocs\pos\system\Database\BaseConnection.php(641): CodeIgniter\Database\BaseConnection->simpleQuery('INSERT INTO `di...')
#3 C:\xampp\htdocs\pos\system\Database\BaseBuilder.php(2263): CodeIgniter\Database\BaseConnection->query('INSERT INTO `di...', Array, false)
#4 C:\xampp\htdocs\pos\system\Model.php(278): CodeIgniter\Database\BaseBuilder->insert()
#5 C:\xampp\htdocs\pos\system\BaseModel.php(758): CodeIgniter\Model->doInsert(Array)
#6 C:\xampp\htdocs\pos\system\Model.php(705): CodeIgniter\BaseModel->insert(Array, false)
#7 C:\xampp\htdocs\pos\system\BaseModel.php(667): CodeIgniter\Model->insert(Array, false)
#8 C:\xampp\htdocs\pos\app\Controllers\DatosPersonales.php(87): CodeIgniter\BaseModel->save(Array)
#9 C:\xampp\htdocs\pos\app\Controllers\Usuarios.php(141): App\Controllers\DatosPersonales->insertarDireccion('Vi\xC3\xB1a del mar', 'Placilla', '123', NULL)
#10 C:\xampp\htdocs\pos\system\CodeIgniter.php(936): App\Controllers\Usuarios->insertar()
#11 C:\xampp\htdocs\pos\system\CodeIgniter.php(432): CodeIgniter\CodeIgniter->runController(Object(App\Controllers\Usuarios))
#12 C:\xampp\htdocs\pos\system\CodeIgniter.php(333): CodeIgniter\CodeIgniter->handleRequest(NULL, Object(Config\Cache), false)
#13 C:\xampp\htdocs\pos\public\index.php(46): CodeIgniter\CodeIgniter->run()
#14 {main}
CRITICAL - 2021-06-28 23:05:40 --> Column 'comuna_fk' cannot be null
#0 C:\xampp\htdocs\pos\system\Database\MySQLi\Connection.php(314): mysqli->query('INSERT INTO `di...')
#1 C:\xampp\htdocs\pos\system\Database\BaseConnection.php(713): CodeIgniter\Database\MySQLi\Connection->execute('INSERT INTO `di...')
#2 C:\xampp\htdocs\pos\system\Database\BaseConnection.php(641): CodeIgniter\Database\BaseConnection->simpleQuery('INSERT INTO `di...')
#3 C:\xampp\htdocs\pos\system\Database\BaseBuilder.php(2263): CodeIgniter\Database\BaseConnection->query('INSERT INTO `di...', Array, false)
#4 C:\xampp\htdocs\pos\system\Model.php(278): CodeIgniter\Database\BaseBuilder->insert()
#5 C:\xampp\htdocs\pos\system\BaseModel.php(758): CodeIgniter\Model->doInsert(Array)
#6 C:\xampp\htdocs\pos\system\Model.php(705): CodeIgniter\BaseModel->insert(Array, false)
#7 C:\xampp\htdocs\pos\system\BaseModel.php(667): CodeIgniter\Model->insert(Array, false)
#8 C:\xampp\htdocs\pos\app\Controllers\DatosPersonales.php(87): CodeIgniter\BaseModel->save(Array)
#9 C:\xampp\htdocs\pos\app\Controllers\Usuarios.php(141): App\Controllers\DatosPersonales->insertarDireccion('Vi\xC3\xB1a del mar', 'Placilla', '123', NULL)
#10 C:\xampp\htdocs\pos\system\CodeIgniter.php(936): App\Controllers\Usuarios->insertar()
#11 C:\xampp\htdocs\pos\system\CodeIgniter.php(432): CodeIgniter\CodeIgniter->runController(Object(App\Controllers\Usuarios))
#12 C:\xampp\htdocs\pos\system\CodeIgniter.php(333): CodeIgniter\CodeIgniter->handleRequest(NULL, Object(Config\Cache), false)
#13 C:\xampp\htdocs\pos\public\index.php(46): CodeIgniter\CodeIgniter->run()
#14 {main}
CRITICAL - 2021-06-28 23:09:58 --> Trying to access array offset on value of type null
#0 C:\xampp\htdocs\pos\app\Views\administrador\editar_moneda.php(8): CodeIgniter\Debug\Exceptions->errorHandler(2, 'Trying to acces...', 'C:\\xampp\\htdocs...', 8)
#1 C:\xampp\htdocs\pos\system\View\View.php(220): include('C:\\xampp\\htdocs...')
#2 C:\xampp\htdocs\pos\system\View\View.php(222): CodeIgniter\View\View->CodeIgniter\View\{closure}()
#3 C:\xampp\htdocs\pos\system\Common.php(1217): CodeIgniter\View\View->render('administrador/e...', Array, true)
#4 C:\xampp\htdocs\pos\app\Controllers\Moneda.php(83): view('administrador/e...')
#5 C:\xampp\htdocs\pos\system\CodeIgniter.php(936): App\Controllers\Moneda->editarMoneda('img', 'footer', '1.png')
#6 C:\xampp\htdocs\pos\system\CodeIgniter.php(432): CodeIgniter\CodeIgniter->runController(Object(App\Controllers\Moneda))
#7 C:\xampp\htdocs\pos\system\CodeIgniter.php(333): CodeIgniter\CodeIgniter->handleRequest(NULL, Object(Config\Cache), false)
#8 C:\xampp\htdocs\pos\public\index.php(46): CodeIgniter\CodeIgniter->run()
#9 {main}
CRITICAL - 2021-06-28 23:09:58 --> Trying to access array offset on value of type null
#0 C:\xampp\htdocs\pos\app\Views\administrador\editar_moneda.php(8): CodeIgniter\Debug\Exceptions->errorHandler(2, 'Trying to acces...', 'C:\\xampp\\htdocs...', 8)
#1 C:\xampp\htdocs\pos\system\View\View.php(220): include('C:\\xampp\\htdocs...')
#2 C:\xampp\htdocs\pos\system\View\View.php(222): CodeIgniter\View\View->CodeIgniter\View\{closure}()
#3 C:\xampp\htdocs\pos\system\Common.php(1217): CodeIgniter\View\View->render('administrador/e...', Array, true)
#4 C:\xampp\htdocs\pos\app\Controllers\Moneda.php(83): view('administrador/e...')
#5 C:\xampp\htdocs\pos\system\CodeIgniter.php(936): App\Controllers\Moneda->editarMoneda('img', 'icon', 'favicon.png')
#6 C:\xampp\htdocs\pos\system\CodeIgniter.php(432): CodeIgniter\CodeIgniter->runController(Object(App\Controllers\Moneda))
#7 C:\xampp\htdocs\pos\system\CodeIgniter.php(333): CodeIgniter\CodeIgniter->handleRequest(NULL, Object(Config\Cache), false)
#8 C:\xampp\htdocs\pos\public\index.php(46): CodeIgniter\CodeIgniter->run()
#9 {main}
ERROR - 2021-06-28 23:12:24 --> mysqli_sql_exception: Column 'comuna_fk' cannot be null in C:\xampp\htdocs\pos\system\Database\MySQLi\Connection.php:314
Stack trace:
#0 C:\xampp\htdocs\pos\system\Database\MySQLi\Connection.php(314): mysqli->query('INSERT INTO `di...')
#1 C:\xampp\htdocs\pos\system\Database\BaseConnection.php(713): CodeIgniter\Database\MySQLi\Connection->execute('INSERT INTO `di...')
#2 C:\xampp\htdocs\pos\system\Database\BaseConnection.php(641): CodeIgniter\Database\BaseConnection->simpleQuery('INSERT INTO `di...')
#3 C:\xampp\htdocs\pos\system\Database\BaseBuilder.php(2263): CodeIgniter\Database\BaseConnection->query('INSERT INTO `di...', Array, false)
#4 C:\xampp\htdocs\pos\system\Model.php(278): CodeIgniter\Database\BaseBuilder->insert()
#5 C:\xampp\htdocs\pos\system\BaseModel.php(758): CodeIgniter\Model->doInsert(Array)
#6 C:\xampp\htdocs\pos\system\Model.php(705): CodeIgniter\BaseModel->insert(Array, false)
#7 C:\xampp\htdocs\pos\system\BaseModel.php(667): CodeIgniter\Model->insert(Array, false)
#8 C:\xampp\htdocs\pos\app\Controllers\DatosPersonales.php(97): CodeIgniter\BaseModel->save(Array)
#9 C:\xampp\htdocs\pos\app\Controllers\Proveedor.php(92): App\Controllers\DatosPersonales->insertarDireccionProveedor('Vi\xC3\xB1a del mar', 'Placilla', '123', NULL)
#10 C:\xampp\htdocs\pos\system\CodeIgniter.php(936): App\Controllers\Proveedor->insertarProveedor()
#11 C:\xampp\htdocs\pos\system\CodeIgniter.php(432): CodeIgniter\CodeIgniter->runController(Object(App\Controllers\Proveedor))
#12 C:\xampp\htdocs\pos\system\CodeIgniter.php(333): CodeIgniter\CodeIgniter->handleRequest(NULL, Object(Config\Cache), false)
#13 C:\xampp\htdocs\pos\public\index.php(46): CodeIgniter\CodeIgniter->run()
#14 {main}
CRITICAL - 2021-06-28 23:12:24 --> Column 'comuna_fk' cannot be null
#0 C:\xampp\htdocs\pos\system\Database\MySQLi\Connection.php(314): mysqli->query('INSERT INTO `di...')
#1 C:\xampp\htdocs\pos\system\Database\BaseConnection.php(713): CodeIgniter\Database\MySQLi\Connection->execute('INSERT INTO `di...')
#2 C:\xampp\htdocs\pos\system\Database\BaseConnection.php(641): CodeIgniter\Database\BaseConnection->simpleQuery('INSERT INTO `di...')
#3 C:\xampp\htdocs\pos\system\Database\BaseBuilder.php(2263): CodeIgniter\Database\BaseConnection->query('INSERT INTO `di...', Array, false)
#4 C:\xampp\htdocs\pos\system\Model.php(278): CodeIgniter\Database\BaseBuilder->insert()
#5 C:\xampp\htdocs\pos\system\BaseModel.php(758): CodeIgniter\Model->doInsert(Array)
#6 C:\xampp\htdocs\pos\system\Model.php(705): CodeIgniter\BaseModel->insert(Array, false)
#7 C:\xampp\htdocs\pos\system\BaseModel.php(667): CodeIgniter\Model->insert(Array, false)
#8 C:\xampp\htdocs\pos\app\Controllers\DatosPersonales.php(97): CodeIgniter\BaseModel->save(Array)
#9 C:\xampp\htdocs\pos\app\Controllers\Proveedor.php(92): App\Controllers\DatosPersonales->insertarDireccionProveedor('Vi\xC3\xB1a del mar', 'Placilla', '123', NULL)
#10 C:\xampp\htdocs\pos\system\CodeIgniter.php(936): App\Controllers\Proveedor->insertarProveedor()
#11 C:\xampp\htdocs\pos\system\CodeIgniter.php(432): CodeIgniter\CodeIgniter->runController(Object(App\Controllers\Proveedor))
#12 C:\xampp\htdocs\pos\system\CodeIgniter.php(333): CodeIgniter\CodeIgniter->handleRequest(NULL, Object(Config\Cache), false)
#13 C:\xampp\htdocs\pos\public\index.php(46): CodeIgniter\CodeIgniter->run()
#14 {main}
CRITICAL - 2021-06-28 23:31:08 --> Too few arguments to function App\Controllers\Empresas::boolClienteEmpresa(), 0 passed in C:\xampp\htdocs\pos\system\CodeIgniter.php on line 936 and exactly 1 expected
#0 C:\xampp\htdocs\pos\system\CodeIgniter.php(936): App\Controllers\Empresas->boolClienteEmpresa()
#1 C:\xampp\htdocs\pos\system\CodeIgniter.php(432): CodeIgniter\CodeIgniter->runController(Object(App\Controllers\Empresas))
#2 C:\xampp\htdocs\pos\system\CodeIgniter.php(333): CodeIgniter\CodeIgniter->handleRequest(NULL, Object(Config\Cache), false)
#3 C:\xampp\htdocs\pos\public\index.php(46): CodeIgniter\CodeIgniter->run()
#4 {main}
