CRITICAL - 2021-05-10 22:01:21 --> The framework needs the following extension(s) installed and loaded: {0}.
#0 C:\xampp\htdocs\pos\system\CodeIgniter.php(224): CodeIgniter\Exceptions\FrameworkException::forMissingExtension('intl')
#1 C:\xampp\htdocs\pos\system\CodeIgniter.php(172): CodeIgniter\CodeIgniter->resolvePlatformExtensions()
#2 C:\xampp\htdocs\pos\system\bootstrap.php(159): CodeIgniter\CodeIgniter->initialize()
#3 C:\xampp\htdocs\pos\public\index.php(37): require('C:\\xampp\\htdocs...')
#4 {main}
ERROR - 2021-05-10 15:02:09 --> Error connecting to the database: Unknown database 'ferme'
CRITICAL - 2021-05-10 15:02:09 --> Unable to connect to the database.
#0 C:\xampp\htdocs\pos\system\Database\BaseConnection.php(618): CodeIgniter\Database\BaseConnection->initialize()
#1 C:\xampp\htdocs\pos\system\Database\BaseBuilder.php(1866): CodeIgniter\Database\BaseConnection->query('SELECT *\nFROM `...', Array, false)
#2 C:\xampp\htdocs\pos\system\Model.php(247): CodeIgniter\Database\BaseBuilder->get()
#3 C:\xampp\htdocs\pos\system\BaseModel.php(624): CodeIgniter\Model->doFirst()
#4 C:\xampp\htdocs\pos\app\Controllers\Home.php(18): CodeIgniter\BaseModel->first()
#5 C:\xampp\htdocs\pos\system\CodeIgniter.php(936): App\Controllers\Home->index()
#6 C:\xampp\htdocs\pos\system\CodeIgniter.php(432): CodeIgniter\CodeIgniter->runController(Object(App\Controllers\Home))
#7 C:\xampp\htdocs\pos\system\CodeIgniter.php(333): CodeIgniter\CodeIgniter->handleRequest(NULL, Object(Config\Cache), false)
#8 C:\xampp\htdocs\pos\public\index.php(46): CodeIgniter\CodeIgniter->run()
#9 {main}
ERROR - 2021-05-10 15:07:01 --> Error connecting to the database: Unknown database 'ferme'
CRITICAL - 2021-05-10 15:07:01 --> Unable to connect to the database.
#0 C:\xampp\htdocs\pos\system\Database\BaseConnection.php(618): CodeIgniter\Database\BaseConnection->initialize()
#1 C:\xampp\htdocs\pos\system\Database\BaseBuilder.php(1866): CodeIgniter\Database\BaseConnection->query('SELECT *\nFROM `...', Array, false)
#2 C:\xampp\htdocs\pos\system\Model.php(247): CodeIgniter\Database\BaseBuilder->get()
#3 C:\xampp\htdocs\pos\system\BaseModel.php(624): CodeIgniter\Model->doFirst()
#4 C:\xampp\htdocs\pos\app\Controllers\Home.php(18): CodeIgniter\BaseModel->first()
#5 C:\xampp\htdocs\pos\system\CodeIgniter.php(936): App\Controllers\Home->index()
#6 C:\xampp\htdocs\pos\system\CodeIgniter.php(432): CodeIgniter\CodeIgniter->runController(Object(App\Controllers\Home))
#7 C:\xampp\htdocs\pos\system\CodeIgniter.php(333): CodeIgniter\CodeIgniter->handleRequest(NULL, Object(Config\Cache), false)
#8 C:\xampp\htdocs\pos\public\index.php(46): CodeIgniter\CodeIgniter->run()
#9 {main}
CRITICAL - 2021-05-10 15:11:02 --> Trying to access array offset on value of type null
#0 C:\xampp\htdocs\pos\app\Controllers\ProductosAdmin.php(100): CodeIgniter\Debug\Exceptions->errorHandler(2, 'Trying to acces...', 'C:\\xampp\\htdocs...', 100)
#1 C:\xampp\htdocs\pos\system\CodeIgniter.php(936): App\Controllers\ProductosAdmin->editar('img', 'menu', '1.jpg')
#2 C:\xampp\htdocs\pos\system\CodeIgniter.php(432): CodeIgniter\CodeIgniter->runController(Object(App\Controllers\ProductosAdmin))
#3 C:\xampp\htdocs\pos\system\CodeIgniter.php(333): CodeIgniter\CodeIgniter->handleRequest(NULL, Object(Config\Cache), false)
#4 C:\xampp\htdocs\pos\public\index.php(46): CodeIgniter\CodeIgniter->run()
#5 {main}
CRITICAL - 2021-05-10 15:11:02 --> Trying to access array offset on value of type null
#0 C:\xampp\htdocs\pos\app\Controllers\ProductosAdmin.php(100): CodeIgniter\Debug\Exceptions->errorHandler(2, 'Trying to acces...', 'C:\\xampp\\htdocs...', 100)
#1 C:\xampp\htdocs\pos\system\CodeIgniter.php(936): App\Controllers\ProductosAdmin->editar('img', 'menu', '2.jpg')
#2 C:\xampp\htdocs\pos\system\CodeIgniter.php(432): CodeIgniter\CodeIgniter->runController(Object(App\Controllers\ProductosAdmin))
#3 C:\xampp\htdocs\pos\system\CodeIgniter.php(333): CodeIgniter\CodeIgniter->handleRequest(NULL, Object(Config\Cache), false)
#4 C:\xampp\htdocs\pos\public\index.php(46): CodeIgniter\CodeIgniter->run()
#5 {main}
CRITICAL - 2021-05-10 15:11:02 --> Trying to access array offset on value of type null
#0 C:\xampp\htdocs\pos\app\Controllers\ProductosAdmin.php(100): CodeIgniter\Debug\Exceptions->errorHandler(2, 'Trying to acces...', 'C:\\xampp\\htdocs...', 100)
#1 C:\xampp\htdocs\pos\system\CodeIgniter.php(936): App\Controllers\ProductosAdmin->editar('img', 'footer', '1.png')
#2 C:\xampp\htdocs\pos\system\CodeIgniter.php(432): CodeIgniter\CodeIgniter->runController(Object(App\Controllers\ProductosAdmin))
#3 C:\xampp\htdocs\pos\system\CodeIgniter.php(333): CodeIgniter\CodeIgniter->handleRequest(NULL, Object(Config\Cache), false)
#4 C:\xampp\htdocs\pos\public\index.php(46): CodeIgniter\CodeIgniter->run()
#5 {main}
CRITICAL - 2021-05-10 15:11:02 --> Trying to access array offset on value of type null
#0 C:\xampp\htdocs\pos\app\Controllers\ProductosAdmin.php(100): CodeIgniter\Debug\Exceptions->errorHandler(2, 'Trying to acces...', 'C:\\xampp\\htdocs...', 100)
#1 C:\xampp\htdocs\pos\system\CodeIgniter.php(936): App\Controllers\ProductosAdmin->editar('img', 'icon', 'favicon.png')
#2 C:\xampp\htdocs\pos\system\CodeIgniter.php(432): CodeIgniter\CodeIgniter->runController(Object(App\Controllers\ProductosAdmin))
#3 C:\xampp\htdocs\pos\system\CodeIgniter.php(333): CodeIgniter\CodeIgniter->handleRequest(NULL, Object(Config\Cache), false)
#4 C:\xampp\htdocs\pos\public\index.php(46): CodeIgniter\CodeIgniter->run()
#5 {main}
CRITICAL - 2021-05-10 15:11:38 --> Trying to access array offset on value of type null
#0 C:\xampp\htdocs\pos\app\Controllers\ProductosAdmin.php(100): CodeIgniter\Debug\Exceptions->errorHandler(2, 'Trying to acces...', 'C:\\xampp\\htdocs...', 100)
#1 C:\xampp\htdocs\pos\system\CodeIgniter.php(936): App\Controllers\ProductosAdmin->editar('img', 'menu', '1.jpg')
#2 C:\xampp\htdocs\pos\system\CodeIgniter.php(432): CodeIgniter\CodeIgniter->runController(Object(App\Controllers\ProductosAdmin))
#3 C:\xampp\htdocs\pos\system\CodeIgniter.php(333): CodeIgniter\CodeIgniter->handleRequest(NULL, Object(Config\Cache), false)
#4 C:\xampp\htdocs\pos\public\index.php(46): CodeIgniter\CodeIgniter->run()
#5 {main}
CRITICAL - 2021-05-10 15:11:38 --> Trying to access array offset on value of type null
#0 C:\xampp\htdocs\pos\app\Controllers\ProductosAdmin.php(100): CodeIgniter\Debug\Exceptions->errorHandler(2, 'Trying to acces...', 'C:\\xampp\\htdocs...', 100)
#1 C:\xampp\htdocs\pos\system\CodeIgniter.php(936): App\Controllers\ProductosAdmin->editar('img', 'menu', '2.jpg')
#2 C:\xampp\htdocs\pos\system\CodeIgniter.php(432): CodeIgniter\CodeIgniter->runController(Object(App\Controllers\ProductosAdmin))
#3 C:\xampp\htdocs\pos\system\CodeIgniter.php(333): CodeIgniter\CodeIgniter->handleRequest(NULL, Object(Config\Cache), false)
#4 C:\xampp\htdocs\pos\public\index.php(46): CodeIgniter\CodeIgniter->run()
#5 {main}
CRITICAL - 2021-05-10 15:11:38 --> Trying to access array offset on value of type null
#0 C:\xampp\htdocs\pos\app\Controllers\ProductosAdmin.php(100): CodeIgniter\Debug\Exceptions->errorHandler(2, 'Trying to acces...', 'C:\\xampp\\htdocs...', 100)
#1 C:\xampp\htdocs\pos\system\CodeIgniter.php(936): App\Controllers\ProductosAdmin->editar('img', 'footer', '1.png')
#2 C:\xampp\htdocs\pos\system\CodeIgniter.php(432): CodeIgniter\CodeIgniter->runController(Object(App\Controllers\ProductosAdmin))
#3 C:\xampp\htdocs\pos\system\CodeIgniter.php(333): CodeIgniter\CodeIgniter->handleRequest(NULL, Object(Config\Cache), false)
#4 C:\xampp\htdocs\pos\public\index.php(46): CodeIgniter\CodeIgniter->run()
#5 {main}
CRITICAL - 2021-05-10 15:11:38 --> Trying to access array offset on value of type null
#0 C:\xampp\htdocs\pos\app\Controllers\ProductosAdmin.php(100): CodeIgniter\Debug\Exceptions->errorHandler(2, 'Trying to acces...', 'C:\\xampp\\htdocs...', 100)
#1 C:\xampp\htdocs\pos\system\CodeIgniter.php(936): App\Controllers\ProductosAdmin->editar('img', 'icon', 'favicon.png')
#2 C:\xampp\htdocs\pos\system\CodeIgniter.php(432): CodeIgniter\CodeIgniter->runController(Object(App\Controllers\ProductosAdmin))
#3 C:\xampp\htdocs\pos\system\CodeIgniter.php(333): CodeIgniter\CodeIgniter->handleRequest(NULL, Object(Config\Cache), false)
#4 C:\xampp\htdocs\pos\public\index.php(46): CodeIgniter\CodeIgniter->run()
#5 {main}
CRITICAL - 2021-05-10 16:09:08 --> Trying to access array offset on value of type null
#0 C:\xampp\htdocs\pos\app\Views\header.php(56): CodeIgniter\Debug\Exceptions->errorHandler(2, 'Trying to acces...', 'C:\\xampp\\htdocs...', 56)
#1 C:\xampp\htdocs\pos\system\View\View.php(220): include('C:\\xampp\\htdocs...')
#2 C:\xampp\htdocs\pos\system\View\View.php(222): CodeIgniter\View\View->CodeIgniter\View\{closure}()
#3 C:\xampp\htdocs\pos\system\Common.php(1217): CodeIgniter\View\View->render('header', Array, true)
#4 C:\xampp\htdocs\pos\app\Controllers\Home.php(20): view('header', Array)
#5 C:\xampp\htdocs\pos\system\CodeIgniter.php(936): App\Controllers\Home->index()
#6 C:\xampp\htdocs\pos\system\CodeIgniter.php(432): CodeIgniter\CodeIgniter->runController(Object(App\Controllers\Home))
#7 C:\xampp\htdocs\pos\system\CodeIgniter.php(333): CodeIgniter\CodeIgniter->handleRequest(NULL, Object(Config\Cache), false)
#8 C:\xampp\htdocs\pos\public\index.php(46): CodeIgniter\CodeIgniter->run()
#9 {main}
CRITICAL - 2021-05-10 16:10:48 --> Undefined variable $boletas
#0 C:\xampp\htdocs\pos\app\Controllers\Ventas.php(63): CodeIgniter\Debug\Exceptions->errorHandler(2, 'Undefined varia...', 'C:\\xampp\\htdocs...', 63)
#1 C:\xampp\htdocs\pos\system\CodeIgniter.php(936): App\Controllers\Ventas->index()
#2 C:\xampp\htdocs\pos\system\CodeIgniter.php(432): CodeIgniter\CodeIgniter->runController(Object(App\Controllers\Ventas))
#3 C:\xampp\htdocs\pos\system\CodeIgniter.php(333): CodeIgniter\CodeIgniter->handleRequest(NULL, Object(Config\Cache), false)
#4 C:\xampp\htdocs\pos\public\index.php(46): CodeIgniter\CodeIgniter->run()
#5 {main}
ERROR - 2021-05-10 17:11:45 --> Error connecting to the database: Unknown database 'ferme'
CRITICAL - 2021-05-10 17:11:45 --> Unable to connect to the database.
#0 C:\xampp\htdocs\pos\system\Database\BaseConnection.php(618): CodeIgniter\Database\BaseConnection->initialize()
#1 C:\xampp\htdocs\pos\system\Database\BaseBuilder.php(1866): CodeIgniter\Database\BaseConnection->query('SELECT *\nFROM `...', Array, false)
#2 C:\xampp\htdocs\pos\system\Model.php(247): CodeIgniter\Database\BaseBuilder->get()
#3 C:\xampp\htdocs\pos\system\BaseModel.php(624): CodeIgniter\Model->doFirst()
#4 C:\xampp\htdocs\pos\app\Controllers\Home.php(18): CodeIgniter\BaseModel->first()
#5 C:\xampp\htdocs\pos\system\CodeIgniter.php(936): App\Controllers\Home->index()
#6 C:\xampp\htdocs\pos\system\CodeIgniter.php(432): CodeIgniter\CodeIgniter->runController(Object(App\Controllers\Home))
#7 C:\xampp\htdocs\pos\system\CodeIgniter.php(333): CodeIgniter\CodeIgniter->handleRequest(NULL, Object(Config\Cache), false)
#8 C:\xampp\htdocs\pos\public\index.php(46): CodeIgniter\CodeIgniter->run()
#9 {main}
ERROR - 2021-05-10 17:32:39 --> Error connecting to the database: Unknown database 'ferme'
CRITICAL - 2021-05-10 17:32:39 --> Unable to connect to the database.
#0 C:\xampp\htdocs\pos\system\Database\BaseConnection.php(618): CodeIgniter\Database\BaseConnection->initialize()
#1 C:\xampp\htdocs\pos\system\Database\BaseBuilder.php(1866): CodeIgniter\Database\BaseConnection->query('SELECT *\nFROM `...', Array, false)
#2 C:\xampp\htdocs\pos\system\Model.php(247): CodeIgniter\Database\BaseBuilder->get()
#3 C:\xampp\htdocs\pos\system\BaseModel.php(624): CodeIgniter\Model->doFirst()
#4 C:\xampp\htdocs\pos\app\Controllers\Home.php(18): CodeIgniter\BaseModel->first()
#5 C:\xampp\htdocs\pos\system\CodeIgniter.php(936): App\Controllers\Home->index()
#6 C:\xampp\htdocs\pos\system\CodeIgniter.php(432): CodeIgniter\CodeIgniter->runController(Object(App\Controllers\Home))
#7 C:\xampp\htdocs\pos\system\CodeIgniter.php(333): CodeIgniter\CodeIgniter->handleRequest(NULL, Object(Config\Cache), false)
#8 C:\xampp\htdocs\pos\public\index.php(46): CodeIgniter\CodeIgniter->run()
#9 {main}
CRITICAL - 2021-05-10 19:21:45 --> Trying to access array offset on value of type null
#0 C:\xampp\htdocs\pos\app\Views\header.php(56): CodeIgniter\Debug\Exceptions->errorHandler(2, 'Trying to acces...', 'C:\\xampp\\htdocs...', 56)
#1 C:\xampp\htdocs\pos\system\View\View.php(220): include('C:\\xampp\\htdocs...')
#2 C:\xampp\htdocs\pos\system\View\View.php(222): CodeIgniter\View\View->CodeIgniter\View\{closure}()
#3 C:\xampp\htdocs\pos\system\Common.php(1217): CodeIgniter\View\View->render('header', Array, true)
#4 C:\xampp\htdocs\pos\app\Controllers\Home.php(20): view('header', Array)
#5 C:\xampp\htdocs\pos\system\CodeIgniter.php(936): App\Controllers\Home->index()
#6 C:\xampp\htdocs\pos\system\CodeIgniter.php(432): CodeIgniter\CodeIgniter->runController(Object(App\Controllers\Home))
#7 C:\xampp\htdocs\pos\system\CodeIgniter.php(333): CodeIgniter\CodeIgniter->handleRequest(NULL, Object(Config\Cache), false)
#8 C:\xampp\htdocs\pos\public\index.php(46): CodeIgniter\CodeIgniter->run()
#9 {main}
CRITICAL - 2021-05-10 19:28:15 --> Trying to access array offset on value of type null
#0 C:\xampp\htdocs\pos\app\Views\header.php(56): CodeIgniter\Debug\Exceptions->errorHandler(2, 'Trying to acces...', 'C:\\xampp\\htdocs...', 56)
#1 C:\xampp\htdocs\pos\system\View\View.php(220): include('C:\\xampp\\htdocs...')
#2 C:\xampp\htdocs\pos\system\View\View.php(222): CodeIgniter\View\View->CodeIgniter\View\{closure}()
#3 C:\xampp\htdocs\pos\system\Common.php(1217): CodeIgniter\View\View->render('header', Array, true)
#4 C:\xampp\htdocs\pos\app\Controllers\Home.php(20): view('header', Array)
#5 C:\xampp\htdocs\pos\system\CodeIgniter.php(936): App\Controllers\Home->index()
#6 C:\xampp\htdocs\pos\system\CodeIgniter.php(432): CodeIgniter\CodeIgniter->runController(Object(App\Controllers\Home))
#7 C:\xampp\htdocs\pos\system\CodeIgniter.php(333): CodeIgniter\CodeIgniter->handleRequest(NULL, Object(Config\Cache), false)
#8 C:\xampp\htdocs\pos\public\index.php(46): CodeIgniter\CodeIgniter->run()
#9 {main}
CRITICAL - 2021-05-10 19:28:15 --> Trying to access array offset on value of type null
#0 C:\xampp\htdocs\pos\app\Views\header.php(56): CodeIgniter\Debug\Exceptions->errorHandler(2, 'Trying to acces...', 'C:\\xampp\\htdocs...', 56)
#1 C:\xampp\htdocs\pos\system\View\View.php(220): include('C:\\xampp\\htdocs...')
#2 C:\xampp\htdocs\pos\system\View\View.php(222): CodeIgniter\View\View->CodeIgniter\View\{closure}()
#3 C:\xampp\htdocs\pos\system\Common.php(1217): CodeIgniter\View\View->render('header', Array, true)
#4 C:\xampp\htdocs\pos\app\Controllers\Home.php(20): view('header', Array)
#5 C:\xampp\htdocs\pos\system\CodeIgniter.php(936): App\Controllers\Home->index()
#6 C:\xampp\htdocs\pos\system\CodeIgniter.php(432): CodeIgniter\CodeIgniter->runController(Object(App\Controllers\Home))
#7 C:\xampp\htdocs\pos\system\CodeIgniter.php(333): CodeIgniter\CodeIgniter->handleRequest(NULL, Object(Config\Cache), false)
#8 C:\xampp\htdocs\pos\public\index.php(46): CodeIgniter\CodeIgniter->run()
#9 {main}
CRITICAL - 2021-05-10 22:41:30 --> Undefined variable $boletas
#0 C:\xampp\htdocs\pos\app\Controllers\Ventas.php(63): CodeIgniter\Debug\Exceptions->errorHandler(2, 'Undefined varia...', 'C:\\xampp\\htdocs...', 63)
#1 C:\xampp\htdocs\pos\system\CodeIgniter.php(936): App\Controllers\Ventas->index()
#2 C:\xampp\htdocs\pos\system\CodeIgniter.php(432): CodeIgniter\CodeIgniter->runController(Object(App\Controllers\Ventas))
#3 C:\xampp\htdocs\pos\system\CodeIgniter.php(333): CodeIgniter\CodeIgniter->handleRequest(NULL, Object(Config\Cache), false)
#4 C:\xampp\htdocs\pos\public\index.php(46): CodeIgniter\CodeIgniter->run()
#5 {main}
CRITICAL - 2021-05-10 22:43:48 --> Undefined variable $boletas
#0 C:\xampp\htdocs\pos\app\Controllers\Ventas.php(63): CodeIgniter\Debug\Exceptions->errorHandler(2, 'Undefined varia...', 'C:\\xampp\\htdocs...', 63)
#1 C:\xampp\htdocs\pos\system\CodeIgniter.php(936): App\Controllers\Ventas->index()
#2 C:\xampp\htdocs\pos\system\CodeIgniter.php(432): CodeIgniter\CodeIgniter->runController(Object(App\Controllers\Ventas))
#3 C:\xampp\htdocs\pos\system\CodeIgniter.php(333): CodeIgniter\CodeIgniter->handleRequest(NULL, Object(Config\Cache), false)
#4 C:\xampp\htdocs\pos\public\index.php(46): CodeIgniter\CodeIgniter->run()
#5 {main}
CRITICAL - 2021-05-10 22:46:22 --> Undefined variable $boletas
#0 C:\xampp\htdocs\pos\app\Views\administrador\ventas.php(315): CodeIgniter\Debug\Exceptions->errorHandler(2, 'Undefined varia...', 'C:\\xampp\\htdocs...', 315)
#1 C:\xampp\htdocs\pos\system\View\View.php(220): include('C:\\xampp\\htdocs...')
#2 C:\xampp\htdocs\pos\system\View\View.php(222): CodeIgniter\View\View->CodeIgniter\View\{closure}()
#3 C:\xampp\htdocs\pos\system\Common.php(1217): CodeIgniter\View\View->render('administrador/v...', Array, true)
#4 C:\xampp\htdocs\pos\app\Controllers\Ventas.php(77): view('administrador/v...', Array)
#5 C:\xampp\htdocs\pos\system\CodeIgniter.php(936): App\Controllers\Ventas->index()
#6 C:\xampp\htdocs\pos\system\CodeIgniter.php(432): CodeIgniter\CodeIgniter->runController(Object(App\Controllers\Ventas))
#7 C:\xampp\htdocs\pos\system\CodeIgniter.php(333): CodeIgniter\CodeIgniter->handleRequest(NULL, Object(Config\Cache), false)
#8 C:\xampp\htdocs\pos\public\index.php(46): CodeIgniter\CodeIgniter->run()
#9 {main}
CRITICAL - 2021-05-10 22:53:16 --> Trying to access array offset on value of type null
#0 C:\xampp\htdocs\pos\app\Controllers\ProductosAdmin.php(101): CodeIgniter\Debug\Exceptions->errorHandler(2, 'Trying to acces...', 'C:\\xampp\\htdocs...', 101)
#1 C:\xampp\htdocs\pos\system\CodeIgniter.php(936): App\Controllers\ProductosAdmin->editar('img', 'menu', '1.jpg')
#2 C:\xampp\htdocs\pos\system\CodeIgniter.php(432): CodeIgniter\CodeIgniter->runController(Object(App\Controllers\ProductosAdmin))
#3 C:\xampp\htdocs\pos\system\CodeIgniter.php(333): CodeIgniter\CodeIgniter->handleRequest(NULL, Object(Config\Cache), false)
#4 C:\xampp\htdocs\pos\public\index.php(46): CodeIgniter\CodeIgniter->run()
#5 {main}
CRITICAL - 2021-05-10 22:53:16 --> Trying to access array offset on value of type null
#0 C:\xampp\htdocs\pos\app\Controllers\ProductosAdmin.php(101): CodeIgniter\Debug\Exceptions->errorHandler(2, 'Trying to acces...', 'C:\\xampp\\htdocs...', 101)
#1 C:\xampp\htdocs\pos\system\CodeIgniter.php(936): App\Controllers\ProductosAdmin->editar('img', 'menu', '2.jpg')
#2 C:\xampp\htdocs\pos\system\CodeIgniter.php(432): CodeIgniter\CodeIgniter->runController(Object(App\Controllers\ProductosAdmin))
#3 C:\xampp\htdocs\pos\system\CodeIgniter.php(333): CodeIgniter\CodeIgniter->handleRequest(NULL, Object(Config\Cache), false)
#4 C:\xampp\htdocs\pos\public\index.php(46): CodeIgniter\CodeIgniter->run()
#5 {main}
CRITICAL - 2021-05-10 22:53:17 --> Trying to access array offset on value of type null
#0 C:\xampp\htdocs\pos\app\Controllers\ProductosAdmin.php(101): CodeIgniter\Debug\Exceptions->errorHandler(2, 'Trying to acces...', 'C:\\xampp\\htdocs...', 101)
#1 C:\xampp\htdocs\pos\system\CodeIgniter.php(936): App\Controllers\ProductosAdmin->editar('img', 'footer', '1.png')
#2 C:\xampp\htdocs\pos\system\CodeIgniter.php(432): CodeIgniter\CodeIgniter->runController(Object(App\Controllers\ProductosAdmin))
#3 C:\xampp\htdocs\pos\system\CodeIgniter.php(333): CodeIgniter\CodeIgniter->handleRequest(NULL, Object(Config\Cache), false)
#4 C:\xampp\htdocs\pos\public\index.php(46): CodeIgniter\CodeIgniter->run()
#5 {main}
CRITICAL - 2021-05-10 22:53:17 --> Trying to access array offset on value of type null
#0 C:\xampp\htdocs\pos\app\Controllers\ProductosAdmin.php(101): CodeIgniter\Debug\Exceptions->errorHandler(2, 'Trying to acces...', 'C:\\xampp\\htdocs...', 101)
#1 C:\xampp\htdocs\pos\system\CodeIgniter.php(936): App\Controllers\ProductosAdmin->editar('img', 'icon', 'favicon.png')
#2 C:\xampp\htdocs\pos\system\CodeIgniter.php(432): CodeIgniter\CodeIgniter->runController(Object(App\Controllers\ProductosAdmin))
#3 C:\xampp\htdocs\pos\system\CodeIgniter.php(333): CodeIgniter\CodeIgniter->handleRequest(NULL, Object(Config\Cache), false)
#4 C:\xampp\htdocs\pos\public\index.php(46): CodeIgniter\CodeIgniter->run()
#5 {main}
CRITICAL - 2021-05-10 22:55:54 --> There is no primary key defined when trying to make insert.
#0 C:\xampp\htdocs\pos\system\Model.php(267): CodeIgniter\Database\Exceptions\DataException::forEmptyPrimaryKey('insert')
#1 C:\xampp\htdocs\pos\system\BaseModel.php(758): CodeIgniter\Model->doInsert(Array)
#2 C:\xampp\htdocs\pos\system\Model.php(705): CodeIgniter\BaseModel->insert(Array, false)
#3 C:\xampp\htdocs\pos\system\BaseModel.php(667): CodeIgniter\Model->insert(Array, false)
#4 C:\xampp\htdocs\pos\app\Controllers\ProductosAdmin.php(79): CodeIgniter\BaseModel->save(Array)
#5 C:\xampp\htdocs\pos\system\CodeIgniter.php(936): App\Controllers\ProductosAdmin->NuevoProducto()
#6 C:\xampp\htdocs\pos\system\CodeIgniter.php(432): CodeIgniter\CodeIgniter->runController(Object(App\Controllers\ProductosAdmin))
#7 C:\xampp\htdocs\pos\system\CodeIgniter.php(333): CodeIgniter\CodeIgniter->handleRequest(NULL, Object(Config\Cache), false)
#8 C:\xampp\htdocs\pos\public\index.php(46): CodeIgniter\CodeIgniter->run()
#9 {main}
CRITICAL - 2021-05-10 22:59:26 --> Constant expression contains invalid operations
#0 [internal function]: CodeIgniter\Debug\Exceptions->shutdownHandler()
#1 {main}
CRITICAL - 2021-05-10 23:00:08 --> Constant expression contains invalid operations
#0 [internal function]: CodeIgniter\Debug\Exceptions->shutdownHandler()
#1 {main}
CRITICAL - 2021-05-10 23:02:11 --> Trying to access array offset on value of type null
#0 C:\xampp\htdocs\pos\app\Controllers\ProductosAdmin.php(101): CodeIgniter\Debug\Exceptions->errorHandler(2, 'Trying to acces...', 'C:\\xampp\\htdocs...', 101)
#1 C:\xampp\htdocs\pos\system\CodeIgniter.php(936): App\Controllers\ProductosAdmin->editar('img', 'menu', '1.jpg')
#2 C:\xampp\htdocs\pos\system\CodeIgniter.php(432): CodeIgniter\CodeIgniter->runController(Object(App\Controllers\ProductosAdmin))
#3 C:\xampp\htdocs\pos\system\CodeIgniter.php(333): CodeIgniter\CodeIgniter->handleRequest(NULL, Object(Config\Cache), false)
#4 C:\xampp\htdocs\pos\public\index.php(46): CodeIgniter\CodeIgniter->run()
#5 {main}
CRITICAL - 2021-05-10 23:02:11 --> Trying to access array offset on value of type null
#0 C:\xampp\htdocs\pos\app\Controllers\ProductosAdmin.php(101): CodeIgniter\Debug\Exceptions->errorHandler(2, 'Trying to acces...', 'C:\\xampp\\htdocs...', 101)
#1 C:\xampp\htdocs\pos\system\CodeIgniter.php(936): App\Controllers\ProductosAdmin->editar('img', 'menu', '2.jpg')
#2 C:\xampp\htdocs\pos\system\CodeIgniter.php(432): CodeIgniter\CodeIgniter->runController(Object(App\Controllers\ProductosAdmin))
#3 C:\xampp\htdocs\pos\system\CodeIgniter.php(333): CodeIgniter\CodeIgniter->handleRequest(NULL, Object(Config\Cache), false)
#4 C:\xampp\htdocs\pos\public\index.php(46): CodeIgniter\CodeIgniter->run()
#5 {main}
CRITICAL - 2021-05-10 23:02:11 --> Trying to access array offset on value of type null
#0 C:\xampp\htdocs\pos\app\Controllers\ProductosAdmin.php(101): CodeIgniter\Debug\Exceptions->errorHandler(2, 'Trying to acces...', 'C:\\xampp\\htdocs...', 101)
#1 C:\xampp\htdocs\pos\system\CodeIgniter.php(936): App\Controllers\ProductosAdmin->editar('img', 'footer', '1.png')
#2 C:\xampp\htdocs\pos\system\CodeIgniter.php(432): CodeIgniter\CodeIgniter->runController(Object(App\Controllers\ProductosAdmin))
#3 C:\xampp\htdocs\pos\system\CodeIgniter.php(333): CodeIgniter\CodeIgniter->handleRequest(NULL, Object(Config\Cache), false)
#4 C:\xampp\htdocs\pos\public\index.php(46): CodeIgniter\CodeIgniter->run()
#5 {main}
CRITICAL - 2021-05-10 23:02:11 --> Trying to access array offset on value of type null
#0 C:\xampp\htdocs\pos\app\Controllers\ProductosAdmin.php(101): CodeIgniter\Debug\Exceptions->errorHandler(2, 'Trying to acces...', 'C:\\xampp\\htdocs...', 101)
#1 C:\xampp\htdocs\pos\system\CodeIgniter.php(936): App\Controllers\ProductosAdmin->editar('img', 'icon', 'favicon.png')
#2 C:\xampp\htdocs\pos\system\CodeIgniter.php(432): CodeIgniter\CodeIgniter->runController(Object(App\Controllers\ProductosAdmin))
#3 C:\xampp\htdocs\pos\system\CodeIgniter.php(333): CodeIgniter\CodeIgniter->handleRequest(NULL, Object(Config\Cache), false)
#4 C:\xampp\htdocs\pos\public\index.php(46): CodeIgniter\CodeIgniter->run()
#5 {main}
CRITICAL - 2021-05-10 23:02:20 --> Too few arguments to function App\Controllers\ProductosAdmin::editar(), 0 passed in C:\xampp\htdocs\pos\system\CodeIgniter.php on line 936 and exactly 1 expected
#0 C:\xampp\htdocs\pos\system\CodeIgniter.php(936): App\Controllers\ProductosAdmin->editar()
#1 C:\xampp\htdocs\pos\system\CodeIgniter.php(432): CodeIgniter\CodeIgniter->runController(Object(App\Controllers\ProductosAdmin))
#2 C:\xampp\htdocs\pos\system\CodeIgniter.php(333): CodeIgniter\CodeIgniter->handleRequest(NULL, Object(Config\Cache), false)
#3 C:\xampp\htdocs\pos\public\index.php(46): CodeIgniter\CodeIgniter->run()
#4 {main}
CRITICAL - 2021-05-10 23:02:26 --> Trying to access array offset on value of type null
#0 C:\xampp\htdocs\pos\app\Controllers\ProductosAdmin.php(101): CodeIgniter\Debug\Exceptions->errorHandler(2, 'Trying to acces...', 'C:\\xampp\\htdocs...', 101)
#1 C:\xampp\htdocs\pos\system\CodeIgniter.php(936): App\Controllers\ProductosAdmin->editar('img', 'menu', '1.jpg')
#2 C:\xampp\htdocs\pos\system\CodeIgniter.php(432): CodeIgniter\CodeIgniter->runController(Object(App\Controllers\ProductosAdmin))
#3 C:\xampp\htdocs\pos\system\CodeIgniter.php(333): CodeIgniter\CodeIgniter->handleRequest(NULL, Object(Config\Cache), false)
#4 C:\xampp\htdocs\pos\public\index.php(46): CodeIgniter\CodeIgniter->run()
#5 {main}
CRITICAL - 2021-05-10 23:02:26 --> Trying to access array offset on value of type null
#0 C:\xampp\htdocs\pos\app\Controllers\ProductosAdmin.php(101): CodeIgniter\Debug\Exceptions->errorHandler(2, 'Trying to acces...', 'C:\\xampp\\htdocs...', 101)
#1 C:\xampp\htdocs\pos\system\CodeIgniter.php(936): App\Controllers\ProductosAdmin->editar('img', 'menu', '2.jpg')
#2 C:\xampp\htdocs\pos\system\CodeIgniter.php(432): CodeIgniter\CodeIgniter->runController(Object(App\Controllers\ProductosAdmin))
#3 C:\xampp\htdocs\pos\system\CodeIgniter.php(333): CodeIgniter\CodeIgniter->handleRequest(NULL, Object(Config\Cache), false)
#4 C:\xampp\htdocs\pos\public\index.php(46): CodeIgniter\CodeIgniter->run()
#5 {main}
CRITICAL - 2021-05-10 23:02:26 --> Trying to access array offset on value of type null
#0 C:\xampp\htdocs\pos\app\Controllers\ProductosAdmin.php(101): CodeIgniter\Debug\Exceptions->errorHandler(2, 'Trying to acces...', 'C:\\xampp\\htdocs...', 101)
#1 C:\xampp\htdocs\pos\system\CodeIgniter.php(936): App\Controllers\ProductosAdmin->editar('img', 'footer', '1.png')
#2 C:\xampp\htdocs\pos\system\CodeIgniter.php(432): CodeIgniter\CodeIgniter->runController(Object(App\Controllers\ProductosAdmin))
#3 C:\xampp\htdocs\pos\system\CodeIgniter.php(333): CodeIgniter\CodeIgniter->handleRequest(NULL, Object(Config\Cache), false)
#4 C:\xampp\htdocs\pos\public\index.php(46): CodeIgniter\CodeIgniter->run()
#5 {main}
CRITICAL - 2021-05-10 23:02:26 --> Trying to access array offset on value of type null
#0 C:\xampp\htdocs\pos\app\Controllers\ProductosAdmin.php(101): CodeIgniter\Debug\Exceptions->errorHandler(2, 'Trying to acces...', 'C:\\xampp\\htdocs...', 101)
#1 C:\xampp\htdocs\pos\system\CodeIgniter.php(936): App\Controllers\ProductosAdmin->editar('img', 'icon', 'favicon.png')
#2 C:\xampp\htdocs\pos\system\CodeIgniter.php(432): CodeIgniter\CodeIgniter->runController(Object(App\Controllers\ProductosAdmin))
#3 C:\xampp\htdocs\pos\system\CodeIgniter.php(333): CodeIgniter\CodeIgniter->handleRequest(NULL, Object(Config\Cache), false)
#4 C:\xampp\htdocs\pos\public\index.php(46): CodeIgniter\CodeIgniter->run()
#5 {main}
CRITICAL - 2021-05-10 23:02:33 --> Trying to access array offset on value of type null
#0 C:\xampp\htdocs\pos\app\Controllers\ProductosAdmin.php(101): CodeIgniter\Debug\Exceptions->errorHandler(2, 'Trying to acces...', 'C:\\xampp\\htdocs...', 101)
#1 C:\xampp\htdocs\pos\system\CodeIgniter.php(936): App\Controllers\ProductosAdmin->editar('img', 'menu', '1.jpg')
#2 C:\xampp\htdocs\pos\system\CodeIgniter.php(432): CodeIgniter\CodeIgniter->runController(Object(App\Controllers\ProductosAdmin))
#3 C:\xampp\htdocs\pos\system\CodeIgniter.php(333): CodeIgniter\CodeIgniter->handleRequest(NULL, Object(Config\Cache), false)
#4 C:\xampp\htdocs\pos\public\index.php(46): CodeIgniter\CodeIgniter->run()
#5 {main}
CRITICAL - 2021-05-10 23:02:33 --> Trying to access array offset on value of type null
#0 C:\xampp\htdocs\pos\app\Controllers\ProductosAdmin.php(101): CodeIgniter\Debug\Exceptions->errorHandler(2, 'Trying to acces...', 'C:\\xampp\\htdocs...', 101)
#1 C:\xampp\htdocs\pos\system\CodeIgniter.php(936): App\Controllers\ProductosAdmin->editar('img', 'menu', '2.jpg')
#2 C:\xampp\htdocs\pos\system\CodeIgniter.php(432): CodeIgniter\CodeIgniter->runController(Object(App\Controllers\ProductosAdmin))
#3 C:\xampp\htdocs\pos\system\CodeIgniter.php(333): CodeIgniter\CodeIgniter->handleRequest(NULL, Object(Config\Cache), false)
#4 C:\xampp\htdocs\pos\public\index.php(46): CodeIgniter\CodeIgniter->run()
#5 {main}
CRITICAL - 2021-05-10 23:02:33 --> Trying to access array offset on value of type null
#0 C:\xampp\htdocs\pos\app\Controllers\ProductosAdmin.php(101): CodeIgniter\Debug\Exceptions->errorHandler(2, 'Trying to acces...', 'C:\\xampp\\htdocs...', 101)
#1 C:\xampp\htdocs\pos\system\CodeIgniter.php(936): App\Controllers\ProductosAdmin->editar('img', 'footer', '1.png')
#2 C:\xampp\htdocs\pos\system\CodeIgniter.php(432): CodeIgniter\CodeIgniter->runController(Object(App\Controllers\ProductosAdmin))
#3 C:\xampp\htdocs\pos\system\CodeIgniter.php(333): CodeIgniter\CodeIgniter->handleRequest(NULL, Object(Config\Cache), false)
#4 C:\xampp\htdocs\pos\public\index.php(46): CodeIgniter\CodeIgniter->run()
#5 {main}
CRITICAL - 2021-05-10 23:02:33 --> Trying to access array offset on value of type null
#0 C:\xampp\htdocs\pos\app\Controllers\ProductosAdmin.php(101): CodeIgniter\Debug\Exceptions->errorHandler(2, 'Trying to acces...', 'C:\\xampp\\htdocs...', 101)
#1 C:\xampp\htdocs\pos\system\CodeIgniter.php(936): App\Controllers\ProductosAdmin->editar('img', 'icon', 'favicon.png')
#2 C:\xampp\htdocs\pos\system\CodeIgniter.php(432): CodeIgniter\CodeIgniter->runController(Object(App\Controllers\ProductosAdmin))
#3 C:\xampp\htdocs\pos\system\CodeIgniter.php(333): CodeIgniter\CodeIgniter->handleRequest(NULL, Object(Config\Cache), false)
#4 C:\xampp\htdocs\pos\public\index.php(46): CodeIgniter\CodeIgniter->run()
#5 {main}
CRITICAL - 2021-05-10 23:03:17 --> Too few arguments to function App\Controllers\ProductosAdmin::editar(), 0 passed in C:\xampp\htdocs\pos\system\CodeIgniter.php on line 936 and exactly 1 expected
#0 C:\xampp\htdocs\pos\system\CodeIgniter.php(936): App\Controllers\ProductosAdmin->editar()
#1 C:\xampp\htdocs\pos\system\CodeIgniter.php(432): CodeIgniter\CodeIgniter->runController(Object(App\Controllers\ProductosAdmin))
#2 C:\xampp\htdocs\pos\system\CodeIgniter.php(333): CodeIgniter\CodeIgniter->handleRequest(NULL, Object(Config\Cache), false)
#3 C:\xampp\htdocs\pos\public\index.php(46): CodeIgniter\CodeIgniter->run()
#4 {main}
CRITICAL - 2021-05-10 23:05:12 --> Trying to access array offset on value of type null
#0 C:\xampp\htdocs\pos\app\Controllers\ProductosAdmin.php(101): CodeIgniter\Debug\Exceptions->errorHandler(2, 'Trying to acces...', 'C:\\xampp\\htdocs...', 101)
#1 C:\xampp\htdocs\pos\system\CodeIgniter.php(936): App\Controllers\ProductosAdmin->editar('img', 'menu', '2.jpg')
#2 C:\xampp\htdocs\pos\system\CodeIgniter.php(432): CodeIgniter\CodeIgniter->runController(Object(App\Controllers\ProductosAdmin))
#3 C:\xampp\htdocs\pos\system\CodeIgniter.php(333): CodeIgniter\CodeIgniter->handleRequest(NULL, Object(Config\Cache), false)
#4 C:\xampp\htdocs\pos\public\index.php(46): CodeIgniter\CodeIgniter->run()
#5 {main}
CRITICAL - 2021-05-10 23:05:12 --> Trying to access array offset on value of type null
#0 C:\xampp\htdocs\pos\app\Controllers\ProductosAdmin.php(101): CodeIgniter\Debug\Exceptions->errorHandler(2, 'Trying to acces...', 'C:\\xampp\\htdocs...', 101)
#1 C:\xampp\htdocs\pos\system\CodeIgniter.php(936): App\Controllers\ProductosAdmin->editar('img', 'menu', '1.jpg')
#2 C:\xampp\htdocs\pos\system\CodeIgniter.php(432): CodeIgniter\CodeIgniter->runController(Object(App\Controllers\ProductosAdmin))
#3 C:\xampp\htdocs\pos\system\CodeIgniter.php(333): CodeIgniter\CodeIgniter->handleRequest(NULL, Object(Config\Cache), false)
#4 C:\xampp\htdocs\pos\public\index.php(46): CodeIgniter\CodeIgniter->run()
#5 {main}
CRITICAL - 2021-05-10 23:05:12 --> Trying to access array offset on value of type null
#0 C:\xampp\htdocs\pos\app\Controllers\ProductosAdmin.php(101): CodeIgniter\Debug\Exceptions->errorHandler(2, 'Trying to acces...', 'C:\\xampp\\htdocs...', 101)
#1 C:\xampp\htdocs\pos\system\CodeIgniter.php(936): App\Controllers\ProductosAdmin->editar('img', 'footer', '1.png')
#2 C:\xampp\htdocs\pos\system\CodeIgniter.php(432): CodeIgniter\CodeIgniter->runController(Object(App\Controllers\ProductosAdmin))
#3 C:\xampp\htdocs\pos\system\CodeIgniter.php(333): CodeIgniter\CodeIgniter->handleRequest(NULL, Object(Config\Cache), false)
#4 C:\xampp\htdocs\pos\public\index.php(46): CodeIgniter\CodeIgniter->run()
#5 {main}
CRITICAL - 2021-05-10 23:05:12 --> Trying to access array offset on value of type null
#0 C:\xampp\htdocs\pos\app\Controllers\ProductosAdmin.php(101): CodeIgniter\Debug\Exceptions->errorHandler(2, 'Trying to acces...', 'C:\\xampp\\htdocs...', 101)
#1 C:\xampp\htdocs\pos\system\CodeIgniter.php(936): App\Controllers\ProductosAdmin->editar('img', 'icon', 'favicon.png')
#2 C:\xampp\htdocs\pos\system\CodeIgniter.php(432): CodeIgniter\CodeIgniter->runController(Object(App\Controllers\ProductosAdmin))
#3 C:\xampp\htdocs\pos\system\CodeIgniter.php(333): CodeIgniter\CodeIgniter->handleRequest(NULL, Object(Config\Cache), false)
#4 C:\xampp\htdocs\pos\public\index.php(46): CodeIgniter\CodeIgniter->run()
#5 {main}
CRITICAL - 2021-05-10 23:05:15 --> Trying to access array offset on value of type null
#0 C:\xampp\htdocs\pos\app\Controllers\ProductosAdmin.php(101): CodeIgniter\Debug\Exceptions->errorHandler(2, 'Trying to acces...', 'C:\\xampp\\htdocs...', 101)
#1 C:\xampp\htdocs\pos\system\CodeIgniter.php(936): App\Controllers\ProductosAdmin->editar('img', 'menu', '1.jpg')
#2 C:\xampp\htdocs\pos\system\CodeIgniter.php(432): CodeIgniter\CodeIgniter->runController(Object(App\Controllers\ProductosAdmin))
#3 C:\xampp\htdocs\pos\system\CodeIgniter.php(333): CodeIgniter\CodeIgniter->handleRequest(NULL, Object(Config\Cache), false)
#4 C:\xampp\htdocs\pos\public\index.php(46): CodeIgniter\CodeIgniter->run()
#5 {main}
CRITICAL - 2021-05-10 23:05:15 --> Trying to access array offset on value of type null
#0 C:\xampp\htdocs\pos\app\Controllers\ProductosAdmin.php(101): CodeIgniter\Debug\Exceptions->errorHandler(2, 'Trying to acces...', 'C:\\xampp\\htdocs...', 101)
#1 C:\xampp\htdocs\pos\system\CodeIgniter.php(936): App\Controllers\ProductosAdmin->editar('img', 'menu', '2.jpg')
#2 C:\xampp\htdocs\pos\system\CodeIgniter.php(432): CodeIgniter\CodeIgniter->runController(Object(App\Controllers\ProductosAdmin))
#3 C:\xampp\htdocs\pos\system\CodeIgniter.php(333): CodeIgniter\CodeIgniter->handleRequest(NULL, Object(Config\Cache), false)
#4 C:\xampp\htdocs\pos\public\index.php(46): CodeIgniter\CodeIgniter->run()
#5 {main}
CRITICAL - 2021-05-10 23:05:15 --> Trying to access array offset on value of type null
#0 C:\xampp\htdocs\pos\app\Controllers\ProductosAdmin.php(101): CodeIgniter\Debug\Exceptions->errorHandler(2, 'Trying to acces...', 'C:\\xampp\\htdocs...', 101)
#1 C:\xampp\htdocs\pos\system\CodeIgniter.php(936): App\Controllers\ProductosAdmin->editar('img', 'footer', '1.png')
#2 C:\xampp\htdocs\pos\system\CodeIgniter.php(432): CodeIgniter\CodeIgniter->runController(Object(App\Controllers\ProductosAdmin))
#3 C:\xampp\htdocs\pos\system\CodeIgniter.php(333): CodeIgniter\CodeIgniter->handleRequest(NULL, Object(Config\Cache), false)
#4 C:\xampp\htdocs\pos\public\index.php(46): CodeIgniter\CodeIgniter->run()
#5 {main}
CRITICAL - 2021-05-10 23:05:16 --> Trying to access array offset on value of type null
#0 C:\xampp\htdocs\pos\app\Controllers\ProductosAdmin.php(101): CodeIgniter\Debug\Exceptions->errorHandler(2, 'Trying to acces...', 'C:\\xampp\\htdocs...', 101)
#1 C:\xampp\htdocs\pos\system\CodeIgniter.php(936): App\Controllers\ProductosAdmin->editar('img', 'icon', 'favicon.png')
#2 C:\xampp\htdocs\pos\system\CodeIgniter.php(432): CodeIgniter\CodeIgniter->runController(Object(App\Controllers\ProductosAdmin))
#3 C:\xampp\htdocs\pos\system\CodeIgniter.php(333): CodeIgniter\CodeIgniter->handleRequest(NULL, Object(Config\Cache), false)
#4 C:\xampp\htdocs\pos\public\index.php(46): CodeIgniter\CodeIgniter->run()
#5 {main}
CRITICAL - 2021-05-10 23:05:17 --> Trying to access array offset on value of type null
#0 C:\xampp\htdocs\pos\app\Controllers\ProductosAdmin.php(101): CodeIgniter\Debug\Exceptions->errorHandler(2, 'Trying to acces...', 'C:\\xampp\\htdocs...', 101)
#1 C:\xampp\htdocs\pos\system\CodeIgniter.php(936): App\Controllers\ProductosAdmin->editar('img', 'menu', '1.jpg')
#2 C:\xampp\htdocs\pos\system\CodeIgniter.php(432): CodeIgniter\CodeIgniter->runController(Object(App\Controllers\ProductosAdmin))
#3 C:\xampp\htdocs\pos\system\CodeIgniter.php(333): CodeIgniter\CodeIgniter->handleRequest(NULL, Object(Config\Cache), false)
#4 C:\xampp\htdocs\pos\public\index.php(46): CodeIgniter\CodeIgniter->run()
#5 {main}
CRITICAL - 2021-05-10 23:05:18 --> Trying to access array offset on value of type null
#0 C:\xampp\htdocs\pos\app\Controllers\ProductosAdmin.php(101): CodeIgniter\Debug\Exceptions->errorHandler(2, 'Trying to acces...', 'C:\\xampp\\htdocs...', 101)
#1 C:\xampp\htdocs\pos\system\CodeIgniter.php(936): App\Controllers\ProductosAdmin->editar('img', 'menu', '2.jpg')
#2 C:\xampp\htdocs\pos\system\CodeIgniter.php(432): CodeIgniter\CodeIgniter->runController(Object(App\Controllers\ProductosAdmin))
#3 C:\xampp\htdocs\pos\system\CodeIgniter.php(333): CodeIgniter\CodeIgniter->handleRequest(NULL, Object(Config\Cache), false)
#4 C:\xampp\htdocs\pos\public\index.php(46): CodeIgniter\CodeIgniter->run()
#5 {main}
CRITICAL - 2021-05-10 23:05:18 --> Trying to access array offset on value of type null
#0 C:\xampp\htdocs\pos\app\Controllers\ProductosAdmin.php(101): CodeIgniter\Debug\Exceptions->errorHandler(2, 'Trying to acces...', 'C:\\xampp\\htdocs...', 101)
#1 C:\xampp\htdocs\pos\system\CodeIgniter.php(936): App\Controllers\ProductosAdmin->editar('img', 'footer', '1.png')
#2 C:\xampp\htdocs\pos\system\CodeIgniter.php(432): CodeIgniter\CodeIgniter->runController(Object(App\Controllers\ProductosAdmin))
#3 C:\xampp\htdocs\pos\system\CodeIgniter.php(333): CodeIgniter\CodeIgniter->handleRequest(NULL, Object(Config\Cache), false)
#4 C:\xampp\htdocs\pos\public\index.php(46): CodeIgniter\CodeIgniter->run()
#5 {main}
CRITICAL - 2021-05-10 23:05:18 --> Trying to access array offset on value of type null
#0 C:\xampp\htdocs\pos\app\Controllers\ProductosAdmin.php(101): CodeIgniter\Debug\Exceptions->errorHandler(2, 'Trying to acces...', 'C:\\xampp\\htdocs...', 101)
#1 C:\xampp\htdocs\pos\system\CodeIgniter.php(936): App\Controllers\ProductosAdmin->editar('img', 'icon', 'favicon.png')
#2 C:\xampp\htdocs\pos\system\CodeIgniter.php(432): CodeIgniter\CodeIgniter->runController(Object(App\Controllers\ProductosAdmin))
#3 C:\xampp\htdocs\pos\system\CodeIgniter.php(333): CodeIgniter\CodeIgniter->handleRequest(NULL, Object(Config\Cache), false)
#4 C:\xampp\htdocs\pos\public\index.php(46): CodeIgniter\CodeIgniter->run()
#5 {main}
CRITICAL - 2021-05-10 23:05:20 --> Too few arguments to function App\Controllers\ProductosAdmin::editar(), 0 passed in C:\xampp\htdocs\pos\system\CodeIgniter.php on line 936 and exactly 1 expected
#0 C:\xampp\htdocs\pos\system\CodeIgniter.php(936): App\Controllers\ProductosAdmin->editar()
#1 C:\xampp\htdocs\pos\system\CodeIgniter.php(432): CodeIgniter\CodeIgniter->runController(Object(App\Controllers\ProductosAdmin))
#2 C:\xampp\htdocs\pos\system\CodeIgniter.php(333): CodeIgniter\CodeIgniter->handleRequest(NULL, Object(Config\Cache), false)
#3 C:\xampp\htdocs\pos\public\index.php(46): CodeIgniter\CodeIgniter->run()
#4 {main}
CRITICAL - 2021-05-10 23:06:42 --> Trying to access array offset on value of type null
#0 C:\xampp\htdocs\pos\app\Controllers\ProductosAdmin.php(101): CodeIgniter\Debug\Exceptions->errorHandler(2, 'Trying to acces...', 'C:\\xampp\\htdocs...', 101)
#1 C:\xampp\htdocs\pos\system\CodeIgniter.php(936): App\Controllers\ProductosAdmin->editar('img', 'menu', '2.jpg')
#2 C:\xampp\htdocs\pos\system\CodeIgniter.php(432): CodeIgniter\CodeIgniter->runController(Object(App\Controllers\ProductosAdmin))
#3 C:\xampp\htdocs\pos\system\CodeIgniter.php(333): CodeIgniter\CodeIgniter->handleRequest(NULL, Object(Config\Cache), false)
#4 C:\xampp\htdocs\pos\public\index.php(46): CodeIgniter\CodeIgniter->run()
#5 {main}
CRITICAL - 2021-05-10 23:06:42 --> Trying to access array offset on value of type null
#0 C:\xampp\htdocs\pos\app\Controllers\ProductosAdmin.php(101): CodeIgniter\Debug\Exceptions->errorHandler(2, 'Trying to acces...', 'C:\\xampp\\htdocs...', 101)
#1 C:\xampp\htdocs\pos\system\CodeIgniter.php(936): App\Controllers\ProductosAdmin->editar('img', 'footer', '1.png')
#2 C:\xampp\htdocs\pos\system\CodeIgniter.php(432): CodeIgniter\CodeIgniter->runController(Object(App\Controllers\ProductosAdmin))
#3 C:\xampp\htdocs\pos\system\CodeIgniter.php(333): CodeIgniter\CodeIgniter->handleRequest(NULL, Object(Config\Cache), false)
#4 C:\xampp\htdocs\pos\public\index.php(46): CodeIgniter\CodeIgniter->run()
#5 {main}
CRITICAL - 2021-05-10 23:06:42 --> Trying to access array offset on value of type null
#0 C:\xampp\htdocs\pos\app\Controllers\ProductosAdmin.php(101): CodeIgniter\Debug\Exceptions->errorHandler(2, 'Trying to acces...', 'C:\\xampp\\htdocs...', 101)
#1 C:\xampp\htdocs\pos\system\CodeIgniter.php(936): App\Controllers\ProductosAdmin->editar('img', 'menu', '1.jpg')
#2 C:\xampp\htdocs\pos\system\CodeIgniter.php(432): CodeIgniter\CodeIgniter->runController(Object(App\Controllers\ProductosAdmin))
#3 C:\xampp\htdocs\pos\system\CodeIgniter.php(333): CodeIgniter\CodeIgniter->handleRequest(NULL, Object(Config\Cache), false)
#4 C:\xampp\htdocs\pos\public\index.php(46): CodeIgniter\CodeIgniter->run()
#5 {main}
CRITICAL - 2021-05-10 23:06:42 --> Trying to access array offset on value of type null
#0 C:\xampp\htdocs\pos\app\Controllers\ProductosAdmin.php(101): CodeIgniter\Debug\Exceptions->errorHandler(2, 'Trying to acces...', 'C:\\xampp\\htdocs...', 101)
#1 C:\xampp\htdocs\pos\system\CodeIgniter.php(936): App\Controllers\ProductosAdmin->editar('img', 'icon', 'favicon.png')
#2 C:\xampp\htdocs\pos\system\CodeIgniter.php(432): CodeIgniter\CodeIgniter->runController(Object(App\Controllers\ProductosAdmin))
#3 C:\xampp\htdocs\pos\system\CodeIgniter.php(333): CodeIgniter\CodeIgniter->handleRequest(NULL, Object(Config\Cache), false)
#4 C:\xampp\htdocs\pos\public\index.php(46): CodeIgniter\CodeIgniter->run()
#5 {main}
CRITICAL - 2021-05-10 23:06:47 --> Too few arguments to function App\Controllers\ProductosAdmin::editar(), 0 passed in C:\xampp\htdocs\pos\system\CodeIgniter.php on line 936 and exactly 1 expected
#0 C:\xampp\htdocs\pos\system\CodeIgniter.php(936): App\Controllers\ProductosAdmin->editar()
#1 C:\xampp\htdocs\pos\system\CodeIgniter.php(432): CodeIgniter\CodeIgniter->runController(Object(App\Controllers\ProductosAdmin))
#2 C:\xampp\htdocs\pos\system\CodeIgniter.php(333): CodeIgniter\CodeIgniter->handleRequest(NULL, Object(Config\Cache), false)
#3 C:\xampp\htdocs\pos\public\index.php(46): CodeIgniter\CodeIgniter->run()
#4 {main}
