CRITICAL - 2021-05-20 13:50:58 --> Undefined variable $categorias
#0 C:\xampp\htdocs\pos\app\Views\administrador\usuarios.php(64): CodeIgniter\Debug\Exceptions->errorHandler(2, 'Undefined varia...', 'C:\\xampp\\htdocs...', 64)
#1 C:\xampp\htdocs\pos\system\View\View.php(220): include('C:\\xampp\\htdocs...')
#2 C:\xampp\htdocs\pos\system\View\View.php(222): CodeIgniter\View\View->CodeIgniter\View\{closure}()
#3 C:\xampp\htdocs\pos\system\Common.php(1217): CodeIgniter\View\View->render('administrador/u...', Array, true)
#4 C:\xampp\htdocs\pos\app\Controllers\Usuarios.php(79): view('administrador/u...')
#5 C:\xampp\htdocs\pos\system\CodeIgniter.php(936): App\Controllers\Usuarios->index()
#6 C:\xampp\htdocs\pos\system\CodeIgniter.php(432): CodeIgniter\CodeIgniter->runController(Object(App\Controllers\Usuarios))
#7 C:\xampp\htdocs\pos\system\CodeIgniter.php(333): CodeIgniter\CodeIgniter->handleRequest(NULL, Object(Config\Cache), false)
#8 C:\xampp\htdocs\pos\public\index.php(46): CodeIgniter\CodeIgniter->run()
#9 {main}
CRITICAL - 2021-05-20 13:51:46 --> Undefined variable $categorias
#0 C:\xampp\htdocs\pos\app\Views\administrador\usuarios.php(64): CodeIgniter\Debug\Exceptions->errorHandler(2, 'Undefined varia...', 'C:\\xampp\\htdocs...', 64)
#1 C:\xampp\htdocs\pos\system\View\View.php(220): include('C:\\xampp\\htdocs...')
#2 C:\xampp\htdocs\pos\system\View\View.php(222): CodeIgniter\View\View->CodeIgniter\View\{closure}()
#3 C:\xampp\htdocs\pos\system\Common.php(1217): CodeIgniter\View\View->render('administrador/u...', Array, true)
#4 C:\xampp\htdocs\pos\app\Controllers\Usuarios.php(79): view('administrador/u...')
#5 C:\xampp\htdocs\pos\system\CodeIgniter.php(936): App\Controllers\Usuarios->index()
#6 C:\xampp\htdocs\pos\system\CodeIgniter.php(432): CodeIgniter\CodeIgniter->runController(Object(App\Controllers\Usuarios))
#7 C:\xampp\htdocs\pos\system\CodeIgniter.php(333): CodeIgniter\CodeIgniter->handleRequest(NULL, Object(Config\Cache), false)
#8 C:\xampp\htdocs\pos\public\index.php(46): CodeIgniter\CodeIgniter->run()
#9 {main}
CRITICAL - 2021-05-20 13:51:47 --> Undefined variable $categorias
#0 C:\xampp\htdocs\pos\app\Views\administrador\usuarios.php(64): CodeIgniter\Debug\Exceptions->errorHandler(2, 'Undefined varia...', 'C:\\xampp\\htdocs...', 64)
#1 C:\xampp\htdocs\pos\system\View\View.php(220): include('C:\\xampp\\htdocs...')
#2 C:\xampp\htdocs\pos\system\View\View.php(222): CodeIgniter\View\View->CodeIgniter\View\{closure}()
#3 C:\xampp\htdocs\pos\system\Common.php(1217): CodeIgniter\View\View->render('administrador/u...', Array, true)
#4 C:\xampp\htdocs\pos\app\Controllers\Usuarios.php(79): view('administrador/u...')
#5 C:\xampp\htdocs\pos\system\CodeIgniter.php(936): App\Controllers\Usuarios->index()
#6 C:\xampp\htdocs\pos\system\CodeIgniter.php(432): CodeIgniter\CodeIgniter->runController(Object(App\Controllers\Usuarios))
#7 C:\xampp\htdocs\pos\system\CodeIgniter.php(333): CodeIgniter\CodeIgniter->handleRequest(NULL, Object(Config\Cache), false)
#8 C:\xampp\htdocs\pos\public\index.php(46): CodeIgniter\CodeIgniter->run()
#9 {main}
CRITICAL - 2021-05-20 14:03:52 --> Trying to access array offset on value of type null
#0 C:\xampp\htdocs\pos\app\Controllers\Usuarios.php(168): CodeIgniter\Debug\Exceptions->errorHandler(2, 'Trying to acces...', 'C:\\xampp\\htdocs...', 168)
#1 C:\xampp\htdocs\pos\system\CodeIgniter.php(936): App\Controllers\Usuarios->editarUsuario('img', 'footer', '1.png')
#2 C:\xampp\htdocs\pos\system\CodeIgniter.php(432): CodeIgniter\CodeIgniter->runController(Object(App\Controllers\Usuarios))
#3 C:\xampp\htdocs\pos\system\CodeIgniter.php(333): CodeIgniter\CodeIgniter->handleRequest(NULL, Object(Config\Cache), false)
#4 C:\xampp\htdocs\pos\public\index.php(46): CodeIgniter\CodeIgniter->run()
#5 {main}
CRITICAL - 2021-05-20 14:03:52 --> Trying to access array offset on value of type null
#0 C:\xampp\htdocs\pos\app\Controllers\Usuarios.php(168): CodeIgniter\Debug\Exceptions->errorHandler(2, 'Trying to acces...', 'C:\\xampp\\htdocs...', 168)
#1 C:\xampp\htdocs\pos\system\CodeIgniter.php(936): App\Controllers\Usuarios->editarUsuario('img', 'icon', 'favicon.png')
#2 C:\xampp\htdocs\pos\system\CodeIgniter.php(432): CodeIgniter\CodeIgniter->runController(Object(App\Controllers\Usuarios))
#3 C:\xampp\htdocs\pos\system\CodeIgniter.php(333): CodeIgniter\CodeIgniter->handleRequest(NULL, Object(Config\Cache), false)
#4 C:\xampp\htdocs\pos\public\index.php(46): CodeIgniter\CodeIgniter->run()
#5 {main}
ERROR - 2021-05-20 15:02:28 --> mysqli_sql_exception: Cannot add or update a child row: a foreign key constraint fails (`ferme`.`producto`, CONSTRAINT `fk_categoria` FOREIGN KEY (`categoria`) REFERENCES `categoria` (`id_categoria`) ON DELETE NO ACTION ON UPDATE NO ACTION) in C:\xampp\htdocs\pos\system\Database\MySQLi\Connection.php:314
Stack trace:
#0 C:\xampp\htdocs\pos\system\Database\MySQLi\Connection.php(314): mysqli->query('INSERT INTO `pr...')
#1 C:\xampp\htdocs\pos\system\Database\BaseConnection.php(713): CodeIgniter\Database\MySQLi\Connection->execute('INSERT INTO `pr...')
#2 C:\xampp\htdocs\pos\system\Database\BaseConnection.php(641): CodeIgniter\Database\BaseConnection->simpleQuery('INSERT INTO `pr...')
#3 C:\xampp\htdocs\pos\system\Database\BaseBuilder.php(2263): CodeIgniter\Database\BaseConnection->query('INSERT INTO `pr...', Array, false)
#4 C:\xampp\htdocs\pos\system\Model.php(278): CodeIgniter\Database\BaseBuilder->insert()
#5 C:\xampp\htdocs\pos\system\BaseModel.php(758): CodeIgniter\Model->doInsert(Array)
#6 C:\xampp\htdocs\pos\system\Model.php(705): CodeIgniter\BaseModel->insert(Array, false)
#7 C:\xampp\htdocs\pos\system\BaseModel.php(667): CodeIgniter\Model->insert(Array, false)
#8 C:\xampp\htdocs\pos\app\Controllers\ProductosAdmin.php(128): CodeIgniter\BaseModel->save(Array)
#9 C:\xampp\htdocs\pos\system\CodeIgniter.php(936): App\Controllers\ProductosAdmin->NuevoProducto()
#10 C:\xampp\htdocs\pos\system\CodeIgniter.php(432): CodeIgniter\CodeIgniter->runController(Object(App\Controllers\ProductosAdmin))
#11 C:\xampp\htdocs\pos\system\CodeIgniter.php(333): CodeIgniter\CodeIgniter->handleRequest(NULL, Object(Config\Cache), false)
#12 C:\xampp\htdocs\pos\public\index.php(46): CodeIgniter\CodeIgniter->run()
#13 {main}
CRITICAL - 2021-05-20 15:02:28 --> Cannot add or update a child row: a foreign key constraint fails (`ferme`.`producto`, CONSTRAINT `fk_categoria` FOREIGN KEY (`categoria`) REFERENCES `categoria` (`id_categoria`) ON DELETE NO ACTION ON UPDATE NO ACTION)
#0 C:\xampp\htdocs\pos\system\Database\MySQLi\Connection.php(314): mysqli->query('INSERT INTO `pr...')
#1 C:\xampp\htdocs\pos\system\Database\BaseConnection.php(713): CodeIgniter\Database\MySQLi\Connection->execute('INSERT INTO `pr...')
#2 C:\xampp\htdocs\pos\system\Database\BaseConnection.php(641): CodeIgniter\Database\BaseConnection->simpleQuery('INSERT INTO `pr...')
#3 C:\xampp\htdocs\pos\system\Database\BaseBuilder.php(2263): CodeIgniter\Database\BaseConnection->query('INSERT INTO `pr...', Array, false)
#4 C:\xampp\htdocs\pos\system\Model.php(278): CodeIgniter\Database\BaseBuilder->insert()
#5 C:\xampp\htdocs\pos\system\BaseModel.php(758): CodeIgniter\Model->doInsert(Array)
#6 C:\xampp\htdocs\pos\system\Model.php(705): CodeIgniter\BaseModel->insert(Array, false)
#7 C:\xampp\htdocs\pos\system\BaseModel.php(667): CodeIgniter\Model->insert(Array, false)
#8 C:\xampp\htdocs\pos\app\Controllers\ProductosAdmin.php(128): CodeIgniter\BaseModel->save(Array)
#9 C:\xampp\htdocs\pos\system\CodeIgniter.php(936): App\Controllers\ProductosAdmin->NuevoProducto()
#10 C:\xampp\htdocs\pos\system\CodeIgniter.php(432): CodeIgniter\CodeIgniter->runController(Object(App\Controllers\ProductosAdmin))
#11 C:\xampp\htdocs\pos\system\CodeIgniter.php(333): CodeIgniter\CodeIgniter->handleRequest(NULL, Object(Config\Cache), false)
#12 C:\xampp\htdocs\pos\public\index.php(46): CodeIgniter\CodeIgniter->run()
#13 {main}
CRITICAL - 2021-05-20 15:02:28 --> Undefined variable $newName
#0 C:\xampp\htdocs\pos\app\Controllers\ProductosAdmin.php(117): CodeIgniter\Debug\Exceptions->errorHandler(2, 'Undefined varia...', 'C:\\xampp\\htdocs...', 117)
#1 C:\xampp\htdocs\pos\system\CodeIgniter.php(936): App\Controllers\ProductosAdmin->NuevoProducto()
#2 C:\xampp\htdocs\pos\system\CodeIgniter.php(432): CodeIgniter\CodeIgniter->runController(Object(App\Controllers\ProductosAdmin))
#3 C:\xampp\htdocs\pos\system\CodeIgniter.php(333): CodeIgniter\CodeIgniter->handleRequest(NULL, Object(Config\Cache), false)
#4 C:\xampp\htdocs\pos\public\index.php(46): CodeIgniter\CodeIgniter->run()
#5 {main}
CRITICAL - 2021-05-20 15:03:18 --> Undefined variable $newName
#0 C:\xampp\htdocs\pos\app\Controllers\ProductosAdmin.php(117): CodeIgniter\Debug\Exceptions->errorHandler(2, 'Undefined varia...', 'C:\\xampp\\htdocs...', 117)
#1 C:\xampp\htdocs\pos\system\CodeIgniter.php(936): App\Controllers\ProductosAdmin->NuevoProducto()
#2 C:\xampp\htdocs\pos\system\CodeIgniter.php(432): CodeIgniter\CodeIgniter->runController(Object(App\Controllers\ProductosAdmin))
#3 C:\xampp\htdocs\pos\system\CodeIgniter.php(333): CodeIgniter\CodeIgniter->handleRequest(NULL, Object(Config\Cache), false)
#4 C:\xampp\htdocs\pos\public\index.php(46): CodeIgniter\CodeIgniter->run()
#5 {main}
ERROR - 2021-05-20 15:03:18 --> mysqli_sql_exception: Cannot add or update a child row: a foreign key constraint fails (`ferme`.`producto`, CONSTRAINT `fk_categoria` FOREIGN KEY (`categoria`) REFERENCES `categoria` (`id_categoria`) ON DELETE NO ACTION ON UPDATE NO ACTION) in C:\xampp\htdocs\pos\system\Database\MySQLi\Connection.php:314
Stack trace:
#0 C:\xampp\htdocs\pos\system\Database\MySQLi\Connection.php(314): mysqli->query('INSERT INTO `pr...')
#1 C:\xampp\htdocs\pos\system\Database\BaseConnection.php(713): CodeIgniter\Database\MySQLi\Connection->execute('INSERT INTO `pr...')
#2 C:\xampp\htdocs\pos\system\Database\BaseConnection.php(641): CodeIgniter\Database\BaseConnection->simpleQuery('INSERT INTO `pr...')
#3 C:\xampp\htdocs\pos\system\Database\BaseBuilder.php(2263): CodeIgniter\Database\BaseConnection->query('INSERT INTO `pr...', Array, false)
#4 C:\xampp\htdocs\pos\system\Model.php(278): CodeIgniter\Database\BaseBuilder->insert()
#5 C:\xampp\htdocs\pos\system\BaseModel.php(758): CodeIgniter\Model->doInsert(Array)
#6 C:\xampp\htdocs\pos\system\Model.php(705): CodeIgniter\BaseModel->insert(Array, false)
#7 C:\xampp\htdocs\pos\system\BaseModel.php(667): CodeIgniter\Model->insert(Array, false)
#8 C:\xampp\htdocs\pos\app\Controllers\ProductosAdmin.php(128): CodeIgniter\BaseModel->save(Array)
#9 C:\xampp\htdocs\pos\system\CodeIgniter.php(936): App\Controllers\ProductosAdmin->NuevoProducto()
#10 C:\xampp\htdocs\pos\system\CodeIgniter.php(432): CodeIgniter\CodeIgniter->runController(Object(App\Controllers\ProductosAdmin))
#11 C:\xampp\htdocs\pos\system\CodeIgniter.php(333): CodeIgniter\CodeIgniter->handleRequest(NULL, Object(Config\Cache), false)
#12 C:\xampp\htdocs\pos\public\index.php(46): CodeIgniter\CodeIgniter->run()
#13 {main}
CRITICAL - 2021-05-20 15:03:18 --> Cannot add or update a child row: a foreign key constraint fails (`ferme`.`producto`, CONSTRAINT `fk_categoria` FOREIGN KEY (`categoria`) REFERENCES `categoria` (`id_categoria`) ON DELETE NO ACTION ON UPDATE NO ACTION)
#0 C:\xampp\htdocs\pos\system\Database\MySQLi\Connection.php(314): mysqli->query('INSERT INTO `pr...')
#1 C:\xampp\htdocs\pos\system\Database\BaseConnection.php(713): CodeIgniter\Database\MySQLi\Connection->execute('INSERT INTO `pr...')
#2 C:\xampp\htdocs\pos\system\Database\BaseConnection.php(641): CodeIgniter\Database\BaseConnection->simpleQuery('INSERT INTO `pr...')
#3 C:\xampp\htdocs\pos\system\Database\BaseBuilder.php(2263): CodeIgniter\Database\BaseConnection->query('INSERT INTO `pr...', Array, false)
#4 C:\xampp\htdocs\pos\system\Model.php(278): CodeIgniter\Database\BaseBuilder->insert()
#5 C:\xampp\htdocs\pos\system\BaseModel.php(758): CodeIgniter\Model->doInsert(Array)
#6 C:\xampp\htdocs\pos\system\Model.php(705): CodeIgniter\BaseModel->insert(Array, false)
#7 C:\xampp\htdocs\pos\system\BaseModel.php(667): CodeIgniter\Model->insert(Array, false)
#8 C:\xampp\htdocs\pos\app\Controllers\ProductosAdmin.php(128): CodeIgniter\BaseModel->save(Array)
#9 C:\xampp\htdocs\pos\system\CodeIgniter.php(936): App\Controllers\ProductosAdmin->NuevoProducto()
#10 C:\xampp\htdocs\pos\system\CodeIgniter.php(432): CodeIgniter\CodeIgniter->runController(Object(App\Controllers\ProductosAdmin))
#11 C:\xampp\htdocs\pos\system\CodeIgniter.php(333): CodeIgniter\CodeIgniter->handleRequest(NULL, Object(Config\Cache), false)
#12 C:\xampp\htdocs\pos\public\index.php(46): CodeIgniter\CodeIgniter->run()
#13 {main}
CRITICAL - 2021-05-20 15:03:38 --> Undefined variable $newName
#0 C:\xampp\htdocs\pos\app\Controllers\ProductosAdmin.php(117): CodeIgniter\Debug\Exceptions->errorHandler(2, 'Undefined varia...', 'C:\\xampp\\htdocs...', 117)
#1 C:\xampp\htdocs\pos\system\CodeIgniter.php(936): App\Controllers\ProductosAdmin->NuevoProducto()
#2 C:\xampp\htdocs\pos\system\CodeIgniter.php(432): CodeIgniter\CodeIgniter->runController(Object(App\Controllers\ProductosAdmin))
#3 C:\xampp\htdocs\pos\system\CodeIgniter.php(333): CodeIgniter\CodeIgniter->handleRequest(NULL, Object(Config\Cache), false)
#4 C:\xampp\htdocs\pos\public\index.php(46): CodeIgniter\CodeIgniter->run()
#5 {main}
ERROR - 2021-05-20 15:03:38 --> mysqli_sql_exception: Cannot add or update a child row: a foreign key constraint fails (`ferme`.`producto`, CONSTRAINT `fk_categoria` FOREIGN KEY (`categoria`) REFERENCES `categoria` (`id_categoria`) ON DELETE NO ACTION ON UPDATE NO ACTION) in C:\xampp\htdocs\pos\system\Database\MySQLi\Connection.php:314
Stack trace:
#0 C:\xampp\htdocs\pos\system\Database\MySQLi\Connection.php(314): mysqli->query('INSERT INTO `pr...')
#1 C:\xampp\htdocs\pos\system\Database\BaseConnection.php(713): CodeIgniter\Database\MySQLi\Connection->execute('INSERT INTO `pr...')
#2 C:\xampp\htdocs\pos\system\Database\BaseConnection.php(641): CodeIgniter\Database\BaseConnection->simpleQuery('INSERT INTO `pr...')
#3 C:\xampp\htdocs\pos\system\Database\BaseBuilder.php(2263): CodeIgniter\Database\BaseConnection->query('INSERT INTO `pr...', Array, false)
#4 C:\xampp\htdocs\pos\system\Model.php(278): CodeIgniter\Database\BaseBuilder->insert()
#5 C:\xampp\htdocs\pos\system\BaseModel.php(758): CodeIgniter\Model->doInsert(Array)
#6 C:\xampp\htdocs\pos\system\Model.php(705): CodeIgniter\BaseModel->insert(Array, false)
#7 C:\xampp\htdocs\pos\system\BaseModel.php(667): CodeIgniter\Model->insert(Array, false)
#8 C:\xampp\htdocs\pos\app\Controllers\ProductosAdmin.php(128): CodeIgniter\BaseModel->save(Array)
#9 C:\xampp\htdocs\pos\system\CodeIgniter.php(936): App\Controllers\ProductosAdmin->NuevoProducto()
#10 C:\xampp\htdocs\pos\system\CodeIgniter.php(432): CodeIgniter\CodeIgniter->runController(Object(App\Controllers\ProductosAdmin))
#11 C:\xampp\htdocs\pos\system\CodeIgniter.php(333): CodeIgniter\CodeIgniter->handleRequest(NULL, Object(Config\Cache), false)
#12 C:\xampp\htdocs\pos\public\index.php(46): CodeIgniter\CodeIgniter->run()
#13 {main}
CRITICAL - 2021-05-20 15:03:38 --> Cannot add or update a child row: a foreign key constraint fails (`ferme`.`producto`, CONSTRAINT `fk_categoria` FOREIGN KEY (`categoria`) REFERENCES `categoria` (`id_categoria`) ON DELETE NO ACTION ON UPDATE NO ACTION)
#0 C:\xampp\htdocs\pos\system\Database\MySQLi\Connection.php(314): mysqli->query('INSERT INTO `pr...')
#1 C:\xampp\htdocs\pos\system\Database\BaseConnection.php(713): CodeIgniter\Database\MySQLi\Connection->execute('INSERT INTO `pr...')
#2 C:\xampp\htdocs\pos\system\Database\BaseConnection.php(641): CodeIgniter\Database\BaseConnection->simpleQuery('INSERT INTO `pr...')
#3 C:\xampp\htdocs\pos\system\Database\BaseBuilder.php(2263): CodeIgniter\Database\BaseConnection->query('INSERT INTO `pr...', Array, false)
#4 C:\xampp\htdocs\pos\system\Model.php(278): CodeIgniter\Database\BaseBuilder->insert()
#5 C:\xampp\htdocs\pos\system\BaseModel.php(758): CodeIgniter\Model->doInsert(Array)
#6 C:\xampp\htdocs\pos\system\Model.php(705): CodeIgniter\BaseModel->insert(Array, false)
#7 C:\xampp\htdocs\pos\system\BaseModel.php(667): CodeIgniter\Model->insert(Array, false)
#8 C:\xampp\htdocs\pos\app\Controllers\ProductosAdmin.php(128): CodeIgniter\BaseModel->save(Array)
#9 C:\xampp\htdocs\pos\system\CodeIgniter.php(936): App\Controllers\ProductosAdmin->NuevoProducto()
#10 C:\xampp\htdocs\pos\system\CodeIgniter.php(432): CodeIgniter\CodeIgniter->runController(Object(App\Controllers\ProductosAdmin))
#11 C:\xampp\htdocs\pos\system\CodeIgniter.php(333): CodeIgniter\CodeIgniter->handleRequest(NULL, Object(Config\Cache), false)
#12 C:\xampp\htdocs\pos\public\index.php(46): CodeIgniter\CodeIgniter->run()
#13 {main}
ERROR - 2021-05-20 15:09:35 --> mysqli_sql_exception: Column 'fecha_vencimiento' cannot be null in C:\xampp\htdocs\pos\system\Database\MySQLi\Connection.php:314
Stack trace:
#0 C:\xampp\htdocs\pos\system\Database\MySQLi\Connection.php(314): mysqli->query('INSERT INTO `de...')
#1 C:\xampp\htdocs\pos\system\Database\BaseConnection.php(713): CodeIgniter\Database\MySQLi\Connection->execute('INSERT INTO `de...')
#2 C:\xampp\htdocs\pos\system\Database\BaseConnection.php(641): CodeIgniter\Database\BaseConnection->simpleQuery('INSERT INTO `de...')
#3 C:\xampp\htdocs\pos\system\Database\BaseBuilder.php(2263): CodeIgniter\Database\BaseConnection->query('INSERT INTO `de...', Array, false)
#4 C:\xampp\htdocs\pos\system\Model.php(278): CodeIgniter\Database\BaseBuilder->insert()
#5 C:\xampp\htdocs\pos\system\BaseModel.php(758): CodeIgniter\Model->doInsert(Array)
#6 C:\xampp\htdocs\pos\system\Model.php(705): CodeIgniter\BaseModel->insert(Array, false)
#7 C:\xampp\htdocs\pos\system\BaseModel.php(667): CodeIgniter\Model->insert(Array, false)
#8 C:\xampp\htdocs\pos\app\Controllers\DetalleProducto.php(36): CodeIgniter\BaseModel->save(Array)
#9 C:\xampp\htdocs\pos\app\Controllers\ProductosAdmin.php(97): App\Controllers\DetalleProducto->agregarFecha(NULL)
#10 C:\xampp\htdocs\pos\system\CodeIgniter.php(936): App\Controllers\ProductosAdmin->NuevoProducto()
#11 C:\xampp\htdocs\pos\system\CodeIgniter.php(432): CodeIgniter\CodeIgniter->runController(Object(App\Controllers\ProductosAdmin))
#12 C:\xampp\htdocs\pos\system\CodeIgniter.php(333): CodeIgniter\CodeIgniter->handleRequest(NULL, Object(Config\Cache), false)
#13 C:\xampp\htdocs\pos\public\index.php(46): CodeIgniter\CodeIgniter->run()
#14 {main}
CRITICAL - 2021-05-20 15:09:35 --> Column 'fecha_vencimiento' cannot be null
#0 C:\xampp\htdocs\pos\system\Database\MySQLi\Connection.php(314): mysqli->query('INSERT INTO `de...')
#1 C:\xampp\htdocs\pos\system\Database\BaseConnection.php(713): CodeIgniter\Database\MySQLi\Connection->execute('INSERT INTO `de...')
#2 C:\xampp\htdocs\pos\system\Database\BaseConnection.php(641): CodeIgniter\Database\BaseConnection->simpleQuery('INSERT INTO `de...')
#3 C:\xampp\htdocs\pos\system\Database\BaseBuilder.php(2263): CodeIgniter\Database\BaseConnection->query('INSERT INTO `de...', Array, false)
#4 C:\xampp\htdocs\pos\system\Model.php(278): CodeIgniter\Database\BaseBuilder->insert()
#5 C:\xampp\htdocs\pos\system\BaseModel.php(758): CodeIgniter\Model->doInsert(Array)
#6 C:\xampp\htdocs\pos\system\Model.php(705): CodeIgniter\BaseModel->insert(Array, false)
#7 C:\xampp\htdocs\pos\system\BaseModel.php(667): CodeIgniter\Model->insert(Array, false)
#8 C:\xampp\htdocs\pos\app\Controllers\DetalleProducto.php(36): CodeIgniter\BaseModel->save(Array)
#9 C:\xampp\htdocs\pos\app\Controllers\ProductosAdmin.php(97): App\Controllers\DetalleProducto->agregarFecha(NULL)
#10 C:\xampp\htdocs\pos\system\CodeIgniter.php(936): App\Controllers\ProductosAdmin->NuevoProducto()
#11 C:\xampp\htdocs\pos\system\CodeIgniter.php(432): CodeIgniter\CodeIgniter->runController(Object(App\Controllers\ProductosAdmin))
#12 C:\xampp\htdocs\pos\system\CodeIgniter.php(333): CodeIgniter\CodeIgniter->handleRequest(NULL, Object(Config\Cache), false)
#13 C:\xampp\htdocs\pos\public\index.php(46): CodeIgniter\CodeIgniter->run()
#14 {main}
CRITICAL - 2021-05-20 15:09:38 --> Trying to access array offset on value of type null
#0 C:\xampp\htdocs\pos\app\Controllers\ProductosAdmin.php(203): CodeIgniter\Debug\Exceptions->errorHandler(2, 'Trying to acces...', 'C:\\xampp\\htdocs...', 203)
#1 C:\xampp\htdocs\pos\system\CodeIgniter.php(936): App\Controllers\ProductosAdmin->editar('img', 'footer', '1.png')
#2 C:\xampp\htdocs\pos\system\CodeIgniter.php(432): CodeIgniter\CodeIgniter->runController(Object(App\Controllers\ProductosAdmin))
#3 C:\xampp\htdocs\pos\system\CodeIgniter.php(333): CodeIgniter\CodeIgniter->handleRequest(NULL, Object(Config\Cache), false)
#4 C:\xampp\htdocs\pos\public\index.php(46): CodeIgniter\CodeIgniter->run()
#5 {main}
CRITICAL - 2021-05-20 15:09:38 --> Trying to access array offset on value of type null
#0 C:\xampp\htdocs\pos\app\Controllers\ProductosAdmin.php(203): CodeIgniter\Debug\Exceptions->errorHandler(2, 'Trying to acces...', 'C:\\xampp\\htdocs...', 203)
#1 C:\xampp\htdocs\pos\system\CodeIgniter.php(936): App\Controllers\ProductosAdmin->editar('img', 'icon', 'favicon.png')
#2 C:\xampp\htdocs\pos\system\CodeIgniter.php(432): CodeIgniter\CodeIgniter->runController(Object(App\Controllers\ProductosAdmin))
#3 C:\xampp\htdocs\pos\system\CodeIgniter.php(333): CodeIgniter\CodeIgniter->handleRequest(NULL, Object(Config\Cache), false)
#4 C:\xampp\htdocs\pos\public\index.php(46): CodeIgniter\CodeIgniter->run()
#5 {main}
ERROR - 2021-05-20 16:02:03 --> mysqli_sql_exception: Column 'fecha_vencimiento' cannot be null in C:\xampp\htdocs\pos\system\Database\MySQLi\Connection.php:314
Stack trace:
#0 C:\xampp\htdocs\pos\system\Database\MySQLi\Connection.php(314): mysqli->query('INSERT INTO `de...')
#1 C:\xampp\htdocs\pos\system\Database\BaseConnection.php(713): CodeIgniter\Database\MySQLi\Connection->execute('INSERT INTO `de...')
#2 C:\xampp\htdocs\pos\system\Database\BaseConnection.php(641): CodeIgniter\Database\BaseConnection->simpleQuery('INSERT INTO `de...')
#3 C:\xampp\htdocs\pos\system\Database\BaseBuilder.php(2263): CodeIgniter\Database\BaseConnection->query('INSERT INTO `de...', Array, false)
#4 C:\xampp\htdocs\pos\system\Model.php(278): CodeIgniter\Database\BaseBuilder->insert()
#5 C:\xampp\htdocs\pos\system\BaseModel.php(758): CodeIgniter\Model->doInsert(Array)
#6 C:\xampp\htdocs\pos\system\Model.php(705): CodeIgniter\BaseModel->insert(Array, false)
#7 C:\xampp\htdocs\pos\system\BaseModel.php(667): CodeIgniter\Model->insert(Array, false)
#8 C:\xampp\htdocs\pos\app\Controllers\DetalleProducto.php(36): CodeIgniter\BaseModel->save(Array)
#9 C:\xampp\htdocs\pos\app\Controllers\ProductosAdmin.php(97): App\Controllers\DetalleProducto->agregarFecha(NULL)
#10 C:\xampp\htdocs\pos\system\CodeIgniter.php(936): App\Controllers\ProductosAdmin->NuevoProducto()
#11 C:\xampp\htdocs\pos\system\CodeIgniter.php(432): CodeIgniter\CodeIgniter->runController(Object(App\Controllers\ProductosAdmin))
#12 C:\xampp\htdocs\pos\system\CodeIgniter.php(333): CodeIgniter\CodeIgniter->handleRequest(NULL, Object(Config\Cache), false)
#13 C:\xampp\htdocs\pos\public\index.php(46): CodeIgniter\CodeIgniter->run()
#14 {main}
CRITICAL - 2021-05-20 16:02:03 --> Column 'fecha_vencimiento' cannot be null
#0 C:\xampp\htdocs\pos\system\Database\MySQLi\Connection.php(314): mysqli->query('INSERT INTO `de...')
#1 C:\xampp\htdocs\pos\system\Database\BaseConnection.php(713): CodeIgniter\Database\MySQLi\Connection->execute('INSERT INTO `de...')
#2 C:\xampp\htdocs\pos\system\Database\BaseConnection.php(641): CodeIgniter\Database\BaseConnection->simpleQuery('INSERT INTO `de...')
#3 C:\xampp\htdocs\pos\system\Database\BaseBuilder.php(2263): CodeIgniter\Database\BaseConnection->query('INSERT INTO `de...', Array, false)
#4 C:\xampp\htdocs\pos\system\Model.php(278): CodeIgniter\Database\BaseBuilder->insert()
#5 C:\xampp\htdocs\pos\system\BaseModel.php(758): CodeIgniter\Model->doInsert(Array)
#6 C:\xampp\htdocs\pos\system\Model.php(705): CodeIgniter\BaseModel->insert(Array, false)
#7 C:\xampp\htdocs\pos\system\BaseModel.php(667): CodeIgniter\Model->insert(Array, false)
#8 C:\xampp\htdocs\pos\app\Controllers\DetalleProducto.php(36): CodeIgniter\BaseModel->save(Array)
#9 C:\xampp\htdocs\pos\app\Controllers\ProductosAdmin.php(97): App\Controllers\DetalleProducto->agregarFecha(NULL)
#10 C:\xampp\htdocs\pos\system\CodeIgniter.php(936): App\Controllers\ProductosAdmin->NuevoProducto()
#11 C:\xampp\htdocs\pos\system\CodeIgniter.php(432): CodeIgniter\CodeIgniter->runController(Object(App\Controllers\ProductosAdmin))
#12 C:\xampp\htdocs\pos\system\CodeIgniter.php(333): CodeIgniter\CodeIgniter->handleRequest(NULL, Object(Config\Cache), false)
#13 C:\xampp\htdocs\pos\public\index.php(46): CodeIgniter\CodeIgniter->run()
#14 {main}
ERROR - 2021-05-20 16:02:03 --> mysqli_sql_exception: Cannot add or update a child row: a foreign key constraint fails (`ferme`.`producto`, CONSTRAINT `fk_categoria` FOREIGN KEY (`categoria`) REFERENCES `categoria` (`id_categoria`) ON DELETE NO ACTION ON UPDATE NO ACTION) in C:\xampp\htdocs\pos\system\Database\MySQLi\Connection.php:314
Stack trace:
#0 C:\xampp\htdocs\pos\system\Database\MySQLi\Connection.php(314): mysqli->query('INSERT INTO `pr...')
#1 C:\xampp\htdocs\pos\system\Database\BaseConnection.php(713): CodeIgniter\Database\MySQLi\Connection->execute('INSERT INTO `pr...')
#2 C:\xampp\htdocs\pos\system\Database\BaseConnection.php(641): CodeIgniter\Database\BaseConnection->simpleQuery('INSERT INTO `pr...')
#3 C:\xampp\htdocs\pos\system\Database\BaseBuilder.php(2263): CodeIgniter\Database\BaseConnection->query('INSERT INTO `pr...', Array, false)
#4 C:\xampp\htdocs\pos\system\Model.php(278): CodeIgniter\Database\BaseBuilder->insert()
#5 C:\xampp\htdocs\pos\system\BaseModel.php(758): CodeIgniter\Model->doInsert(Array)
#6 C:\xampp\htdocs\pos\system\Model.php(705): CodeIgniter\BaseModel->insert(Array, false)
#7 C:\xampp\htdocs\pos\system\BaseModel.php(667): CodeIgniter\Model->insert(Array, false)
#8 C:\xampp\htdocs\pos\app\Controllers\ProductosAdmin.php(128): CodeIgniter\BaseModel->save(Array)
#9 C:\xampp\htdocs\pos\system\CodeIgniter.php(936): App\Controllers\ProductosAdmin->NuevoProducto()
#10 C:\xampp\htdocs\pos\system\CodeIgniter.php(432): CodeIgniter\CodeIgniter->runController(Object(App\Controllers\ProductosAdmin))
#11 C:\xampp\htdocs\pos\system\CodeIgniter.php(333): CodeIgniter\CodeIgniter->handleRequest(NULL, Object(Config\Cache), false)
#12 C:\xampp\htdocs\pos\public\index.php(46): CodeIgniter\CodeIgniter->run()
#13 {main}
CRITICAL - 2021-05-20 16:02:03 --> Cannot add or update a child row: a foreign key constraint fails (`ferme`.`producto`, CONSTRAINT `fk_categoria` FOREIGN KEY (`categoria`) REFERENCES `categoria` (`id_categoria`) ON DELETE NO ACTION ON UPDATE NO ACTION)
#0 C:\xampp\htdocs\pos\system\Database\MySQLi\Connection.php(314): mysqli->query('INSERT INTO `pr...')
#1 C:\xampp\htdocs\pos\system\Database\BaseConnection.php(713): CodeIgniter\Database\MySQLi\Connection->execute('INSERT INTO `pr...')
#2 C:\xampp\htdocs\pos\system\Database\BaseConnection.php(641): CodeIgniter\Database\BaseConnection->simpleQuery('INSERT INTO `pr...')
#3 C:\xampp\htdocs\pos\system\Database\BaseBuilder.php(2263): CodeIgniter\Database\BaseConnection->query('INSERT INTO `pr...', Array, false)
#4 C:\xampp\htdocs\pos\system\Model.php(278): CodeIgniter\Database\BaseBuilder->insert()
#5 C:\xampp\htdocs\pos\system\BaseModel.php(758): CodeIgniter\Model->doInsert(Array)
#6 C:\xampp\htdocs\pos\system\Model.php(705): CodeIgniter\BaseModel->insert(Array, false)
#7 C:\xampp\htdocs\pos\system\BaseModel.php(667): CodeIgniter\Model->insert(Array, false)
#8 C:\xampp\htdocs\pos\app\Controllers\ProductosAdmin.php(128): CodeIgniter\BaseModel->save(Array)
#9 C:\xampp\htdocs\pos\system\CodeIgniter.php(936): App\Controllers\ProductosAdmin->NuevoProducto()
#10 C:\xampp\htdocs\pos\system\CodeIgniter.php(432): CodeIgniter\CodeIgniter->runController(Object(App\Controllers\ProductosAdmin))
#11 C:\xampp\htdocs\pos\system\CodeIgniter.php(333): CodeIgniter\CodeIgniter->handleRequest(NULL, Object(Config\Cache), false)
#12 C:\xampp\htdocs\pos\public\index.php(46): CodeIgniter\CodeIgniter->run()
#13 {main}
ERROR - 2021-05-20 16:04:54 --> mysqli_sql_exception: Column 'fecha_vencimiento' cannot be null in C:\xampp\htdocs\pos\system\Database\MySQLi\Connection.php:314
Stack trace:
#0 C:\xampp\htdocs\pos\system\Database\MySQLi\Connection.php(314): mysqli->query('INSERT INTO `de...')
#1 C:\xampp\htdocs\pos\system\Database\BaseConnection.php(713): CodeIgniter\Database\MySQLi\Connection->execute('INSERT INTO `de...')
#2 C:\xampp\htdocs\pos\system\Database\BaseConnection.php(641): CodeIgniter\Database\BaseConnection->simpleQuery('INSERT INTO `de...')
#3 C:\xampp\htdocs\pos\system\Database\BaseBuilder.php(2263): CodeIgniter\Database\BaseConnection->query('INSERT INTO `de...', Array, false)
#4 C:\xampp\htdocs\pos\system\Model.php(278): CodeIgniter\Database\BaseBuilder->insert()
#5 C:\xampp\htdocs\pos\system\BaseModel.php(758): CodeIgniter\Model->doInsert(Array)
#6 C:\xampp\htdocs\pos\system\Model.php(705): CodeIgniter\BaseModel->insert(Array, false)
#7 C:\xampp\htdocs\pos\system\BaseModel.php(667): CodeIgniter\Model->insert(Array, false)
#8 C:\xampp\htdocs\pos\app\Controllers\DetalleProducto.php(36): CodeIgniter\BaseModel->save(Array)
#9 C:\xampp\htdocs\pos\app\Controllers\ProductosAdmin.php(97): App\Controllers\DetalleProducto->agregarFecha(NULL)
#10 C:\xampp\htdocs\pos\system\CodeIgniter.php(936): App\Controllers\ProductosAdmin->NuevoProducto()
#11 C:\xampp\htdocs\pos\system\CodeIgniter.php(432): CodeIgniter\CodeIgniter->runController(Object(App\Controllers\ProductosAdmin))
#12 C:\xampp\htdocs\pos\system\CodeIgniter.php(333): CodeIgniter\CodeIgniter->handleRequest(NULL, Object(Config\Cache), false)
#13 C:\xampp\htdocs\pos\public\index.php(46): CodeIgniter\CodeIgniter->run()
#14 {main}
CRITICAL - 2021-05-20 16:04:54 --> Column 'fecha_vencimiento' cannot be null
#0 C:\xampp\htdocs\pos\system\Database\MySQLi\Connection.php(314): mysqli->query('INSERT INTO `de...')
#1 C:\xampp\htdocs\pos\system\Database\BaseConnection.php(713): CodeIgniter\Database\MySQLi\Connection->execute('INSERT INTO `de...')
#2 C:\xampp\htdocs\pos\system\Database\BaseConnection.php(641): CodeIgniter\Database\BaseConnection->simpleQuery('INSERT INTO `de...')
#3 C:\xampp\htdocs\pos\system\Database\BaseBuilder.php(2263): CodeIgniter\Database\BaseConnection->query('INSERT INTO `de...', Array, false)
#4 C:\xampp\htdocs\pos\system\Model.php(278): CodeIgniter\Database\BaseBuilder->insert()
#5 C:\xampp\htdocs\pos\system\BaseModel.php(758): CodeIgniter\Model->doInsert(Array)
#6 C:\xampp\htdocs\pos\system\Model.php(705): CodeIgniter\BaseModel->insert(Array, false)
#7 C:\xampp\htdocs\pos\system\BaseModel.php(667): CodeIgniter\Model->insert(Array, false)
#8 C:\xampp\htdocs\pos\app\Controllers\DetalleProducto.php(36): CodeIgniter\BaseModel->save(Array)
#9 C:\xampp\htdocs\pos\app\Controllers\ProductosAdmin.php(97): App\Controllers\DetalleProducto->agregarFecha(NULL)
#10 C:\xampp\htdocs\pos\system\CodeIgniter.php(936): App\Controllers\ProductosAdmin->NuevoProducto()
#11 C:\xampp\htdocs\pos\system\CodeIgniter.php(432): CodeIgniter\CodeIgniter->runController(Object(App\Controllers\ProductosAdmin))
#12 C:\xampp\htdocs\pos\system\CodeIgniter.php(333): CodeIgniter\CodeIgniter->handleRequest(NULL, Object(Config\Cache), false)
#13 C:\xampp\htdocs\pos\public\index.php(46): CodeIgniter\CodeIgniter->run()
#14 {main}
ERROR - 2021-05-20 16:04:54 --> mysqli_sql_exception: Cannot add or update a child row: a foreign key constraint fails (`ferme`.`producto`, CONSTRAINT `fk_categoria` FOREIGN KEY (`categoria`) REFERENCES `categoria` (`id_categoria`) ON DELETE NO ACTION ON UPDATE NO ACTION) in C:\xampp\htdocs\pos\system\Database\MySQLi\Connection.php:314
Stack trace:
#0 C:\xampp\htdocs\pos\system\Database\MySQLi\Connection.php(314): mysqli->query('INSERT INTO `pr...')
#1 C:\xampp\htdocs\pos\system\Database\BaseConnection.php(713): CodeIgniter\Database\MySQLi\Connection->execute('INSERT INTO `pr...')
#2 C:\xampp\htdocs\pos\system\Database\BaseConnection.php(641): CodeIgniter\Database\BaseConnection->simpleQuery('INSERT INTO `pr...')
#3 C:\xampp\htdocs\pos\system\Database\BaseBuilder.php(2263): CodeIgniter\Database\BaseConnection->query('INSERT INTO `pr...', Array, false)
#4 C:\xampp\htdocs\pos\system\Model.php(278): CodeIgniter\Database\BaseBuilder->insert()
#5 C:\xampp\htdocs\pos\system\BaseModel.php(758): CodeIgniter\Model->doInsert(Array)
#6 C:\xampp\htdocs\pos\system\Model.php(705): CodeIgniter\BaseModel->insert(Array, false)
#7 C:\xampp\htdocs\pos\system\BaseModel.php(667): CodeIgniter\Model->insert(Array, false)
#8 C:\xampp\htdocs\pos\app\Controllers\ProductosAdmin.php(128): CodeIgniter\BaseModel->save(Array)
#9 C:\xampp\htdocs\pos\system\CodeIgniter.php(936): App\Controllers\ProductosAdmin->NuevoProducto()
#10 C:\xampp\htdocs\pos\system\CodeIgniter.php(432): CodeIgniter\CodeIgniter->runController(Object(App\Controllers\ProductosAdmin))
#11 C:\xampp\htdocs\pos\system\CodeIgniter.php(333): CodeIgniter\CodeIgniter->handleRequest(NULL, Object(Config\Cache), false)
#12 C:\xampp\htdocs\pos\public\index.php(46): CodeIgniter\CodeIgniter->run()
#13 {main}
CRITICAL - 2021-05-20 16:04:54 --> Cannot add or update a child row: a foreign key constraint fails (`ferme`.`producto`, CONSTRAINT `fk_categoria` FOREIGN KEY (`categoria`) REFERENCES `categoria` (`id_categoria`) ON DELETE NO ACTION ON UPDATE NO ACTION)
#0 C:\xampp\htdocs\pos\system\Database\MySQLi\Connection.php(314): mysqli->query('INSERT INTO `pr...')
#1 C:\xampp\htdocs\pos\system\Database\BaseConnection.php(713): CodeIgniter\Database\MySQLi\Connection->execute('INSERT INTO `pr...')
#2 C:\xampp\htdocs\pos\system\Database\BaseConnection.php(641): CodeIgniter\Database\BaseConnection->simpleQuery('INSERT INTO `pr...')
#3 C:\xampp\htdocs\pos\system\Database\BaseBuilder.php(2263): CodeIgniter\Database\BaseConnection->query('INSERT INTO `pr...', Array, false)
#4 C:\xampp\htdocs\pos\system\Model.php(278): CodeIgniter\Database\BaseBuilder->insert()
#5 C:\xampp\htdocs\pos\system\BaseModel.php(758): CodeIgniter\Model->doInsert(Array)
#6 C:\xampp\htdocs\pos\system\Model.php(705): CodeIgniter\BaseModel->insert(Array, false)
#7 C:\xampp\htdocs\pos\system\BaseModel.php(667): CodeIgniter\Model->insert(Array, false)
#8 C:\xampp\htdocs\pos\app\Controllers\ProductosAdmin.php(128): CodeIgniter\BaseModel->save(Array)
#9 C:\xampp\htdocs\pos\system\CodeIgniter.php(936): App\Controllers\ProductosAdmin->NuevoProducto()
#10 C:\xampp\htdocs\pos\system\CodeIgniter.php(432): CodeIgniter\CodeIgniter->runController(Object(App\Controllers\ProductosAdmin))
#11 C:\xampp\htdocs\pos\system\CodeIgniter.php(333): CodeIgniter\CodeIgniter->handleRequest(NULL, Object(Config\Cache), false)
#12 C:\xampp\htdocs\pos\public\index.php(46): CodeIgniter\CodeIgniter->run()
#13 {main}
ERROR - 2021-05-20 16:05:16 --> mysqli_sql_exception: Column 'fecha_vencimiento' cannot be null in C:\xampp\htdocs\pos\system\Database\MySQLi\Connection.php:314
Stack trace:
#0 C:\xampp\htdocs\pos\system\Database\MySQLi\Connection.php(314): mysqli->query('INSERT INTO `de...')
#1 C:\xampp\htdocs\pos\system\Database\BaseConnection.php(713): CodeIgniter\Database\MySQLi\Connection->execute('INSERT INTO `de...')
#2 C:\xampp\htdocs\pos\system\Database\BaseConnection.php(641): CodeIgniter\Database\BaseConnection->simpleQuery('INSERT INTO `de...')
#3 C:\xampp\htdocs\pos\system\Database\BaseBuilder.php(2263): CodeIgniter\Database\BaseConnection->query('INSERT INTO `de...', Array, false)
#4 C:\xampp\htdocs\pos\system\Model.php(278): CodeIgniter\Database\BaseBuilder->insert()
#5 C:\xampp\htdocs\pos\system\BaseModel.php(758): CodeIgniter\Model->doInsert(Array)
#6 C:\xampp\htdocs\pos\system\Model.php(705): CodeIgniter\BaseModel->insert(Array, false)
#7 C:\xampp\htdocs\pos\system\BaseModel.php(667): CodeIgniter\Model->insert(Array, false)
#8 C:\xampp\htdocs\pos\app\Controllers\DetalleProducto.php(36): CodeIgniter\BaseModel->save(Array)
#9 C:\xampp\htdocs\pos\app\Controllers\ProductosAdmin.php(97): App\Controllers\DetalleProducto->agregarFecha(NULL)
#10 C:\xampp\htdocs\pos\system\CodeIgniter.php(936): App\Controllers\ProductosAdmin->NuevoProducto()
#11 C:\xampp\htdocs\pos\system\CodeIgniter.php(432): CodeIgniter\CodeIgniter->runController(Object(App\Controllers\ProductosAdmin))
#12 C:\xampp\htdocs\pos\system\CodeIgniter.php(333): CodeIgniter\CodeIgniter->handleRequest(NULL, Object(Config\Cache), false)
#13 C:\xampp\htdocs\pos\public\index.php(46): CodeIgniter\CodeIgniter->run()
#14 {main}
CRITICAL - 2021-05-20 16:05:16 --> Column 'fecha_vencimiento' cannot be null
#0 C:\xampp\htdocs\pos\system\Database\MySQLi\Connection.php(314): mysqli->query('INSERT INTO `de...')
#1 C:\xampp\htdocs\pos\system\Database\BaseConnection.php(713): CodeIgniter\Database\MySQLi\Connection->execute('INSERT INTO `de...')
#2 C:\xampp\htdocs\pos\system\Database\BaseConnection.php(641): CodeIgniter\Database\BaseConnection->simpleQuery('INSERT INTO `de...')
#3 C:\xampp\htdocs\pos\system\Database\BaseBuilder.php(2263): CodeIgniter\Database\BaseConnection->query('INSERT INTO `de...', Array, false)
#4 C:\xampp\htdocs\pos\system\Model.php(278): CodeIgniter\Database\BaseBuilder->insert()
#5 C:\xampp\htdocs\pos\system\BaseModel.php(758): CodeIgniter\Model->doInsert(Array)
#6 C:\xampp\htdocs\pos\system\Model.php(705): CodeIgniter\BaseModel->insert(Array, false)
#7 C:\xampp\htdocs\pos\system\BaseModel.php(667): CodeIgniter\Model->insert(Array, false)
#8 C:\xampp\htdocs\pos\app\Controllers\DetalleProducto.php(36): CodeIgniter\BaseModel->save(Array)
#9 C:\xampp\htdocs\pos\app\Controllers\ProductosAdmin.php(97): App\Controllers\DetalleProducto->agregarFecha(NULL)
#10 C:\xampp\htdocs\pos\system\CodeIgniter.php(936): App\Controllers\ProductosAdmin->NuevoProducto()
#11 C:\xampp\htdocs\pos\system\CodeIgniter.php(432): CodeIgniter\CodeIgniter->runController(Object(App\Controllers\ProductosAdmin))
#12 C:\xampp\htdocs\pos\system\CodeIgniter.php(333): CodeIgniter\CodeIgniter->handleRequest(NULL, Object(Config\Cache), false)
#13 C:\xampp\htdocs\pos\public\index.php(46): CodeIgniter\CodeIgniter->run()
#14 {main}
ERROR - 2021-05-20 17:00:36 --> mysqli_sql_exception: Column 'comuna_fk' cannot be null in C:\xampp\htdocs\pos\system\Database\MySQLi\Connection.php:314
Stack trace:
#0 C:\xampp\htdocs\pos\system\Database\MySQLi\Connection.php(314): mysqli->query('INSERT INTO `di...')
#1 C:\xampp\htdocs\pos\system\Database\BaseConnection.php(713): CodeIgniter\Database\MySQLi\Connection->execute('INSERT INTO `di...')
#2 C:\xampp\htdocs\pos\system\Database\BaseConnection.php(641): CodeIgniter\Database\BaseConnection->simpleQuery('INSERT INTO `di...')
#3 C:\xampp\htdocs\pos\system\Database\BaseBuilder.php(2263): CodeIgniter\Database\BaseConnection->query('INSERT INTO `di...', Array, false)
#4 C:\xampp\htdocs\pos\system\Model.php(278): CodeIgniter\Database\BaseBuilder->insert()
#5 C:\xampp\htdocs\pos\system\BaseModel.php(758): CodeIgniter\Model->doInsert(Array)
#6 C:\xampp\htdocs\pos\system\Model.php(705): CodeIgniter\BaseModel->insert(Array, false)
#7 C:\xampp\htdocs\pos\system\BaseModel.php(667): CodeIgniter\Model->insert(Array, false)
#8 C:\xampp\htdocs\pos\app\Controllers\DatosPersonales.php(62): CodeIgniter\BaseModel->save(Array)
#9 C:\xampp\htdocs\pos\app\Controllers\Usuarios.php(122): App\Controllers\DatosPersonales->insertarDireccion('asd', 'asd', '123', NULL)
#10 C:\xampp\htdocs\pos\system\CodeIgniter.php(936): App\Controllers\Usuarios->insertar()
#11 C:\xampp\htdocs\pos\system\CodeIgniter.php(432): CodeIgniter\CodeIgniter->runController(Object(App\Controllers\Usuarios))
#12 C:\xampp\htdocs\pos\system\CodeIgniter.php(333): CodeIgniter\CodeIgniter->handleRequest(NULL, Object(Config\Cache), false)
#13 C:\xampp\htdocs\pos\public\index.php(46): CodeIgniter\CodeIgniter->run()
#14 {main}
CRITICAL - 2021-05-20 17:00:36 --> Column 'comuna_fk' cannot be null
#0 C:\xampp\htdocs\pos\system\Database\MySQLi\Connection.php(314): mysqli->query('INSERT INTO `di...')
#1 C:\xampp\htdocs\pos\system\Database\BaseConnection.php(713): CodeIgniter\Database\MySQLi\Connection->execute('INSERT INTO `di...')
#2 C:\xampp\htdocs\pos\system\Database\BaseConnection.php(641): CodeIgniter\Database\BaseConnection->simpleQuery('INSERT INTO `di...')
#3 C:\xampp\htdocs\pos\system\Database\BaseBuilder.php(2263): CodeIgniter\Database\BaseConnection->query('INSERT INTO `di...', Array, false)
#4 C:\xampp\htdocs\pos\system\Model.php(278): CodeIgniter\Database\BaseBuilder->insert()
#5 C:\xampp\htdocs\pos\system\BaseModel.php(758): CodeIgniter\Model->doInsert(Array)
#6 C:\xampp\htdocs\pos\system\Model.php(705): CodeIgniter\BaseModel->insert(Array, false)
#7 C:\xampp\htdocs\pos\system\BaseModel.php(667): CodeIgniter\Model->insert(Array, false)
#8 C:\xampp\htdocs\pos\app\Controllers\DatosPersonales.php(62): CodeIgniter\BaseModel->save(Array)
#9 C:\xampp\htdocs\pos\app\Controllers\Usuarios.php(122): App\Controllers\DatosPersonales->insertarDireccion('asd', 'asd', '123', NULL)
#10 C:\xampp\htdocs\pos\system\CodeIgniter.php(936): App\Controllers\Usuarios->insertar()
#11 C:\xampp\htdocs\pos\system\CodeIgniter.php(432): CodeIgniter\CodeIgniter->runController(Object(App\Controllers\Usuarios))
#12 C:\xampp\htdocs\pos\system\CodeIgniter.php(333): CodeIgniter\CodeIgniter->handleRequest(NULL, Object(Config\Cache), false)
#13 C:\xampp\htdocs\pos\public\index.php(46): CodeIgniter\CodeIgniter->run()
#14 {main}
ERROR - 2021-05-20 17:00:36 --> mysqli_sql_exception: Cannot add or update a child row: a foreign key constraint fails (`ferme`.`direccion`, CONSTRAINT `comuna_direccion` FOREIGN KEY (`comuna_fk`) REFERENCES `comuna` (`id_comuna`) ON DELETE NO ACTION ON UPDATE NO ACTION) in C:\xampp\htdocs\pos\system\Database\MySQLi\Connection.php:314
Stack trace:
#0 C:\xampp\htdocs\pos\system\Database\MySQLi\Connection.php(314): mysqli->query('INSERT INTO `di...')
#1 C:\xampp\htdocs\pos\system\Database\BaseConnection.php(713): CodeIgniter\Database\MySQLi\Connection->execute('INSERT INTO `di...')
#2 C:\xampp\htdocs\pos\system\Database\BaseConnection.php(641): CodeIgniter\Database\BaseConnection->simpleQuery('INSERT INTO `di...')
#3 C:\xampp\htdocs\pos\system\Database\BaseBuilder.php(2263): CodeIgniter\Database\BaseConnection->query('INSERT INTO `di...', Array, false)
#4 C:\xampp\htdocs\pos\system\Model.php(278): CodeIgniter\Database\BaseBuilder->insert()
#5 C:\xampp\htdocs\pos\system\BaseModel.php(758): CodeIgniter\Model->doInsert(Array)
#6 C:\xampp\htdocs\pos\system\Model.php(705): CodeIgniter\BaseModel->insert(Array, false)
#7 C:\xampp\htdocs\pos\system\BaseModel.php(667): CodeIgniter\Model->insert(Array, false)
#8 C:\xampp\htdocs\pos\app\Controllers\DatosPersonales.php(62): CodeIgniter\BaseModel->save(Array)
#9 C:\xampp\htdocs\pos\app\Controllers\Usuarios.php(122): App\Controllers\DatosPersonales->insertarDireccion('asd', 'asd', '123', '')
#10 C:\xampp\htdocs\pos\system\CodeIgniter.php(936): App\Controllers\Usuarios->insertar()
#11 C:\xampp\htdocs\pos\system\CodeIgniter.php(432): CodeIgniter\CodeIgniter->runController(Object(App\Controllers\Usuarios))
#12 C:\xampp\htdocs\pos\system\CodeIgniter.php(333): CodeIgniter\CodeIgniter->handleRequest(NULL, Object(Config\Cache), false)
#13 C:\xampp\htdocs\pos\public\index.php(46): CodeIgniter\CodeIgniter->run()
#14 {main}
CRITICAL - 2021-05-20 17:00:36 --> Cannot add or update a child row: a foreign key constraint fails (`ferme`.`direccion`, CONSTRAINT `comuna_direccion` FOREIGN KEY (`comuna_fk`) REFERENCES `comuna` (`id_comuna`) ON DELETE NO ACTION ON UPDATE NO ACTION)
#0 C:\xampp\htdocs\pos\system\Database\MySQLi\Connection.php(314): mysqli->query('INSERT INTO `di...')
#1 C:\xampp\htdocs\pos\system\Database\BaseConnection.php(713): CodeIgniter\Database\MySQLi\Connection->execute('INSERT INTO `di...')
#2 C:\xampp\htdocs\pos\system\Database\BaseConnection.php(641): CodeIgniter\Database\BaseConnection->simpleQuery('INSERT INTO `di...')
#3 C:\xampp\htdocs\pos\system\Database\BaseBuilder.php(2263): CodeIgniter\Database\BaseConnection->query('INSERT INTO `di...', Array, false)
#4 C:\xampp\htdocs\pos\system\Model.php(278): CodeIgniter\Database\BaseBuilder->insert()
#5 C:\xampp\htdocs\pos\system\BaseModel.php(758): CodeIgniter\Model->doInsert(Array)
#6 C:\xampp\htdocs\pos\system\Model.php(705): CodeIgniter\BaseModel->insert(Array, false)
#7 C:\xampp\htdocs\pos\system\BaseModel.php(667): CodeIgniter\Model->insert(Array, false)
#8 C:\xampp\htdocs\pos\app\Controllers\DatosPersonales.php(62): CodeIgniter\BaseModel->save(Array)
#9 C:\xampp\htdocs\pos\app\Controllers\Usuarios.php(122): App\Controllers\DatosPersonales->insertarDireccion('asd', 'asd', '123', '')
#10 C:\xampp\htdocs\pos\system\CodeIgniter.php(936): App\Controllers\Usuarios->insertar()
#11 C:\xampp\htdocs\pos\system\CodeIgniter.php(432): CodeIgniter\CodeIgniter->runController(Object(App\Controllers\Usuarios))
#12 C:\xampp\htdocs\pos\system\CodeIgniter.php(333): CodeIgniter\CodeIgniter->handleRequest(NULL, Object(Config\Cache), false)
#13 C:\xampp\htdocs\pos\public\index.php(46): CodeIgniter\CodeIgniter->run()
#14 {main}
CRITICAL - 2021-05-20 17:26:26 --> syntax error, unexpected token "*", expecting "function" or "const"
#0 C:\xampp\htdocs\pos\system\Autoloader\Autoloader.php(265): CodeIgniter\Autoloader\Autoloader->includeFile('C:\\xampp\\htdocs...')
#1 C:\xampp\htdocs\pos\system\Autoloader\Autoloader.php(228): CodeIgniter\Autoloader\Autoloader->loadInNamespace('App\\Models\\Dato...')
#2 C:\xampp\htdocs\pos\app\Controllers\DatosPersonales.php(22): CodeIgniter\Autoloader\Autoloader->loadClass('App\\Models\\Dato...')
#3 C:\xampp\htdocs\pos\app\Controllers\Usuarios.php(35): App\Controllers\DatosPersonales->__construct()
#4 C:\xampp\htdocs\pos\system\CodeIgniter.php(908): App\Controllers\Usuarios->__construct()
#5 C:\xampp\htdocs\pos\system\CodeIgniter.php(422): CodeIgniter\CodeIgniter->createController()
#6 C:\xampp\htdocs\pos\system\CodeIgniter.php(333): CodeIgniter\CodeIgniter->handleRequest(NULL, Object(Config\Cache), false)
#7 C:\xampp\htdocs\pos\public\index.php(46): CodeIgniter\CodeIgniter->run()
#8 {main}
CRITICAL - 2021-05-20 17:27:40 --> syntax error, unexpected token "*", expecting "function" or "const"
#0 C:\xampp\htdocs\pos\system\Autoloader\Autoloader.php(265): CodeIgniter\Autoloader\Autoloader->includeFile('C:\\xampp\\htdocs...')
#1 C:\xampp\htdocs\pos\system\Autoloader\Autoloader.php(228): CodeIgniter\Autoloader\Autoloader->loadInNamespace('App\\Models\\Usua...')
#2 C:\xampp\htdocs\pos\app\Controllers\Usuarios.php(40): CodeIgniter\Autoloader\Autoloader->loadClass('App\\Models\\Usua...')
#3 C:\xampp\htdocs\pos\system\CodeIgniter.php(908): App\Controllers\Usuarios->__construct()
#4 C:\xampp\htdocs\pos\system\CodeIgniter.php(422): CodeIgniter\CodeIgniter->createController()
#5 C:\xampp\htdocs\pos\system\CodeIgniter.php(333): CodeIgniter\CodeIgniter->handleRequest(NULL, Object(Config\Cache), false)
#6 C:\xampp\htdocs\pos\public\index.php(46): CodeIgniter\CodeIgniter->run()
#7 {main}
CRITICAL - 2021-05-20 22:31:37 --> Trying to access array offset on value of type null
#0 C:\xampp\htdocs\pos\app\Controllers\ProductosAdmin.php(230): CodeIgniter\Debug\Exceptions->errorHandler(2, 'Trying to acces...', 'C:\\xampp\\htdocs...', 230)
#1 C:\xampp\htdocs\pos\system\CodeIgniter.php(936): App\Controllers\ProductosAdmin->editarEmp('img', 'footer', '1.png')
#2 C:\xampp\htdocs\pos\system\CodeIgniter.php(432): CodeIgniter\CodeIgniter->runController(Object(App\Controllers\ProductosAdmin))
#3 C:\xampp\htdocs\pos\system\CodeIgniter.php(333): CodeIgniter\CodeIgniter->handleRequest(NULL, Object(Config\Cache), false)
#4 C:\xampp\htdocs\pos\public\index.php(46): CodeIgniter\CodeIgniter->run()
#5 {main}
CRITICAL - 2021-05-20 22:31:38 --> Trying to access array offset on value of type null
#0 C:\xampp\htdocs\pos\app\Controllers\ProductosAdmin.php(230): CodeIgniter\Debug\Exceptions->errorHandler(2, 'Trying to acces...', 'C:\\xampp\\htdocs...', 230)
#1 C:\xampp\htdocs\pos\system\CodeIgniter.php(936): App\Controllers\ProductosAdmin->editarEmp('img', 'icon', 'favicon.png')
#2 C:\xampp\htdocs\pos\system\CodeIgniter.php(432): CodeIgniter\CodeIgniter->runController(Object(App\Controllers\ProductosAdmin))
#3 C:\xampp\htdocs\pos\system\CodeIgniter.php(333): CodeIgniter\CodeIgniter->handleRequest(NULL, Object(Config\Cache), false)
#4 C:\xampp\htdocs\pos\public\index.php(46): CodeIgniter\CodeIgniter->run()
#5 {main}
CRITICAL - 2021-05-20 22:33:28 --> Trying to access array offset on value of type null
#0 C:\xampp\htdocs\pos\app\Controllers\ProductosAdmin.php(230): CodeIgniter\Debug\Exceptions->errorHandler(2, 'Trying to acces...', 'C:\\xampp\\htdocs...', 230)
#1 C:\xampp\htdocs\pos\system\CodeIgniter.php(936): App\Controllers\ProductosAdmin->editarEmp('img', 'footer', '1.png')
#2 C:\xampp\htdocs\pos\system\CodeIgniter.php(432): CodeIgniter\CodeIgniter->runController(Object(App\Controllers\ProductosAdmin))
#3 C:\xampp\htdocs\pos\system\CodeIgniter.php(333): CodeIgniter\CodeIgniter->handleRequest(NULL, Object(Config\Cache), false)
#4 C:\xampp\htdocs\pos\public\index.php(46): CodeIgniter\CodeIgniter->run()
#5 {main}
CRITICAL - 2021-05-20 22:33:28 --> Trying to access array offset on value of type null
#0 C:\xampp\htdocs\pos\app\Controllers\ProductosAdmin.php(230): CodeIgniter\Debug\Exceptions->errorHandler(2, 'Trying to acces...', 'C:\\xampp\\htdocs...', 230)
#1 C:\xampp\htdocs\pos\system\CodeIgniter.php(936): App\Controllers\ProductosAdmin->editarEmp('img', 'icon', 'favicon.png')
#2 C:\xampp\htdocs\pos\system\CodeIgniter.php(432): CodeIgniter\CodeIgniter->runController(Object(App\Controllers\ProductosAdmin))
#3 C:\xampp\htdocs\pos\system\CodeIgniter.php(333): CodeIgniter\CodeIgniter->handleRequest(NULL, Object(Config\Cache), false)
#4 C:\xampp\htdocs\pos\public\index.php(46): CodeIgniter\CodeIgniter->run()
#5 {main}
CRITICAL - 2021-05-20 22:34:04 --> Trying to access array offset on value of type null
#0 C:\xampp\htdocs\pos\app\Controllers\ProductosAdmin.php(230): CodeIgniter\Debug\Exceptions->errorHandler(2, 'Trying to acces...', 'C:\\xampp\\htdocs...', 230)
#1 C:\xampp\htdocs\pos\system\CodeIgniter.php(936): App\Controllers\ProductosAdmin->editarEmp('img', 'footer', '1.png')
#2 C:\xampp\htdocs\pos\system\CodeIgniter.php(432): CodeIgniter\CodeIgniter->runController(Object(App\Controllers\ProductosAdmin))
#3 C:\xampp\htdocs\pos\system\CodeIgniter.php(333): CodeIgniter\CodeIgniter->handleRequest(NULL, Object(Config\Cache), false)
#4 C:\xampp\htdocs\pos\public\index.php(46): CodeIgniter\CodeIgniter->run()
#5 {main}
CRITICAL - 2021-05-20 22:34:04 --> Trying to access array offset on value of type null
#0 C:\xampp\htdocs\pos\app\Controllers\ProductosAdmin.php(230): CodeIgniter\Debug\Exceptions->errorHandler(2, 'Trying to acces...', 'C:\\xampp\\htdocs...', 230)
#1 C:\xampp\htdocs\pos\system\CodeIgniter.php(936): App\Controllers\ProductosAdmin->editarEmp('img', 'icon', 'favicon.png')
#2 C:\xampp\htdocs\pos\system\CodeIgniter.php(432): CodeIgniter\CodeIgniter->runController(Object(App\Controllers\ProductosAdmin))
#3 C:\xampp\htdocs\pos\system\CodeIgniter.php(333): CodeIgniter\CodeIgniter->handleRequest(NULL, Object(Config\Cache), false)
#4 C:\xampp\htdocs\pos\public\index.php(46): CodeIgniter\CodeIgniter->run()
#5 {main}
CRITICAL - 2021-05-20 22:34:08 --> Trying to access array offset on value of type null
#0 C:\xampp\htdocs\pos\app\Controllers\ProductosAdmin.php(230): CodeIgniter\Debug\Exceptions->errorHandler(2, 'Trying to acces...', 'C:\\xampp\\htdocs...', 230)
#1 C:\xampp\htdocs\pos\system\CodeIgniter.php(936): App\Controllers\ProductosAdmin->editarEmp('img', 'footer', '1.png')
#2 C:\xampp\htdocs\pos\system\CodeIgniter.php(432): CodeIgniter\CodeIgniter->runController(Object(App\Controllers\ProductosAdmin))
#3 C:\xampp\htdocs\pos\system\CodeIgniter.php(333): CodeIgniter\CodeIgniter->handleRequest(NULL, Object(Config\Cache), false)
#4 C:\xampp\htdocs\pos\public\index.php(46): CodeIgniter\CodeIgniter->run()
#5 {main}
CRITICAL - 2021-05-20 22:34:08 --> Trying to access array offset on value of type null
#0 C:\xampp\htdocs\pos\app\Controllers\ProductosAdmin.php(230): CodeIgniter\Debug\Exceptions->errorHandler(2, 'Trying to acces...', 'C:\\xampp\\htdocs...', 230)
#1 C:\xampp\htdocs\pos\system\CodeIgniter.php(936): App\Controllers\ProductosAdmin->editarEmp('img', 'icon', 'favicon.png')
#2 C:\xampp\htdocs\pos\system\CodeIgniter.php(432): CodeIgniter\CodeIgniter->runController(Object(App\Controllers\ProductosAdmin))
#3 C:\xampp\htdocs\pos\system\CodeIgniter.php(333): CodeIgniter\CodeIgniter->handleRequest(NULL, Object(Config\Cache), false)
#4 C:\xampp\htdocs\pos\public\index.php(46): CodeIgniter\CodeIgniter->run()
#5 {main}
CRITICAL - 2021-05-20 22:35:05 --> Trying to access array offset on value of type null
#0 C:\xampp\htdocs\pos\app\Controllers\ProductosAdmin.php(230): CodeIgniter\Debug\Exceptions->errorHandler(2, 'Trying to acces...', 'C:\\xampp\\htdocs...', 230)
#1 C:\xampp\htdocs\pos\system\CodeIgniter.php(936): App\Controllers\ProductosAdmin->editarEmp('img', 'footer', '1.png')
#2 C:\xampp\htdocs\pos\system\CodeIgniter.php(432): CodeIgniter\CodeIgniter->runController(Object(App\Controllers\ProductosAdmin))
#3 C:\xampp\htdocs\pos\system\CodeIgniter.php(333): CodeIgniter\CodeIgniter->handleRequest(NULL, Object(Config\Cache), false)
#4 C:\xampp\htdocs\pos\public\index.php(46): CodeIgniter\CodeIgniter->run()
#5 {main}
CRITICAL - 2021-05-20 22:35:06 --> Trying to access array offset on value of type null
#0 C:\xampp\htdocs\pos\app\Controllers\ProductosAdmin.php(230): CodeIgniter\Debug\Exceptions->errorHandler(2, 'Trying to acces...', 'C:\\xampp\\htdocs...', 230)
#1 C:\xampp\htdocs\pos\system\CodeIgniter.php(936): App\Controllers\ProductosAdmin->editarEmp('img', 'icon', 'favicon.png')
#2 C:\xampp\htdocs\pos\system\CodeIgniter.php(432): CodeIgniter\CodeIgniter->runController(Object(App\Controllers\ProductosAdmin))
#3 C:\xampp\htdocs\pos\system\CodeIgniter.php(333): CodeIgniter\CodeIgniter->handleRequest(NULL, Object(Config\Cache), false)
#4 C:\xampp\htdocs\pos\public\index.php(46): CodeIgniter\CodeIgniter->run()
#5 {main}
CRITICAL - 2021-05-20 22:35:23 --> Trying to access array offset on value of type null
#0 C:\xampp\htdocs\pos\app\Controllers\ProductosAdmin.php(230): CodeIgniter\Debug\Exceptions->errorHandler(2, 'Trying to acces...', 'C:\\xampp\\htdocs...', 230)
#1 C:\xampp\htdocs\pos\system\CodeIgniter.php(936): App\Controllers\ProductosAdmin->editarEmp('img', 'footer', '1.png')
#2 C:\xampp\htdocs\pos\system\CodeIgniter.php(432): CodeIgniter\CodeIgniter->runController(Object(App\Controllers\ProductosAdmin))
#3 C:\xampp\htdocs\pos\system\CodeIgniter.php(333): CodeIgniter\CodeIgniter->handleRequest(NULL, Object(Config\Cache), false)
#4 C:\xampp\htdocs\pos\public\index.php(46): CodeIgniter\CodeIgniter->run()
#5 {main}
CRITICAL - 2021-05-20 22:35:23 --> Trying to access array offset on value of type null
#0 C:\xampp\htdocs\pos\app\Controllers\ProductosAdmin.php(230): CodeIgniter\Debug\Exceptions->errorHandler(2, 'Trying to acces...', 'C:\\xampp\\htdocs...', 230)
#1 C:\xampp\htdocs\pos\system\CodeIgniter.php(936): App\Controllers\ProductosAdmin->editarEmp('img', 'icon', 'favicon.png')
#2 C:\xampp\htdocs\pos\system\CodeIgniter.php(432): CodeIgniter\CodeIgniter->runController(Object(App\Controllers\ProductosAdmin))
#3 C:\xampp\htdocs\pos\system\CodeIgniter.php(333): CodeIgniter\CodeIgniter->handleRequest(NULL, Object(Config\Cache), false)
#4 C:\xampp\htdocs\pos\public\index.php(46): CodeIgniter\CodeIgniter->run()
#5 {main}
