ERROR - 2021-06-22 00:13:18 --> mysqli_sql_exception: Column 'comuna_fk' cannot be null in C:\xampp\htdocs\pos\system\Database\MySQLi\Connection.php:314
Stack trace:
#0 C:\xampp\htdocs\pos\system\Database\MySQLi\Connection.php(314): mysqli->query('INSERT INTO `di...')
#1 C:\xampp\htdocs\pos\system\Database\BaseConnection.php(713): CodeIgniter\Database\MySQLi\Connection->execute('INSERT INTO `di...')
#2 C:\xampp\htdocs\pos\system\Database\BaseConnection.php(641): CodeIgniter\Database\BaseConnection->simpleQuery('INSERT INTO `di...')
#3 C:\xampp\htdocs\pos\system\Database\BaseBuilder.php(2263): CodeIgniter\Database\BaseConnection->query('INSERT INTO `di...', Array, false)
#4 C:\xampp\htdocs\pos\system\Model.php(278): CodeIgniter\Database\BaseBuilder->insert()
#5 C:\xampp\htdocs\pos\system\BaseModel.php(758): CodeIgniter\Model->doInsert(Array)
#6 C:\xampp\htdocs\pos\system\Model.php(705): CodeIgniter\BaseModel->insert(Array, false)
#7 C:\xampp\htdocs\pos\system\BaseModel.php(667): CodeIgniter\Model->insert(Array, false)
#8 C:\xampp\htdocs\pos\app\Controllers\DatosPersonales.php(87): CodeIgniter\BaseModel->save(Array)
#9 C:\xampp\htdocs\pos\app\Controllers\Usuarios.php(140): App\Controllers\DatosPersonales->insertarDireccion('Vi\xC3\xB1a del mar', 'Placilla', '123', NULL)
#10 C:\xampp\htdocs\pos\system\CodeIgniter.php(936): App\Controllers\Usuarios->insertar()
#11 C:\xampp\htdocs\pos\system\CodeIgniter.php(432): CodeIgniter\CodeIgniter->runController(Object(App\Controllers\Usuarios))
#12 C:\xampp\htdocs\pos\system\CodeIgniter.php(333): CodeIgniter\CodeIgniter->handleRequest(NULL, Object(Config\Cache), false)
#13 C:\xampp\htdocs\pos\public\index.php(46): CodeIgniter\CodeIgniter->run()
#14 {main}
CRITICAL - 2021-06-22 00:13:18 --> Column 'comuna_fk' cannot be null
#0 C:\xampp\htdocs\pos\system\Database\MySQLi\Connection.php(314): mysqli->query('INSERT INTO `di...')
#1 C:\xampp\htdocs\pos\system\Database\BaseConnection.php(713): CodeIgniter\Database\MySQLi\Connection->execute('INSERT INTO `di...')
#2 C:\xampp\htdocs\pos\system\Database\BaseConnection.php(641): CodeIgniter\Database\BaseConnection->simpleQuery('INSERT INTO `di...')
#3 C:\xampp\htdocs\pos\system\Database\BaseBuilder.php(2263): CodeIgniter\Database\BaseConnection->query('INSERT INTO `di...', Array, false)
#4 C:\xampp\htdocs\pos\system\Model.php(278): CodeIgniter\Database\BaseBuilder->insert()
#5 C:\xampp\htdocs\pos\system\BaseModel.php(758): CodeIgniter\Model->doInsert(Array)
#6 C:\xampp\htdocs\pos\system\Model.php(705): CodeIgniter\BaseModel->insert(Array, false)
#7 C:\xampp\htdocs\pos\system\BaseModel.php(667): CodeIgniter\Model->insert(Array, false)
#8 C:\xampp\htdocs\pos\app\Controllers\DatosPersonales.php(87): CodeIgniter\BaseModel->save(Array)
#9 C:\xampp\htdocs\pos\app\Controllers\Usuarios.php(140): App\Controllers\DatosPersonales->insertarDireccion('Vi\xC3\xB1a del mar', 'Placilla', '123', NULL)
#10 C:\xampp\htdocs\pos\system\CodeIgniter.php(936): App\Controllers\Usuarios->insertar()
#11 C:\xampp\htdocs\pos\system\CodeIgniter.php(432): CodeIgniter\CodeIgniter->runController(Object(App\Controllers\Usuarios))
#12 C:\xampp\htdocs\pos\system\CodeIgniter.php(333): CodeIgniter\CodeIgniter->handleRequest(NULL, Object(Config\Cache), false)
#13 C:\xampp\htdocs\pos\public\index.php(46): CodeIgniter\CodeIgniter->run()
#14 {main}
ERROR - 2021-06-22 00:14:24 --> mysqli_sql_exception: Column 'comuna_fk' cannot be null in C:\xampp\htdocs\pos\system\Database\MySQLi\Connection.php:314
Stack trace:
#0 C:\xampp\htdocs\pos\system\Database\MySQLi\Connection.php(314): mysqli->query('INSERT INTO `di...')
#1 C:\xampp\htdocs\pos\system\Database\BaseConnection.php(713): CodeIgniter\Database\MySQLi\Connection->execute('INSERT INTO `di...')
#2 C:\xampp\htdocs\pos\system\Database\BaseConnection.php(641): CodeIgniter\Database\BaseConnection->simpleQuery('INSERT INTO `di...')
#3 C:\xampp\htdocs\pos\system\Database\BaseBuilder.php(2263): CodeIgniter\Database\BaseConnection->query('INSERT INTO `di...', Array, false)
#4 C:\xampp\htdocs\pos\system\Model.php(278): CodeIgniter\Database\BaseBuilder->insert()
#5 C:\xampp\htdocs\pos\system\BaseModel.php(758): CodeIgniter\Model->doInsert(Array)
#6 C:\xampp\htdocs\pos\system\Model.php(705): CodeIgniter\BaseModel->insert(Array, false)
#7 C:\xampp\htdocs\pos\system\BaseModel.php(667): CodeIgniter\Model->insert(Array, false)
#8 C:\xampp\htdocs\pos\app\Controllers\DatosPersonales.php(87): CodeIgniter\BaseModel->save(Array)
#9 C:\xampp\htdocs\pos\app\Controllers\Usuarios.php(140): App\Controllers\DatosPersonales->insertarDireccion('Vi\xC3\xB1a del mar', 'Placilla', '938944753', NULL)
#10 C:\xampp\htdocs\pos\system\CodeIgniter.php(936): App\Controllers\Usuarios->insertar()
#11 C:\xampp\htdocs\pos\system\CodeIgniter.php(432): CodeIgniter\CodeIgniter->runController(Object(App\Controllers\Usuarios))
#12 C:\xampp\htdocs\pos\system\CodeIgniter.php(333): CodeIgniter\CodeIgniter->handleRequest(NULL, Object(Config\Cache), false)
#13 C:\xampp\htdocs\pos\public\index.php(46): CodeIgniter\CodeIgniter->run()
#14 {main}
CRITICAL - 2021-06-22 00:14:24 --> Column 'comuna_fk' cannot be null
#0 C:\xampp\htdocs\pos\system\Database\MySQLi\Connection.php(314): mysqli->query('INSERT INTO `di...')
#1 C:\xampp\htdocs\pos\system\Database\BaseConnection.php(713): CodeIgniter\Database\MySQLi\Connection->execute('INSERT INTO `di...')
#2 C:\xampp\htdocs\pos\system\Database\BaseConnection.php(641): CodeIgniter\Database\BaseConnection->simpleQuery('INSERT INTO `di...')
#3 C:\xampp\htdocs\pos\system\Database\BaseBuilder.php(2263): CodeIgniter\Database\BaseConnection->query('INSERT INTO `di...', Array, false)
#4 C:\xampp\htdocs\pos\system\Model.php(278): CodeIgniter\Database\BaseBuilder->insert()
#5 C:\xampp\htdocs\pos\system\BaseModel.php(758): CodeIgniter\Model->doInsert(Array)
#6 C:\xampp\htdocs\pos\system\Model.php(705): CodeIgniter\BaseModel->insert(Array, false)
#7 C:\xampp\htdocs\pos\system\BaseModel.php(667): CodeIgniter\Model->insert(Array, false)
#8 C:\xampp\htdocs\pos\app\Controllers\DatosPersonales.php(87): CodeIgniter\BaseModel->save(Array)
#9 C:\xampp\htdocs\pos\app\Controllers\Usuarios.php(140): App\Controllers\DatosPersonales->insertarDireccion('Vi\xC3\xB1a del mar', 'Placilla', '938944753', NULL)
#10 C:\xampp\htdocs\pos\system\CodeIgniter.php(936): App\Controllers\Usuarios->insertar()
#11 C:\xampp\htdocs\pos\system\CodeIgniter.php(432): CodeIgniter\CodeIgniter->runController(Object(App\Controllers\Usuarios))
#12 C:\xampp\htdocs\pos\system\CodeIgniter.php(333): CodeIgniter\CodeIgniter->handleRequest(NULL, Object(Config\Cache), false)
#13 C:\xampp\htdocs\pos\public\index.php(46): CodeIgniter\CodeIgniter->run()
#14 {main}
ERROR - 2021-06-22 00:19:44 --> mysqli_sql_exception: Column 'comuna_fk' cannot be null in C:\xampp\htdocs\pos\system\Database\MySQLi\Connection.php:314
Stack trace:
#0 C:\xampp\htdocs\pos\system\Database\MySQLi\Connection.php(314): mysqli->query('INSERT INTO `di...')
#1 C:\xampp\htdocs\pos\system\Database\BaseConnection.php(713): CodeIgniter\Database\MySQLi\Connection->execute('INSERT INTO `di...')
#2 C:\xampp\htdocs\pos\system\Database\BaseConnection.php(641): CodeIgniter\Database\BaseConnection->simpleQuery('INSERT INTO `di...')
#3 C:\xampp\htdocs\pos\system\Database\BaseBuilder.php(2263): CodeIgniter\Database\BaseConnection->query('INSERT INTO `di...', Array, false)
#4 C:\xampp\htdocs\pos\system\Model.php(278): CodeIgniter\Database\BaseBuilder->insert()
#5 C:\xampp\htdocs\pos\system\BaseModel.php(758): CodeIgniter\Model->doInsert(Array)
#6 C:\xampp\htdocs\pos\system\Model.php(705): CodeIgniter\BaseModel->insert(Array, false)
#7 C:\xampp\htdocs\pos\system\BaseModel.php(667): CodeIgniter\Model->insert(Array, false)
#8 C:\xampp\htdocs\pos\app\Controllers\DatosPersonales.php(97): CodeIgniter\BaseModel->save(Array)
#9 C:\xampp\htdocs\pos\app\Controllers\Proveedor.php(92): App\Controllers\DatosPersonales->insertarDireccionProveedor('Vi\xC3\xB1a del mar', 'Placilla', '123', NULL)
#10 C:\xampp\htdocs\pos\system\CodeIgniter.php(936): App\Controllers\Proveedor->insertarProveedor()
#11 C:\xampp\htdocs\pos\system\CodeIgniter.php(432): CodeIgniter\CodeIgniter->runController(Object(App\Controllers\Proveedor))
#12 C:\xampp\htdocs\pos\system\CodeIgniter.php(333): CodeIgniter\CodeIgniter->handleRequest(NULL, Object(Config\Cache), false)
#13 C:\xampp\htdocs\pos\public\index.php(46): CodeIgniter\CodeIgniter->run()
#14 {main}
CRITICAL - 2021-06-22 00:19:44 --> Column 'comuna_fk' cannot be null
#0 C:\xampp\htdocs\pos\system\Database\MySQLi\Connection.php(314): mysqli->query('INSERT INTO `di...')
#1 C:\xampp\htdocs\pos\system\Database\BaseConnection.php(713): CodeIgniter\Database\MySQLi\Connection->execute('INSERT INTO `di...')
#2 C:\xampp\htdocs\pos\system\Database\BaseConnection.php(641): CodeIgniter\Database\BaseConnection->simpleQuery('INSERT INTO `di...')
#3 C:\xampp\htdocs\pos\system\Database\BaseBuilder.php(2263): CodeIgniter\Database\BaseConnection->query('INSERT INTO `di...', Array, false)
#4 C:\xampp\htdocs\pos\system\Model.php(278): CodeIgniter\Database\BaseBuilder->insert()
#5 C:\xampp\htdocs\pos\system\BaseModel.php(758): CodeIgniter\Model->doInsert(Array)
#6 C:\xampp\htdocs\pos\system\Model.php(705): CodeIgniter\BaseModel->insert(Array, false)
#7 C:\xampp\htdocs\pos\system\BaseModel.php(667): CodeIgniter\Model->insert(Array, false)
#8 C:\xampp\htdocs\pos\app\Controllers\DatosPersonales.php(97): CodeIgniter\BaseModel->save(Array)
#9 C:\xampp\htdocs\pos\app\Controllers\Proveedor.php(92): App\Controllers\DatosPersonales->insertarDireccionProveedor('Vi\xC3\xB1a del mar', 'Placilla', '123', NULL)
#10 C:\xampp\htdocs\pos\system\CodeIgniter.php(936): App\Controllers\Proveedor->insertarProveedor()
#11 C:\xampp\htdocs\pos\system\CodeIgniter.php(432): CodeIgniter\CodeIgniter->runController(Object(App\Controllers\Proveedor))
#12 C:\xampp\htdocs\pos\system\CodeIgniter.php(333): CodeIgniter\CodeIgniter->handleRequest(NULL, Object(Config\Cache), false)
#13 C:\xampp\htdocs\pos\public\index.php(46): CodeIgniter\CodeIgniter->run()
#14 {main}
CRITICAL - 2021-06-22 00:19:55 --> Trying to access array offset on value of type null
#0 C:\xampp\htdocs\pos\app\Controllers\ProductosAdmin.php(291): CodeIgniter\Debug\Exceptions->errorHandler(2, 'Trying to acces...', 'C:\\xampp\\htdocs...', 291)
#1 C:\xampp\htdocs\pos\system\CodeIgniter.php(936): App\Controllers\ProductosAdmin->editarEmp('img', 'footer', '1.png')
#2 C:\xampp\htdocs\pos\system\CodeIgniter.php(432): CodeIgniter\CodeIgniter->runController(Object(App\Controllers\ProductosAdmin))
#3 C:\xampp\htdocs\pos\system\CodeIgniter.php(333): CodeIgniter\CodeIgniter->handleRequest(NULL, Object(Config\Cache), false)
#4 C:\xampp\htdocs\pos\public\index.php(46): CodeIgniter\CodeIgniter->run()
#5 {main}
CRITICAL - 2021-06-22 00:19:55 --> Trying to access array offset on value of type null
#0 C:\xampp\htdocs\pos\app\Controllers\ProductosAdmin.php(291): CodeIgniter\Debug\Exceptions->errorHandler(2, 'Trying to acces...', 'C:\\xampp\\htdocs...', 291)
#1 C:\xampp\htdocs\pos\system\CodeIgniter.php(936): App\Controllers\ProductosAdmin->editarEmp('img', 'icon', 'favicon.png')
#2 C:\xampp\htdocs\pos\system\CodeIgniter.php(432): CodeIgniter\CodeIgniter->runController(Object(App\Controllers\ProductosAdmin))
#3 C:\xampp\htdocs\pos\system\CodeIgniter.php(333): CodeIgniter\CodeIgniter->handleRequest(NULL, Object(Config\Cache), false)
#4 C:\xampp\htdocs\pos\public\index.php(46): CodeIgniter\CodeIgniter->run()
#5 {main}
CRITICAL - 2021-06-22 00:50:24 --> Undefined property: App\Controllers\Usuarios::$usuario
#0 C:\xampp\htdocs\pos\app\Controllers\Usuarios.php(482): CodeIgniter\Debug\Exceptions->errorHandler(2, 'Undefined prope...', 'C:\\xampp\\htdocs...', 482)
#1 C:\xampp\htdocs\pos\system\CodeIgniter.php(936): App\Controllers\Usuarios->crearUsuarioVenta()
#2 C:\xampp\htdocs\pos\system\CodeIgniter.php(432): CodeIgniter\CodeIgniter->runController(Object(App\Controllers\Usuarios))
#3 C:\xampp\htdocs\pos\system\CodeIgniter.php(333): CodeIgniter\CodeIgniter->handleRequest(NULL, Object(Config\Cache), false)
#4 C:\xampp\htdocs\pos\public\index.php(46): CodeIgniter\CodeIgniter->run()
#5 {main}
CRITICAL - 2021-06-22 01:04:51 --> Trying to access array offset on value of type null
#0 C:\xampp\htdocs\pos\app\Controllers\Ventas.php(438): CodeIgniter\Debug\Exceptions->errorHandler(2, 'Trying to acces...', 'C:\\xampp\\htdocs...', 438)
#1 C:\xampp\htdocs\pos\system\CodeIgniter.php(936): App\Controllers\Ventas->cargartoComprobante()
#2 C:\xampp\htdocs\pos\system\CodeIgniter.php(432): CodeIgniter\CodeIgniter->runController(Object(App\Controllers\Ventas))
#3 C:\xampp\htdocs\pos\system\CodeIgniter.php(333): CodeIgniter\CodeIgniter->handleRequest(NULL, Object(Config\Cache), false)
#4 C:\xampp\htdocs\pos\public\index.php(46): CodeIgniter\CodeIgniter->run()
#5 {main}
CRITICAL - 2021-06-22 01:07:44 --> Trying to access array offset on value of type null
#0 C:\xampp\htdocs\pos\app\Controllers\Ventas.php(458): CodeIgniter\Debug\Exceptions->errorHandler(2, 'Trying to acces...', 'C:\\xampp\\htdocs...', 458)
#1 C:\xampp\htdocs\pos\system\CodeIgniter.php(936): App\Controllers\Ventas->cargartoComprobante()
#2 C:\xampp\htdocs\pos\system\CodeIgniter.php(432): CodeIgniter\CodeIgniter->runController(Object(App\Controllers\Ventas))
#3 C:\xampp\htdocs\pos\system\CodeIgniter.php(333): CodeIgniter\CodeIgniter->handleRequest(NULL, Object(Config\Cache), false)
#4 C:\xampp\htdocs\pos\public\index.php(46): CodeIgniter\CodeIgniter->run()
#5 {main}
CRITICAL - 2021-06-22 01:08:56 --> Trying to access array offset on value of type null
#0 C:\xampp\htdocs\pos\app\Controllers\Ventas.php(438): CodeIgniter\Debug\Exceptions->errorHandler(2, 'Trying to acces...', 'C:\\xampp\\htdocs...', 438)
#1 C:\xampp\htdocs\pos\system\CodeIgniter.php(936): App\Controllers\Ventas->cargartoComprobante()
#2 C:\xampp\htdocs\pos\system\CodeIgniter.php(432): CodeIgniter\CodeIgniter->runController(Object(App\Controllers\Ventas))
#3 C:\xampp\htdocs\pos\system\CodeIgniter.php(333): CodeIgniter\CodeIgniter->handleRequest(NULL, Object(Config\Cache), false)
#4 C:\xampp\htdocs\pos\public\index.php(46): CodeIgniter\CodeIgniter->run()
#5 {main}
CRITICAL - 2021-06-22 01:09:25 --> file_get_contents(): Read of 8192 bytes failed with errno=13 Permission denied
#0 [internal function]: CodeIgniter\Debug\Exceptions->errorHandler(8, 'file_get_conten...', 'C:\\xampp\\htdocs...', 83)
#1 C:\xampp\htdocs\pos\system\Debug\Toolbar\Collectors\History.php(83): file_get_contents('C:\\xampp\\htdocs...')
#2 C:\xampp\htdocs\pos\system\Debug\Toolbar.php(441): CodeIgniter\Debug\Toolbar\Collectors\History->setFiles(1624342165, 20)
#3 C:\xampp\htdocs\pos\system\Debug\Toolbar.php(413): CodeIgniter\Debug\Toolbar->format(Array, 'html')
#4 C:\xampp\htdocs\pos\app\Config\Events.php(52): CodeIgniter\Debug\Toolbar->respond()
#5 [internal function]: CodeIgniter\Events\Events::Config\{closure}()
#6 C:\xampp\htdocs\pos\system\Events\Events.php(166): call_user_func(Object(Closure))
#7 C:\xampp\htdocs\pos\system\CodeIgniter.php(314): CodeIgniter\Events\Events::trigger('pre_system')
#8 C:\xampp\htdocs\pos\public\index.php(46): CodeIgniter\CodeIgniter->run()
#9 {main}
ERROR - 2021-06-22 07:12:59 --> mysqli_sql_exception: Column 'comuna_fk' cannot be null in C:\xampp\htdocs\pos\system\Database\MySQLi\Connection.php:314
Stack trace:
#0 C:\xampp\htdocs\pos\system\Database\MySQLi\Connection.php(314): mysqli->query('INSERT INTO `di...')
#1 C:\xampp\htdocs\pos\system\Database\BaseConnection.php(713): CodeIgniter\Database\MySQLi\Connection->execute('INSERT INTO `di...')
#2 C:\xampp\htdocs\pos\system\Database\BaseConnection.php(641): CodeIgniter\Database\BaseConnection->simpleQuery('INSERT INTO `di...')
#3 C:\xampp\htdocs\pos\system\Database\BaseBuilder.php(2263): CodeIgniter\Database\BaseConnection->query('INSERT INTO `di...', Array, false)
#4 C:\xampp\htdocs\pos\system\Model.php(278): CodeIgniter\Database\BaseBuilder->insert()
#5 C:\xampp\htdocs\pos\system\BaseModel.php(758): CodeIgniter\Model->doInsert(Array)
#6 C:\xampp\htdocs\pos\system\Model.php(705): CodeIgniter\BaseModel->insert(Array, false)
#7 C:\xampp\htdocs\pos\system\BaseModel.php(667): CodeIgniter\Model->insert(Array, false)
#8 C:\xampp\htdocs\pos\app\Controllers\DatosPersonales.php(87): CodeIgniter\BaseModel->save(Array)
#9 C:\xampp\htdocs\pos\app\Controllers\Usuarios.php(140): App\Controllers\DatosPersonales->insertarDireccion('Vi\xC3\xB1a del mar', 'Placilla', '1233', NULL)
#10 C:\xampp\htdocs\pos\system\CodeIgniter.php(936): App\Controllers\Usuarios->insertar()
#11 C:\xampp\htdocs\pos\system\CodeIgniter.php(432): CodeIgniter\CodeIgniter->runController(Object(App\Controllers\Usuarios))
#12 C:\xampp\htdocs\pos\system\CodeIgniter.php(333): CodeIgniter\CodeIgniter->handleRequest(NULL, Object(Config\Cache), false)
#13 C:\xampp\htdocs\pos\public\index.php(46): CodeIgniter\CodeIgniter->run()
#14 {main}
CRITICAL - 2021-06-22 07:12:59 --> Column 'comuna_fk' cannot be null
#0 C:\xampp\htdocs\pos\system\Database\MySQLi\Connection.php(314): mysqli->query('INSERT INTO `di...')
#1 C:\xampp\htdocs\pos\system\Database\BaseConnection.php(713): CodeIgniter\Database\MySQLi\Connection->execute('INSERT INTO `di...')
#2 C:\xampp\htdocs\pos\system\Database\BaseConnection.php(641): CodeIgniter\Database\BaseConnection->simpleQuery('INSERT INTO `di...')
#3 C:\xampp\htdocs\pos\system\Database\BaseBuilder.php(2263): CodeIgniter\Database\BaseConnection->query('INSERT INTO `di...', Array, false)
#4 C:\xampp\htdocs\pos\system\Model.php(278): CodeIgniter\Database\BaseBuilder->insert()
#5 C:\xampp\htdocs\pos\system\BaseModel.php(758): CodeIgniter\Model->doInsert(Array)
#6 C:\xampp\htdocs\pos\system\Model.php(705): CodeIgniter\BaseModel->insert(Array, false)
#7 C:\xampp\htdocs\pos\system\BaseModel.php(667): CodeIgniter\Model->insert(Array, false)
#8 C:\xampp\htdocs\pos\app\Controllers\DatosPersonales.php(87): CodeIgniter\BaseModel->save(Array)
#9 C:\xampp\htdocs\pos\app\Controllers\Usuarios.php(140): App\Controllers\DatosPersonales->insertarDireccion('Vi\xC3\xB1a del mar', 'Placilla', '1233', NULL)
#10 C:\xampp\htdocs\pos\system\CodeIgniter.php(936): App\Controllers\Usuarios->insertar()
#11 C:\xampp\htdocs\pos\system\CodeIgniter.php(432): CodeIgniter\CodeIgniter->runController(Object(App\Controllers\Usuarios))
#12 C:\xampp\htdocs\pos\system\CodeIgniter.php(333): CodeIgniter\CodeIgniter->handleRequest(NULL, Object(Config\Cache), false)
#13 C:\xampp\htdocs\pos\public\index.php(46): CodeIgniter\CodeIgniter->run()
#14 {main}
CRITICAL - 2021-06-22 08:02:55 --> Too few arguments to function App\Controllers\Empresas::boolClienteEmpresa(), 0 passed in C:\xampp\htdocs\pos\system\CodeIgniter.php on line 936 and exactly 1 expected
#0 C:\xampp\htdocs\pos\system\CodeIgniter.php(936): App\Controllers\Empresas->boolClienteEmpresa()
#1 C:\xampp\htdocs\pos\system\CodeIgniter.php(432): CodeIgniter\CodeIgniter->runController(Object(App\Controllers\Empresas))
#2 C:\xampp\htdocs\pos\system\CodeIgniter.php(333): CodeIgniter\CodeIgniter->handleRequest(NULL, Object(Config\Cache), false)
#3 C:\xampp\htdocs\pos\public\index.php(46): CodeIgniter\CodeIgniter->run()
#4 {main}
CRITICAL - 2021-06-22 08:03:21 --> Too few arguments to function App\Controllers\Empleados::buscarPorIdUsuario(), 0 passed in C:\xampp\htdocs\pos\system\CodeIgniter.php on line 936 and exactly 1 expected
#0 C:\xampp\htdocs\pos\system\CodeIgniter.php(936): App\Controllers\Empleados->buscarPorIdUsuario()
#1 C:\xampp\htdocs\pos\system\CodeIgniter.php(432): CodeIgniter\CodeIgniter->runController(Object(App\Controllers\Empleados))
#2 C:\xampp\htdocs\pos\system\CodeIgniter.php(333): CodeIgniter\CodeIgniter->handleRequest(NULL, Object(Config\Cache), false)
#3 C:\xampp\htdocs\pos\public\index.php(46): CodeIgniter\CodeIgniter->run()
#4 {main}
CRITICAL - 2021-06-22 08:14:26 --> Trying to access array offset on value of type null
#0 C:\xampp\htdocs\pos\app\Controllers\Ventas.php(438): CodeIgniter\Debug\Exceptions->errorHandler(2, 'Trying to acces...', 'C:\\xampp\\htdocs...', 438)
#1 C:\xampp\htdocs\pos\system\CodeIgniter.php(936): App\Controllers\Ventas->cargartoComprobante()
#2 C:\xampp\htdocs\pos\system\CodeIgniter.php(432): CodeIgniter\CodeIgniter->runController(Object(App\Controllers\Ventas))
#3 C:\xampp\htdocs\pos\system\CodeIgniter.php(333): CodeIgniter\CodeIgniter->handleRequest(NULL, Object(Config\Cache), false)
#4 C:\xampp\htdocs\pos\public\index.php(46): CodeIgniter\CodeIgniter->run()
#5 {main}
CRITICAL - 2021-06-22 08:14:42 --> Undefined variable $totalTime
#0 C:\xampp\htdocs\pos\system\Debug\Toolbar\Views\toolbar.tpl.php(41): CodeIgniter\Debug\Exceptions->errorHandler(2, 'Undefined varia...', 'C:\\xampp\\htdocs...', 41)
#1 C:\xampp\htdocs\pos\system\Debug\Toolbar.php(456): include('C:\\xampp\\htdocs...')
#2 C:\xampp\htdocs\pos\system\Debug\Toolbar.php(413): CodeIgniter\Debug\Toolbar->format(Array, 'html')
#3 C:\xampp\htdocs\pos\app\Config\Events.php(52): CodeIgniter\Debug\Toolbar->respond()
#4 [internal function]: CodeIgniter\Events\Events::Config\{closure}()
#5 C:\xampp\htdocs\pos\system\Events\Events.php(166): call_user_func(Object(Closure))
#6 C:\xampp\htdocs\pos\system\CodeIgniter.php(314): CodeIgniter\Events\Events::trigger('pre_system')
#7 C:\xampp\htdocs\pos\public\index.php(46): CodeIgniter\CodeIgniter->run()
#8 {main}
CRITICAL - 2021-06-22 08:39:18 --> Too few arguments to function App\Controllers\Empresas::boolClienteEmpresa(), 0 passed in C:\xampp\htdocs\pos\system\CodeIgniter.php on line 936 and exactly 1 expected
#0 C:\xampp\htdocs\pos\system\CodeIgniter.php(936): App\Controllers\Empresas->boolClienteEmpresa()
#1 C:\xampp\htdocs\pos\system\CodeIgniter.php(432): CodeIgniter\CodeIgniter->runController(Object(App\Controllers\Empresas))
#2 C:\xampp\htdocs\pos\system\CodeIgniter.php(333): CodeIgniter\CodeIgniter->handleRequest(NULL, Object(Config\Cache), false)
#3 C:\xampp\htdocs\pos\public\index.php(46): CodeIgniter\CodeIgniter->run()
#4 {main}
CRITICAL - 2021-06-22 08:41:04 --> Too few arguments to function App\Controllers\Empresas::boolClienteEmpresa(), 0 passed in C:\xampp\htdocs\pos\system\CodeIgniter.php on line 936 and exactly 1 expected
#0 C:\xampp\htdocs\pos\system\CodeIgniter.php(936): App\Controllers\Empresas->boolClienteEmpresa()
#1 C:\xampp\htdocs\pos\system\CodeIgniter.php(432): CodeIgniter\CodeIgniter->runController(Object(App\Controllers\Empresas))
#2 C:\xampp\htdocs\pos\system\CodeIgniter.php(333): CodeIgniter\CodeIgniter->handleRequest(NULL, Object(Config\Cache), false)
#3 C:\xampp\htdocs\pos\public\index.php(46): CodeIgniter\CodeIgniter->run()
#4 {main}
ERROR - 2021-06-22 08:44:29 --> mysqli_sql_exception: Column 'fecha_vencimiento' cannot be null in C:\xampp\htdocs\pos\system\Database\MySQLi\Connection.php:314
Stack trace:
#0 C:\xampp\htdocs\pos\system\Database\MySQLi\Connection.php(314): mysqli->query('INSERT INTO `de...')
#1 C:\xampp\htdocs\pos\system\Database\BaseConnection.php(713): CodeIgniter\Database\MySQLi\Connection->execute('INSERT INTO `de...')
#2 C:\xampp\htdocs\pos\system\Database\BaseConnection.php(641): CodeIgniter\Database\BaseConnection->simpleQuery('INSERT INTO `de...')
#3 C:\xampp\htdocs\pos\system\Database\BaseBuilder.php(2263): CodeIgniter\Database\BaseConnection->query('INSERT INTO `de...', Array, false)
#4 C:\xampp\htdocs\pos\system\Model.php(278): CodeIgniter\Database\BaseBuilder->insert()
#5 C:\xampp\htdocs\pos\system\BaseModel.php(758): CodeIgniter\Model->doInsert(Array)
#6 C:\xampp\htdocs\pos\system\Model.php(705): CodeIgniter\BaseModel->insert(Array, false)
#7 C:\xampp\htdocs\pos\system\BaseModel.php(667): CodeIgniter\Model->insert(Array, false)
#8 C:\xampp\htdocs\pos\app\Controllers\DetalleProducto.php(36): CodeIgniter\BaseModel->save(Array)
#9 C:\xampp\htdocs\pos\app\Controllers\ProductosAdmin.php(107): App\Controllers\DetalleProducto->agregarFecha(NULL)
#10 C:\xampp\htdocs\pos\system\CodeIgniter.php(936): App\Controllers\ProductosAdmin->NuevoProducto()
#11 C:\xampp\htdocs\pos\system\CodeIgniter.php(432): CodeIgniter\CodeIgniter->runController(Object(App\Controllers\ProductosAdmin))
#12 C:\xampp\htdocs\pos\system\CodeIgniter.php(333): CodeIgniter\CodeIgniter->handleRequest(NULL, Object(Config\Cache), false)
#13 C:\xampp\htdocs\pos\public\index.php(46): CodeIgniter\CodeIgniter->run()
#14 {main}
CRITICAL - 2021-06-22 08:44:29 --> Column 'fecha_vencimiento' cannot be null
#0 C:\xampp\htdocs\pos\system\Database\MySQLi\Connection.php(314): mysqli->query('INSERT INTO `de...')
#1 C:\xampp\htdocs\pos\system\Database\BaseConnection.php(713): CodeIgniter\Database\MySQLi\Connection->execute('INSERT INTO `de...')
#2 C:\xampp\htdocs\pos\system\Database\BaseConnection.php(641): CodeIgniter\Database\BaseConnection->simpleQuery('INSERT INTO `de...')
#3 C:\xampp\htdocs\pos\system\Database\BaseBuilder.php(2263): CodeIgniter\Database\BaseConnection->query('INSERT INTO `de...', Array, false)
#4 C:\xampp\htdocs\pos\system\Model.php(278): CodeIgniter\Database\BaseBuilder->insert()
#5 C:\xampp\htdocs\pos\system\BaseModel.php(758): CodeIgniter\Model->doInsert(Array)
#6 C:\xampp\htdocs\pos\system\Model.php(705): CodeIgniter\BaseModel->insert(Array, false)
#7 C:\xampp\htdocs\pos\system\BaseModel.php(667): CodeIgniter\Model->insert(Array, false)
#8 C:\xampp\htdocs\pos\app\Controllers\DetalleProducto.php(36): CodeIgniter\BaseModel->save(Array)
#9 C:\xampp\htdocs\pos\app\Controllers\ProductosAdmin.php(107): App\Controllers\DetalleProducto->agregarFecha(NULL)
#10 C:\xampp\htdocs\pos\system\CodeIgniter.php(936): App\Controllers\ProductosAdmin->NuevoProducto()
#11 C:\xampp\htdocs\pos\system\CodeIgniter.php(432): CodeIgniter\CodeIgniter->runController(Object(App\Controllers\ProductosAdmin))
#12 C:\xampp\htdocs\pos\system\CodeIgniter.php(333): CodeIgniter\CodeIgniter->handleRequest(NULL, Object(Config\Cache), false)
#13 C:\xampp\htdocs\pos\public\index.php(46): CodeIgniter\CodeIgniter->run()
#14 {main}
CRITICAL - 2021-06-22 08:50:22 --> foreach() argument must be of type array|object, null given
#0 C:\xampp\htdocs\pos\app\Controllers\SistemaVenta.php(55): CodeIgniter\Debug\Exceptions->errorHandler(2, 'foreach() argum...', 'C:\\xampp\\htdocs...', 55)
#1 C:\xampp\htdocs\pos\system\CodeIgniter.php(936): App\Controllers\SistemaVenta->nuevoDetalleVenta()
#2 C:\xampp\htdocs\pos\system\CodeIgniter.php(432): CodeIgniter\CodeIgniter->runController(Object(App\Controllers\SistemaVenta))
#3 C:\xampp\htdocs\pos\system\CodeIgniter.php(333): CodeIgniter\CodeIgniter->handleRequest(NULL, Object(Config\Cache), false)
#4 C:\xampp\htdocs\pos\public\index.php(46): CodeIgniter\CodeIgniter->run()
#5 {main}
CRITICAL - 2021-06-22 11:37:07 --> Undefined variable $e_tipomoneda
#0 C:\xampp\htdocs\pos\app\Views\administrador\panel_header.php(24): CodeIgniter\Debug\Exceptions->errorHandler(2, 'Undefined varia...', 'C:\\xampp\\htdocs...', 24)
#1 C:\xampp\htdocs\pos\system\View\View.php(220): include('C:\\xampp\\htdocs...')
#2 C:\xampp\htdocs\pos\system\View\View.php(222): CodeIgniter\View\View->CodeIgniter\View\{closure}()
#3 C:\xampp\htdocs\pos\system\Common.php(1217): CodeIgniter\View\View->render('administrador/p...', Array, true)
#4 C:\xampp\htdocs\pos\app\Controllers\Estadistica.php(55): view('administrador/p...', Array)
#5 C:\xampp\htdocs\pos\system\CodeIgniter.php(936): App\Controllers\Estadistica->index()
#6 C:\xampp\htdocs\pos\system\CodeIgniter.php(432): CodeIgniter\CodeIgniter->runController(Object(App\Controllers\Estadistica))
#7 C:\xampp\htdocs\pos\system\CodeIgniter.php(333): CodeIgniter\CodeIgniter->handleRequest(NULL, Object(Config\Cache), false)
#8 C:\xampp\htdocs\pos\public\index.php(46): CodeIgniter\CodeIgniter->run()
#9 {main}
CRITICAL - 2021-06-22 11:37:14 --> Undefined variable $e_tipomoneda
#0 C:\xampp\htdocs\pos\app\Views\administrador\panel_header.php(24): CodeIgniter\Debug\Exceptions->errorHandler(2, 'Undefined varia...', 'C:\\xampp\\htdocs...', 24)
#1 C:\xampp\htdocs\pos\system\View\View.php(220): include('C:\\xampp\\htdocs...')
#2 C:\xampp\htdocs\pos\system\View\View.php(222): CodeIgniter\View\View->CodeIgniter\View\{closure}()
#3 C:\xampp\htdocs\pos\system\Common.php(1217): CodeIgniter\View\View->render('administrador/p...', Array, true)
#4 C:\xampp\htdocs\pos\app\Controllers\Estadistica.php(55): view('administrador/p...', Array)
#5 C:\xampp\htdocs\pos\system\CodeIgniter.php(936): App\Controllers\Estadistica->index()
#6 C:\xampp\htdocs\pos\system\CodeIgniter.php(432): CodeIgniter\CodeIgniter->runController(Object(App\Controllers\Estadistica))
#7 C:\xampp\htdocs\pos\system\CodeIgniter.php(333): CodeIgniter\CodeIgniter->handleRequest(NULL, Object(Config\Cache), false)
#8 C:\xampp\htdocs\pos\public\index.php(46): CodeIgniter\CodeIgniter->run()
#9 {main}
CRITICAL - 2021-06-22 11:51:27 --> Undefined variable $e_tipomoneda
#0 C:\xampp\htdocs\pos\app\Views\administrador\panel_header.php(24): CodeIgniter\Debug\Exceptions->errorHandler(2, 'Undefined varia...', 'C:\\xampp\\htdocs...', 24)
#1 C:\xampp\htdocs\pos\system\View\View.php(220): include('C:\\xampp\\htdocs...')
#2 C:\xampp\htdocs\pos\system\View\View.php(222): CodeIgniter\View\View->CodeIgniter\View\{closure}()
#3 C:\xampp\htdocs\pos\system\Common.php(1217): CodeIgniter\View\View->render('administrador/p...', Array, true)
#4 C:\xampp\htdocs\pos\app\Controllers\Ventas.php(96): view('administrador/p...', Array)
#5 C:\xampp\htdocs\pos\system\CodeIgniter.php(936): App\Controllers\Ventas->index()
#6 C:\xampp\htdocs\pos\system\CodeIgniter.php(432): CodeIgniter\CodeIgniter->runController(Object(App\Controllers\Ventas))
#7 C:\xampp\htdocs\pos\system\CodeIgniter.php(333): CodeIgniter\CodeIgniter->handleRequest(NULL, Object(Config\Cache), false)
#8 C:\xampp\htdocs\pos\public\index.php(46): CodeIgniter\CodeIgniter->run()
#9 {main}
CRITICAL - 2021-06-22 12:19:46 --> Too few arguments to function App\Controllers\Empresas::boolClienteEmpresa(), 0 passed in C:\xampp\htdocs\pos\system\CodeIgniter.php on line 936 and exactly 1 expected
#0 C:\xampp\htdocs\pos\system\CodeIgniter.php(936): App\Controllers\Empresas->boolClienteEmpresa()
#1 C:\xampp\htdocs\pos\system\CodeIgniter.php(432): CodeIgniter\CodeIgniter->runController(Object(App\Controllers\Empresas))
#2 C:\xampp\htdocs\pos\system\CodeIgniter.php(333): CodeIgniter\CodeIgniter->handleRequest(NULL, Object(Config\Cache), false)
#3 C:\xampp\htdocs\pos\public\index.php(46): CodeIgniter\CodeIgniter->run()
#4 {main}
CRITICAL - 2021-06-22 12:30:24 --> Too few arguments to function App\Controllers\Empresas::boolClienteEmpresa(), 0 passed in C:\xampp\htdocs\pos\system\CodeIgniter.php on line 936 and exactly 1 expected
#0 C:\xampp\htdocs\pos\system\CodeIgniter.php(936): App\Controllers\Empresas->boolClienteEmpresa()
#1 C:\xampp\htdocs\pos\system\CodeIgniter.php(432): CodeIgniter\CodeIgniter->runController(Object(App\Controllers\Empresas))
#2 C:\xampp\htdocs\pos\system\CodeIgniter.php(333): CodeIgniter\CodeIgniter->handleRequest(NULL, Object(Config\Cache), false)
#3 C:\xampp\htdocs\pos\public\index.php(46): CodeIgniter\CodeIgniter->run()
#4 {main}
CRITICAL - 2021-06-22 12:30:39 --> Undefined property: App\Controllers\Moneda::$moned
#0 C:\xampp\htdocs\pos\app\Controllers\Moneda.php(58): CodeIgniter\Debug\Exceptions->errorHandler(2, 'Undefined prope...', 'C:\\xampp\\htdocs...', 58)
#1 C:\xampp\htdocs\pos\system\CodeIgniter.php(936): App\Controllers\Moneda->obtValor()
#2 C:\xampp\htdocs\pos\system\CodeIgniter.php(432): CodeIgniter\CodeIgniter->runController(Object(App\Controllers\Moneda))
#3 C:\xampp\htdocs\pos\system\CodeIgniter.php(333): CodeIgniter\CodeIgniter->handleRequest(NULL, Object(Config\Cache), false)
#4 C:\xampp\htdocs\pos\public\index.php(46): CodeIgniter\CodeIgniter->run()
#5 {main}
CRITICAL - 2021-06-22 12:30:39 --> Too few arguments to function App\Controllers\Empresas::boolClienteEmpresa(), 0 passed in C:\xampp\htdocs\pos\system\CodeIgniter.php on line 936 and exactly 1 expected
#0 C:\xampp\htdocs\pos\system\CodeIgniter.php(936): App\Controllers\Empresas->boolClienteEmpresa()
#1 C:\xampp\htdocs\pos\system\CodeIgniter.php(432): CodeIgniter\CodeIgniter->runController(Object(App\Controllers\Empresas))
#2 C:\xampp\htdocs\pos\system\CodeIgniter.php(333): CodeIgniter\CodeIgniter->handleRequest(NULL, Object(Config\Cache), false)
#3 C:\xampp\htdocs\pos\public\index.php(46): CodeIgniter\CodeIgniter->run()
#4 {main}
CRITICAL - 2021-06-22 12:32:42 --> Undefined property: App\Controllers\Moneda::$moned
#0 C:\xampp\htdocs\pos\app\Controllers\Moneda.php(58): CodeIgniter\Debug\Exceptions->errorHandler(2, 'Undefined prope...', 'C:\\xampp\\htdocs...', 58)
#1 C:\xampp\htdocs\pos\system\CodeIgniter.php(936): App\Controllers\Moneda->obtValor()
#2 C:\xampp\htdocs\pos\system\CodeIgniter.php(432): CodeIgniter\CodeIgniter->runController(Object(App\Controllers\Moneda))
#3 C:\xampp\htdocs\pos\system\CodeIgniter.php(333): CodeIgniter\CodeIgniter->handleRequest(NULL, Object(Config\Cache), false)
#4 C:\xampp\htdocs\pos\public\index.php(46): CodeIgniter\CodeIgniter->run()
#5 {main}
CRITICAL - 2021-06-22 12:32:42 --> Too few arguments to function App\Controllers\Empresas::boolClienteEmpresa(), 0 passed in C:\xampp\htdocs\pos\system\CodeIgniter.php on line 936 and exactly 1 expected
#0 C:\xampp\htdocs\pos\system\CodeIgniter.php(936): App\Controllers\Empresas->boolClienteEmpresa()
#1 C:\xampp\htdocs\pos\system\CodeIgniter.php(432): CodeIgniter\CodeIgniter->runController(Object(App\Controllers\Empresas))
#2 C:\xampp\htdocs\pos\system\CodeIgniter.php(333): CodeIgniter\CodeIgniter->handleRequest(NULL, Object(Config\Cache), false)
#3 C:\xampp\htdocs\pos\public\index.php(46): CodeIgniter\CodeIgniter->run()
#4 {main}
CRITICAL - 2021-06-22 12:32:43 --> Undefined property: App\Controllers\Moneda::$moned
#0 C:\xampp\htdocs\pos\app\Controllers\Moneda.php(58): CodeIgniter\Debug\Exceptions->errorHandler(2, 'Undefined prope...', 'C:\\xampp\\htdocs...', 58)
#1 C:\xampp\htdocs\pos\system\CodeIgniter.php(936): App\Controllers\Moneda->obtValor()
#2 C:\xampp\htdocs\pos\system\CodeIgniter.php(432): CodeIgniter\CodeIgniter->runController(Object(App\Controllers\Moneda))
#3 C:\xampp\htdocs\pos\system\CodeIgniter.php(333): CodeIgniter\CodeIgniter->handleRequest(NULL, Object(Config\Cache), false)
#4 C:\xampp\htdocs\pos\public\index.php(46): CodeIgniter\CodeIgniter->run()
#5 {main}
CRITICAL - 2021-06-22 12:33:19 --> Too few arguments to function App\Controllers\Empresas::boolClienteEmpresa(), 0 passed in C:\xampp\htdocs\pos\system\CodeIgniter.php on line 936 and exactly 1 expected
#0 C:\xampp\htdocs\pos\system\CodeIgniter.php(936): App\Controllers\Empresas->boolClienteEmpresa()
#1 C:\xampp\htdocs\pos\system\CodeIgniter.php(432): CodeIgniter\CodeIgniter->runController(Object(App\Controllers\Empresas))
#2 C:\xampp\htdocs\pos\system\CodeIgniter.php(333): CodeIgniter\CodeIgniter->handleRequest(NULL, Object(Config\Cache), false)
#3 C:\xampp\htdocs\pos\public\index.php(46): CodeIgniter\CodeIgniter->run()
#4 {main}
CRITICAL - 2021-06-22 12:33:51 --> Too few arguments to function App\Controllers\Empresas::boolClienteEmpresa(), 0 passed in C:\xampp\htdocs\pos\system\CodeIgniter.php on line 936 and exactly 1 expected
#0 C:\xampp\htdocs\pos\system\CodeIgniter.php(936): App\Controllers\Empresas->boolClienteEmpresa()
#1 C:\xampp\htdocs\pos\system\CodeIgniter.php(432): CodeIgniter\CodeIgniter->runController(Object(App\Controllers\Empresas))
#2 C:\xampp\htdocs\pos\system\CodeIgniter.php(333): CodeIgniter\CodeIgniter->handleRequest(NULL, Object(Config\Cache), false)
#3 C:\xampp\htdocs\pos\public\index.php(46): CodeIgniter\CodeIgniter->run()
#4 {main}
CRITICAL - 2021-06-22 12:34:40 --> Too few arguments to function App\Controllers\Empresas::boolClienteEmpresa(), 0 passed in C:\xampp\htdocs\pos\system\CodeIgniter.php on line 936 and exactly 1 expected
#0 C:\xampp\htdocs\pos\system\CodeIgniter.php(936): App\Controllers\Empresas->boolClienteEmpresa()
#1 C:\xampp\htdocs\pos\system\CodeIgniter.php(432): CodeIgniter\CodeIgniter->runController(Object(App\Controllers\Empresas))
#2 C:\xampp\htdocs\pos\system\CodeIgniter.php(333): CodeIgniter\CodeIgniter->handleRequest(NULL, Object(Config\Cache), false)
#3 C:\xampp\htdocs\pos\public\index.php(46): CodeIgniter\CodeIgniter->run()
#4 {main}
CRITICAL - 2021-06-22 12:38:05 --> Too few arguments to function App\Controllers\Empresas::boolClienteEmpresa(), 0 passed in C:\xampp\htdocs\pos\system\CodeIgniter.php on line 936 and exactly 1 expected
#0 C:\xampp\htdocs\pos\system\CodeIgniter.php(936): App\Controllers\Empresas->boolClienteEmpresa()
#1 C:\xampp\htdocs\pos\system\CodeIgniter.php(432): CodeIgniter\CodeIgniter->runController(Object(App\Controllers\Empresas))
#2 C:\xampp\htdocs\pos\system\CodeIgniter.php(333): CodeIgniter\CodeIgniter->handleRequest(NULL, Object(Config\Cache), false)
#3 C:\xampp\htdocs\pos\public\index.php(46): CodeIgniter\CodeIgniter->run()
#4 {main}
CRITICAL - 2021-06-22 12:38:06 --> Unmatched '}'
#0 C:\xampp\htdocs\pos\system\Router\Router.php(170): CodeIgniter\Router\Router->autoRoute('Moneda/obtValor')
#1 C:\xampp\htdocs\pos\system\CodeIgniter.php(816): CodeIgniter\Router\Router->handle('Moneda/obtValor')
#2 C:\xampp\htdocs\pos\system\CodeIgniter.php(385): CodeIgniter\CodeIgniter->tryToRouteIt(Object(CodeIgniter\Router\RouteCollection))
#3 C:\xampp\htdocs\pos\system\CodeIgniter.php(333): CodeIgniter\CodeIgniter->handleRequest(NULL, Object(Config\Cache), false)
#4 C:\xampp\htdocs\pos\public\index.php(46): CodeIgniter\CodeIgniter->run()
#5 {main}
CRITICAL - 2021-06-22 12:38:06 --> Unmatched '}'
#0 C:\xampp\htdocs\pos\system\Router\Router.php(170): CodeIgniter\Router\Router->autoRoute('Moneda/obtValor')
#1 C:\xampp\htdocs\pos\system\CodeIgniter.php(816): CodeIgniter\Router\Router->handle('Moneda/obtValor')
#2 C:\xampp\htdocs\pos\system\CodeIgniter.php(385): CodeIgniter\CodeIgniter->tryToRouteIt(Object(CodeIgniter\Router\RouteCollection))
#3 C:\xampp\htdocs\pos\system\CodeIgniter.php(333): CodeIgniter\CodeIgniter->handleRequest(NULL, Object(Config\Cache), false)
#4 C:\xampp\htdocs\pos\public\index.php(46): CodeIgniter\CodeIgniter->run()
#5 {main}
CRITICAL - 2021-06-22 12:39:41 --> Too few arguments to function App\Controllers\Empresas::boolClienteEmpresa(), 0 passed in C:\xampp\htdocs\pos\system\CodeIgniter.php on line 936 and exactly 1 expected
#0 C:\xampp\htdocs\pos\system\CodeIgniter.php(936): App\Controllers\Empresas->boolClienteEmpresa()
#1 C:\xampp\htdocs\pos\system\CodeIgniter.php(432): CodeIgniter\CodeIgniter->runController(Object(App\Controllers\Empresas))
#2 C:\xampp\htdocs\pos\system\CodeIgniter.php(333): CodeIgniter\CodeIgniter->handleRequest(NULL, Object(Config\Cache), false)
#3 C:\xampp\htdocs\pos\public\index.php(46): CodeIgniter\CodeIgniter->run()
#4 {main}
CRITICAL - 2021-06-22 12:40:23 --> Too few arguments to function App\Controllers\Empresas::boolClienteEmpresa(), 0 passed in C:\xampp\htdocs\pos\system\CodeIgniter.php on line 936 and exactly 1 expected
#0 C:\xampp\htdocs\pos\system\CodeIgniter.php(936): App\Controllers\Empresas->boolClienteEmpresa()
#1 C:\xampp\htdocs\pos\system\CodeIgniter.php(432): CodeIgniter\CodeIgniter->runController(Object(App\Controllers\Empresas))
#2 C:\xampp\htdocs\pos\system\CodeIgniter.php(333): CodeIgniter\CodeIgniter->handleRequest(NULL, Object(Config\Cache), false)
#3 C:\xampp\htdocs\pos\public\index.php(46): CodeIgniter\CodeIgniter->run()
#4 {main}
CRITICAL - 2021-06-22 12:40:55 --> Too few arguments to function App\Controllers\Empresas::boolClienteEmpresa(), 0 passed in C:\xampp\htdocs\pos\system\CodeIgniter.php on line 936 and exactly 1 expected
#0 C:\xampp\htdocs\pos\system\CodeIgniter.php(936): App\Controllers\Empresas->boolClienteEmpresa()
#1 C:\xampp\htdocs\pos\system\CodeIgniter.php(432): CodeIgniter\CodeIgniter->runController(Object(App\Controllers\Empresas))
#2 C:\xampp\htdocs\pos\system\CodeIgniter.php(333): CodeIgniter\CodeIgniter->handleRequest(NULL, Object(Config\Cache), false)
#3 C:\xampp\htdocs\pos\public\index.php(46): CodeIgniter\CodeIgniter->run()
#4 {main}
CRITICAL - 2021-06-22 12:41:36 --> Too few arguments to function App\Controllers\Empresas::boolClienteEmpresa(), 0 passed in C:\xampp\htdocs\pos\system\CodeIgniter.php on line 936 and exactly 1 expected
#0 C:\xampp\htdocs\pos\system\CodeIgniter.php(936): App\Controllers\Empresas->boolClienteEmpresa()
#1 C:\xampp\htdocs\pos\system\CodeIgniter.php(432): CodeIgniter\CodeIgniter->runController(Object(App\Controllers\Empresas))
#2 C:\xampp\htdocs\pos\system\CodeIgniter.php(333): CodeIgniter\CodeIgniter->handleRequest(NULL, Object(Config\Cache), false)
#3 C:\xampp\htdocs\pos\public\index.php(46): CodeIgniter\CodeIgniter->run()
#4 {main}
CRITICAL - 2021-06-22 12:42:58 --> Too few arguments to function App\Controllers\Empresas::boolClienteEmpresa(), 0 passed in C:\xampp\htdocs\pos\system\CodeIgniter.php on line 936 and exactly 1 expected
#0 C:\xampp\htdocs\pos\system\CodeIgniter.php(936): App\Controllers\Empresas->boolClienteEmpresa()
#1 C:\xampp\htdocs\pos\system\CodeIgniter.php(432): CodeIgniter\CodeIgniter->runController(Object(App\Controllers\Empresas))
#2 C:\xampp\htdocs\pos\system\CodeIgniter.php(333): CodeIgniter\CodeIgniter->handleRequest(NULL, Object(Config\Cache), false)
#3 C:\xampp\htdocs\pos\public\index.php(46): CodeIgniter\CodeIgniter->run()
#4 {main}
CRITICAL - 2021-06-22 12:44:05 --> Too few arguments to function App\Controllers\Empresas::boolClienteEmpresa(), 0 passed in C:\xampp\htdocs\pos\system\CodeIgniter.php on line 936 and exactly 1 expected
#0 C:\xampp\htdocs\pos\system\CodeIgniter.php(936): App\Controllers\Empresas->boolClienteEmpresa()
#1 C:\xampp\htdocs\pos\system\CodeIgniter.php(432): CodeIgniter\CodeIgniter->runController(Object(App\Controllers\Empresas))
#2 C:\xampp\htdocs\pos\system\CodeIgniter.php(333): CodeIgniter\CodeIgniter->handleRequest(NULL, Object(Config\Cache), false)
#3 C:\xampp\htdocs\pos\public\index.php(46): CodeIgniter\CodeIgniter->run()
#4 {main}
CRITICAL - 2021-06-22 12:44:36 --> Too few arguments to function App\Controllers\Empresas::boolClienteEmpresa(), 0 passed in C:\xampp\htdocs\pos\system\CodeIgniter.php on line 936 and exactly 1 expected
#0 C:\xampp\htdocs\pos\system\CodeIgniter.php(936): App\Controllers\Empresas->boolClienteEmpresa()
#1 C:\xampp\htdocs\pos\system\CodeIgniter.php(432): CodeIgniter\CodeIgniter->runController(Object(App\Controllers\Empresas))
#2 C:\xampp\htdocs\pos\system\CodeIgniter.php(333): CodeIgniter\CodeIgniter->handleRequest(NULL, Object(Config\Cache), false)
#3 C:\xampp\htdocs\pos\public\index.php(46): CodeIgniter\CodeIgniter->run()
#4 {main}
CRITICAL - 2021-06-22 12:46:52 --> Too few arguments to function App\Controllers\Empresas::boolClienteEmpresa(), 0 passed in C:\xampp\htdocs\pos\system\CodeIgniter.php on line 936 and exactly 1 expected
#0 C:\xampp\htdocs\pos\system\CodeIgniter.php(936): App\Controllers\Empresas->boolClienteEmpresa()
#1 C:\xampp\htdocs\pos\system\CodeIgniter.php(432): CodeIgniter\CodeIgniter->runController(Object(App\Controllers\Empresas))
#2 C:\xampp\htdocs\pos\system\CodeIgniter.php(333): CodeIgniter\CodeIgniter->handleRequest(NULL, Object(Config\Cache), false)
#3 C:\xampp\htdocs\pos\public\index.php(46): CodeIgniter\CodeIgniter->run()
#4 {main}
CRITICAL - 2021-06-22 12:48:11 --> Too few arguments to function App\Controllers\Empresas::boolClienteEmpresa(), 0 passed in C:\xampp\htdocs\pos\system\CodeIgniter.php on line 936 and exactly 1 expected
#0 C:\xampp\htdocs\pos\system\CodeIgniter.php(936): App\Controllers\Empresas->boolClienteEmpresa()
#1 C:\xampp\htdocs\pos\system\CodeIgniter.php(432): CodeIgniter\CodeIgniter->runController(Object(App\Controllers\Empresas))
#2 C:\xampp\htdocs\pos\system\CodeIgniter.php(333): CodeIgniter\CodeIgniter->handleRequest(NULL, Object(Config\Cache), false)
#3 C:\xampp\htdocs\pos\public\index.php(46): CodeIgniter\CodeIgniter->run()
#4 {main}
CRITICAL - 2021-06-22 12:51:07 --> Too few arguments to function App\Controllers\Empresas::boolClienteEmpresa(), 0 passed in C:\xampp\htdocs\pos\system\CodeIgniter.php on line 936 and exactly 1 expected
#0 C:\xampp\htdocs\pos\system\CodeIgniter.php(936): App\Controllers\Empresas->boolClienteEmpresa()
#1 C:\xampp\htdocs\pos\system\CodeIgniter.php(432): CodeIgniter\CodeIgniter->runController(Object(App\Controllers\Empresas))
#2 C:\xampp\htdocs\pos\system\CodeIgniter.php(333): CodeIgniter\CodeIgniter->handleRequest(NULL, Object(Config\Cache), false)
#3 C:\xampp\htdocs\pos\public\index.php(46): CodeIgniter\CodeIgniter->run()
#4 {main}
CRITICAL - 2021-06-22 12:51:09 --> Call to a member function findAll() on string
#0 C:\xampp\htdocs\pos\system\CodeIgniter.php(936): App\Controllers\Moneda->obtValor()
#1 C:\xampp\htdocs\pos\system\CodeIgniter.php(432): CodeIgniter\CodeIgniter->runController(Object(App\Controllers\Moneda))
#2 C:\xampp\htdocs\pos\system\CodeIgniter.php(333): CodeIgniter\CodeIgniter->handleRequest(NULL, Object(Config\Cache), false)
#3 C:\xampp\htdocs\pos\public\index.php(46): CodeIgniter\CodeIgniter->run()
#4 {main}
CRITICAL - 2021-06-22 12:51:21 --> Too few arguments to function App\Controllers\Empresas::boolClienteEmpresa(), 0 passed in C:\xampp\htdocs\pos\system\CodeIgniter.php on line 936 and exactly 1 expected
#0 C:\xampp\htdocs\pos\system\CodeIgniter.php(936): App\Controllers\Empresas->boolClienteEmpresa()
#1 C:\xampp\htdocs\pos\system\CodeIgniter.php(432): CodeIgniter\CodeIgniter->runController(Object(App\Controllers\Empresas))
#2 C:\xampp\htdocs\pos\system\CodeIgniter.php(333): CodeIgniter\CodeIgniter->handleRequest(NULL, Object(Config\Cache), false)
#3 C:\xampp\htdocs\pos\public\index.php(46): CodeIgniter\CodeIgniter->run()
#4 {main}
CRITICAL - 2021-06-22 12:51:22 --> Call to a member function first() on string
#0 C:\xampp\htdocs\pos\system\CodeIgniter.php(936): App\Controllers\Moneda->obtValor()
#1 C:\xampp\htdocs\pos\system\CodeIgniter.php(432): CodeIgniter\CodeIgniter->runController(Object(App\Controllers\Moneda))
#2 C:\xampp\htdocs\pos\system\CodeIgniter.php(333): CodeIgniter\CodeIgniter->handleRequest(NULL, Object(Config\Cache), false)
#3 C:\xampp\htdocs\pos\public\index.php(46): CodeIgniter\CodeIgniter->run()
#4 {main}
CRITICAL - 2021-06-22 12:53:46 --> Too few arguments to function App\Controllers\Empresas::boolClienteEmpresa(), 0 passed in C:\xampp\htdocs\pos\system\CodeIgniter.php on line 936 and exactly 1 expected
#0 C:\xampp\htdocs\pos\system\CodeIgniter.php(936): App\Controllers\Empresas->boolClienteEmpresa()
#1 C:\xampp\htdocs\pos\system\CodeIgniter.php(432): CodeIgniter\CodeIgniter->runController(Object(App\Controllers\Empresas))
#2 C:\xampp\htdocs\pos\system\CodeIgniter.php(333): CodeIgniter\CodeIgniter->handleRequest(NULL, Object(Config\Cache), false)
#3 C:\xampp\htdocs\pos\public\index.php(46): CodeIgniter\CodeIgniter->run()
#4 {main}
CRITICAL - 2021-06-22 12:54:24 --> Too few arguments to function App\Controllers\Empresas::boolClienteEmpresa(), 0 passed in C:\xampp\htdocs\pos\system\CodeIgniter.php on line 936 and exactly 1 expected
#0 C:\xampp\htdocs\pos\system\CodeIgniter.php(936): App\Controllers\Empresas->boolClienteEmpresa()
#1 C:\xampp\htdocs\pos\system\CodeIgniter.php(432): CodeIgniter\CodeIgniter->runController(Object(App\Controllers\Empresas))
#2 C:\xampp\htdocs\pos\system\CodeIgniter.php(333): CodeIgniter\CodeIgniter->handleRequest(NULL, Object(Config\Cache), false)
#3 C:\xampp\htdocs\pos\public\index.php(46): CodeIgniter\CodeIgniter->run()
#4 {main}
CRITICAL - 2021-06-22 12:55:05 --> Too few arguments to function App\Controllers\Empresas::boolClienteEmpresa(), 0 passed in C:\xampp\htdocs\pos\system\CodeIgniter.php on line 936 and exactly 1 expected
#0 C:\xampp\htdocs\pos\system\CodeIgniter.php(936): App\Controllers\Empresas->boolClienteEmpresa()
#1 C:\xampp\htdocs\pos\system\CodeIgniter.php(432): CodeIgniter\CodeIgniter->runController(Object(App\Controllers\Empresas))
#2 C:\xampp\htdocs\pos\system\CodeIgniter.php(333): CodeIgniter\CodeIgniter->handleRequest(NULL, Object(Config\Cache), false)
#3 C:\xampp\htdocs\pos\public\index.php(46): CodeIgniter\CodeIgniter->run()
#4 {main}
CRITICAL - 2021-06-22 12:55:25 --> Too few arguments to function App\Controllers\Empresas::boolClienteEmpresa(), 0 passed in C:\xampp\htdocs\pos\system\CodeIgniter.php on line 936 and exactly 1 expected
#0 C:\xampp\htdocs\pos\system\CodeIgniter.php(936): App\Controllers\Empresas->boolClienteEmpresa()
#1 C:\xampp\htdocs\pos\system\CodeIgniter.php(432): CodeIgniter\CodeIgniter->runController(Object(App\Controllers\Empresas))
#2 C:\xampp\htdocs\pos\system\CodeIgniter.php(333): CodeIgniter\CodeIgniter->handleRequest(NULL, Object(Config\Cache), false)
#3 C:\xampp\htdocs\pos\public\index.php(46): CodeIgniter\CodeIgniter->run()
#4 {main}
CRITICAL - 2021-06-22 12:58:02 --> Too few arguments to function App\Controllers\Empresas::boolClienteEmpresa(), 0 passed in C:\xampp\htdocs\pos\system\CodeIgniter.php on line 936 and exactly 1 expected
#0 C:\xampp\htdocs\pos\system\CodeIgniter.php(936): App\Controllers\Empresas->boolClienteEmpresa()
#1 C:\xampp\htdocs\pos\system\CodeIgniter.php(432): CodeIgniter\CodeIgniter->runController(Object(App\Controllers\Empresas))
#2 C:\xampp\htdocs\pos\system\CodeIgniter.php(333): CodeIgniter\CodeIgniter->handleRequest(NULL, Object(Config\Cache), false)
#3 C:\xampp\htdocs\pos\public\index.php(46): CodeIgniter\CodeIgniter->run()
#4 {main}
CRITICAL - 2021-06-22 13:10:33 --> Too few arguments to function App\Controllers\Empresas::boolClienteEmpresa(), 0 passed in C:\xampp\htdocs\pos\system\CodeIgniter.php on line 936 and exactly 1 expected
#0 C:\xampp\htdocs\pos\system\CodeIgniter.php(936): App\Controllers\Empresas->boolClienteEmpresa()
#1 C:\xampp\htdocs\pos\system\CodeIgniter.php(432): CodeIgniter\CodeIgniter->runController(Object(App\Controllers\Empresas))
#2 C:\xampp\htdocs\pos\system\CodeIgniter.php(333): CodeIgniter\CodeIgniter->handleRequest(NULL, Object(Config\Cache), false)
#3 C:\xampp\htdocs\pos\public\index.php(46): CodeIgniter\CodeIgniter->run()
#4 {main}
CRITICAL - 2021-06-22 13:11:31 --> Too few arguments to function App\Controllers\Empresas::boolClienteEmpresa(), 0 passed in C:\xampp\htdocs\pos\system\CodeIgniter.php on line 936 and exactly 1 expected
#0 C:\xampp\htdocs\pos\system\CodeIgniter.php(936): App\Controllers\Empresas->boolClienteEmpresa()
#1 C:\xampp\htdocs\pos\system\CodeIgniter.php(432): CodeIgniter\CodeIgniter->runController(Object(App\Controllers\Empresas))
#2 C:\xampp\htdocs\pos\system\CodeIgniter.php(333): CodeIgniter\CodeIgniter->handleRequest(NULL, Object(Config\Cache), false)
#3 C:\xampp\htdocs\pos\public\index.php(46): CodeIgniter\CodeIgniter->run()
#4 {main}
CRITICAL - 2021-06-22 13:11:53 --> Too few arguments to function App\Controllers\Empresas::boolClienteEmpresa(), 0 passed in C:\xampp\htdocs\pos\system\CodeIgniter.php on line 936 and exactly 1 expected
#0 C:\xampp\htdocs\pos\system\CodeIgniter.php(936): App\Controllers\Empresas->boolClienteEmpresa()
#1 C:\xampp\htdocs\pos\system\CodeIgniter.php(432): CodeIgniter\CodeIgniter->runController(Object(App\Controllers\Empresas))
#2 C:\xampp\htdocs\pos\system\CodeIgniter.php(333): CodeIgniter\CodeIgniter->handleRequest(NULL, Object(Config\Cache), false)
#3 C:\xampp\htdocs\pos\public\index.php(46): CodeIgniter\CodeIgniter->run()
#4 {main}
CRITICAL - 2021-06-22 13:13:46 --> Too few arguments to function App\Controllers\Empresas::boolClienteEmpresa(), 0 passed in C:\xampp\htdocs\pos\system\CodeIgniter.php on line 936 and exactly 1 expected
#0 C:\xampp\htdocs\pos\system\CodeIgniter.php(936): App\Controllers\Empresas->boolClienteEmpresa()
#1 C:\xampp\htdocs\pos\system\CodeIgniter.php(432): CodeIgniter\CodeIgniter->runController(Object(App\Controllers\Empresas))
#2 C:\xampp\htdocs\pos\system\CodeIgniter.php(333): CodeIgniter\CodeIgniter->handleRequest(NULL, Object(Config\Cache), false)
#3 C:\xampp\htdocs\pos\public\index.php(46): CodeIgniter\CodeIgniter->run()
#4 {main}
CRITICAL - 2021-06-22 13:14:08 --> Too few arguments to function App\Controllers\Empresas::boolClienteEmpresa(), 0 passed in C:\xampp\htdocs\pos\system\CodeIgniter.php on line 936 and exactly 1 expected
#0 C:\xampp\htdocs\pos\system\CodeIgniter.php(936): App\Controllers\Empresas->boolClienteEmpresa()
#1 C:\xampp\htdocs\pos\system\CodeIgniter.php(432): CodeIgniter\CodeIgniter->runController(Object(App\Controllers\Empresas))
#2 C:\xampp\htdocs\pos\system\CodeIgniter.php(333): CodeIgniter\CodeIgniter->handleRequest(NULL, Object(Config\Cache), false)
#3 C:\xampp\htdocs\pos\public\index.php(46): CodeIgniter\CodeIgniter->run()
#4 {main}
CRITICAL - 2021-06-22 13:16:27 --> Too few arguments to function App\Controllers\Empresas::boolClienteEmpresa(), 0 passed in C:\xampp\htdocs\pos\system\CodeIgniter.php on line 936 and exactly 1 expected
#0 C:\xampp\htdocs\pos\system\CodeIgniter.php(936): App\Controllers\Empresas->boolClienteEmpresa()
#1 C:\xampp\htdocs\pos\system\CodeIgniter.php(432): CodeIgniter\CodeIgniter->runController(Object(App\Controllers\Empresas))
#2 C:\xampp\htdocs\pos\system\CodeIgniter.php(333): CodeIgniter\CodeIgniter->handleRequest(NULL, Object(Config\Cache), false)
#3 C:\xampp\htdocs\pos\public\index.php(46): CodeIgniter\CodeIgniter->run()
#4 {main}
CRITICAL - 2021-06-22 13:21:37 --> Too few arguments to function App\Controllers\Empresas::boolClienteEmpresa(), 0 passed in C:\xampp\htdocs\pos\system\CodeIgniter.php on line 936 and exactly 1 expected
#0 C:\xampp\htdocs\pos\system\CodeIgniter.php(936): App\Controllers\Empresas->boolClienteEmpresa()
#1 C:\xampp\htdocs\pos\system\CodeIgniter.php(432): CodeIgniter\CodeIgniter->runController(Object(App\Controllers\Empresas))
#2 C:\xampp\htdocs\pos\system\CodeIgniter.php(333): CodeIgniter\CodeIgniter->handleRequest(NULL, Object(Config\Cache), false)
#3 C:\xampp\htdocs\pos\public\index.php(46): CodeIgniter\CodeIgniter->run()
#4 {main}
CRITICAL - 2021-06-22 13:22:42 --> Too few arguments to function App\Controllers\Empresas::boolClienteEmpresa(), 0 passed in C:\xampp\htdocs\pos\system\CodeIgniter.php on line 936 and exactly 1 expected
#0 C:\xampp\htdocs\pos\system\CodeIgniter.php(936): App\Controllers\Empresas->boolClienteEmpresa()
#1 C:\xampp\htdocs\pos\system\CodeIgniter.php(432): CodeIgniter\CodeIgniter->runController(Object(App\Controllers\Empresas))
#2 C:\xampp\htdocs\pos\system\CodeIgniter.php(333): CodeIgniter\CodeIgniter->handleRequest(NULL, Object(Config\Cache), false)
#3 C:\xampp\htdocs\pos\public\index.php(46): CodeIgniter\CodeIgniter->run()
#4 {main}
CRITICAL - 2021-06-22 13:23:03 --> Too few arguments to function App\Controllers\Empresas::boolClienteEmpresa(), 0 passed in C:\xampp\htdocs\pos\system\CodeIgniter.php on line 936 and exactly 1 expected
#0 C:\xampp\htdocs\pos\system\CodeIgniter.php(936): App\Controllers\Empresas->boolClienteEmpresa()
#1 C:\xampp\htdocs\pos\system\CodeIgniter.php(432): CodeIgniter\CodeIgniter->runController(Object(App\Controllers\Empresas))
#2 C:\xampp\htdocs\pos\system\CodeIgniter.php(333): CodeIgniter\CodeIgniter->handleRequest(NULL, Object(Config\Cache), false)
#3 C:\xampp\htdocs\pos\public\index.php(46): CodeIgniter\CodeIgniter->run()
#4 {main}
CRITICAL - 2021-06-22 13:24:21 --> Too few arguments to function App\Controllers\Empresas::boolClienteEmpresa(), 0 passed in C:\xampp\htdocs\pos\system\CodeIgniter.php on line 936 and exactly 1 expected
#0 C:\xampp\htdocs\pos\system\CodeIgniter.php(936): App\Controllers\Empresas->boolClienteEmpresa()
#1 C:\xampp\htdocs\pos\system\CodeIgniter.php(432): CodeIgniter\CodeIgniter->runController(Object(App\Controllers\Empresas))
#2 C:\xampp\htdocs\pos\system\CodeIgniter.php(333): CodeIgniter\CodeIgniter->handleRequest(NULL, Object(Config\Cache), false)
#3 C:\xampp\htdocs\pos\public\index.php(46): CodeIgniter\CodeIgniter->run()
#4 {main}
CRITICAL - 2021-06-22 13:24:49 --> Unmatched '}'
#0 C:\xampp\htdocs\pos\system\Router\Router.php(170): CodeIgniter\Router\Router->autoRoute('Moneda/obtValor')
#1 C:\xampp\htdocs\pos\system\CodeIgniter.php(816): CodeIgniter\Router\Router->handle('Moneda/obtValor')
#2 C:\xampp\htdocs\pos\system\CodeIgniter.php(385): CodeIgniter\CodeIgniter->tryToRouteIt(Object(CodeIgniter\Router\RouteCollection))
#3 C:\xampp\htdocs\pos\system\CodeIgniter.php(333): CodeIgniter\CodeIgniter->handleRequest(NULL, Object(Config\Cache), false)
#4 C:\xampp\htdocs\pos\public\index.php(46): CodeIgniter\CodeIgniter->run()
#5 {main}
CRITICAL - 2021-06-22 13:24:49 --> Too few arguments to function App\Controllers\Empresas::boolClienteEmpresa(), 0 passed in C:\xampp\htdocs\pos\system\CodeIgniter.php on line 936 and exactly 1 expected
#0 C:\xampp\htdocs\pos\system\CodeIgniter.php(936): App\Controllers\Empresas->boolClienteEmpresa()
#1 C:\xampp\htdocs\pos\system\CodeIgniter.php(432): CodeIgniter\CodeIgniter->runController(Object(App\Controllers\Empresas))
#2 C:\xampp\htdocs\pos\system\CodeIgniter.php(333): CodeIgniter\CodeIgniter->handleRequest(NULL, Object(Config\Cache), false)
#3 C:\xampp\htdocs\pos\public\index.php(46): CodeIgniter\CodeIgniter->run()
#4 {main}
CRITICAL - 2021-06-22 13:24:49 --> Unmatched '}'
#0 C:\xampp\htdocs\pos\system\Router\Router.php(170): CodeIgniter\Router\Router->autoRoute('Moneda/obtValor')
#1 C:\xampp\htdocs\pos\system\CodeIgniter.php(816): CodeIgniter\Router\Router->handle('Moneda/obtValor')
#2 C:\xampp\htdocs\pos\system\CodeIgniter.php(385): CodeIgniter\CodeIgniter->tryToRouteIt(Object(CodeIgniter\Router\RouteCollection))
#3 C:\xampp\htdocs\pos\system\CodeIgniter.php(333): CodeIgniter\CodeIgniter->handleRequest(NULL, Object(Config\Cache), false)
#4 C:\xampp\htdocs\pos\public\index.php(46): CodeIgniter\CodeIgniter->run()
#5 {main}
CRITICAL - 2021-06-22 13:24:53 --> Unmatched '}'
#0 C:\xampp\htdocs\pos\system\Router\Router.php(170): CodeIgniter\Router\Router->autoRoute('Moneda/obtValor')
#1 C:\xampp\htdocs\pos\system\CodeIgniter.php(816): CodeIgniter\Router\Router->handle('Moneda/obtValor')
#2 C:\xampp\htdocs\pos\system\CodeIgniter.php(385): CodeIgniter\CodeIgniter->tryToRouteIt(Object(CodeIgniter\Router\RouteCollection))
#3 C:\xampp\htdocs\pos\system\CodeIgniter.php(333): CodeIgniter\CodeIgniter->handleRequest(NULL, Object(Config\Cache), false)
#4 C:\xampp\htdocs\pos\public\index.php(46): CodeIgniter\CodeIgniter->run()
#5 {main}
CRITICAL - 2021-06-22 13:25:07 --> Too few arguments to function App\Controllers\Empresas::boolClienteEmpresa(), 0 passed in C:\xampp\htdocs\pos\system\CodeIgniter.php on line 936 and exactly 1 expected
#0 C:\xampp\htdocs\pos\system\CodeIgniter.php(936): App\Controllers\Empresas->boolClienteEmpresa()
#1 C:\xampp\htdocs\pos\system\CodeIgniter.php(432): CodeIgniter\CodeIgniter->runController(Object(App\Controllers\Empresas))
#2 C:\xampp\htdocs\pos\system\CodeIgniter.php(333): CodeIgniter\CodeIgniter->handleRequest(NULL, Object(Config\Cache), false)
#3 C:\xampp\htdocs\pos\public\index.php(46): CodeIgniter\CodeIgniter->run()
#4 {main}
CRITICAL - 2021-06-22 13:26:33 --> Too few arguments to function App\Controllers\Empresas::boolClienteEmpresa(), 0 passed in C:\xampp\htdocs\pos\system\CodeIgniter.php on line 936 and exactly 1 expected
#0 C:\xampp\htdocs\pos\system\CodeIgniter.php(936): App\Controllers\Empresas->boolClienteEmpresa()
#1 C:\xampp\htdocs\pos\system\CodeIgniter.php(432): CodeIgniter\CodeIgniter->runController(Object(App\Controllers\Empresas))
#2 C:\xampp\htdocs\pos\system\CodeIgniter.php(333): CodeIgniter\CodeIgniter->handleRequest(NULL, Object(Config\Cache), false)
#3 C:\xampp\htdocs\pos\public\index.php(46): CodeIgniter\CodeIgniter->run()
#4 {main}
CRITICAL - 2021-06-22 13:26:43 --> Too few arguments to function App\Controllers\Empresas::boolClienteEmpresa(), 0 passed in C:\xampp\htdocs\pos\system\CodeIgniter.php on line 936 and exactly 1 expected
#0 C:\xampp\htdocs\pos\system\CodeIgniter.php(936): App\Controllers\Empresas->boolClienteEmpresa()
#1 C:\xampp\htdocs\pos\system\CodeIgniter.php(432): CodeIgniter\CodeIgniter->runController(Object(App\Controllers\Empresas))
#2 C:\xampp\htdocs\pos\system\CodeIgniter.php(333): CodeIgniter\CodeIgniter->handleRequest(NULL, Object(Config\Cache), false)
#3 C:\xampp\htdocs\pos\public\index.php(46): CodeIgniter\CodeIgniter->run()
#4 {main}
CRITICAL - 2021-06-22 14:09:44 --> Too few arguments to function App\Controllers\Empresas::boolClienteEmpresa(), 0 passed in C:\xampp\htdocs\pos\system\CodeIgniter.php on line 936 and exactly 1 expected
#0 C:\xampp\htdocs\pos\system\CodeIgniter.php(936): App\Controllers\Empresas->boolClienteEmpresa()
#1 C:\xampp\htdocs\pos\system\CodeIgniter.php(432): CodeIgniter\CodeIgniter->runController(Object(App\Controllers\Empresas))
#2 C:\xampp\htdocs\pos\system\CodeIgniter.php(333): CodeIgniter\CodeIgniter->handleRequest(NULL, Object(Config\Cache), false)
#3 C:\xampp\htdocs\pos\public\index.php(46): CodeIgniter\CodeIgniter->run()
#4 {main}
CRITICAL - 2021-06-22 14:10:08 --> Too few arguments to function App\Controllers\Empresas::boolClienteEmpresa(), 0 passed in C:\xampp\htdocs\pos\system\CodeIgniter.php on line 936 and exactly 1 expected
#0 C:\xampp\htdocs\pos\system\CodeIgniter.php(936): App\Controllers\Empresas->boolClienteEmpresa()
#1 C:\xampp\htdocs\pos\system\CodeIgniter.php(432): CodeIgniter\CodeIgniter->runController(Object(App\Controllers\Empresas))
#2 C:\xampp\htdocs\pos\system\CodeIgniter.php(333): CodeIgniter\CodeIgniter->handleRequest(NULL, Object(Config\Cache), false)
#3 C:\xampp\htdocs\pos\public\index.php(46): CodeIgniter\CodeIgniter->run()
#4 {main}
CRITICAL - 2021-06-22 14:10:30 --> Too few arguments to function App\Controllers\Empresas::boolClienteEmpresa(), 0 passed in C:\xampp\htdocs\pos\system\CodeIgniter.php on line 936 and exactly 1 expected
#0 C:\xampp\htdocs\pos\system\CodeIgniter.php(936): App\Controllers\Empresas->boolClienteEmpresa()
#1 C:\xampp\htdocs\pos\system\CodeIgniter.php(432): CodeIgniter\CodeIgniter->runController(Object(App\Controllers\Empresas))
#2 C:\xampp\htdocs\pos\system\CodeIgniter.php(333): CodeIgniter\CodeIgniter->handleRequest(NULL, Object(Config\Cache), false)
#3 C:\xampp\htdocs\pos\public\index.php(46): CodeIgniter\CodeIgniter->run()
#4 {main}
CRITICAL - 2021-06-22 14:13:50 --> Too few arguments to function App\Controllers\Empresas::boolClienteEmpresa(), 0 passed in C:\xampp\htdocs\pos\system\CodeIgniter.php on line 936 and exactly 1 expected
#0 C:\xampp\htdocs\pos\system\CodeIgniter.php(936): App\Controllers\Empresas->boolClienteEmpresa()
#1 C:\xampp\htdocs\pos\system\CodeIgniter.php(432): CodeIgniter\CodeIgniter->runController(Object(App\Controllers\Empresas))
#2 C:\xampp\htdocs\pos\system\CodeIgniter.php(333): CodeIgniter\CodeIgniter->handleRequest(NULL, Object(Config\Cache), false)
#3 C:\xampp\htdocs\pos\public\index.php(46): CodeIgniter\CodeIgniter->run()
#4 {main}
CRITICAL - 2021-06-22 14:16:05 --> Too few arguments to function App\Controllers\Empresas::boolClienteEmpresa(), 0 passed in C:\xampp\htdocs\pos\system\CodeIgniter.php on line 936 and exactly 1 expected
#0 C:\xampp\htdocs\pos\system\CodeIgniter.php(936): App\Controllers\Empresas->boolClienteEmpresa()
#1 C:\xampp\htdocs\pos\system\CodeIgniter.php(432): CodeIgniter\CodeIgniter->runController(Object(App\Controllers\Empresas))
#2 C:\xampp\htdocs\pos\system\CodeIgniter.php(333): CodeIgniter\CodeIgniter->handleRequest(NULL, Object(Config\Cache), false)
#3 C:\xampp\htdocs\pos\public\index.php(46): CodeIgniter\CodeIgniter->run()
#4 {main}
CRITICAL - 2021-06-22 14:24:42 --> Too few arguments to function App\Controllers\Empresas::boolClienteEmpresa(), 0 passed in C:\xampp\htdocs\pos\system\CodeIgniter.php on line 936 and exactly 1 expected
#0 C:\xampp\htdocs\pos\system\CodeIgniter.php(936): App\Controllers\Empresas->boolClienteEmpresa()
#1 C:\xampp\htdocs\pos\system\CodeIgniter.php(432): CodeIgniter\CodeIgniter->runController(Object(App\Controllers\Empresas))
#2 C:\xampp\htdocs\pos\system\CodeIgniter.php(333): CodeIgniter\CodeIgniter->handleRequest(NULL, Object(Config\Cache), false)
#3 C:\xampp\htdocs\pos\public\index.php(46): CodeIgniter\CodeIgniter->run()
#4 {main}
CRITICAL - 2021-06-22 14:25:02 --> Too few arguments to function App\Controllers\Empresas::boolClienteEmpresa(), 0 passed in C:\xampp\htdocs\pos\system\CodeIgniter.php on line 936 and exactly 1 expected
#0 C:\xampp\htdocs\pos\system\CodeIgniter.php(936): App\Controllers\Empresas->boolClienteEmpresa()
#1 C:\xampp\htdocs\pos\system\CodeIgniter.php(432): CodeIgniter\CodeIgniter->runController(Object(App\Controllers\Empresas))
#2 C:\xampp\htdocs\pos\system\CodeIgniter.php(333): CodeIgniter\CodeIgniter->handleRequest(NULL, Object(Config\Cache), false)
#3 C:\xampp\htdocs\pos\public\index.php(46): CodeIgniter\CodeIgniter->run()
#4 {main}
CRITICAL - 2021-06-22 14:25:15 --> Too few arguments to function App\Controllers\Empresas::boolClienteEmpresa(), 0 passed in C:\xampp\htdocs\pos\system\CodeIgniter.php on line 936 and exactly 1 expected
#0 C:\xampp\htdocs\pos\system\CodeIgniter.php(936): App\Controllers\Empresas->boolClienteEmpresa()
#1 C:\xampp\htdocs\pos\system\CodeIgniter.php(432): CodeIgniter\CodeIgniter->runController(Object(App\Controllers\Empresas))
#2 C:\xampp\htdocs\pos\system\CodeIgniter.php(333): CodeIgniter\CodeIgniter->handleRequest(NULL, Object(Config\Cache), false)
#3 C:\xampp\htdocs\pos\public\index.php(46): CodeIgniter\CodeIgniter->run()
#4 {main}
CRITICAL - 2021-06-22 14:27:15 --> Too few arguments to function App\Controllers\Empresas::boolClienteEmpresa(), 0 passed in C:\xampp\htdocs\pos\system\CodeIgniter.php on line 936 and exactly 1 expected
#0 C:\xampp\htdocs\pos\system\CodeIgniter.php(936): App\Controllers\Empresas->boolClienteEmpresa()
#1 C:\xampp\htdocs\pos\system\CodeIgniter.php(432): CodeIgniter\CodeIgniter->runController(Object(App\Controllers\Empresas))
#2 C:\xampp\htdocs\pos\system\CodeIgniter.php(333): CodeIgniter\CodeIgniter->handleRequest(NULL, Object(Config\Cache), false)
#3 C:\xampp\htdocs\pos\public\index.php(46): CodeIgniter\CodeIgniter->run()
#4 {main}
CRITICAL - 2021-06-22 14:29:53 --> Too few arguments to function App\Controllers\Empresas::boolClienteEmpresa(), 0 passed in C:\xampp\htdocs\pos\system\CodeIgniter.php on line 936 and exactly 1 expected
#0 C:\xampp\htdocs\pos\system\CodeIgniter.php(936): App\Controllers\Empresas->boolClienteEmpresa()
#1 C:\xampp\htdocs\pos\system\CodeIgniter.php(432): CodeIgniter\CodeIgniter->runController(Object(App\Controllers\Empresas))
#2 C:\xampp\htdocs\pos\system\CodeIgniter.php(333): CodeIgniter\CodeIgniter->handleRequest(NULL, Object(Config\Cache), false)
#3 C:\xampp\htdocs\pos\public\index.php(46): CodeIgniter\CodeIgniter->run()
#4 {main}
CRITICAL - 2021-06-22 14:30:18 --> Too few arguments to function App\Controllers\Empresas::boolClienteEmpresa(), 0 passed in C:\xampp\htdocs\pos\system\CodeIgniter.php on line 936 and exactly 1 expected
#0 C:\xampp\htdocs\pos\system\CodeIgniter.php(936): App\Controllers\Empresas->boolClienteEmpresa()
#1 C:\xampp\htdocs\pos\system\CodeIgniter.php(432): CodeIgniter\CodeIgniter->runController(Object(App\Controllers\Empresas))
#2 C:\xampp\htdocs\pos\system\CodeIgniter.php(333): CodeIgniter\CodeIgniter->handleRequest(NULL, Object(Config\Cache), false)
#3 C:\xampp\htdocs\pos\public\index.php(46): CodeIgniter\CodeIgniter->run()
#4 {main}
CRITICAL - 2021-06-22 14:34:22 --> Too few arguments to function App\Controllers\Empresas::boolClienteEmpresa(), 0 passed in C:\xampp\htdocs\pos\system\CodeIgniter.php on line 936 and exactly 1 expected
#0 C:\xampp\htdocs\pos\system\CodeIgniter.php(936): App\Controllers\Empresas->boolClienteEmpresa()
#1 C:\xampp\htdocs\pos\system\CodeIgniter.php(432): CodeIgniter\CodeIgniter->runController(Object(App\Controllers\Empresas))
#2 C:\xampp\htdocs\pos\system\CodeIgniter.php(333): CodeIgniter\CodeIgniter->handleRequest(NULL, Object(Config\Cache), false)
#3 C:\xampp\htdocs\pos\public\index.php(46): CodeIgniter\CodeIgniter->run()
#4 {main}
CRITICAL - 2021-06-22 14:35:24 --> Too few arguments to function App\Controllers\Empresas::boolClienteEmpresa(), 0 passed in C:\xampp\htdocs\pos\system\CodeIgniter.php on line 936 and exactly 1 expected
#0 C:\xampp\htdocs\pos\system\CodeIgniter.php(936): App\Controllers\Empresas->boolClienteEmpresa()
#1 C:\xampp\htdocs\pos\system\CodeIgniter.php(432): CodeIgniter\CodeIgniter->runController(Object(App\Controllers\Empresas))
#2 C:\xampp\htdocs\pos\system\CodeIgniter.php(333): CodeIgniter\CodeIgniter->handleRequest(NULL, Object(Config\Cache), false)
#3 C:\xampp\htdocs\pos\public\index.php(46): CodeIgniter\CodeIgniter->run()
#4 {main}
CRITICAL - 2021-06-22 14:42:15 --> Too few arguments to function App\Controllers\Empresas::boolClienteEmpresa(), 0 passed in C:\xampp\htdocs\pos\system\CodeIgniter.php on line 936 and exactly 1 expected
#0 C:\xampp\htdocs\pos\system\CodeIgniter.php(936): App\Controllers\Empresas->boolClienteEmpresa()
#1 C:\xampp\htdocs\pos\system\CodeIgniter.php(432): CodeIgniter\CodeIgniter->runController(Object(App\Controllers\Empresas))
#2 C:\xampp\htdocs\pos\system\CodeIgniter.php(333): CodeIgniter\CodeIgniter->handleRequest(NULL, Object(Config\Cache), false)
#3 C:\xampp\htdocs\pos\public\index.php(46): CodeIgniter\CodeIgniter->run()
#4 {main}
CRITICAL - 2021-06-22 14:43:30 --> Too few arguments to function App\Controllers\Empresas::boolClienteEmpresa(), 0 passed in C:\xampp\htdocs\pos\system\CodeIgniter.php on line 936 and exactly 1 expected
#0 C:\xampp\htdocs\pos\system\CodeIgniter.php(936): App\Controllers\Empresas->boolClienteEmpresa()
#1 C:\xampp\htdocs\pos\system\CodeIgniter.php(432): CodeIgniter\CodeIgniter->runController(Object(App\Controllers\Empresas))
#2 C:\xampp\htdocs\pos\system\CodeIgniter.php(333): CodeIgniter\CodeIgniter->handleRequest(NULL, Object(Config\Cache), false)
#3 C:\xampp\htdocs\pos\public\index.php(46): CodeIgniter\CodeIgniter->run()
#4 {main}
CRITICAL - 2021-06-22 14:43:57 --> Too few arguments to function App\Controllers\Empresas::boolClienteEmpresa(), 0 passed in C:\xampp\htdocs\pos\system\CodeIgniter.php on line 936 and exactly 1 expected
#0 C:\xampp\htdocs\pos\system\CodeIgniter.php(936): App\Controllers\Empresas->boolClienteEmpresa()
#1 C:\xampp\htdocs\pos\system\CodeIgniter.php(432): CodeIgniter\CodeIgniter->runController(Object(App\Controllers\Empresas))
#2 C:\xampp\htdocs\pos\system\CodeIgniter.php(333): CodeIgniter\CodeIgniter->handleRequest(NULL, Object(Config\Cache), false)
#3 C:\xampp\htdocs\pos\public\index.php(46): CodeIgniter\CodeIgniter->run()
#4 {main}
CRITICAL - 2021-06-22 14:44:06 --> Too few arguments to function App\Controllers\Empresas::boolClienteEmpresa(), 0 passed in C:\xampp\htdocs\pos\system\CodeIgniter.php on line 936 and exactly 1 expected
#0 C:\xampp\htdocs\pos\system\CodeIgniter.php(936): App\Controllers\Empresas->boolClienteEmpresa()
#1 C:\xampp\htdocs\pos\system\CodeIgniter.php(432): CodeIgniter\CodeIgniter->runController(Object(App\Controllers\Empresas))
#2 C:\xampp\htdocs\pos\system\CodeIgniter.php(333): CodeIgniter\CodeIgniter->handleRequest(NULL, Object(Config\Cache), false)
#3 C:\xampp\htdocs\pos\public\index.php(46): CodeIgniter\CodeIgniter->run()
#4 {main}
CRITICAL - 2021-06-22 14:44:25 --> Too few arguments to function App\Controllers\Empresas::boolClienteEmpresa(), 0 passed in C:\xampp\htdocs\pos\system\CodeIgniter.php on line 936 and exactly 1 expected
#0 C:\xampp\htdocs\pos\system\CodeIgniter.php(936): App\Controllers\Empresas->boolClienteEmpresa()
#1 C:\xampp\htdocs\pos\system\CodeIgniter.php(432): CodeIgniter\CodeIgniter->runController(Object(App\Controllers\Empresas))
#2 C:\xampp\htdocs\pos\system\CodeIgniter.php(333): CodeIgniter\CodeIgniter->handleRequest(NULL, Object(Config\Cache), false)
#3 C:\xampp\htdocs\pos\public\index.php(46): CodeIgniter\CodeIgniter->run()
#4 {main}
CRITICAL - 2021-06-22 14:45:06 --> Too few arguments to function App\Controllers\Empresas::boolClienteEmpresa(), 0 passed in C:\xampp\htdocs\pos\system\CodeIgniter.php on line 936 and exactly 1 expected
#0 C:\xampp\htdocs\pos\system\CodeIgniter.php(936): App\Controllers\Empresas->boolClienteEmpresa()
#1 C:\xampp\htdocs\pos\system\CodeIgniter.php(432): CodeIgniter\CodeIgniter->runController(Object(App\Controllers\Empresas))
#2 C:\xampp\htdocs\pos\system\CodeIgniter.php(333): CodeIgniter\CodeIgniter->handleRequest(NULL, Object(Config\Cache), false)
#3 C:\xampp\htdocs\pos\public\index.php(46): CodeIgniter\CodeIgniter->run()
#4 {main}
CRITICAL - 2021-06-22 14:46:07 --> Too few arguments to function App\Controllers\Empresas::boolClienteEmpresa(), 0 passed in C:\xampp\htdocs\pos\system\CodeIgniter.php on line 936 and exactly 1 expected
#0 C:\xampp\htdocs\pos\system\CodeIgniter.php(936): App\Controllers\Empresas->boolClienteEmpresa()
#1 C:\xampp\htdocs\pos\system\CodeIgniter.php(432): CodeIgniter\CodeIgniter->runController(Object(App\Controllers\Empresas))
#2 C:\xampp\htdocs\pos\system\CodeIgniter.php(333): CodeIgniter\CodeIgniter->handleRequest(NULL, Object(Config\Cache), false)
#3 C:\xampp\htdocs\pos\public\index.php(46): CodeIgniter\CodeIgniter->run()
#4 {main}
CRITICAL - 2021-06-22 14:47:40 --> Too few arguments to function App\Controllers\Empresas::boolClienteEmpresa(), 0 passed in C:\xampp\htdocs\pos\system\CodeIgniter.php on line 936 and exactly 1 expected
#0 C:\xampp\htdocs\pos\system\CodeIgniter.php(936): App\Controllers\Empresas->boolClienteEmpresa()
#1 C:\xampp\htdocs\pos\system\CodeIgniter.php(432): CodeIgniter\CodeIgniter->runController(Object(App\Controllers\Empresas))
#2 C:\xampp\htdocs\pos\system\CodeIgniter.php(333): CodeIgniter\CodeIgniter->handleRequest(NULL, Object(Config\Cache), false)
#3 C:\xampp\htdocs\pos\public\index.php(46): CodeIgniter\CodeIgniter->run()
#4 {main}
CRITICAL - 2021-06-22 14:48:50 --> Too few arguments to function App\Controllers\Empresas::boolClienteEmpresa(), 0 passed in C:\xampp\htdocs\pos\system\CodeIgniter.php on line 936 and exactly 1 expected
#0 C:\xampp\htdocs\pos\system\CodeIgniter.php(936): App\Controllers\Empresas->boolClienteEmpresa()
#1 C:\xampp\htdocs\pos\system\CodeIgniter.php(432): CodeIgniter\CodeIgniter->runController(Object(App\Controllers\Empresas))
#2 C:\xampp\htdocs\pos\system\CodeIgniter.php(333): CodeIgniter\CodeIgniter->handleRequest(NULL, Object(Config\Cache), false)
#3 C:\xampp\htdocs\pos\public\index.php(46): CodeIgniter\CodeIgniter->run()
#4 {main}
CRITICAL - 2021-06-22 14:52:25 --> Too few arguments to function App\Controllers\Empresas::boolClienteEmpresa(), 0 passed in C:\xampp\htdocs\pos\system\CodeIgniter.php on line 936 and exactly 1 expected
#0 C:\xampp\htdocs\pos\system\CodeIgniter.php(936): App\Controllers\Empresas->boolClienteEmpresa()
#1 C:\xampp\htdocs\pos\system\CodeIgniter.php(432): CodeIgniter\CodeIgniter->runController(Object(App\Controllers\Empresas))
#2 C:\xampp\htdocs\pos\system\CodeIgniter.php(333): CodeIgniter\CodeIgniter->handleRequest(NULL, Object(Config\Cache), false)
#3 C:\xampp\htdocs\pos\public\index.php(46): CodeIgniter\CodeIgniter->run()
#4 {main}
CRITICAL - 2021-06-22 14:52:47 --> Too few arguments to function App\Controllers\Empresas::boolClienteEmpresa(), 0 passed in C:\xampp\htdocs\pos\system\CodeIgniter.php on line 936 and exactly 1 expected
#0 C:\xampp\htdocs\pos\system\CodeIgniter.php(936): App\Controllers\Empresas->boolClienteEmpresa()
#1 C:\xampp\htdocs\pos\system\CodeIgniter.php(432): CodeIgniter\CodeIgniter->runController(Object(App\Controllers\Empresas))
#2 C:\xampp\htdocs\pos\system\CodeIgniter.php(333): CodeIgniter\CodeIgniter->handleRequest(NULL, Object(Config\Cache), false)
#3 C:\xampp\htdocs\pos\public\index.php(46): CodeIgniter\CodeIgniter->run()
#4 {main}
CRITICAL - 2021-06-22 14:54:10 --> Too few arguments to function App\Controllers\Empresas::boolClienteEmpresa(), 0 passed in C:\xampp\htdocs\pos\system\CodeIgniter.php on line 936 and exactly 1 expected
#0 C:\xampp\htdocs\pos\system\CodeIgniter.php(936): App\Controllers\Empresas->boolClienteEmpresa()
#1 C:\xampp\htdocs\pos\system\CodeIgniter.php(432): CodeIgniter\CodeIgniter->runController(Object(App\Controllers\Empresas))
#2 C:\xampp\htdocs\pos\system\CodeIgniter.php(333): CodeIgniter\CodeIgniter->handleRequest(NULL, Object(Config\Cache), false)
#3 C:\xampp\htdocs\pos\public\index.php(46): CodeIgniter\CodeIgniter->run()
#4 {main}
CRITICAL - 2021-06-22 14:54:23 --> Too few arguments to function App\Controllers\Empresas::boolClienteEmpresa(), 0 passed in C:\xampp\htdocs\pos\system\CodeIgniter.php on line 936 and exactly 1 expected
#0 C:\xampp\htdocs\pos\system\CodeIgniter.php(936): App\Controllers\Empresas->boolClienteEmpresa()
#1 C:\xampp\htdocs\pos\system\CodeIgniter.php(432): CodeIgniter\CodeIgniter->runController(Object(App\Controllers\Empresas))
#2 C:\xampp\htdocs\pos\system\CodeIgniter.php(333): CodeIgniter\CodeIgniter->handleRequest(NULL, Object(Config\Cache), false)
#3 C:\xampp\htdocs\pos\public\index.php(46): CodeIgniter\CodeIgniter->run()
#4 {main}
CRITICAL - 2021-06-22 14:55:24 --> Too few arguments to function App\Controllers\Empresas::boolClienteEmpresa(), 0 passed in C:\xampp\htdocs\pos\system\CodeIgniter.php on line 936 and exactly 1 expected
#0 C:\xampp\htdocs\pos\system\CodeIgniter.php(936): App\Controllers\Empresas->boolClienteEmpresa()
#1 C:\xampp\htdocs\pos\system\CodeIgniter.php(432): CodeIgniter\CodeIgniter->runController(Object(App\Controllers\Empresas))
#2 C:\xampp\htdocs\pos\system\CodeIgniter.php(333): CodeIgniter\CodeIgniter->handleRequest(NULL, Object(Config\Cache), false)
#3 C:\xampp\htdocs\pos\public\index.php(46): CodeIgniter\CodeIgniter->run()
#4 {main}
CRITICAL - 2021-06-22 14:55:46 --> Too few arguments to function App\Controllers\Empresas::boolClienteEmpresa(), 0 passed in C:\xampp\htdocs\pos\system\CodeIgniter.php on line 936 and exactly 1 expected
#0 C:\xampp\htdocs\pos\system\CodeIgniter.php(936): App\Controllers\Empresas->boolClienteEmpresa()
#1 C:\xampp\htdocs\pos\system\CodeIgniter.php(432): CodeIgniter\CodeIgniter->runController(Object(App\Controllers\Empresas))
#2 C:\xampp\htdocs\pos\system\CodeIgniter.php(333): CodeIgniter\CodeIgniter->handleRequest(NULL, Object(Config\Cache), false)
#3 C:\xampp\htdocs\pos\public\index.php(46): CodeIgniter\CodeIgniter->run()
#4 {main}
CRITICAL - 2021-06-22 14:56:16 --> Too few arguments to function App\Controllers\Empresas::boolClienteEmpresa(), 0 passed in C:\xampp\htdocs\pos\system\CodeIgniter.php on line 936 and exactly 1 expected
#0 C:\xampp\htdocs\pos\system\CodeIgniter.php(936): App\Controllers\Empresas->boolClienteEmpresa()
#1 C:\xampp\htdocs\pos\system\CodeIgniter.php(432): CodeIgniter\CodeIgniter->runController(Object(App\Controllers\Empresas))
#2 C:\xampp\htdocs\pos\system\CodeIgniter.php(333): CodeIgniter\CodeIgniter->handleRequest(NULL, Object(Config\Cache), false)
#3 C:\xampp\htdocs\pos\public\index.php(46): CodeIgniter\CodeIgniter->run()
#4 {main}
CRITICAL - 2021-06-22 14:57:58 --> Too few arguments to function App\Controllers\Empresas::boolClienteEmpresa(), 0 passed in C:\xampp\htdocs\pos\system\CodeIgniter.php on line 936 and exactly 1 expected
#0 C:\xampp\htdocs\pos\system\CodeIgniter.php(936): App\Controllers\Empresas->boolClienteEmpresa()
#1 C:\xampp\htdocs\pos\system\CodeIgniter.php(432): CodeIgniter\CodeIgniter->runController(Object(App\Controllers\Empresas))
#2 C:\xampp\htdocs\pos\system\CodeIgniter.php(333): CodeIgniter\CodeIgniter->handleRequest(NULL, Object(Config\Cache), false)
#3 C:\xampp\htdocs\pos\public\index.php(46): CodeIgniter\CodeIgniter->run()
#4 {main}
CRITICAL - 2021-06-22 14:58:29 --> Too few arguments to function App\Controllers\Empresas::boolClienteEmpresa(), 0 passed in C:\xampp\htdocs\pos\system\CodeIgniter.php on line 936 and exactly 1 expected
#0 C:\xampp\htdocs\pos\system\CodeIgniter.php(936): App\Controllers\Empresas->boolClienteEmpresa()
#1 C:\xampp\htdocs\pos\system\CodeIgniter.php(432): CodeIgniter\CodeIgniter->runController(Object(App\Controllers\Empresas))
#2 C:\xampp\htdocs\pos\system\CodeIgniter.php(333): CodeIgniter\CodeIgniter->handleRequest(NULL, Object(Config\Cache), false)
#3 C:\xampp\htdocs\pos\public\index.php(46): CodeIgniter\CodeIgniter->run()
#4 {main}
CRITICAL - 2021-06-22 15:00:08 --> Too few arguments to function App\Controllers\Empresas::boolClienteEmpresa(), 0 passed in C:\xampp\htdocs\pos\system\CodeIgniter.php on line 936 and exactly 1 expected
#0 C:\xampp\htdocs\pos\system\CodeIgniter.php(936): App\Controllers\Empresas->boolClienteEmpresa()
#1 C:\xampp\htdocs\pos\system\CodeIgniter.php(432): CodeIgniter\CodeIgniter->runController(Object(App\Controllers\Empresas))
#2 C:\xampp\htdocs\pos\system\CodeIgniter.php(333): CodeIgniter\CodeIgniter->handleRequest(NULL, Object(Config\Cache), false)
#3 C:\xampp\htdocs\pos\public\index.php(46): CodeIgniter\CodeIgniter->run()
#4 {main}
CRITICAL - 2021-06-22 15:00:48 --> Too few arguments to function App\Controllers\Empresas::boolClienteEmpresa(), 0 passed in C:\xampp\htdocs\pos\system\CodeIgniter.php on line 936 and exactly 1 expected
#0 C:\xampp\htdocs\pos\system\CodeIgniter.php(936): App\Controllers\Empresas->boolClienteEmpresa()
#1 C:\xampp\htdocs\pos\system\CodeIgniter.php(432): CodeIgniter\CodeIgniter->runController(Object(App\Controllers\Empresas))
#2 C:\xampp\htdocs\pos\system\CodeIgniter.php(333): CodeIgniter\CodeIgniter->handleRequest(NULL, Object(Config\Cache), false)
#3 C:\xampp\htdocs\pos\public\index.php(46): CodeIgniter\CodeIgniter->run()
#4 {main}
CRITICAL - 2021-06-22 15:01:45 --> Too few arguments to function App\Controllers\Empresas::boolClienteEmpresa(), 0 passed in C:\xampp\htdocs\pos\system\CodeIgniter.php on line 936 and exactly 1 expected
#0 C:\xampp\htdocs\pos\system\CodeIgniter.php(936): App\Controllers\Empresas->boolClienteEmpresa()
#1 C:\xampp\htdocs\pos\system\CodeIgniter.php(432): CodeIgniter\CodeIgniter->runController(Object(App\Controllers\Empresas))
#2 C:\xampp\htdocs\pos\system\CodeIgniter.php(333): CodeIgniter\CodeIgniter->handleRequest(NULL, Object(Config\Cache), false)
#3 C:\xampp\htdocs\pos\public\index.php(46): CodeIgniter\CodeIgniter->run()
#4 {main}
CRITICAL - 2021-06-22 15:02:03 --> Too few arguments to function App\Controllers\Empresas::boolClienteEmpresa(), 0 passed in C:\xampp\htdocs\pos\system\CodeIgniter.php on line 936 and exactly 1 expected
#0 C:\xampp\htdocs\pos\system\CodeIgniter.php(936): App\Controllers\Empresas->boolClienteEmpresa()
#1 C:\xampp\htdocs\pos\system\CodeIgniter.php(432): CodeIgniter\CodeIgniter->runController(Object(App\Controllers\Empresas))
#2 C:\xampp\htdocs\pos\system\CodeIgniter.php(333): CodeIgniter\CodeIgniter->handleRequest(NULL, Object(Config\Cache), false)
#3 C:\xampp\htdocs\pos\public\index.php(46): CodeIgniter\CodeIgniter->run()
#4 {main}
CRITICAL - 2021-06-22 15:02:27 --> Too few arguments to function App\Controllers\Empresas::boolClienteEmpresa(), 0 passed in C:\xampp\htdocs\pos\system\CodeIgniter.php on line 936 and exactly 1 expected
#0 C:\xampp\htdocs\pos\system\CodeIgniter.php(936): App\Controllers\Empresas->boolClienteEmpresa()
#1 C:\xampp\htdocs\pos\system\CodeIgniter.php(432): CodeIgniter\CodeIgniter->runController(Object(App\Controllers\Empresas))
#2 C:\xampp\htdocs\pos\system\CodeIgniter.php(333): CodeIgniter\CodeIgniter->handleRequest(NULL, Object(Config\Cache), false)
#3 C:\xampp\htdocs\pos\public\index.php(46): CodeIgniter\CodeIgniter->run()
#4 {main}
