ERROR - 2021-06-03 12:24:28 --> mysqli_sql_exception: Unknown column 'dt.id_producto' in 'on clause' in C:\xampp\htdocs\pos\system\Database\MySQLi\Connection.php:314
Stack trace:
#0 C:\xampp\htdocs\pos\system\Database\MySQLi\Connection.php(314): mysqli->query('SELECT `p`.`nom...')
#1 C:\xampp\htdocs\pos\system\Database\BaseConnection.php(713): CodeIgniter\Database\MySQLi\Connection->execute('SELECT `p`.`nom...')
#2 C:\xampp\htdocs\pos\system\Database\BaseConnection.php(641): CodeIgniter\Database\BaseConnection->simpleQuery('SELECT `p`.`nom...')
#3 C:\xampp\htdocs\pos\system\Database\BaseBuilder.php(1866): CodeIgniter\Database\BaseConnection->query('SELECT `p`.`nom...', Array, false)
#4 C:\xampp\htdocs\pos\system\Model.php(213): CodeIgniter\Database\BaseBuilder->get()
#5 C:\xampp\htdocs\pos\system\BaseModel.php(583): CodeIgniter\Model->doFindAll(0, 0)
#6 C:\xampp\htdocs\pos\app\Controllers\Ventas.php(269): CodeIgniter\BaseModel->findAll()
#7 C:\xampp\htdocs\pos\system\CodeIgniter.php(936): App\Controllers\Ventas->datosProductoBoleta('1001')
#8 C:\xampp\htdocs\pos\system\CodeIgniter.php(432): CodeIgniter\CodeIgniter->runController(Object(App\Controllers\Ventas))
#9 C:\xampp\htdocs\pos\system\CodeIgniter.php(333): CodeIgniter\CodeIgniter->handleRequest(NULL, Object(Config\Cache), false)
#10 C:\xampp\htdocs\pos\public\index.php(46): CodeIgniter\CodeIgniter->run()
#11 {main}
CRITICAL - 2021-06-03 12:24:28 --> Unknown column 'dt.id_producto' in 'on clause'
#0 C:\xampp\htdocs\pos\system\Database\MySQLi\Connection.php(314): mysqli->query('SELECT `p`.`nom...')
#1 C:\xampp\htdocs\pos\system\Database\BaseConnection.php(713): CodeIgniter\Database\MySQLi\Connection->execute('SELECT `p`.`nom...')
#2 C:\xampp\htdocs\pos\system\Database\BaseConnection.php(641): CodeIgniter\Database\BaseConnection->simpleQuery('SELECT `p`.`nom...')
#3 C:\xampp\htdocs\pos\system\Database\BaseBuilder.php(1866): CodeIgniter\Database\BaseConnection->query('SELECT `p`.`nom...', Array, false)
#4 C:\xampp\htdocs\pos\system\Model.php(213): CodeIgniter\Database\BaseBuilder->get()
#5 C:\xampp\htdocs\pos\system\BaseModel.php(583): CodeIgniter\Model->doFindAll(0, 0)
#6 C:\xampp\htdocs\pos\app\Controllers\Ventas.php(269): CodeIgniter\BaseModel->findAll()
#7 C:\xampp\htdocs\pos\system\CodeIgniter.php(936): App\Controllers\Ventas->datosProductoBoleta('1001')
#8 C:\xampp\htdocs\pos\system\CodeIgniter.php(432): CodeIgniter\CodeIgniter->runController(Object(App\Controllers\Ventas))
#9 C:\xampp\htdocs\pos\system\CodeIgniter.php(333): CodeIgniter\CodeIgniter->handleRequest(NULL, Object(Config\Cache), false)
#10 C:\xampp\htdocs\pos\public\index.php(46): CodeIgniter\CodeIgniter->run()
#11 {main}
ERROR - 2021-06-03 12:24:53 --> mysqli_sql_exception: Unknown column 'dt.id_producto' in 'on clause' in C:\xampp\htdocs\pos\system\Database\MySQLi\Connection.php:314
Stack trace:
#0 C:\xampp\htdocs\pos\system\Database\MySQLi\Connection.php(314): mysqli->query('SELECT `p`.`nom...')
#1 C:\xampp\htdocs\pos\system\Database\BaseConnection.php(713): CodeIgniter\Database\MySQLi\Connection->execute('SELECT `p`.`nom...')
#2 C:\xampp\htdocs\pos\system\Database\BaseConnection.php(641): CodeIgniter\Database\BaseConnection->simpleQuery('SELECT `p`.`nom...')
#3 C:\xampp\htdocs\pos\system\Database\BaseBuilder.php(1866): CodeIgniter\Database\BaseConnection->query('SELECT `p`.`nom...', Array, false)
#4 C:\xampp\htdocs\pos\system\Model.php(247): CodeIgniter\Database\BaseBuilder->get()
#5 C:\xampp\htdocs\pos\system\BaseModel.php(624): CodeIgniter\Model->doFirst()
#6 C:\xampp\htdocs\pos\app\Controllers\Ventas.php(269): CodeIgniter\BaseModel->first()
#7 C:\xampp\htdocs\pos\system\CodeIgniter.php(936): App\Controllers\Ventas->datosProductoBoleta('1001')
#8 C:\xampp\htdocs\pos\system\CodeIgniter.php(432): CodeIgniter\CodeIgniter->runController(Object(App\Controllers\Ventas))
#9 C:\xampp\htdocs\pos\system\CodeIgniter.php(333): CodeIgniter\CodeIgniter->handleRequest(NULL, Object(Config\Cache), false)
#10 C:\xampp\htdocs\pos\public\index.php(46): CodeIgniter\CodeIgniter->run()
#11 {main}
CRITICAL - 2021-06-03 12:24:53 --> Unknown column 'dt.id_producto' in 'on clause'
#0 C:\xampp\htdocs\pos\system\Database\MySQLi\Connection.php(314): mysqli->query('SELECT `p`.`nom...')
#1 C:\xampp\htdocs\pos\system\Database\BaseConnection.php(713): CodeIgniter\Database\MySQLi\Connection->execute('SELECT `p`.`nom...')
#2 C:\xampp\htdocs\pos\system\Database\BaseConnection.php(641): CodeIgniter\Database\BaseConnection->simpleQuery('SELECT `p`.`nom...')
#3 C:\xampp\htdocs\pos\system\Database\BaseBuilder.php(1866): CodeIgniter\Database\BaseConnection->query('SELECT `p`.`nom...', Array, false)
#4 C:\xampp\htdocs\pos\system\Model.php(247): CodeIgniter\Database\BaseBuilder->get()
#5 C:\xampp\htdocs\pos\system\BaseModel.php(624): CodeIgniter\Model->doFirst()
#6 C:\xampp\htdocs\pos\app\Controllers\Ventas.php(269): CodeIgniter\BaseModel->first()
#7 C:\xampp\htdocs\pos\system\CodeIgniter.php(936): App\Controllers\Ventas->datosProductoBoleta('1001')
#8 C:\xampp\htdocs\pos\system\CodeIgniter.php(432): CodeIgniter\CodeIgniter->runController(Object(App\Controllers\Ventas))
#9 C:\xampp\htdocs\pos\system\CodeIgniter.php(333): CodeIgniter\CodeIgniter->handleRequest(NULL, Object(Config\Cache), false)
#10 C:\xampp\htdocs\pos\public\index.php(46): CodeIgniter\CodeIgniter->run()
#11 {main}
ERROR - 2021-06-03 12:25:41 --> mysqli_sql_exception: Unknown column 'dt.id_producto' in 'on clause' in C:\xampp\htdocs\pos\system\Database\MySQLi\Connection.php:314
Stack trace:
#0 C:\xampp\htdocs\pos\system\Database\MySQLi\Connection.php(314): mysqli->query('SELECT `p`.`nom...')
#1 C:\xampp\htdocs\pos\system\Database\BaseConnection.php(713): CodeIgniter\Database\MySQLi\Connection->execute('SELECT `p`.`nom...')
#2 C:\xampp\htdocs\pos\system\Database\BaseConnection.php(641): CodeIgniter\Database\BaseConnection->simpleQuery('SELECT `p`.`nom...')
#3 C:\xampp\htdocs\pos\system\Database\BaseBuilder.php(1866): CodeIgniter\Database\BaseConnection->query('SELECT `p`.`nom...', Array, false)
#4 C:\xampp\htdocs\pos\system\Model.php(247): CodeIgniter\Database\BaseBuilder->get()
#5 C:\xampp\htdocs\pos\system\BaseModel.php(624): CodeIgniter\Model->doFirst()
#6 C:\xampp\htdocs\pos\app\Controllers\Ventas.php(269): CodeIgniter\BaseModel->first()
#7 C:\xampp\htdocs\pos\system\CodeIgniter.php(936): App\Controllers\Ventas->datosProductoBoleta('1001')
#8 C:\xampp\htdocs\pos\system\CodeIgniter.php(432): CodeIgniter\CodeIgniter->runController(Object(App\Controllers\Ventas))
#9 C:\xampp\htdocs\pos\system\CodeIgniter.php(333): CodeIgniter\CodeIgniter->handleRequest(NULL, Object(Config\Cache), false)
#10 C:\xampp\htdocs\pos\public\index.php(46): CodeIgniter\CodeIgniter->run()
#11 {main}
CRITICAL - 2021-06-03 12:25:41 --> Unknown column 'dt.id_producto' in 'on clause'
#0 C:\xampp\htdocs\pos\system\Database\MySQLi\Connection.php(314): mysqli->query('SELECT `p`.`nom...')
#1 C:\xampp\htdocs\pos\system\Database\BaseConnection.php(713): CodeIgniter\Database\MySQLi\Connection->execute('SELECT `p`.`nom...')
#2 C:\xampp\htdocs\pos\system\Database\BaseConnection.php(641): CodeIgniter\Database\BaseConnection->simpleQuery('SELECT `p`.`nom...')
#3 C:\xampp\htdocs\pos\system\Database\BaseBuilder.php(1866): CodeIgniter\Database\BaseConnection->query('SELECT `p`.`nom...', Array, false)
#4 C:\xampp\htdocs\pos\system\Model.php(247): CodeIgniter\Database\BaseBuilder->get()
#5 C:\xampp\htdocs\pos\system\BaseModel.php(624): CodeIgniter\Model->doFirst()
#6 C:\xampp\htdocs\pos\app\Controllers\Ventas.php(269): CodeIgniter\BaseModel->first()
#7 C:\xampp\htdocs\pos\system\CodeIgniter.php(936): App\Controllers\Ventas->datosProductoBoleta('1001')
#8 C:\xampp\htdocs\pos\system\CodeIgniter.php(432): CodeIgniter\CodeIgniter->runController(Object(App\Controllers\Ventas))
#9 C:\xampp\htdocs\pos\system\CodeIgniter.php(333): CodeIgniter\CodeIgniter->handleRequest(NULL, Object(Config\Cache), false)
#10 C:\xampp\htdocs\pos\public\index.php(46): CodeIgniter\CodeIgniter->run()
#11 {main}
ERROR - 2021-06-03 12:26:20 --> mysqli_sql_exception: Unknown column 'dt.id_producto' in 'on clause' in C:\xampp\htdocs\pos\system\Database\MySQLi\Connection.php:314
Stack trace:
#0 C:\xampp\htdocs\pos\system\Database\MySQLi\Connection.php(314): mysqli->query('SELECT `p`.`nom...')
#1 C:\xampp\htdocs\pos\system\Database\BaseConnection.php(713): CodeIgniter\Database\MySQLi\Connection->execute('SELECT `p`.`nom...')
#2 C:\xampp\htdocs\pos\system\Database\BaseConnection.php(641): CodeIgniter\Database\BaseConnection->simpleQuery('SELECT `p`.`nom...')
#3 C:\xampp\htdocs\pos\system\Database\BaseBuilder.php(1866): CodeIgniter\Database\BaseConnection->query('SELECT `p`.`nom...', Array, false)
#4 C:\xampp\htdocs\pos\system\Model.php(247): CodeIgniter\Database\BaseBuilder->get()
#5 C:\xampp\htdocs\pos\system\BaseModel.php(624): CodeIgniter\Model->doFirst()
#6 C:\xampp\htdocs\pos\app\Controllers\Ventas.php(269): CodeIgniter\BaseModel->first()
#7 C:\xampp\htdocs\pos\system\CodeIgniter.php(936): App\Controllers\Ventas->datosProductoBoleta('1001')
#8 C:\xampp\htdocs\pos\system\CodeIgniter.php(432): CodeIgniter\CodeIgniter->runController(Object(App\Controllers\Ventas))
#9 C:\xampp\htdocs\pos\system\CodeIgniter.php(333): CodeIgniter\CodeIgniter->handleRequest(NULL, Object(Config\Cache), false)
#10 C:\xampp\htdocs\pos\public\index.php(46): CodeIgniter\CodeIgniter->run()
#11 {main}
CRITICAL - 2021-06-03 12:26:20 --> Unknown column 'dt.id_producto' in 'on clause'
#0 C:\xampp\htdocs\pos\system\Database\MySQLi\Connection.php(314): mysqli->query('SELECT `p`.`nom...')
#1 C:\xampp\htdocs\pos\system\Database\BaseConnection.php(713): CodeIgniter\Database\MySQLi\Connection->execute('SELECT `p`.`nom...')
#2 C:\xampp\htdocs\pos\system\Database\BaseConnection.php(641): CodeIgniter\Database\BaseConnection->simpleQuery('SELECT `p`.`nom...')
#3 C:\xampp\htdocs\pos\system\Database\BaseBuilder.php(1866): CodeIgniter\Database\BaseConnection->query('SELECT `p`.`nom...', Array, false)
#4 C:\xampp\htdocs\pos\system\Model.php(247): CodeIgniter\Database\BaseBuilder->get()
#5 C:\xampp\htdocs\pos\system\BaseModel.php(624): CodeIgniter\Model->doFirst()
#6 C:\xampp\htdocs\pos\app\Controllers\Ventas.php(269): CodeIgniter\BaseModel->first()
#7 C:\xampp\htdocs\pos\system\CodeIgniter.php(936): App\Controllers\Ventas->datosProductoBoleta('1001')
#8 C:\xampp\htdocs\pos\system\CodeIgniter.php(432): CodeIgniter\CodeIgniter->runController(Object(App\Controllers\Ventas))
#9 C:\xampp\htdocs\pos\system\CodeIgniter.php(333): CodeIgniter\CodeIgniter->handleRequest(NULL, Object(Config\Cache), false)
#10 C:\xampp\htdocs\pos\public\index.php(46): CodeIgniter\CodeIgniter->run()
#11 {main}
CRITICAL - 2021-06-03 14:09:11 --> Call to undefined method CodeIgniter\Database\MySQLi\Result::getRows()
#0 C:\xampp\htdocs\pos\system\CodeIgniter.php(936): App\Controllers\Ventas->datosProductoBoleta('1001')
#1 C:\xampp\htdocs\pos\system\CodeIgniter.php(432): CodeIgniter\CodeIgniter->runController(Object(App\Controllers\Ventas))
#2 C:\xampp\htdocs\pos\system\CodeIgniter.php(333): CodeIgniter\CodeIgniter->handleRequest(NULL, Object(Config\Cache), false)
#3 C:\xampp\htdocs\pos\public\index.php(46): CodeIgniter\CodeIgniter->run()
#4 {main}
CRITICAL - 2021-06-03 15:09:01 --> Call to undefined method App\Models\VentaModel::result
#0 C:\xampp\htdocs\pos\app\Controllers\Ventas.php(269): CodeIgniter\Model->__call('result', Array)
#1 C:\xampp\htdocs\pos\system\CodeIgniter.php(936): App\Controllers\Ventas->datosProductoBoleta('1001')
#2 C:\xampp\htdocs\pos\system\CodeIgniter.php(432): CodeIgniter\CodeIgniter->runController(Object(App\Controllers\Ventas))
#3 C:\xampp\htdocs\pos\system\CodeIgniter.php(333): CodeIgniter\CodeIgniter->handleRequest(NULL, Object(Config\Cache), false)
#4 C:\xampp\htdocs\pos\public\index.php(46): CodeIgniter\CodeIgniter->run()
#5 {main}
CRITICAL - 2021-06-03 15:25:04 --> Cannot use object of type App\Models\VentaModel as array
#0 C:\xampp\htdocs\pos\system\View\View.php(220): include()
#1 C:\xampp\htdocs\pos\system\View\View.php(222): CodeIgniter\View\View->CodeIgniter\View\{closure}()
#2 C:\xampp\htdocs\pos\system\Common.php(1217): CodeIgniter\View\View->render('administrador/i...', Array, true)
#3 C:\xampp\htdocs\pos\app\Controllers\Estadistica.php(49): view('administrador/i...')
#4 C:\xampp\htdocs\pos\system\CodeIgniter.php(936): App\Controllers\Estadistica->index()
#5 C:\xampp\htdocs\pos\system\CodeIgniter.php(432): CodeIgniter\CodeIgniter->runController(Object(App\Controllers\Estadistica))
#6 C:\xampp\htdocs\pos\system\CodeIgniter.php(333): CodeIgniter\CodeIgniter->handleRequest(NULL, Object(Config\Cache), false)
#7 C:\xampp\htdocs\pos\public\index.php(46): CodeIgniter\CodeIgniter->run()
#8 {main}
CRITICAL - 2021-06-03 16:12:57 --> syntax error, unexpected token "}", expecting "," or ";"
#0 C:\xampp\htdocs\pos\system\Router\Router.php(170): CodeIgniter\Router\Router->autoRoute('ventas')
#1 C:\xampp\htdocs\pos\system\CodeIgniter.php(816): CodeIgniter\Router\Router->handle('ventas')
#2 C:\xampp\htdocs\pos\system\CodeIgniter.php(385): CodeIgniter\CodeIgniter->tryToRouteIt(Object(CodeIgniter\Router\RouteCollection))
#3 C:\xampp\htdocs\pos\system\CodeIgniter.php(333): CodeIgniter\CodeIgniter->handleRequest(NULL, Object(Config\Cache), false)
#4 C:\xampp\htdocs\pos\public\index.php(46): CodeIgniter\CodeIgniter->run()
#5 {main}
CRITICAL - 2021-06-03 16:13:07 --> Undefined property: App\Controllers\Ventas::$input
#0 C:\xampp\htdocs\pos\app\Controllers\Ventas.php(263): CodeIgniter\Debug\Exceptions->errorHandler(2, 'Undefined prope...', 'C:\\xampp\\htdocs...', 263)
#1 C:\xampp\htdocs\pos\system\CodeIgniter.php(936): App\Controllers\Ventas->view()
#2 C:\xampp\htdocs\pos\system\CodeIgniter.php(432): CodeIgniter\CodeIgniter->runController(Object(App\Controllers\Ventas))
#3 C:\xampp\htdocs\pos\system\CodeIgniter.php(333): CodeIgniter\CodeIgniter->handleRequest(NULL, Object(Config\Cache), false)
#4 C:\xampp\htdocs\pos\public\index.php(46): CodeIgniter\CodeIgniter->run()
#5 {main}
CRITICAL - 2021-06-03 16:13:26 --> Undefined property: App\Controllers\Ventas::$input
#0 C:\xampp\htdocs\pos\app\Controllers\Ventas.php(263): CodeIgniter\Debug\Exceptions->errorHandler(2, 'Undefined prope...', 'C:\\xampp\\htdocs...', 263)
#1 C:\xampp\htdocs\pos\system\CodeIgniter.php(936): App\Controllers\Ventas->view()
#2 C:\xampp\htdocs\pos\system\CodeIgniter.php(432): CodeIgniter\CodeIgniter->runController(Object(App\Controllers\Ventas))
#3 C:\xampp\htdocs\pos\system\CodeIgniter.php(333): CodeIgniter\CodeIgniter->handleRequest(NULL, Object(Config\Cache), false)
#4 C:\xampp\htdocs\pos\public\index.php(46): CodeIgniter\CodeIgniter->run()
#5 {main}
CRITICAL - 2021-06-03 16:13:31 --> Undefined property: App\Controllers\Ventas::$input
#0 C:\xampp\htdocs\pos\app\Controllers\Ventas.php(263): CodeIgniter\Debug\Exceptions->errorHandler(2, 'Undefined prope...', 'C:\\xampp\\htdocs...', 263)
#1 C:\xampp\htdocs\pos\system\CodeIgniter.php(936): App\Controllers\Ventas->view()
#2 C:\xampp\htdocs\pos\system\CodeIgniter.php(432): CodeIgniter\CodeIgniter->runController(Object(App\Controllers\Ventas))
#3 C:\xampp\htdocs\pos\system\CodeIgniter.php(333): CodeIgniter\CodeIgniter->handleRequest(NULL, Object(Config\Cache), false)
#4 C:\xampp\htdocs\pos\public\index.php(46): CodeIgniter\CodeIgniter->run()
#5 {main}
CRITICAL - 2021-06-03 16:14:20 --> Undefined property: App\Controllers\Ventas::$input
#0 C:\xampp\htdocs\pos\app\Controllers\Ventas.php(263): CodeIgniter\Debug\Exceptions->errorHandler(2, 'Undefined prope...', 'C:\\xampp\\htdocs...', 263)
#1 C:\xampp\htdocs\pos\system\CodeIgniter.php(936): App\Controllers\Ventas->view()
#2 C:\xampp\htdocs\pos\system\CodeIgniter.php(432): CodeIgniter\CodeIgniter->runController(Object(App\Controllers\Ventas))
#3 C:\xampp\htdocs\pos\system\CodeIgniter.php(333): CodeIgniter\CodeIgniter->handleRequest(NULL, Object(Config\Cache), false)
#4 C:\xampp\htdocs\pos\public\index.php(46): CodeIgniter\CodeIgniter->run()
#5 {main}
CRITICAL - 2021-06-03 16:14:41 --> Undefined property: App\Controllers\Ventas::$input
#0 C:\xampp\htdocs\pos\app\Controllers\Ventas.php(263): CodeIgniter\Debug\Exceptions->errorHandler(2, 'Undefined prope...', 'C:\\xampp\\htdocs...', 263)
#1 C:\xampp\htdocs\pos\system\CodeIgniter.php(936): App\Controllers\Ventas->view()
#2 C:\xampp\htdocs\pos\system\CodeIgniter.php(432): CodeIgniter\CodeIgniter->runController(Object(App\Controllers\Ventas))
#3 C:\xampp\htdocs\pos\system\CodeIgniter.php(333): CodeIgniter\CodeIgniter->handleRequest(NULL, Object(Config\Cache), false)
#4 C:\xampp\htdocs\pos\public\index.php(46): CodeIgniter\CodeIgniter->run()
#5 {main}
CRITICAL - 2021-06-03 16:18:01 --> Undefined property: App\Controllers\Ventas::$input
#0 C:\xampp\htdocs\pos\app\Controllers\Ventas.php(263): CodeIgniter\Debug\Exceptions->errorHandler(2, 'Undefined prope...', 'C:\\xampp\\htdocs...', 263)
#1 C:\xampp\htdocs\pos\system\CodeIgniter.php(936): App\Controllers\Ventas->view()
#2 C:\xampp\htdocs\pos\system\CodeIgniter.php(432): CodeIgniter\CodeIgniter->runController(Object(App\Controllers\Ventas))
#3 C:\xampp\htdocs\pos\system\CodeIgniter.php(333): CodeIgniter\CodeIgniter->handleRequest(NULL, Object(Config\Cache), false)
#4 C:\xampp\htdocs\pos\public\index.php(46): CodeIgniter\CodeIgniter->run()
#5 {main}
CRITICAL - 2021-06-03 16:19:46 --> Undefined property: App\Controllers\Ventas::$input
#0 C:\xampp\htdocs\pos\app\Controllers\Ventas.php(263): CodeIgniter\Debug\Exceptions->errorHandler(2, 'Undefined prope...', 'C:\\xampp\\htdocs...', 263)
#1 C:\xampp\htdocs\pos\system\CodeIgniter.php(936): App\Controllers\Ventas->view()
#2 C:\xampp\htdocs\pos\system\CodeIgniter.php(432): CodeIgniter\CodeIgniter->runController(Object(App\Controllers\Ventas))
#3 C:\xampp\htdocs\pos\system\CodeIgniter.php(333): CodeIgniter\CodeIgniter->handleRequest(NULL, Object(Config\Cache), false)
#4 C:\xampp\htdocs\pos\public\index.php(46): CodeIgniter\CodeIgniter->run()
#5 {main}
CRITICAL - 2021-06-03 16:20:06 --> Undefined property: App\Controllers\Ventas::$input
#0 C:\xampp\htdocs\pos\app\Controllers\Ventas.php(263): CodeIgniter\Debug\Exceptions->errorHandler(2, 'Undefined prope...', 'C:\\xampp\\htdocs...', 263)
#1 C:\xampp\htdocs\pos\system\CodeIgniter.php(936): App\Controllers\Ventas->view()
#2 C:\xampp\htdocs\pos\system\CodeIgniter.php(432): CodeIgniter\CodeIgniter->runController(Object(App\Controllers\Ventas))
#3 C:\xampp\htdocs\pos\system\CodeIgniter.php(333): CodeIgniter\CodeIgniter->handleRequest(NULL, Object(Config\Cache), false)
#4 C:\xampp\htdocs\pos\public\index.php(46): CodeIgniter\CodeIgniter->run()
#5 {main}
CRITICAL - 2021-06-03 16:21:03 --> Undefined property: App\Controllers\Ventas::$input
#0 C:\xampp\htdocs\pos\app\Controllers\Ventas.php(263): CodeIgniter\Debug\Exceptions->errorHandler(2, 'Undefined prope...', 'C:\\xampp\\htdocs...', 263)
#1 C:\xampp\htdocs\pos\system\CodeIgniter.php(936): App\Controllers\Ventas->view()
#2 C:\xampp\htdocs\pos\system\CodeIgniter.php(432): CodeIgniter\CodeIgniter->runController(Object(App\Controllers\Ventas))
#3 C:\xampp\htdocs\pos\system\CodeIgniter.php(333): CodeIgniter\CodeIgniter->handleRequest(NULL, Object(Config\Cache), false)
#4 C:\xampp\htdocs\pos\public\index.php(46): CodeIgniter\CodeIgniter->run()
#5 {main}
CRITICAL - 2021-06-03 16:21:51 --> Undefined property: App\Controllers\Ventas::$input
#0 C:\xampp\htdocs\pos\app\Controllers\Ventas.php(263): CodeIgniter\Debug\Exceptions->errorHandler(2, 'Undefined prope...', 'C:\\xampp\\htdocs...', 263)
#1 C:\xampp\htdocs\pos\system\CodeIgniter.php(936): App\Controllers\Ventas->view()
#2 C:\xampp\htdocs\pos\system\CodeIgniter.php(432): CodeIgniter\CodeIgniter->runController(Object(App\Controllers\Ventas))
#3 C:\xampp\htdocs\pos\system\CodeIgniter.php(333): CodeIgniter\CodeIgniter->handleRequest(NULL, Object(Config\Cache), false)
#4 C:\xampp\htdocs\pos\public\index.php(46): CodeIgniter\CodeIgniter->run()
#5 {main}
CRITICAL - 2021-06-03 16:23:30 --> Undefined property: App\Controllers\Ventas::$input
#0 C:\xampp\htdocs\pos\app\Controllers\Ventas.php(263): CodeIgniter\Debug\Exceptions->errorHandler(2, 'Undefined prope...', 'C:\\xampp\\htdocs...', 263)
#1 C:\xampp\htdocs\pos\system\CodeIgniter.php(936): App\Controllers\Ventas->view()
#2 C:\xampp\htdocs\pos\system\CodeIgniter.php(432): CodeIgniter\CodeIgniter->runController(Object(App\Controllers\Ventas))
#3 C:\xampp\htdocs\pos\system\CodeIgniter.php(333): CodeIgniter\CodeIgniter->handleRequest(NULL, Object(Config\Cache), false)
#4 C:\xampp\htdocs\pos\public\index.php(46): CodeIgniter\CodeIgniter->run()
#5 {main}
CRITICAL - 2021-06-03 16:23:41 --> Undefined property: App\Controllers\Ventas::$input
#0 C:\xampp\htdocs\pos\app\Controllers\Ventas.php(263): CodeIgniter\Debug\Exceptions->errorHandler(2, 'Undefined prope...', 'C:\\xampp\\htdocs...', 263)
#1 C:\xampp\htdocs\pos\system\CodeIgniter.php(936): App\Controllers\Ventas->view()
#2 C:\xampp\htdocs\pos\system\CodeIgniter.php(432): CodeIgniter\CodeIgniter->runController(Object(App\Controllers\Ventas))
#3 C:\xampp\htdocs\pos\system\CodeIgniter.php(333): CodeIgniter\CodeIgniter->handleRequest(NULL, Object(Config\Cache), false)
#4 C:\xampp\htdocs\pos\public\index.php(46): CodeIgniter\CodeIgniter->run()
#5 {main}
CRITICAL - 2021-06-03 16:24:03 --> Undefined property: App\Controllers\Ventas::$input
#0 C:\xampp\htdocs\pos\app\Controllers\Ventas.php(263): CodeIgniter\Debug\Exceptions->errorHandler(2, 'Undefined prope...', 'C:\\xampp\\htdocs...', 263)
#1 C:\xampp\htdocs\pos\system\CodeIgniter.php(936): App\Controllers\Ventas->view()
#2 C:\xampp\htdocs\pos\system\CodeIgniter.php(432): CodeIgniter\CodeIgniter->runController(Object(App\Controllers\Ventas))
#3 C:\xampp\htdocs\pos\system\CodeIgniter.php(333): CodeIgniter\CodeIgniter->handleRequest(NULL, Object(Config\Cache), false)
#4 C:\xampp\htdocs\pos\public\index.php(46): CodeIgniter\CodeIgniter->run()
#5 {main}
CRITICAL - 2021-06-03 16:24:49 --> Undefined property: App\Controllers\Ventas::$input
#0 C:\xampp\htdocs\pos\app\Controllers\Ventas.php(263): CodeIgniter\Debug\Exceptions->errorHandler(2, 'Undefined prope...', 'C:\\xampp\\htdocs...', 263)
#1 C:\xampp\htdocs\pos\system\CodeIgniter.php(936): App\Controllers\Ventas->view()
#2 C:\xampp\htdocs\pos\system\CodeIgniter.php(432): CodeIgniter\CodeIgniter->runController(Object(App\Controllers\Ventas))
#3 C:\xampp\htdocs\pos\system\CodeIgniter.php(333): CodeIgniter\CodeIgniter->handleRequest(NULL, Object(Config\Cache), false)
#4 C:\xampp\htdocs\pos\public\index.php(46): CodeIgniter\CodeIgniter->run()
#5 {main}
CRITICAL - 2021-06-03 16:25:16 --> Undefined property: App\Controllers\Ventas::$input
#0 C:\xampp\htdocs\pos\app\Controllers\Ventas.php(263): CodeIgniter\Debug\Exceptions->errorHandler(2, 'Undefined prope...', 'C:\\xampp\\htdocs...', 263)
#1 C:\xampp\htdocs\pos\system\CodeIgniter.php(936): App\Controllers\Ventas->view()
#2 C:\xampp\htdocs\pos\system\CodeIgniter.php(432): CodeIgniter\CodeIgniter->runController(Object(App\Controllers\Ventas))
#3 C:\xampp\htdocs\pos\system\CodeIgniter.php(333): CodeIgniter\CodeIgniter->handleRequest(NULL, Object(Config\Cache), false)
#4 C:\xampp\htdocs\pos\public\index.php(46): CodeIgniter\CodeIgniter->run()
#5 {main}
CRITICAL - 2021-06-03 16:25:34 --> Undefined property: App\Controllers\Ventas::$input
#0 C:\xampp\htdocs\pos\app\Controllers\Ventas.php(263): CodeIgniter\Debug\Exceptions->errorHandler(2, 'Undefined prope...', 'C:\\xampp\\htdocs...', 263)
#1 C:\xampp\htdocs\pos\system\CodeIgniter.php(936): App\Controllers\Ventas->view()
#2 C:\xampp\htdocs\pos\system\CodeIgniter.php(432): CodeIgniter\CodeIgniter->runController(Object(App\Controllers\Ventas))
#3 C:\xampp\htdocs\pos\system\CodeIgniter.php(333): CodeIgniter\CodeIgniter->handleRequest(NULL, Object(Config\Cache), false)
#4 C:\xampp\htdocs\pos\public\index.php(46): CodeIgniter\CodeIgniter->run()
#5 {main}
CRITICAL - 2021-06-03 16:26:28 --> syntax error, unexpected token "}", expecting "," or ";"
#0 C:\xampp\htdocs\pos\system\Router\Router.php(170): CodeIgniter\Router\Router->autoRoute('ventas')
#1 C:\xampp\htdocs\pos\system\CodeIgniter.php(816): CodeIgniter\Router\Router->handle('ventas')
#2 C:\xampp\htdocs\pos\system\CodeIgniter.php(385): CodeIgniter\CodeIgniter->tryToRouteIt(Object(CodeIgniter\Router\RouteCollection))
#3 C:\xampp\htdocs\pos\system\CodeIgniter.php(333): CodeIgniter\CodeIgniter->handleRequest(NULL, Object(Config\Cache), false)
#4 C:\xampp\htdocs\pos\public\index.php(46): CodeIgniter\CodeIgniter->run()
#5 {main}
CRITICAL - 2021-06-03 16:26:39 --> Undefined property: App\Controllers\Ventas::$input
#0 C:\xampp\htdocs\pos\app\Controllers\Ventas.php(263): CodeIgniter\Debug\Exceptions->errorHandler(2, 'Undefined prope...', 'C:\\xampp\\htdocs...', 263)
#1 C:\xampp\htdocs\pos\system\CodeIgniter.php(936): App\Controllers\Ventas->view()
#2 C:\xampp\htdocs\pos\system\CodeIgniter.php(432): CodeIgniter\CodeIgniter->runController(Object(App\Controllers\Ventas))
#3 C:\xampp\htdocs\pos\system\CodeIgniter.php(333): CodeIgniter\CodeIgniter->handleRequest(NULL, Object(Config\Cache), false)
#4 C:\xampp\htdocs\pos\public\index.php(46): CodeIgniter\CodeIgniter->run()
#5 {main}
CRITICAL - 2021-06-03 16:29:15 --> Undefined property: App\Controllers\Ventas::$input
#0 C:\xampp\htdocs\pos\app\Controllers\Ventas.php(263): CodeIgniter\Debug\Exceptions->errorHandler(2, 'Undefined prope...', 'C:\\xampp\\htdocs...', 263)
#1 C:\xampp\htdocs\pos\system\CodeIgniter.php(936): App\Controllers\Ventas->view()
#2 C:\xampp\htdocs\pos\system\CodeIgniter.php(432): CodeIgniter\CodeIgniter->runController(Object(App\Controllers\Ventas))
#3 C:\xampp\htdocs\pos\system\CodeIgniter.php(333): CodeIgniter\CodeIgniter->handleRequest(NULL, Object(Config\Cache), false)
#4 C:\xampp\htdocs\pos\public\index.php(46): CodeIgniter\CodeIgniter->run()
#5 {main}
CRITICAL - 2021-06-03 16:29:45 --> Undefined property: App\Controllers\Ventas::$input
#0 C:\xampp\htdocs\pos\app\Controllers\Ventas.php(263): CodeIgniter\Debug\Exceptions->errorHandler(2, 'Undefined prope...', 'C:\\xampp\\htdocs...', 263)
#1 C:\xampp\htdocs\pos\system\CodeIgniter.php(936): App\Controllers\Ventas->view()
#2 C:\xampp\htdocs\pos\system\CodeIgniter.php(432): CodeIgniter\CodeIgniter->runController(Object(App\Controllers\Ventas))
#3 C:\xampp\htdocs\pos\system\CodeIgniter.php(333): CodeIgniter\CodeIgniter->handleRequest(NULL, Object(Config\Cache), false)
#4 C:\xampp\htdocs\pos\public\index.php(46): CodeIgniter\CodeIgniter->run()
#5 {main}
CRITICAL - 2021-06-03 16:30:29 --> Undefined property: App\Controllers\Ventas::$input
#0 C:\xampp\htdocs\pos\app\Controllers\Ventas.php(263): CodeIgniter\Debug\Exceptions->errorHandler(2, 'Undefined prope...', 'C:\\xampp\\htdocs...', 263)
#1 C:\xampp\htdocs\pos\system\CodeIgniter.php(936): App\Controllers\Ventas->view()
#2 C:\xampp\htdocs\pos\system\CodeIgniter.php(432): CodeIgniter\CodeIgniter->runController(Object(App\Controllers\Ventas))
#3 C:\xampp\htdocs\pos\system\CodeIgniter.php(333): CodeIgniter\CodeIgniter->handleRequest(NULL, Object(Config\Cache), false)
#4 C:\xampp\htdocs\pos\public\index.php(46): CodeIgniter\CodeIgniter->run()
#5 {main}
CRITICAL - 2021-06-03 16:30:52 --> Undefined property: App\Controllers\Ventas::$input
#0 C:\xampp\htdocs\pos\app\Controllers\Ventas.php(263): CodeIgniter\Debug\Exceptions->errorHandler(2, 'Undefined prope...', 'C:\\xampp\\htdocs...', 263)
#1 C:\xampp\htdocs\pos\system\CodeIgniter.php(936): App\Controllers\Ventas->view()
#2 C:\xampp\htdocs\pos\system\CodeIgniter.php(432): CodeIgniter\CodeIgniter->runController(Object(App\Controllers\Ventas))
#3 C:\xampp\htdocs\pos\system\CodeIgniter.php(333): CodeIgniter\CodeIgniter->handleRequest(NULL, Object(Config\Cache), false)
#4 C:\xampp\htdocs\pos\public\index.php(46): CodeIgniter\CodeIgniter->run()
#5 {main}
CRITICAL - 2021-06-03 16:31:43 --> Undefined property: App\Controllers\Ventas::$input
#0 C:\xampp\htdocs\pos\app\Controllers\Ventas.php(263): CodeIgniter\Debug\Exceptions->errorHandler(2, 'Undefined prope...', 'C:\\xampp\\htdocs...', 263)
#1 C:\xampp\htdocs\pos\system\CodeIgniter.php(936): App\Controllers\Ventas->view()
#2 C:\xampp\htdocs\pos\system\CodeIgniter.php(432): CodeIgniter\CodeIgniter->runController(Object(App\Controllers\Ventas))
#3 C:\xampp\htdocs\pos\system\CodeIgniter.php(333): CodeIgniter\CodeIgniter->handleRequest(NULL, Object(Config\Cache), false)
#4 C:\xampp\htdocs\pos\public\index.php(46): CodeIgniter\CodeIgniter->run()
#5 {main}
CRITICAL - 2021-06-03 16:32:14 --> Undefined property: App\Controllers\Ventas::$input
#0 C:\xampp\htdocs\pos\app\Controllers\Ventas.php(263): CodeIgniter\Debug\Exceptions->errorHandler(2, 'Undefined prope...', 'C:\\xampp\\htdocs...', 263)
#1 C:\xampp\htdocs\pos\system\CodeIgniter.php(936): App\Controllers\Ventas->view()
#2 C:\xampp\htdocs\pos\system\CodeIgniter.php(432): CodeIgniter\CodeIgniter->runController(Object(App\Controllers\Ventas))
#3 C:\xampp\htdocs\pos\system\CodeIgniter.php(333): CodeIgniter\CodeIgniter->handleRequest(NULL, Object(Config\Cache), false)
#4 C:\xampp\htdocs\pos\public\index.php(46): CodeIgniter\CodeIgniter->run()
#5 {main}
CRITICAL - 2021-06-03 16:32:28 --> Undefined property: App\Controllers\Ventas::$input
#0 C:\xampp\htdocs\pos\app\Controllers\Ventas.php(263): CodeIgniter\Debug\Exceptions->errorHandler(2, 'Undefined prope...', 'C:\\xampp\\htdocs...', 263)
#1 C:\xampp\htdocs\pos\system\CodeIgniter.php(936): App\Controllers\Ventas->view()
#2 C:\xampp\htdocs\pos\system\CodeIgniter.php(432): CodeIgniter\CodeIgniter->runController(Object(App\Controllers\Ventas))
#3 C:\xampp\htdocs\pos\system\CodeIgniter.php(333): CodeIgniter\CodeIgniter->handleRequest(NULL, Object(Config\Cache), false)
#4 C:\xampp\htdocs\pos\public\index.php(46): CodeIgniter\CodeIgniter->run()
#5 {main}
CRITICAL - 2021-06-03 16:32:52 --> Undefined property: App\Controllers\Ventas::$input
#0 C:\xampp\htdocs\pos\app\Controllers\Ventas.php(263): CodeIgniter\Debug\Exceptions->errorHandler(2, 'Undefined prope...', 'C:\\xampp\\htdocs...', 263)
#1 C:\xampp\htdocs\pos\system\CodeIgniter.php(936): App\Controllers\Ventas->view()
#2 C:\xampp\htdocs\pos\system\CodeIgniter.php(432): CodeIgniter\CodeIgniter->runController(Object(App\Controllers\Ventas))
#3 C:\xampp\htdocs\pos\system\CodeIgniter.php(333): CodeIgniter\CodeIgniter->handleRequest(NULL, Object(Config\Cache), false)
#4 C:\xampp\htdocs\pos\public\index.php(46): CodeIgniter\CodeIgniter->run()
#5 {main}
CRITICAL - 2021-06-03 16:33:29 --> Undefined property: App\Controllers\Ventas::$input
#0 C:\xampp\htdocs\pos\app\Controllers\Ventas.php(263): CodeIgniter\Debug\Exceptions->errorHandler(2, 'Undefined prope...', 'C:\\xampp\\htdocs...', 263)
#1 C:\xampp\htdocs\pos\system\CodeIgniter.php(936): App\Controllers\Ventas->view()
#2 C:\xampp\htdocs\pos\system\CodeIgniter.php(432): CodeIgniter\CodeIgniter->runController(Object(App\Controllers\Ventas))
#3 C:\xampp\htdocs\pos\system\CodeIgniter.php(333): CodeIgniter\CodeIgniter->handleRequest(NULL, Object(Config\Cache), false)
#4 C:\xampp\htdocs\pos\public\index.php(46): CodeIgniter\CodeIgniter->run()
#5 {main}
