CRITICAL - 2021-05-12 13:37:19 --> Trying to access array offset on value of type null
#0 C:\xampp\htdocs\pos\app\Controllers\ProductosAdmin.php(98): CodeIgniter\Debug\Exceptions->errorHandler(2, 'Trying to acces...', 'C:\\xampp\\htdocs...', 98)
#1 C:\xampp\htdocs\pos\system\CodeIgniter.php(936): App\Controllers\ProductosAdmin->editar('img', 'menu', '2.jpg')
#2 C:\xampp\htdocs\pos\system\CodeIgniter.php(432): CodeIgniter\CodeIgniter->runController(Object(App\Controllers\ProductosAdmin))
#3 C:\xampp\htdocs\pos\system\CodeIgniter.php(333): CodeIgniter\CodeIgniter->handleRequest(NULL, Object(Config\Cache), false)
#4 C:\xampp\htdocs\pos\public\index.php(46): CodeIgniter\CodeIgniter->run()
#5 {main}
CRITICAL - 2021-05-12 13:37:19 --> Trying to access array offset on value of type null
#0 C:\xampp\htdocs\pos\app\Controllers\ProductosAdmin.php(98): CodeIgniter\Debug\Exceptions->errorHandler(2, 'Trying to acces...', 'C:\\xampp\\htdocs...', 98)
#1 C:\xampp\htdocs\pos\system\CodeIgniter.php(936): App\Controllers\ProductosAdmin->editar('img', 'menu', '1.jpg')
#2 C:\xampp\htdocs\pos\system\CodeIgniter.php(432): CodeIgniter\CodeIgniter->runController(Object(App\Controllers\ProductosAdmin))
#3 C:\xampp\htdocs\pos\system\CodeIgniter.php(333): CodeIgniter\CodeIgniter->handleRequest(NULL, Object(Config\Cache), false)
#4 C:\xampp\htdocs\pos\public\index.php(46): CodeIgniter\CodeIgniter->run()
#5 {main}
CRITICAL - 2021-05-12 13:37:19 --> Trying to access array offset on value of type null
#0 C:\xampp\htdocs\pos\app\Controllers\ProductosAdmin.php(98): CodeIgniter\Debug\Exceptions->errorHandler(2, 'Trying to acces...', 'C:\\xampp\\htdocs...', 98)
#1 C:\xampp\htdocs\pos\system\CodeIgniter.php(936): App\Controllers\ProductosAdmin->editar('img', 'footer', '1.png')
#2 C:\xampp\htdocs\pos\system\CodeIgniter.php(432): CodeIgniter\CodeIgniter->runController(Object(App\Controllers\ProductosAdmin))
#3 C:\xampp\htdocs\pos\system\CodeIgniter.php(333): CodeIgniter\CodeIgniter->handleRequest(NULL, Object(Config\Cache), false)
#4 C:\xampp\htdocs\pos\public\index.php(46): CodeIgniter\CodeIgniter->run()
#5 {main}
CRITICAL - 2021-05-12 13:37:19 --> Trying to access array offset on value of type null
#0 C:\xampp\htdocs\pos\app\Controllers\ProductosAdmin.php(98): CodeIgniter\Debug\Exceptions->errorHandler(2, 'Trying to acces...', 'C:\\xampp\\htdocs...', 98)
#1 C:\xampp\htdocs\pos\system\CodeIgniter.php(936): App\Controllers\ProductosAdmin->editar('img', 'icon', 'favicon.png')
#2 C:\xampp\htdocs\pos\system\CodeIgniter.php(432): CodeIgniter\CodeIgniter->runController(Object(App\Controllers\ProductosAdmin))
#3 C:\xampp\htdocs\pos\system\CodeIgniter.php(333): CodeIgniter\CodeIgniter->handleRequest(NULL, Object(Config\Cache), false)
#4 C:\xampp\htdocs\pos\public\index.php(46): CodeIgniter\CodeIgniter->run()
#5 {main}
CRITICAL - 2021-05-12 13:37:46 --> Trying to access array offset on value of type null
#0 C:\xampp\htdocs\pos\app\Controllers\ProductosAdmin.php(98): CodeIgniter\Debug\Exceptions->errorHandler(2, 'Trying to acces...', 'C:\\xampp\\htdocs...', 98)
#1 C:\xampp\htdocs\pos\system\CodeIgniter.php(936): App\Controllers\ProductosAdmin->editar('img', 'menu', '1.jpg')
#2 C:\xampp\htdocs\pos\system\CodeIgniter.php(432): CodeIgniter\CodeIgniter->runController(Object(App\Controllers\ProductosAdmin))
#3 C:\xampp\htdocs\pos\system\CodeIgniter.php(333): CodeIgniter\CodeIgniter->handleRequest(NULL, Object(Config\Cache), false)
#4 C:\xampp\htdocs\pos\public\index.php(46): CodeIgniter\CodeIgniter->run()
#5 {main}
CRITICAL - 2021-05-12 13:37:46 --> Trying to access array offset on value of type null
#0 C:\xampp\htdocs\pos\app\Controllers\ProductosAdmin.php(98): CodeIgniter\Debug\Exceptions->errorHandler(2, 'Trying to acces...', 'C:\\xampp\\htdocs...', 98)
#1 C:\xampp\htdocs\pos\system\CodeIgniter.php(936): App\Controllers\ProductosAdmin->editar('img', 'menu', '2.jpg')
#2 C:\xampp\htdocs\pos\system\CodeIgniter.php(432): CodeIgniter\CodeIgniter->runController(Object(App\Controllers\ProductosAdmin))
#3 C:\xampp\htdocs\pos\system\CodeIgniter.php(333): CodeIgniter\CodeIgniter->handleRequest(NULL, Object(Config\Cache), false)
#4 C:\xampp\htdocs\pos\public\index.php(46): CodeIgniter\CodeIgniter->run()
#5 {main}
CRITICAL - 2021-05-12 13:37:46 --> Trying to access array offset on value of type null
#0 C:\xampp\htdocs\pos\app\Controllers\ProductosAdmin.php(98): CodeIgniter\Debug\Exceptions->errorHandler(2, 'Trying to acces...', 'C:\\xampp\\htdocs...', 98)
#1 C:\xampp\htdocs\pos\system\CodeIgniter.php(936): App\Controllers\ProductosAdmin->editar('img', 'footer', '1.png')
#2 C:\xampp\htdocs\pos\system\CodeIgniter.php(432): CodeIgniter\CodeIgniter->runController(Object(App\Controllers\ProductosAdmin))
#3 C:\xampp\htdocs\pos\system\CodeIgniter.php(333): CodeIgniter\CodeIgniter->handleRequest(NULL, Object(Config\Cache), false)
#4 C:\xampp\htdocs\pos\public\index.php(46): CodeIgniter\CodeIgniter->run()
#5 {main}
CRITICAL - 2021-05-12 13:37:46 --> Trying to access array offset on value of type null
#0 C:\xampp\htdocs\pos\app\Controllers\ProductosAdmin.php(98): CodeIgniter\Debug\Exceptions->errorHandler(2, 'Trying to acces...', 'C:\\xampp\\htdocs...', 98)
#1 C:\xampp\htdocs\pos\system\CodeIgniter.php(936): App\Controllers\ProductosAdmin->editar('img', 'icon', 'favicon.png')
#2 C:\xampp\htdocs\pos\system\CodeIgniter.php(432): CodeIgniter\CodeIgniter->runController(Object(App\Controllers\ProductosAdmin))
#3 C:\xampp\htdocs\pos\system\CodeIgniter.php(333): CodeIgniter\CodeIgniter->handleRequest(NULL, Object(Config\Cache), false)
#4 C:\xampp\htdocs\pos\public\index.php(46): CodeIgniter\CodeIgniter->run()
#5 {main}
CRITICAL - 2021-05-12 13:38:55 --> Trying to access array offset on value of type null
#0 C:\xampp\htdocs\pos\app\Controllers\ProductosAdmin.php(98): CodeIgniter\Debug\Exceptions->errorHandler(2, 'Trying to acces...', 'C:\\xampp\\htdocs...', 98)
#1 C:\xampp\htdocs\pos\system\CodeIgniter.php(936): App\Controllers\ProductosAdmin->editar('img', 'menu', '1.jpg')
#2 C:\xampp\htdocs\pos\system\CodeIgniter.php(432): CodeIgniter\CodeIgniter->runController(Object(App\Controllers\ProductosAdmin))
#3 C:\xampp\htdocs\pos\system\CodeIgniter.php(333): CodeIgniter\CodeIgniter->handleRequest(NULL, Object(Config\Cache), false)
#4 C:\xampp\htdocs\pos\public\index.php(46): CodeIgniter\CodeIgniter->run()
#5 {main}
CRITICAL - 2021-05-12 13:38:55 --> Trying to access array offset on value of type null
#0 C:\xampp\htdocs\pos\app\Controllers\ProductosAdmin.php(98): CodeIgniter\Debug\Exceptions->errorHandler(2, 'Trying to acces...', 'C:\\xampp\\htdocs...', 98)
#1 C:\xampp\htdocs\pos\system\CodeIgniter.php(936): App\Controllers\ProductosAdmin->editar('img', 'menu', '2.jpg')
#2 C:\xampp\htdocs\pos\system\CodeIgniter.php(432): CodeIgniter\CodeIgniter->runController(Object(App\Controllers\ProductosAdmin))
#3 C:\xampp\htdocs\pos\system\CodeIgniter.php(333): CodeIgniter\CodeIgniter->handleRequest(NULL, Object(Config\Cache), false)
#4 C:\xampp\htdocs\pos\public\index.php(46): CodeIgniter\CodeIgniter->run()
#5 {main}
CRITICAL - 2021-05-12 13:38:55 --> Trying to access array offset on value of type null
#0 C:\xampp\htdocs\pos\app\Controllers\ProductosAdmin.php(98): CodeIgniter\Debug\Exceptions->errorHandler(2, 'Trying to acces...', 'C:\\xampp\\htdocs...', 98)
#1 C:\xampp\htdocs\pos\system\CodeIgniter.php(936): App\Controllers\ProductosAdmin->editar('img', 'footer', '1.png')
#2 C:\xampp\htdocs\pos\system\CodeIgniter.php(432): CodeIgniter\CodeIgniter->runController(Object(App\Controllers\ProductosAdmin))
#3 C:\xampp\htdocs\pos\system\CodeIgniter.php(333): CodeIgniter\CodeIgniter->handleRequest(NULL, Object(Config\Cache), false)
#4 C:\xampp\htdocs\pos\public\index.php(46): CodeIgniter\CodeIgniter->run()
#5 {main}
CRITICAL - 2021-05-12 13:38:55 --> Trying to access array offset on value of type null
#0 C:\xampp\htdocs\pos\app\Controllers\ProductosAdmin.php(98): CodeIgniter\Debug\Exceptions->errorHandler(2, 'Trying to acces...', 'C:\\xampp\\htdocs...', 98)
#1 C:\xampp\htdocs\pos\system\CodeIgniter.php(936): App\Controllers\ProductosAdmin->editar('img', 'icon', 'favicon.png')
#2 C:\xampp\htdocs\pos\system\CodeIgniter.php(432): CodeIgniter\CodeIgniter->runController(Object(App\Controllers\ProductosAdmin))
#3 C:\xampp\htdocs\pos\system\CodeIgniter.php(333): CodeIgniter\CodeIgniter->handleRequest(NULL, Object(Config\Cache), false)
#4 C:\xampp\htdocs\pos\public\index.php(46): CodeIgniter\CodeIgniter->run()
#5 {main}
CRITICAL - 2021-05-12 13:39:21 --> Trying to access array offset on value of type null
#0 C:\xampp\htdocs\pos\app\Controllers\ProductosAdmin.php(98): CodeIgniter\Debug\Exceptions->errorHandler(2, 'Trying to acces...', 'C:\\xampp\\htdocs...', 98)
#1 C:\xampp\htdocs\pos\system\CodeIgniter.php(936): App\Controllers\ProductosAdmin->editar('img', 'menu', '1.jpg')
#2 C:\xampp\htdocs\pos\system\CodeIgniter.php(432): CodeIgniter\CodeIgniter->runController(Object(App\Controllers\ProductosAdmin))
#3 C:\xampp\htdocs\pos\system\CodeIgniter.php(333): CodeIgniter\CodeIgniter->handleRequest(NULL, Object(Config\Cache), false)
#4 C:\xampp\htdocs\pos\public\index.php(46): CodeIgniter\CodeIgniter->run()
#5 {main}
CRITICAL - 2021-05-12 13:39:21 --> Trying to access array offset on value of type null
#0 C:\xampp\htdocs\pos\app\Controllers\ProductosAdmin.php(98): CodeIgniter\Debug\Exceptions->errorHandler(2, 'Trying to acces...', 'C:\\xampp\\htdocs...', 98)
#1 C:\xampp\htdocs\pos\system\CodeIgniter.php(936): App\Controllers\ProductosAdmin->editar('img', 'menu', '2.jpg')
#2 C:\xampp\htdocs\pos\system\CodeIgniter.php(432): CodeIgniter\CodeIgniter->runController(Object(App\Controllers\ProductosAdmin))
#3 C:\xampp\htdocs\pos\system\CodeIgniter.php(333): CodeIgniter\CodeIgniter->handleRequest(NULL, Object(Config\Cache), false)
#4 C:\xampp\htdocs\pos\public\index.php(46): CodeIgniter\CodeIgniter->run()
#5 {main}
CRITICAL - 2021-05-12 13:39:21 --> Trying to access array offset on value of type null
#0 C:\xampp\htdocs\pos\app\Controllers\ProductosAdmin.php(98): CodeIgniter\Debug\Exceptions->errorHandler(2, 'Trying to acces...', 'C:\\xampp\\htdocs...', 98)
#1 C:\xampp\htdocs\pos\system\CodeIgniter.php(936): App\Controllers\ProductosAdmin->editar('img', 'footer', '1.png')
#2 C:\xampp\htdocs\pos\system\CodeIgniter.php(432): CodeIgniter\CodeIgniter->runController(Object(App\Controllers\ProductosAdmin))
#3 C:\xampp\htdocs\pos\system\CodeIgniter.php(333): CodeIgniter\CodeIgniter->handleRequest(NULL, Object(Config\Cache), false)
#4 C:\xampp\htdocs\pos\public\index.php(46): CodeIgniter\CodeIgniter->run()
#5 {main}
CRITICAL - 2021-05-12 13:39:21 --> Trying to access array offset on value of type null
#0 C:\xampp\htdocs\pos\app\Controllers\ProductosAdmin.php(98): CodeIgniter\Debug\Exceptions->errorHandler(2, 'Trying to acces...', 'C:\\xampp\\htdocs...', 98)
#1 C:\xampp\htdocs\pos\system\CodeIgniter.php(936): App\Controllers\ProductosAdmin->editar('img', 'icon', 'favicon.png')
#2 C:\xampp\htdocs\pos\system\CodeIgniter.php(432): CodeIgniter\CodeIgniter->runController(Object(App\Controllers\ProductosAdmin))
#3 C:\xampp\htdocs\pos\system\CodeIgniter.php(333): CodeIgniter\CodeIgniter->handleRequest(NULL, Object(Config\Cache), false)
#4 C:\xampp\htdocs\pos\public\index.php(46): CodeIgniter\CodeIgniter->run()
#5 {main}
CRITICAL - 2021-05-12 13:40:11 --> Trying to access array offset on value of type null
#0 C:\xampp\htdocs\pos\app\Controllers\ProductosAdmin.php(98): CodeIgniter\Debug\Exceptions->errorHandler(2, 'Trying to acces...', 'C:\\xampp\\htdocs...', 98)
#1 C:\xampp\htdocs\pos\system\CodeIgniter.php(936): App\Controllers\ProductosAdmin->editar('img', 'menu', '1.jpg')
#2 C:\xampp\htdocs\pos\system\CodeIgniter.php(432): CodeIgniter\CodeIgniter->runController(Object(App\Controllers\ProductosAdmin))
#3 C:\xampp\htdocs\pos\system\CodeIgniter.php(333): CodeIgniter\CodeIgniter->handleRequest(NULL, Object(Config\Cache), false)
#4 C:\xampp\htdocs\pos\public\index.php(46): CodeIgniter\CodeIgniter->run()
#5 {main}
CRITICAL - 2021-05-12 13:40:11 --> Trying to access array offset on value of type null
#0 C:\xampp\htdocs\pos\app\Controllers\ProductosAdmin.php(98): CodeIgniter\Debug\Exceptions->errorHandler(2, 'Trying to acces...', 'C:\\xampp\\htdocs...', 98)
#1 C:\xampp\htdocs\pos\system\CodeIgniter.php(936): App\Controllers\ProductosAdmin->editar('img', 'menu', '2.jpg')
#2 C:\xampp\htdocs\pos\system\CodeIgniter.php(432): CodeIgniter\CodeIgniter->runController(Object(App\Controllers\ProductosAdmin))
#3 C:\xampp\htdocs\pos\system\CodeIgniter.php(333): CodeIgniter\CodeIgniter->handleRequest(NULL, Object(Config\Cache), false)
#4 C:\xampp\htdocs\pos\public\index.php(46): CodeIgniter\CodeIgniter->run()
#5 {main}
CRITICAL - 2021-05-12 13:40:11 --> Trying to access array offset on value of type null
#0 C:\xampp\htdocs\pos\app\Controllers\ProductosAdmin.php(98): CodeIgniter\Debug\Exceptions->errorHandler(2, 'Trying to acces...', 'C:\\xampp\\htdocs...', 98)
#1 C:\xampp\htdocs\pos\system\CodeIgniter.php(936): App\Controllers\ProductosAdmin->editar('img', 'footer', '1.png')
#2 C:\xampp\htdocs\pos\system\CodeIgniter.php(432): CodeIgniter\CodeIgniter->runController(Object(App\Controllers\ProductosAdmin))
#3 C:\xampp\htdocs\pos\system\CodeIgniter.php(333): CodeIgniter\CodeIgniter->handleRequest(NULL, Object(Config\Cache), false)
#4 C:\xampp\htdocs\pos\public\index.php(46): CodeIgniter\CodeIgniter->run()
#5 {main}
CRITICAL - 2021-05-12 13:40:11 --> Trying to access array offset on value of type null
#0 C:\xampp\htdocs\pos\app\Controllers\ProductosAdmin.php(98): CodeIgniter\Debug\Exceptions->errorHandler(2, 'Trying to acces...', 'C:\\xampp\\htdocs...', 98)
#1 C:\xampp\htdocs\pos\system\CodeIgniter.php(936): App\Controllers\ProductosAdmin->editar('img', 'icon', 'favicon.png')
#2 C:\xampp\htdocs\pos\system\CodeIgniter.php(432): CodeIgniter\CodeIgniter->runController(Object(App\Controllers\ProductosAdmin))
#3 C:\xampp\htdocs\pos\system\CodeIgniter.php(333): CodeIgniter\CodeIgniter->handleRequest(NULL, Object(Config\Cache), false)
#4 C:\xampp\htdocs\pos\public\index.php(46): CodeIgniter\CodeIgniter->run()
#5 {main}
CRITICAL - 2021-05-12 13:40:22 --> Trying to access array offset on value of type null
#0 C:\xampp\htdocs\pos\app\Controllers\ProductosAdmin.php(98): CodeIgniter\Debug\Exceptions->errorHandler(2, 'Trying to acces...', 'C:\\xampp\\htdocs...', 98)
#1 C:\xampp\htdocs\pos\system\CodeIgniter.php(936): App\Controllers\ProductosAdmin->editar('img', 'menu', '1.jpg')
#2 C:\xampp\htdocs\pos\system\CodeIgniter.php(432): CodeIgniter\CodeIgniter->runController(Object(App\Controllers\ProductosAdmin))
#3 C:\xampp\htdocs\pos\system\CodeIgniter.php(333): CodeIgniter\CodeIgniter->handleRequest(NULL, Object(Config\Cache), false)
#4 C:\xampp\htdocs\pos\public\index.php(46): CodeIgniter\CodeIgniter->run()
#5 {main}
CRITICAL - 2021-05-12 13:40:22 --> Trying to access array offset on value of type null
#0 C:\xampp\htdocs\pos\app\Controllers\ProductosAdmin.php(98): CodeIgniter\Debug\Exceptions->errorHandler(2, 'Trying to acces...', 'C:\\xampp\\htdocs...', 98)
#1 C:\xampp\htdocs\pos\system\CodeIgniter.php(936): App\Controllers\ProductosAdmin->editar('img', 'menu', '2.jpg')
#2 C:\xampp\htdocs\pos\system\CodeIgniter.php(432): CodeIgniter\CodeIgniter->runController(Object(App\Controllers\ProductosAdmin))
#3 C:\xampp\htdocs\pos\system\CodeIgniter.php(333): CodeIgniter\CodeIgniter->handleRequest(NULL, Object(Config\Cache), false)
#4 C:\xampp\htdocs\pos\public\index.php(46): CodeIgniter\CodeIgniter->run()
#5 {main}
CRITICAL - 2021-05-12 13:40:22 --> Trying to access array offset on value of type null
#0 C:\xampp\htdocs\pos\app\Controllers\ProductosAdmin.php(98): CodeIgniter\Debug\Exceptions->errorHandler(2, 'Trying to acces...', 'C:\\xampp\\htdocs...', 98)
#1 C:\xampp\htdocs\pos\system\CodeIgniter.php(936): App\Controllers\ProductosAdmin->editar('img', 'footer', '1.png')
#2 C:\xampp\htdocs\pos\system\CodeIgniter.php(432): CodeIgniter\CodeIgniter->runController(Object(App\Controllers\ProductosAdmin))
#3 C:\xampp\htdocs\pos\system\CodeIgniter.php(333): CodeIgniter\CodeIgniter->handleRequest(NULL, Object(Config\Cache), false)
#4 C:\xampp\htdocs\pos\public\index.php(46): CodeIgniter\CodeIgniter->run()
#5 {main}
CRITICAL - 2021-05-12 13:40:22 --> Trying to access array offset on value of type null
#0 C:\xampp\htdocs\pos\app\Controllers\ProductosAdmin.php(98): CodeIgniter\Debug\Exceptions->errorHandler(2, 'Trying to acces...', 'C:\\xampp\\htdocs...', 98)
#1 C:\xampp\htdocs\pos\system\CodeIgniter.php(936): App\Controllers\ProductosAdmin->editar('img', 'icon', 'favicon.png')
#2 C:\xampp\htdocs\pos\system\CodeIgniter.php(432): CodeIgniter\CodeIgniter->runController(Object(App\Controllers\ProductosAdmin))
#3 C:\xampp\htdocs\pos\system\CodeIgniter.php(333): CodeIgniter\CodeIgniter->handleRequest(NULL, Object(Config\Cache), false)
#4 C:\xampp\htdocs\pos\public\index.php(46): CodeIgniter\CodeIgniter->run()
#5 {main}
CRITICAL - 2021-05-12 13:40:33 --> Trying to access array offset on value of type null
#0 C:\xampp\htdocs\pos\app\Controllers\ProductosAdmin.php(98): CodeIgniter\Debug\Exceptions->errorHandler(2, 'Trying to acces...', 'C:\\xampp\\htdocs...', 98)
#1 C:\xampp\htdocs\pos\system\CodeIgniter.php(936): App\Controllers\ProductosAdmin->editar('img', 'menu', '1.jpg')
#2 C:\xampp\htdocs\pos\system\CodeIgniter.php(432): CodeIgniter\CodeIgniter->runController(Object(App\Controllers\ProductosAdmin))
#3 C:\xampp\htdocs\pos\system\CodeIgniter.php(333): CodeIgniter\CodeIgniter->handleRequest(NULL, Object(Config\Cache), false)
#4 C:\xampp\htdocs\pos\public\index.php(46): CodeIgniter\CodeIgniter->run()
#5 {main}
CRITICAL - 2021-05-12 13:40:33 --> Trying to access array offset on value of type null
#0 C:\xampp\htdocs\pos\app\Controllers\ProductosAdmin.php(98): CodeIgniter\Debug\Exceptions->errorHandler(2, 'Trying to acces...', 'C:\\xampp\\htdocs...', 98)
#1 C:\xampp\htdocs\pos\system\CodeIgniter.php(936): App\Controllers\ProductosAdmin->editar('img', 'menu', '2.jpg')
#2 C:\xampp\htdocs\pos\system\CodeIgniter.php(432): CodeIgniter\CodeIgniter->runController(Object(App\Controllers\ProductosAdmin))
#3 C:\xampp\htdocs\pos\system\CodeIgniter.php(333): CodeIgniter\CodeIgniter->handleRequest(NULL, Object(Config\Cache), false)
#4 C:\xampp\htdocs\pos\public\index.php(46): CodeIgniter\CodeIgniter->run()
#5 {main}
CRITICAL - 2021-05-12 13:40:33 --> Trying to access array offset on value of type null
#0 C:\xampp\htdocs\pos\app\Controllers\ProductosAdmin.php(98): CodeIgniter\Debug\Exceptions->errorHandler(2, 'Trying to acces...', 'C:\\xampp\\htdocs...', 98)
#1 C:\xampp\htdocs\pos\system\CodeIgniter.php(936): App\Controllers\ProductosAdmin->editar('img', 'footer', '1.png')
#2 C:\xampp\htdocs\pos\system\CodeIgniter.php(432): CodeIgniter\CodeIgniter->runController(Object(App\Controllers\ProductosAdmin))
#3 C:\xampp\htdocs\pos\system\CodeIgniter.php(333): CodeIgniter\CodeIgniter->handleRequest(NULL, Object(Config\Cache), false)
#4 C:\xampp\htdocs\pos\public\index.php(46): CodeIgniter\CodeIgniter->run()
#5 {main}
CRITICAL - 2021-05-12 13:40:33 --> Trying to access array offset on value of type null
#0 C:\xampp\htdocs\pos\app\Controllers\ProductosAdmin.php(98): CodeIgniter\Debug\Exceptions->errorHandler(2, 'Trying to acces...', 'C:\\xampp\\htdocs...', 98)
#1 C:\xampp\htdocs\pos\system\CodeIgniter.php(936): App\Controllers\ProductosAdmin->editar('img', 'icon', 'favicon.png')
#2 C:\xampp\htdocs\pos\system\CodeIgniter.php(432): CodeIgniter\CodeIgniter->runController(Object(App\Controllers\ProductosAdmin))
#3 C:\xampp\htdocs\pos\system\CodeIgniter.php(333): CodeIgniter\CodeIgniter->handleRequest(NULL, Object(Config\Cache), false)
#4 C:\xampp\htdocs\pos\public\index.php(46): CodeIgniter\CodeIgniter->run()
#5 {main}
CRITICAL - 2021-05-12 13:41:15 --> Trying to access array offset on value of type null
#0 C:\xampp\htdocs\pos\app\Controllers\ProductosAdmin.php(98): CodeIgniter\Debug\Exceptions->errorHandler(2, 'Trying to acces...', 'C:\\xampp\\htdocs...', 98)
#1 C:\xampp\htdocs\pos\system\CodeIgniter.php(936): App\Controllers\ProductosAdmin->editar('img', 'menu', '1.jpg')
#2 C:\xampp\htdocs\pos\system\CodeIgniter.php(432): CodeIgniter\CodeIgniter->runController(Object(App\Controllers\ProductosAdmin))
#3 C:\xampp\htdocs\pos\system\CodeIgniter.php(333): CodeIgniter\CodeIgniter->handleRequest(NULL, Object(Config\Cache), false)
#4 C:\xampp\htdocs\pos\public\index.php(46): CodeIgniter\CodeIgniter->run()
#5 {main}
CRITICAL - 2021-05-12 13:41:15 --> Trying to access array offset on value of type null
#0 C:\xampp\htdocs\pos\app\Controllers\ProductosAdmin.php(98): CodeIgniter\Debug\Exceptions->errorHandler(2, 'Trying to acces...', 'C:\\xampp\\htdocs...', 98)
#1 C:\xampp\htdocs\pos\system\CodeIgniter.php(936): App\Controllers\ProductosAdmin->editar('img', 'menu', '2.jpg')
#2 C:\xampp\htdocs\pos\system\CodeIgniter.php(432): CodeIgniter\CodeIgniter->runController(Object(App\Controllers\ProductosAdmin))
#3 C:\xampp\htdocs\pos\system\CodeIgniter.php(333): CodeIgniter\CodeIgniter->handleRequest(NULL, Object(Config\Cache), false)
#4 C:\xampp\htdocs\pos\public\index.php(46): CodeIgniter\CodeIgniter->run()
#5 {main}
CRITICAL - 2021-05-12 13:41:15 --> Trying to access array offset on value of type null
#0 C:\xampp\htdocs\pos\app\Controllers\ProductosAdmin.php(98): CodeIgniter\Debug\Exceptions->errorHandler(2, 'Trying to acces...', 'C:\\xampp\\htdocs...', 98)
#1 C:\xampp\htdocs\pos\system\CodeIgniter.php(936): App\Controllers\ProductosAdmin->editar('img', 'footer', '1.png')
#2 C:\xampp\htdocs\pos\system\CodeIgniter.php(432): CodeIgniter\CodeIgniter->runController(Object(App\Controllers\ProductosAdmin))
#3 C:\xampp\htdocs\pos\system\CodeIgniter.php(333): CodeIgniter\CodeIgniter->handleRequest(NULL, Object(Config\Cache), false)
#4 C:\xampp\htdocs\pos\public\index.php(46): CodeIgniter\CodeIgniter->run()
#5 {main}
CRITICAL - 2021-05-12 13:41:15 --> Trying to access array offset on value of type null
#0 C:\xampp\htdocs\pos\app\Controllers\ProductosAdmin.php(98): CodeIgniter\Debug\Exceptions->errorHandler(2, 'Trying to acces...', 'C:\\xampp\\htdocs...', 98)
#1 C:\xampp\htdocs\pos\system\CodeIgniter.php(936): App\Controllers\ProductosAdmin->editar('img', 'icon', 'favicon.png')
#2 C:\xampp\htdocs\pos\system\CodeIgniter.php(432): CodeIgniter\CodeIgniter->runController(Object(App\Controllers\ProductosAdmin))
#3 C:\xampp\htdocs\pos\system\CodeIgniter.php(333): CodeIgniter\CodeIgniter->handleRequest(NULL, Object(Config\Cache), false)
#4 C:\xampp\htdocs\pos\public\index.php(46): CodeIgniter\CodeIgniter->run()
#5 {main}
CRITICAL - 2021-05-12 13:41:45 --> Trying to access array offset on value of type null
#0 C:\xampp\htdocs\pos\app\Controllers\ProductosAdmin.php(98): CodeIgniter\Debug\Exceptions->errorHandler(2, 'Trying to acces...', 'C:\\xampp\\htdocs...', 98)
#1 C:\xampp\htdocs\pos\system\CodeIgniter.php(936): App\Controllers\ProductosAdmin->editar('img', 'footer', '1.png')
#2 C:\xampp\htdocs\pos\system\CodeIgniter.php(432): CodeIgniter\CodeIgniter->runController(Object(App\Controllers\ProductosAdmin))
#3 C:\xampp\htdocs\pos\system\CodeIgniter.php(333): CodeIgniter\CodeIgniter->handleRequest(NULL, Object(Config\Cache), false)
#4 C:\xampp\htdocs\pos\public\index.php(46): CodeIgniter\CodeIgniter->run()
#5 {main}
CRITICAL - 2021-05-12 13:41:45 --> Trying to access array offset on value of type null
#0 C:\xampp\htdocs\pos\app\Controllers\ProductosAdmin.php(98): CodeIgniter\Debug\Exceptions->errorHandler(2, 'Trying to acces...', 'C:\\xampp\\htdocs...', 98)
#1 C:\xampp\htdocs\pos\system\CodeIgniter.php(936): App\Controllers\ProductosAdmin->editar('img', 'menu', '1.jpg')
#2 C:\xampp\htdocs\pos\system\CodeIgniter.php(432): CodeIgniter\CodeIgniter->runController(Object(App\Controllers\ProductosAdmin))
#3 C:\xampp\htdocs\pos\system\CodeIgniter.php(333): CodeIgniter\CodeIgniter->handleRequest(NULL, Object(Config\Cache), false)
#4 C:\xampp\htdocs\pos\public\index.php(46): CodeIgniter\CodeIgniter->run()
#5 {main}
CRITICAL - 2021-05-12 13:41:45 --> Trying to access array offset on value of type null
#0 C:\xampp\htdocs\pos\app\Controllers\ProductosAdmin.php(98): CodeIgniter\Debug\Exceptions->errorHandler(2, 'Trying to acces...', 'C:\\xampp\\htdocs...', 98)
#1 C:\xampp\htdocs\pos\system\CodeIgniter.php(936): App\Controllers\ProductosAdmin->editar('img', 'menu', '2.jpg')
#2 C:\xampp\htdocs\pos\system\CodeIgniter.php(432): CodeIgniter\CodeIgniter->runController(Object(App\Controllers\ProductosAdmin))
#3 C:\xampp\htdocs\pos\system\CodeIgniter.php(333): CodeIgniter\CodeIgniter->handleRequest(NULL, Object(Config\Cache), false)
#4 C:\xampp\htdocs\pos\public\index.php(46): CodeIgniter\CodeIgniter->run()
#5 {main}
CRITICAL - 2021-05-12 13:41:45 --> Trying to access array offset on value of type null
#0 C:\xampp\htdocs\pos\app\Controllers\ProductosAdmin.php(98): CodeIgniter\Debug\Exceptions->errorHandler(2, 'Trying to acces...', 'C:\\xampp\\htdocs...', 98)
#1 C:\xampp\htdocs\pos\system\CodeIgniter.php(936): App\Controllers\ProductosAdmin->editar('img', 'icon', 'favicon.png')
#2 C:\xampp\htdocs\pos\system\CodeIgniter.php(432): CodeIgniter\CodeIgniter->runController(Object(App\Controllers\ProductosAdmin))
#3 C:\xampp\htdocs\pos\system\CodeIgniter.php(333): CodeIgniter\CodeIgniter->handleRequest(NULL, Object(Config\Cache), false)
#4 C:\xampp\htdocs\pos\public\index.php(46): CodeIgniter\CodeIgniter->run()
#5 {main}
CRITICAL - 2021-05-12 13:41:46 --> Trying to access array offset on value of type null
#0 C:\xampp\htdocs\pos\app\Controllers\ProductosAdmin.php(98): CodeIgniter\Debug\Exceptions->errorHandler(2, 'Trying to acces...', 'C:\\xampp\\htdocs...', 98)
#1 C:\xampp\htdocs\pos\system\CodeIgniter.php(936): App\Controllers\ProductosAdmin->editar('img', 'menu', '1.jpg')
#2 C:\xampp\htdocs\pos\system\CodeIgniter.php(432): CodeIgniter\CodeIgniter->runController(Object(App\Controllers\ProductosAdmin))
#3 C:\xampp\htdocs\pos\system\CodeIgniter.php(333): CodeIgniter\CodeIgniter->handleRequest(NULL, Object(Config\Cache), false)
#4 C:\xampp\htdocs\pos\public\index.php(46): CodeIgniter\CodeIgniter->run()
#5 {main}
CRITICAL - 2021-05-12 13:41:46 --> Trying to access array offset on value of type null
#0 C:\xampp\htdocs\pos\app\Controllers\ProductosAdmin.php(98): CodeIgniter\Debug\Exceptions->errorHandler(2, 'Trying to acces...', 'C:\\xampp\\htdocs...', 98)
#1 C:\xampp\htdocs\pos\system\CodeIgniter.php(936): App\Controllers\ProductosAdmin->editar('img', 'menu', '2.jpg')
#2 C:\xampp\htdocs\pos\system\CodeIgniter.php(432): CodeIgniter\CodeIgniter->runController(Object(App\Controllers\ProductosAdmin))
#3 C:\xampp\htdocs\pos\system\CodeIgniter.php(333): CodeIgniter\CodeIgniter->handleRequest(NULL, Object(Config\Cache), false)
#4 C:\xampp\htdocs\pos\public\index.php(46): CodeIgniter\CodeIgniter->run()
#5 {main}
CRITICAL - 2021-05-12 13:41:46 --> Trying to access array offset on value of type null
#0 C:\xampp\htdocs\pos\app\Controllers\ProductosAdmin.php(98): CodeIgniter\Debug\Exceptions->errorHandler(2, 'Trying to acces...', 'C:\\xampp\\htdocs...', 98)
#1 C:\xampp\htdocs\pos\system\CodeIgniter.php(936): App\Controllers\ProductosAdmin->editar('img', 'footer', '1.png')
#2 C:\xampp\htdocs\pos\system\CodeIgniter.php(432): CodeIgniter\CodeIgniter->runController(Object(App\Controllers\ProductosAdmin))
#3 C:\xampp\htdocs\pos\system\CodeIgniter.php(333): CodeIgniter\CodeIgniter->handleRequest(NULL, Object(Config\Cache), false)
#4 C:\xampp\htdocs\pos\public\index.php(46): CodeIgniter\CodeIgniter->run()
#5 {main}
CRITICAL - 2021-05-12 13:41:46 --> Trying to access array offset on value of type null
#0 C:\xampp\htdocs\pos\app\Controllers\ProductosAdmin.php(98): CodeIgniter\Debug\Exceptions->errorHandler(2, 'Trying to acces...', 'C:\\xampp\\htdocs...', 98)
#1 C:\xampp\htdocs\pos\system\CodeIgniter.php(936): App\Controllers\ProductosAdmin->editar('img', 'icon', 'favicon.png')
#2 C:\xampp\htdocs\pos\system\CodeIgniter.php(432): CodeIgniter\CodeIgniter->runController(Object(App\Controllers\ProductosAdmin))
#3 C:\xampp\htdocs\pos\system\CodeIgniter.php(333): CodeIgniter\CodeIgniter->handleRequest(NULL, Object(Config\Cache), false)
#4 C:\xampp\htdocs\pos\public\index.php(46): CodeIgniter\CodeIgniter->run()
#5 {main}
CRITICAL - 2021-05-12 13:41:52 --> Trying to access array offset on value of type null
#0 C:\xampp\htdocs\pos\app\Controllers\ProductosAdmin.php(98): CodeIgniter\Debug\Exceptions->errorHandler(2, 'Trying to acces...', 'C:\\xampp\\htdocs...', 98)
#1 C:\xampp\htdocs\pos\system\CodeIgniter.php(936): App\Controllers\ProductosAdmin->editar('img', 'menu', '1.jpg')
#2 C:\xampp\htdocs\pos\system\CodeIgniter.php(432): CodeIgniter\CodeIgniter->runController(Object(App\Controllers\ProductosAdmin))
#3 C:\xampp\htdocs\pos\system\CodeIgniter.php(333): CodeIgniter\CodeIgniter->handleRequest(NULL, Object(Config\Cache), false)
#4 C:\xampp\htdocs\pos\public\index.php(46): CodeIgniter\CodeIgniter->run()
#5 {main}
CRITICAL - 2021-05-12 13:41:52 --> Trying to access array offset on value of type null
#0 C:\xampp\htdocs\pos\app\Controllers\ProductosAdmin.php(98): CodeIgniter\Debug\Exceptions->errorHandler(2, 'Trying to acces...', 'C:\\xampp\\htdocs...', 98)
#1 C:\xampp\htdocs\pos\system\CodeIgniter.php(936): App\Controllers\ProductosAdmin->editar('img', 'menu', '2.jpg')
#2 C:\xampp\htdocs\pos\system\CodeIgniter.php(432): CodeIgniter\CodeIgniter->runController(Object(App\Controllers\ProductosAdmin))
#3 C:\xampp\htdocs\pos\system\CodeIgniter.php(333): CodeIgniter\CodeIgniter->handleRequest(NULL, Object(Config\Cache), false)
#4 C:\xampp\htdocs\pos\public\index.php(46): CodeIgniter\CodeIgniter->run()
#5 {main}
CRITICAL - 2021-05-12 13:41:52 --> Trying to access array offset on value of type null
#0 C:\xampp\htdocs\pos\app\Controllers\ProductosAdmin.php(98): CodeIgniter\Debug\Exceptions->errorHandler(2, 'Trying to acces...', 'C:\\xampp\\htdocs...', 98)
#1 C:\xampp\htdocs\pos\system\CodeIgniter.php(936): App\Controllers\ProductosAdmin->editar('img', 'footer', '1.png')
#2 C:\xampp\htdocs\pos\system\CodeIgniter.php(432): CodeIgniter\CodeIgniter->runController(Object(App\Controllers\ProductosAdmin))
#3 C:\xampp\htdocs\pos\system\CodeIgniter.php(333): CodeIgniter\CodeIgniter->handleRequest(NULL, Object(Config\Cache), false)
#4 C:\xampp\htdocs\pos\public\index.php(46): CodeIgniter\CodeIgniter->run()
#5 {main}
CRITICAL - 2021-05-12 13:41:52 --> Trying to access array offset on value of type null
#0 C:\xampp\htdocs\pos\app\Controllers\ProductosAdmin.php(98): CodeIgniter\Debug\Exceptions->errorHandler(2, 'Trying to acces...', 'C:\\xampp\\htdocs...', 98)
#1 C:\xampp\htdocs\pos\system\CodeIgniter.php(936): App\Controllers\ProductosAdmin->editar('img', 'icon', 'favicon.png')
#2 C:\xampp\htdocs\pos\system\CodeIgniter.php(432): CodeIgniter\CodeIgniter->runController(Object(App\Controllers\ProductosAdmin))
#3 C:\xampp\htdocs\pos\system\CodeIgniter.php(333): CodeIgniter\CodeIgniter->handleRequest(NULL, Object(Config\Cache), false)
#4 C:\xampp\htdocs\pos\public\index.php(46): CodeIgniter\CodeIgniter->run()
#5 {main}
CRITICAL - 2021-05-12 13:42:06 --> Trying to access array offset on value of type null
#0 C:\xampp\htdocs\pos\app\Controllers\ProductosAdmin.php(98): CodeIgniter\Debug\Exceptions->errorHandler(2, 'Trying to acces...', 'C:\\xampp\\htdocs...', 98)
#1 C:\xampp\htdocs\pos\system\CodeIgniter.php(936): App\Controllers\ProductosAdmin->editar('img', 'menu', '1.jpg')
#2 C:\xampp\htdocs\pos\system\CodeIgniter.php(432): CodeIgniter\CodeIgniter->runController(Object(App\Controllers\ProductosAdmin))
#3 C:\xampp\htdocs\pos\system\CodeIgniter.php(333): CodeIgniter\CodeIgniter->handleRequest(NULL, Object(Config\Cache), false)
#4 C:\xampp\htdocs\pos\public\index.php(46): CodeIgniter\CodeIgniter->run()
#5 {main}
CRITICAL - 2021-05-12 13:42:06 --> Trying to access array offset on value of type null
#0 C:\xampp\htdocs\pos\app\Controllers\ProductosAdmin.php(98): CodeIgniter\Debug\Exceptions->errorHandler(2, 'Trying to acces...', 'C:\\xampp\\htdocs...', 98)
#1 C:\xampp\htdocs\pos\system\CodeIgniter.php(936): App\Controllers\ProductosAdmin->editar('img', 'menu', '2.jpg')
#2 C:\xampp\htdocs\pos\system\CodeIgniter.php(432): CodeIgniter\CodeIgniter->runController(Object(App\Controllers\ProductosAdmin))
#3 C:\xampp\htdocs\pos\system\CodeIgniter.php(333): CodeIgniter\CodeIgniter->handleRequest(NULL, Object(Config\Cache), false)
#4 C:\xampp\htdocs\pos\public\index.php(46): CodeIgniter\CodeIgniter->run()
#5 {main}
CRITICAL - 2021-05-12 13:42:06 --> Trying to access array offset on value of type null
#0 C:\xampp\htdocs\pos\app\Controllers\ProductosAdmin.php(98): CodeIgniter\Debug\Exceptions->errorHandler(2, 'Trying to acces...', 'C:\\xampp\\htdocs...', 98)
#1 C:\xampp\htdocs\pos\system\CodeIgniter.php(936): App\Controllers\ProductosAdmin->editar('img', 'footer', '1.png')
#2 C:\xampp\htdocs\pos\system\CodeIgniter.php(432): CodeIgniter\CodeIgniter->runController(Object(App\Controllers\ProductosAdmin))
#3 C:\xampp\htdocs\pos\system\CodeIgniter.php(333): CodeIgniter\CodeIgniter->handleRequest(NULL, Object(Config\Cache), false)
#4 C:\xampp\htdocs\pos\public\index.php(46): CodeIgniter\CodeIgniter->run()
#5 {main}
CRITICAL - 2021-05-12 13:42:06 --> Trying to access array offset on value of type null
#0 C:\xampp\htdocs\pos\app\Controllers\ProductosAdmin.php(98): CodeIgniter\Debug\Exceptions->errorHandler(2, 'Trying to acces...', 'C:\\xampp\\htdocs...', 98)
#1 C:\xampp\htdocs\pos\system\CodeIgniter.php(936): App\Controllers\ProductosAdmin->editar('img', 'icon', 'favicon.png')
#2 C:\xampp\htdocs\pos\system\CodeIgniter.php(432): CodeIgniter\CodeIgniter->runController(Object(App\Controllers\ProductosAdmin))
#3 C:\xampp\htdocs\pos\system\CodeIgniter.php(333): CodeIgniter\CodeIgniter->handleRequest(NULL, Object(Config\Cache), false)
#4 C:\xampp\htdocs\pos\public\index.php(46): CodeIgniter\CodeIgniter->run()
#5 {main}
CRITICAL - 2021-05-12 13:42:22 --> Trying to access array offset on value of type null
#0 C:\xampp\htdocs\pos\app\Controllers\ProductosAdmin.php(98): CodeIgniter\Debug\Exceptions->errorHandler(2, 'Trying to acces...', 'C:\\xampp\\htdocs...', 98)
#1 C:\xampp\htdocs\pos\system\CodeIgniter.php(936): App\Controllers\ProductosAdmin->editar('img', 'menu', '1.jpg')
#2 C:\xampp\htdocs\pos\system\CodeIgniter.php(432): CodeIgniter\CodeIgniter->runController(Object(App\Controllers\ProductosAdmin))
#3 C:\xampp\htdocs\pos\system\CodeIgniter.php(333): CodeIgniter\CodeIgniter->handleRequest(NULL, Object(Config\Cache), false)
#4 C:\xampp\htdocs\pos\public\index.php(46): CodeIgniter\CodeIgniter->run()
#5 {main}
CRITICAL - 2021-05-12 13:42:22 --> Trying to access array offset on value of type null
#0 C:\xampp\htdocs\pos\app\Controllers\ProductosAdmin.php(98): CodeIgniter\Debug\Exceptions->errorHandler(2, 'Trying to acces...', 'C:\\xampp\\htdocs...', 98)
#1 C:\xampp\htdocs\pos\system\CodeIgniter.php(936): App\Controllers\ProductosAdmin->editar('img', 'menu', '2.jpg')
#2 C:\xampp\htdocs\pos\system\CodeIgniter.php(432): CodeIgniter\CodeIgniter->runController(Object(App\Controllers\ProductosAdmin))
#3 C:\xampp\htdocs\pos\system\CodeIgniter.php(333): CodeIgniter\CodeIgniter->handleRequest(NULL, Object(Config\Cache), false)
#4 C:\xampp\htdocs\pos\public\index.php(46): CodeIgniter\CodeIgniter->run()
#5 {main}
CRITICAL - 2021-05-12 13:42:22 --> Trying to access array offset on value of type null
#0 C:\xampp\htdocs\pos\app\Controllers\ProductosAdmin.php(98): CodeIgniter\Debug\Exceptions->errorHandler(2, 'Trying to acces...', 'C:\\xampp\\htdocs...', 98)
#1 C:\xampp\htdocs\pos\system\CodeIgniter.php(936): App\Controllers\ProductosAdmin->editar('img', 'footer', '1.png')
#2 C:\xampp\htdocs\pos\system\CodeIgniter.php(432): CodeIgniter\CodeIgniter->runController(Object(App\Controllers\ProductosAdmin))
#3 C:\xampp\htdocs\pos\system\CodeIgniter.php(333): CodeIgniter\CodeIgniter->handleRequest(NULL, Object(Config\Cache), false)
#4 C:\xampp\htdocs\pos\public\index.php(46): CodeIgniter\CodeIgniter->run()
#5 {main}
CRITICAL - 2021-05-12 13:42:22 --> Trying to access array offset on value of type null
#0 C:\xampp\htdocs\pos\app\Controllers\ProductosAdmin.php(98): CodeIgniter\Debug\Exceptions->errorHandler(2, 'Trying to acces...', 'C:\\xampp\\htdocs...', 98)
#1 C:\xampp\htdocs\pos\system\CodeIgniter.php(936): App\Controllers\ProductosAdmin->editar('img', 'icon', 'favicon.png')
#2 C:\xampp\htdocs\pos\system\CodeIgniter.php(432): CodeIgniter\CodeIgniter->runController(Object(App\Controllers\ProductosAdmin))
#3 C:\xampp\htdocs\pos\system\CodeIgniter.php(333): CodeIgniter\CodeIgniter->handleRequest(NULL, Object(Config\Cache), false)
#4 C:\xampp\htdocs\pos\public\index.php(46): CodeIgniter\CodeIgniter->run()
#5 {main}
CRITICAL - 2021-05-12 13:42:29 --> Trying to access array offset on value of type null
#0 C:\xampp\htdocs\pos\app\Controllers\ProductosAdmin.php(98): CodeIgniter\Debug\Exceptions->errorHandler(2, 'Trying to acces...', 'C:\\xampp\\htdocs...', 98)
#1 C:\xampp\htdocs\pos\system\CodeIgniter.php(936): App\Controllers\ProductosAdmin->editar('img', 'menu', '1.jpg')
#2 C:\xampp\htdocs\pos\system\CodeIgniter.php(432): CodeIgniter\CodeIgniter->runController(Object(App\Controllers\ProductosAdmin))
#3 C:\xampp\htdocs\pos\system\CodeIgniter.php(333): CodeIgniter\CodeIgniter->handleRequest(NULL, Object(Config\Cache), false)
#4 C:\xampp\htdocs\pos\public\index.php(46): CodeIgniter\CodeIgniter->run()
#5 {main}
CRITICAL - 2021-05-12 13:42:29 --> Trying to access array offset on value of type null
#0 C:\xampp\htdocs\pos\app\Controllers\ProductosAdmin.php(98): CodeIgniter\Debug\Exceptions->errorHandler(2, 'Trying to acces...', 'C:\\xampp\\htdocs...', 98)
#1 C:\xampp\htdocs\pos\system\CodeIgniter.php(936): App\Controllers\ProductosAdmin->editar('img', 'footer', '1.png')
#2 C:\xampp\htdocs\pos\system\CodeIgniter.php(432): CodeIgniter\CodeIgniter->runController(Object(App\Controllers\ProductosAdmin))
#3 C:\xampp\htdocs\pos\system\CodeIgniter.php(333): CodeIgniter\CodeIgniter->handleRequest(NULL, Object(Config\Cache), false)
#4 C:\xampp\htdocs\pos\public\index.php(46): CodeIgniter\CodeIgniter->run()
#5 {main}
CRITICAL - 2021-05-12 13:42:29 --> Trying to access array offset on value of type null
#0 C:\xampp\htdocs\pos\app\Controllers\ProductosAdmin.php(98): CodeIgniter\Debug\Exceptions->errorHandler(2, 'Trying to acces...', 'C:\\xampp\\htdocs...', 98)
#1 C:\xampp\htdocs\pos\system\CodeIgniter.php(936): App\Controllers\ProductosAdmin->editar('img', 'menu', '2.jpg')
#2 C:\xampp\htdocs\pos\system\CodeIgniter.php(432): CodeIgniter\CodeIgniter->runController(Object(App\Controllers\ProductosAdmin))
#3 C:\xampp\htdocs\pos\system\CodeIgniter.php(333): CodeIgniter\CodeIgniter->handleRequest(NULL, Object(Config\Cache), false)
#4 C:\xampp\htdocs\pos\public\index.php(46): CodeIgniter\CodeIgniter->run()
#5 {main}
CRITICAL - 2021-05-12 13:42:29 --> Trying to access array offset on value of type null
#0 C:\xampp\htdocs\pos\app\Controllers\ProductosAdmin.php(98): CodeIgniter\Debug\Exceptions->errorHandler(2, 'Trying to acces...', 'C:\\xampp\\htdocs...', 98)
#1 C:\xampp\htdocs\pos\system\CodeIgniter.php(936): App\Controllers\ProductosAdmin->editar('img', 'icon', 'favicon.png')
#2 C:\xampp\htdocs\pos\system\CodeIgniter.php(432): CodeIgniter\CodeIgniter->runController(Object(App\Controllers\ProductosAdmin))
#3 C:\xampp\htdocs\pos\system\CodeIgniter.php(333): CodeIgniter\CodeIgniter->handleRequest(NULL, Object(Config\Cache), false)
#4 C:\xampp\htdocs\pos\public\index.php(46): CodeIgniter\CodeIgniter->run()
#5 {main}
CRITICAL - 2021-05-12 13:42:53 --> Trying to access array offset on value of type null
#0 C:\xampp\htdocs\pos\app\Controllers\ProductosAdmin.php(98): CodeIgniter\Debug\Exceptions->errorHandler(2, 'Trying to acces...', 'C:\\xampp\\htdocs...', 98)
#1 C:\xampp\htdocs\pos\system\CodeIgniter.php(936): App\Controllers\ProductosAdmin->editar('img', 'menu', '1.jpg')
#2 C:\xampp\htdocs\pos\system\CodeIgniter.php(432): CodeIgniter\CodeIgniter->runController(Object(App\Controllers\ProductosAdmin))
#3 C:\xampp\htdocs\pos\system\CodeIgniter.php(333): CodeIgniter\CodeIgniter->handleRequest(NULL, Object(Config\Cache), false)
#4 C:\xampp\htdocs\pos\public\index.php(46): CodeIgniter\CodeIgniter->run()
#5 {main}
CRITICAL - 2021-05-12 13:42:53 --> Trying to access array offset on value of type null
#0 C:\xampp\htdocs\pos\app\Controllers\ProductosAdmin.php(98): CodeIgniter\Debug\Exceptions->errorHandler(2, 'Trying to acces...', 'C:\\xampp\\htdocs...', 98)
#1 C:\xampp\htdocs\pos\system\CodeIgniter.php(936): App\Controllers\ProductosAdmin->editar('img', 'menu', '2.jpg')
#2 C:\xampp\htdocs\pos\system\CodeIgniter.php(432): CodeIgniter\CodeIgniter->runController(Object(App\Controllers\ProductosAdmin))
#3 C:\xampp\htdocs\pos\system\CodeIgniter.php(333): CodeIgniter\CodeIgniter->handleRequest(NULL, Object(Config\Cache), false)
#4 C:\xampp\htdocs\pos\public\index.php(46): CodeIgniter\CodeIgniter->run()
#5 {main}
CRITICAL - 2021-05-12 13:42:53 --> Trying to access array offset on value of type null
#0 C:\xampp\htdocs\pos\app\Controllers\ProductosAdmin.php(98): CodeIgniter\Debug\Exceptions->errorHandler(2, 'Trying to acces...', 'C:\\xampp\\htdocs...', 98)
#1 C:\xampp\htdocs\pos\system\CodeIgniter.php(936): App\Controllers\ProductosAdmin->editar('img', 'footer', '1.png')
#2 C:\xampp\htdocs\pos\system\CodeIgniter.php(432): CodeIgniter\CodeIgniter->runController(Object(App\Controllers\ProductosAdmin))
#3 C:\xampp\htdocs\pos\system\CodeIgniter.php(333): CodeIgniter\CodeIgniter->handleRequest(NULL, Object(Config\Cache), false)
#4 C:\xampp\htdocs\pos\public\index.php(46): CodeIgniter\CodeIgniter->run()
#5 {main}
CRITICAL - 2021-05-12 13:42:53 --> Trying to access array offset on value of type null
#0 C:\xampp\htdocs\pos\app\Controllers\ProductosAdmin.php(98): CodeIgniter\Debug\Exceptions->errorHandler(2, 'Trying to acces...', 'C:\\xampp\\htdocs...', 98)
#1 C:\xampp\htdocs\pos\system\CodeIgniter.php(936): App\Controllers\ProductosAdmin->editar('img', 'icon', 'favicon.png')
#2 C:\xampp\htdocs\pos\system\CodeIgniter.php(432): CodeIgniter\CodeIgniter->runController(Object(App\Controllers\ProductosAdmin))
#3 C:\xampp\htdocs\pos\system\CodeIgniter.php(333): CodeIgniter\CodeIgniter->handleRequest(NULL, Object(Config\Cache), false)
#4 C:\xampp\htdocs\pos\public\index.php(46): CodeIgniter\CodeIgniter->run()
#5 {main}
CRITICAL - 2021-05-12 13:43:06 --> Trying to access array offset on value of type null
#0 C:\xampp\htdocs\pos\app\Controllers\ProductosAdmin.php(98): CodeIgniter\Debug\Exceptions->errorHandler(2, 'Trying to acces...', 'C:\\xampp\\htdocs...', 98)
#1 C:\xampp\htdocs\pos\system\CodeIgniter.php(936): App\Controllers\ProductosAdmin->editar('img', 'menu', '1.jpg')
#2 C:\xampp\htdocs\pos\system\CodeIgniter.php(432): CodeIgniter\CodeIgniter->runController(Object(App\Controllers\ProductosAdmin))
#3 C:\xampp\htdocs\pos\system\CodeIgniter.php(333): CodeIgniter\CodeIgniter->handleRequest(NULL, Object(Config\Cache), false)
#4 C:\xampp\htdocs\pos\public\index.php(46): CodeIgniter\CodeIgniter->run()
#5 {main}
CRITICAL - 2021-05-12 13:43:06 --> Trying to access array offset on value of type null
#0 C:\xampp\htdocs\pos\app\Controllers\ProductosAdmin.php(98): CodeIgniter\Debug\Exceptions->errorHandler(2, 'Trying to acces...', 'C:\\xampp\\htdocs...', 98)
#1 C:\xampp\htdocs\pos\system\CodeIgniter.php(936): App\Controllers\ProductosAdmin->editar('img', 'menu', '2.jpg')
#2 C:\xampp\htdocs\pos\system\CodeIgniter.php(432): CodeIgniter\CodeIgniter->runController(Object(App\Controllers\ProductosAdmin))
#3 C:\xampp\htdocs\pos\system\CodeIgniter.php(333): CodeIgniter\CodeIgniter->handleRequest(NULL, Object(Config\Cache), false)
#4 C:\xampp\htdocs\pos\public\index.php(46): CodeIgniter\CodeIgniter->run()
#5 {main}
CRITICAL - 2021-05-12 13:43:06 --> Trying to access array offset on value of type null
#0 C:\xampp\htdocs\pos\app\Controllers\ProductosAdmin.php(98): CodeIgniter\Debug\Exceptions->errorHandler(2, 'Trying to acces...', 'C:\\xampp\\htdocs...', 98)
#1 C:\xampp\htdocs\pos\system\CodeIgniter.php(936): App\Controllers\ProductosAdmin->editar('img', 'footer', '1.png')
#2 C:\xampp\htdocs\pos\system\CodeIgniter.php(432): CodeIgniter\CodeIgniter->runController(Object(App\Controllers\ProductosAdmin))
#3 C:\xampp\htdocs\pos\system\CodeIgniter.php(333): CodeIgniter\CodeIgniter->handleRequest(NULL, Object(Config\Cache), false)
#4 C:\xampp\htdocs\pos\public\index.php(46): CodeIgniter\CodeIgniter->run()
#5 {main}
CRITICAL - 2021-05-12 13:43:06 --> Trying to access array offset on value of type null
#0 C:\xampp\htdocs\pos\app\Controllers\ProductosAdmin.php(98): CodeIgniter\Debug\Exceptions->errorHandler(2, 'Trying to acces...', 'C:\\xampp\\htdocs...', 98)
#1 C:\xampp\htdocs\pos\system\CodeIgniter.php(936): App\Controllers\ProductosAdmin->editar('img', 'icon', 'favicon.png')
#2 C:\xampp\htdocs\pos\system\CodeIgniter.php(432): CodeIgniter\CodeIgniter->runController(Object(App\Controllers\ProductosAdmin))
#3 C:\xampp\htdocs\pos\system\CodeIgniter.php(333): CodeIgniter\CodeIgniter->handleRequest(NULL, Object(Config\Cache), false)
#4 C:\xampp\htdocs\pos\public\index.php(46): CodeIgniter\CodeIgniter->run()
#5 {main}
CRITICAL - 2021-05-12 13:43:30 --> Trying to access array offset on value of type null
#0 C:\xampp\htdocs\pos\app\Controllers\ProductosAdmin.php(98): CodeIgniter\Debug\Exceptions->errorHandler(2, 'Trying to acces...', 'C:\\xampp\\htdocs...', 98)
#1 C:\xampp\htdocs\pos\system\CodeIgniter.php(936): App\Controllers\ProductosAdmin->editar('img', 'menu', '1.jpg')
#2 C:\xampp\htdocs\pos\system\CodeIgniter.php(432): CodeIgniter\CodeIgniter->runController(Object(App\Controllers\ProductosAdmin))
#3 C:\xampp\htdocs\pos\system\CodeIgniter.php(333): CodeIgniter\CodeIgniter->handleRequest(NULL, Object(Config\Cache), false)
#4 C:\xampp\htdocs\pos\public\index.php(46): CodeIgniter\CodeIgniter->run()
#5 {main}
CRITICAL - 2021-05-12 13:43:30 --> Trying to access array offset on value of type null
#0 C:\xampp\htdocs\pos\app\Controllers\ProductosAdmin.php(98): CodeIgniter\Debug\Exceptions->errorHandler(2, 'Trying to acces...', 'C:\\xampp\\htdocs...', 98)
#1 C:\xampp\htdocs\pos\system\CodeIgniter.php(936): App\Controllers\ProductosAdmin->editar('img', 'menu', '2.jpg')
#2 C:\xampp\htdocs\pos\system\CodeIgniter.php(432): CodeIgniter\CodeIgniter->runController(Object(App\Controllers\ProductosAdmin))
#3 C:\xampp\htdocs\pos\system\CodeIgniter.php(333): CodeIgniter\CodeIgniter->handleRequest(NULL, Object(Config\Cache), false)
#4 C:\xampp\htdocs\pos\public\index.php(46): CodeIgniter\CodeIgniter->run()
#5 {main}
CRITICAL - 2021-05-12 13:43:30 --> Trying to access array offset on value of type null
#0 C:\xampp\htdocs\pos\app\Controllers\ProductosAdmin.php(98): CodeIgniter\Debug\Exceptions->errorHandler(2, 'Trying to acces...', 'C:\\xampp\\htdocs...', 98)
#1 C:\xampp\htdocs\pos\system\CodeIgniter.php(936): App\Controllers\ProductosAdmin->editar('img', 'footer', '1.png')
#2 C:\xampp\htdocs\pos\system\CodeIgniter.php(432): CodeIgniter\CodeIgniter->runController(Object(App\Controllers\ProductosAdmin))
#3 C:\xampp\htdocs\pos\system\CodeIgniter.php(333): CodeIgniter\CodeIgniter->handleRequest(NULL, Object(Config\Cache), false)
#4 C:\xampp\htdocs\pos\public\index.php(46): CodeIgniter\CodeIgniter->run()
#5 {main}
CRITICAL - 2021-05-12 13:43:30 --> Trying to access array offset on value of type null
#0 C:\xampp\htdocs\pos\app\Controllers\ProductosAdmin.php(98): CodeIgniter\Debug\Exceptions->errorHandler(2, 'Trying to acces...', 'C:\\xampp\\htdocs...', 98)
#1 C:\xampp\htdocs\pos\system\CodeIgniter.php(936): App\Controllers\ProductosAdmin->editar('img', 'icon', 'favicon.png')
#2 C:\xampp\htdocs\pos\system\CodeIgniter.php(432): CodeIgniter\CodeIgniter->runController(Object(App\Controllers\ProductosAdmin))
#3 C:\xampp\htdocs\pos\system\CodeIgniter.php(333): CodeIgniter\CodeIgniter->handleRequest(NULL, Object(Config\Cache), false)
#4 C:\xampp\htdocs\pos\public\index.php(46): CodeIgniter\CodeIgniter->run()
#5 {main}
CRITICAL - 2021-05-12 13:44:05 --> Trying to access array offset on value of type null
#0 C:\xampp\htdocs\pos\app\Controllers\ProductosAdmin.php(98): CodeIgniter\Debug\Exceptions->errorHandler(2, 'Trying to acces...', 'C:\\xampp\\htdocs...', 98)
#1 C:\xampp\htdocs\pos\system\CodeIgniter.php(936): App\Controllers\ProductosAdmin->editar('img', 'menu', '1.jpg')
#2 C:\xampp\htdocs\pos\system\CodeIgniter.php(432): CodeIgniter\CodeIgniter->runController(Object(App\Controllers\ProductosAdmin))
#3 C:\xampp\htdocs\pos\system\CodeIgniter.php(333): CodeIgniter\CodeIgniter->handleRequest(NULL, Object(Config\Cache), false)
#4 C:\xampp\htdocs\pos\public\index.php(46): CodeIgniter\CodeIgniter->run()
#5 {main}
CRITICAL - 2021-05-12 13:44:05 --> Trying to access array offset on value of type null
#0 C:\xampp\htdocs\pos\app\Controllers\ProductosAdmin.php(98): CodeIgniter\Debug\Exceptions->errorHandler(2, 'Trying to acces...', 'C:\\xampp\\htdocs...', 98)
#1 C:\xampp\htdocs\pos\system\CodeIgniter.php(936): App\Controllers\ProductosAdmin->editar('img', 'menu', '2.jpg')
#2 C:\xampp\htdocs\pos\system\CodeIgniter.php(432): CodeIgniter\CodeIgniter->runController(Object(App\Controllers\ProductosAdmin))
#3 C:\xampp\htdocs\pos\system\CodeIgniter.php(333): CodeIgniter\CodeIgniter->handleRequest(NULL, Object(Config\Cache), false)
#4 C:\xampp\htdocs\pos\public\index.php(46): CodeIgniter\CodeIgniter->run()
#5 {main}
CRITICAL - 2021-05-12 13:44:05 --> Trying to access array offset on value of type null
#0 C:\xampp\htdocs\pos\app\Controllers\ProductosAdmin.php(98): CodeIgniter\Debug\Exceptions->errorHandler(2, 'Trying to acces...', 'C:\\xampp\\htdocs...', 98)
#1 C:\xampp\htdocs\pos\system\CodeIgniter.php(936): App\Controllers\ProductosAdmin->editar('img', 'footer', '1.png')
#2 C:\xampp\htdocs\pos\system\CodeIgniter.php(432): CodeIgniter\CodeIgniter->runController(Object(App\Controllers\ProductosAdmin))
#3 C:\xampp\htdocs\pos\system\CodeIgniter.php(333): CodeIgniter\CodeIgniter->handleRequest(NULL, Object(Config\Cache), false)
#4 C:\xampp\htdocs\pos\public\index.php(46): CodeIgniter\CodeIgniter->run()
#5 {main}
CRITICAL - 2021-05-12 13:44:05 --> Trying to access array offset on value of type null
#0 C:\xampp\htdocs\pos\app\Controllers\ProductosAdmin.php(98): CodeIgniter\Debug\Exceptions->errorHandler(2, 'Trying to acces...', 'C:\\xampp\\htdocs...', 98)
#1 C:\xampp\htdocs\pos\system\CodeIgniter.php(936): App\Controllers\ProductosAdmin->editar('img', 'icon', 'favicon.png')
#2 C:\xampp\htdocs\pos\system\CodeIgniter.php(432): CodeIgniter\CodeIgniter->runController(Object(App\Controllers\ProductosAdmin))
#3 C:\xampp\htdocs\pos\system\CodeIgniter.php(333): CodeIgniter\CodeIgniter->handleRequest(NULL, Object(Config\Cache), false)
#4 C:\xampp\htdocs\pos\public\index.php(46): CodeIgniter\CodeIgniter->run()
#5 {main}
CRITICAL - 2021-05-12 13:44:05 --> Trying to access array offset on value of type null
#0 C:\xampp\htdocs\pos\app\Controllers\ProductosAdmin.php(98): CodeIgniter\Debug\Exceptions->errorHandler(2, 'Trying to acces...', 'C:\\xampp\\htdocs...', 98)
#1 C:\xampp\htdocs\pos\system\CodeIgniter.php(936): App\Controllers\ProductosAdmin->editar('img', 'menu', '1.jpg')
#2 C:\xampp\htdocs\pos\system\CodeIgniter.php(432): CodeIgniter\CodeIgniter->runController(Object(App\Controllers\ProductosAdmin))
#3 C:\xampp\htdocs\pos\system\CodeIgniter.php(333): CodeIgniter\CodeIgniter->handleRequest(NULL, Object(Config\Cache), false)
#4 C:\xampp\htdocs\pos\public\index.php(46): CodeIgniter\CodeIgniter->run()
#5 {main}
CRITICAL - 2021-05-12 13:44:05 --> Trying to access array offset on value of type null
#0 C:\xampp\htdocs\pos\app\Controllers\ProductosAdmin.php(98): CodeIgniter\Debug\Exceptions->errorHandler(2, 'Trying to acces...', 'C:\\xampp\\htdocs...', 98)
#1 C:\xampp\htdocs\pos\system\CodeIgniter.php(936): App\Controllers\ProductosAdmin->editar('img', 'menu', '2.jpg')
#2 C:\xampp\htdocs\pos\system\CodeIgniter.php(432): CodeIgniter\CodeIgniter->runController(Object(App\Controllers\ProductosAdmin))
#3 C:\xampp\htdocs\pos\system\CodeIgniter.php(333): CodeIgniter\CodeIgniter->handleRequest(NULL, Object(Config\Cache), false)
#4 C:\xampp\htdocs\pos\public\index.php(46): CodeIgniter\CodeIgniter->run()
#5 {main}
CRITICAL - 2021-05-12 13:44:05 --> Trying to access array offset on value of type null
#0 C:\xampp\htdocs\pos\app\Controllers\ProductosAdmin.php(98): CodeIgniter\Debug\Exceptions->errorHandler(2, 'Trying to acces...', 'C:\\xampp\\htdocs...', 98)
#1 C:\xampp\htdocs\pos\system\CodeIgniter.php(936): App\Controllers\ProductosAdmin->editar('img', 'footer', '1.png')
#2 C:\xampp\htdocs\pos\system\CodeIgniter.php(432): CodeIgniter\CodeIgniter->runController(Object(App\Controllers\ProductosAdmin))
#3 C:\xampp\htdocs\pos\system\CodeIgniter.php(333): CodeIgniter\CodeIgniter->handleRequest(NULL, Object(Config\Cache), false)
#4 C:\xampp\htdocs\pos\public\index.php(46): CodeIgniter\CodeIgniter->run()
#5 {main}
CRITICAL - 2021-05-12 13:44:05 --> Trying to access array offset on value of type null
#0 C:\xampp\htdocs\pos\app\Controllers\ProductosAdmin.php(98): CodeIgniter\Debug\Exceptions->errorHandler(2, 'Trying to acces...', 'C:\\xampp\\htdocs...', 98)
#1 C:\xampp\htdocs\pos\system\CodeIgniter.php(936): App\Controllers\ProductosAdmin->editar('img', 'icon', 'favicon.png')
#2 C:\xampp\htdocs\pos\system\CodeIgniter.php(432): CodeIgniter\CodeIgniter->runController(Object(App\Controllers\ProductosAdmin))
#3 C:\xampp\htdocs\pos\system\CodeIgniter.php(333): CodeIgniter\CodeIgniter->handleRequest(NULL, Object(Config\Cache), false)
#4 C:\xampp\htdocs\pos\public\index.php(46): CodeIgniter\CodeIgniter->run()
#5 {main}
CRITICAL - 2021-05-12 13:44:55 --> Trying to access array offset on value of type null
#0 C:\xampp\htdocs\pos\app\Controllers\ProductosAdmin.php(98): CodeIgniter\Debug\Exceptions->errorHandler(2, 'Trying to acces...', 'C:\\xampp\\htdocs...', 98)
#1 C:\xampp\htdocs\pos\system\CodeIgniter.php(936): App\Controllers\ProductosAdmin->editar('img', 'menu', '1.jpg')
#2 C:\xampp\htdocs\pos\system\CodeIgniter.php(432): CodeIgniter\CodeIgniter->runController(Object(App\Controllers\ProductosAdmin))
#3 C:\xampp\htdocs\pos\system\CodeIgniter.php(333): CodeIgniter\CodeIgniter->handleRequest(NULL, Object(Config\Cache), false)
#4 C:\xampp\htdocs\pos\public\index.php(46): CodeIgniter\CodeIgniter->run()
#5 {main}
CRITICAL - 2021-05-12 13:44:55 --> Trying to access array offset on value of type null
#0 C:\xampp\htdocs\pos\app\Controllers\ProductosAdmin.php(98): CodeIgniter\Debug\Exceptions->errorHandler(2, 'Trying to acces...', 'C:\\xampp\\htdocs...', 98)
#1 C:\xampp\htdocs\pos\system\CodeIgniter.php(936): App\Controllers\ProductosAdmin->editar('img', 'menu', '2.jpg')
#2 C:\xampp\htdocs\pos\system\CodeIgniter.php(432): CodeIgniter\CodeIgniter->runController(Object(App\Controllers\ProductosAdmin))
#3 C:\xampp\htdocs\pos\system\CodeIgniter.php(333): CodeIgniter\CodeIgniter->handleRequest(NULL, Object(Config\Cache), false)
#4 C:\xampp\htdocs\pos\public\index.php(46): CodeIgniter\CodeIgniter->run()
#5 {main}
CRITICAL - 2021-05-12 13:44:55 --> Trying to access array offset on value of type null
#0 C:\xampp\htdocs\pos\app\Controllers\ProductosAdmin.php(98): CodeIgniter\Debug\Exceptions->errorHandler(2, 'Trying to acces...', 'C:\\xampp\\htdocs...', 98)
#1 C:\xampp\htdocs\pos\system\CodeIgniter.php(936): App\Controllers\ProductosAdmin->editar('img', 'footer', '1.png')
#2 C:\xampp\htdocs\pos\system\CodeIgniter.php(432): CodeIgniter\CodeIgniter->runController(Object(App\Controllers\ProductosAdmin))
#3 C:\xampp\htdocs\pos\system\CodeIgniter.php(333): CodeIgniter\CodeIgniter->handleRequest(NULL, Object(Config\Cache), false)
#4 C:\xampp\htdocs\pos\public\index.php(46): CodeIgniter\CodeIgniter->run()
#5 {main}
CRITICAL - 2021-05-12 13:44:55 --> Trying to access array offset on value of type null
#0 C:\xampp\htdocs\pos\app\Controllers\ProductosAdmin.php(98): CodeIgniter\Debug\Exceptions->errorHandler(2, 'Trying to acces...', 'C:\\xampp\\htdocs...', 98)
#1 C:\xampp\htdocs\pos\system\CodeIgniter.php(936): App\Controllers\ProductosAdmin->editar('img', 'icon', 'favicon.png')
#2 C:\xampp\htdocs\pos\system\CodeIgniter.php(432): CodeIgniter\CodeIgniter->runController(Object(App\Controllers\ProductosAdmin))
#3 C:\xampp\htdocs\pos\system\CodeIgniter.php(333): CodeIgniter\CodeIgniter->handleRequest(NULL, Object(Config\Cache), false)
#4 C:\xampp\htdocs\pos\public\index.php(46): CodeIgniter\CodeIgniter->run()
#5 {main}
CRITICAL - 2021-05-12 13:45:04 --> Trying to access array offset on value of type null
#0 C:\xampp\htdocs\pos\app\Controllers\ProductosAdmin.php(98): CodeIgniter\Debug\Exceptions->errorHandler(2, 'Trying to acces...', 'C:\\xampp\\htdocs...', 98)
#1 C:\xampp\htdocs\pos\system\CodeIgniter.php(936): App\Controllers\ProductosAdmin->editar('img', 'menu', '1.jpg')
#2 C:\xampp\htdocs\pos\system\CodeIgniter.php(432): CodeIgniter\CodeIgniter->runController(Object(App\Controllers\ProductosAdmin))
#3 C:\xampp\htdocs\pos\system\CodeIgniter.php(333): CodeIgniter\CodeIgniter->handleRequest(NULL, Object(Config\Cache), false)
#4 C:\xampp\htdocs\pos\public\index.php(46): CodeIgniter\CodeIgniter->run()
#5 {main}
CRITICAL - 2021-05-12 13:45:04 --> Trying to access array offset on value of type null
#0 C:\xampp\htdocs\pos\app\Controllers\ProductosAdmin.php(98): CodeIgniter\Debug\Exceptions->errorHandler(2, 'Trying to acces...', 'C:\\xampp\\htdocs...', 98)
#1 C:\xampp\htdocs\pos\system\CodeIgniter.php(936): App\Controllers\ProductosAdmin->editar('img', 'menu', '2.jpg')
#2 C:\xampp\htdocs\pos\system\CodeIgniter.php(432): CodeIgniter\CodeIgniter->runController(Object(App\Controllers\ProductosAdmin))
#3 C:\xampp\htdocs\pos\system\CodeIgniter.php(333): CodeIgniter\CodeIgniter->handleRequest(NULL, Object(Config\Cache), false)
#4 C:\xampp\htdocs\pos\public\index.php(46): CodeIgniter\CodeIgniter->run()
#5 {main}
CRITICAL - 2021-05-12 13:45:04 --> Trying to access array offset on value of type null
#0 C:\xampp\htdocs\pos\app\Controllers\ProductosAdmin.php(98): CodeIgniter\Debug\Exceptions->errorHandler(2, 'Trying to acces...', 'C:\\xampp\\htdocs...', 98)
#1 C:\xampp\htdocs\pos\system\CodeIgniter.php(936): App\Controllers\ProductosAdmin->editar('img', 'footer', '1.png')
#2 C:\xampp\htdocs\pos\system\CodeIgniter.php(432): CodeIgniter\CodeIgniter->runController(Object(App\Controllers\ProductosAdmin))
#3 C:\xampp\htdocs\pos\system\CodeIgniter.php(333): CodeIgniter\CodeIgniter->handleRequest(NULL, Object(Config\Cache), false)
#4 C:\xampp\htdocs\pos\public\index.php(46): CodeIgniter\CodeIgniter->run()
#5 {main}
CRITICAL - 2021-05-12 13:45:04 --> Trying to access array offset on value of type null
#0 C:\xampp\htdocs\pos\app\Controllers\ProductosAdmin.php(98): CodeIgniter\Debug\Exceptions->errorHandler(2, 'Trying to acces...', 'C:\\xampp\\htdocs...', 98)
#1 C:\xampp\htdocs\pos\system\CodeIgniter.php(936): App\Controllers\ProductosAdmin->editar('img', 'icon', 'favicon.png')
#2 C:\xampp\htdocs\pos\system\CodeIgniter.php(432): CodeIgniter\CodeIgniter->runController(Object(App\Controllers\ProductosAdmin))
#3 C:\xampp\htdocs\pos\system\CodeIgniter.php(333): CodeIgniter\CodeIgniter->handleRequest(NULL, Object(Config\Cache), false)
#4 C:\xampp\htdocs\pos\public\index.php(46): CodeIgniter\CodeIgniter->run()
#5 {main}
CRITICAL - 2021-05-12 13:45:29 --> Trying to access array offset on value of type null
#0 C:\xampp\htdocs\pos\app\Controllers\ProductosAdmin.php(98): CodeIgniter\Debug\Exceptions->errorHandler(2, 'Trying to acces...', 'C:\\xampp\\htdocs...', 98)
#1 C:\xampp\htdocs\pos\system\CodeIgniter.php(936): App\Controllers\ProductosAdmin->editar('img', 'menu', '1.jpg')
#2 C:\xampp\htdocs\pos\system\CodeIgniter.php(432): CodeIgniter\CodeIgniter->runController(Object(App\Controllers\ProductosAdmin))
#3 C:\xampp\htdocs\pos\system\CodeIgniter.php(333): CodeIgniter\CodeIgniter->handleRequest(NULL, Object(Config\Cache), false)
#4 C:\xampp\htdocs\pos\public\index.php(46): CodeIgniter\CodeIgniter->run()
#5 {main}
CRITICAL - 2021-05-12 13:45:29 --> Trying to access array offset on value of type null
#0 C:\xampp\htdocs\pos\app\Controllers\ProductosAdmin.php(98): CodeIgniter\Debug\Exceptions->errorHandler(2, 'Trying to acces...', 'C:\\xampp\\htdocs...', 98)
#1 C:\xampp\htdocs\pos\system\CodeIgniter.php(936): App\Controllers\ProductosAdmin->editar('img', 'footer', '1.png')
#2 C:\xampp\htdocs\pos\system\CodeIgniter.php(432): CodeIgniter\CodeIgniter->runController(Object(App\Controllers\ProductosAdmin))
#3 C:\xampp\htdocs\pos\system\CodeIgniter.php(333): CodeIgniter\CodeIgniter->handleRequest(NULL, Object(Config\Cache), false)
#4 C:\xampp\htdocs\pos\public\index.php(46): CodeIgniter\CodeIgniter->run()
#5 {main}
CRITICAL - 2021-05-12 13:45:29 --> Trying to access array offset on value of type null
#0 C:\xampp\htdocs\pos\app\Controllers\ProductosAdmin.php(98): CodeIgniter\Debug\Exceptions->errorHandler(2, 'Trying to acces...', 'C:\\xampp\\htdocs...', 98)
#1 C:\xampp\htdocs\pos\system\CodeIgniter.php(936): App\Controllers\ProductosAdmin->editar('img', 'menu', '2.jpg')
#2 C:\xampp\htdocs\pos\system\CodeIgniter.php(432): CodeIgniter\CodeIgniter->runController(Object(App\Controllers\ProductosAdmin))
#3 C:\xampp\htdocs\pos\system\CodeIgniter.php(333): CodeIgniter\CodeIgniter->handleRequest(NULL, Object(Config\Cache), false)
#4 C:\xampp\htdocs\pos\public\index.php(46): CodeIgniter\CodeIgniter->run()
#5 {main}
CRITICAL - 2021-05-12 13:45:29 --> Trying to access array offset on value of type null
#0 C:\xampp\htdocs\pos\app\Controllers\ProductosAdmin.php(98): CodeIgniter\Debug\Exceptions->errorHandler(2, 'Trying to acces...', 'C:\\xampp\\htdocs...', 98)
#1 C:\xampp\htdocs\pos\system\CodeIgniter.php(936): App\Controllers\ProductosAdmin->editar('img', 'icon', 'favicon.png')
#2 C:\xampp\htdocs\pos\system\CodeIgniter.php(432): CodeIgniter\CodeIgniter->runController(Object(App\Controllers\ProductosAdmin))
#3 C:\xampp\htdocs\pos\system\CodeIgniter.php(333): CodeIgniter\CodeIgniter->handleRequest(NULL, Object(Config\Cache), false)
#4 C:\xampp\htdocs\pos\public\index.php(46): CodeIgniter\CodeIgniter->run()
#5 {main}
CRITICAL - 2021-05-12 20:16:26 --> Trying to access array offset on value of type null
#0 C:\xampp\htdocs\pos\app\Controllers\ProductosAdmin.php(98): CodeIgniter\Debug\Exceptions->errorHandler(2, 'Trying to acces...', 'C:\\xampp\\htdocs...', 98)
#1 C:\xampp\htdocs\pos\system\CodeIgniter.php(936): App\Controllers\ProductosAdmin->editar('img', 'menu', '1.jpg')
#2 C:\xampp\htdocs\pos\system\CodeIgniter.php(432): CodeIgniter\CodeIgniter->runController(Object(App\Controllers\ProductosAdmin))
#3 C:\xampp\htdocs\pos\system\CodeIgniter.php(333): CodeIgniter\CodeIgniter->handleRequest(NULL, Object(Config\Cache), false)
#4 C:\xampp\htdocs\pos\public\index.php(46): CodeIgniter\CodeIgniter->run()
#5 {main}
CRITICAL - 2021-05-12 20:16:26 --> Trying to access array offset on value of type null
#0 C:\xampp\htdocs\pos\app\Controllers\ProductosAdmin.php(98): CodeIgniter\Debug\Exceptions->errorHandler(2, 'Trying to acces...', 'C:\\xampp\\htdocs...', 98)
#1 C:\xampp\htdocs\pos\system\CodeIgniter.php(936): App\Controllers\ProductosAdmin->editar('img', 'menu', '2.jpg')
#2 C:\xampp\htdocs\pos\system\CodeIgniter.php(432): CodeIgniter\CodeIgniter->runController(Object(App\Controllers\ProductosAdmin))
#3 C:\xampp\htdocs\pos\system\CodeIgniter.php(333): CodeIgniter\CodeIgniter->handleRequest(NULL, Object(Config\Cache), false)
#4 C:\xampp\htdocs\pos\public\index.php(46): CodeIgniter\CodeIgniter->run()
#5 {main}
CRITICAL - 2021-05-12 20:16:26 --> Trying to access array offset on value of type null
#0 C:\xampp\htdocs\pos\app\Controllers\ProductosAdmin.php(98): CodeIgniter\Debug\Exceptions->errorHandler(2, 'Trying to acces...', 'C:\\xampp\\htdocs...', 98)
#1 C:\xampp\htdocs\pos\system\CodeIgniter.php(936): App\Controllers\ProductosAdmin->editar('img', 'footer', '1.png')
#2 C:\xampp\htdocs\pos\system\CodeIgniter.php(432): CodeIgniter\CodeIgniter->runController(Object(App\Controllers\ProductosAdmin))
#3 C:\xampp\htdocs\pos\system\CodeIgniter.php(333): CodeIgniter\CodeIgniter->handleRequest(NULL, Object(Config\Cache), false)
#4 C:\xampp\htdocs\pos\public\index.php(46): CodeIgniter\CodeIgniter->run()
#5 {main}
CRITICAL - 2021-05-12 20:16:26 --> Trying to access array offset on value of type null
#0 C:\xampp\htdocs\pos\app\Controllers\ProductosAdmin.php(98): CodeIgniter\Debug\Exceptions->errorHandler(2, 'Trying to acces...', 'C:\\xampp\\htdocs...', 98)
#1 C:\xampp\htdocs\pos\system\CodeIgniter.php(936): App\Controllers\ProductosAdmin->editar('img', 'icon', 'favicon.png')
#2 C:\xampp\htdocs\pos\system\CodeIgniter.php(432): CodeIgniter\CodeIgniter->runController(Object(App\Controllers\ProductosAdmin))
#3 C:\xampp\htdocs\pos\system\CodeIgniter.php(333): CodeIgniter\CodeIgniter->handleRequest(NULL, Object(Config\Cache), false)
#4 C:\xampp\htdocs\pos\public\index.php(46): CodeIgniter\CodeIgniter->run()
#5 {main}
