CRITICAL - 2021-06-27 01:11:47 --> Too few arguments to function App\Controllers\Empresas::boolClienteEmpresa(), 0 passed in C:\xampp\htdocs\pos\system\CodeIgniter.php on line 936 and exactly 1 expected
#0 C:\xampp\htdocs\pos\system\CodeIgniter.php(936): App\Controllers\Empresas->boolClienteEmpresa()
#1 C:\xampp\htdocs\pos\system\CodeIgniter.php(432): CodeIgniter\CodeIgniter->runController(Object(App\Controllers\Empresas))
#2 C:\xampp\htdocs\pos\system\CodeIgniter.php(333): CodeIgniter\CodeIgniter->handleRequest(NULL, Object(Config\Cache), false)
#3 C:\xampp\htdocs\pos\public\index.php(46): CodeIgniter\CodeIgniter->run()
#4 {main}
CRITICAL - 2021-06-27 18:34:24 --> Too few arguments to function App\Controllers\Empresas::boolClienteEmpresa(), 0 passed in C:\xampp\htdocs\pos\system\CodeIgniter.php on line 936 and exactly 1 expected
#0 C:\xampp\htdocs\pos\system\CodeIgniter.php(936): App\Controllers\Empresas->boolClienteEmpresa()
#1 C:\xampp\htdocs\pos\system\CodeIgniter.php(432): CodeIgniter\CodeIgniter->runController(Object(App\Controllers\Empresas))
#2 C:\xampp\htdocs\pos\system\CodeIgniter.php(333): CodeIgniter\CodeIgniter->handleRequest(NULL, Object(Config\Cache), false)
#3 C:\xampp\htdocs\pos\public\index.php(46): CodeIgniter\CodeIgniter->run()
#4 {main}
CRITICAL - 2021-06-27 18:42:18 --> Too few arguments to function App\Controllers\Empresas::boolClienteEmpresa(), 0 passed in C:\xampp\htdocs\pos\system\CodeIgniter.php on line 936 and exactly 1 expected
#0 C:\xampp\htdocs\pos\system\CodeIgniter.php(936): App\Controllers\Empresas->boolClienteEmpresa()
#1 C:\xampp\htdocs\pos\system\CodeIgniter.php(432): CodeIgniter\CodeIgniter->runController(Object(App\Controllers\Empresas))
#2 C:\xampp\htdocs\pos\system\CodeIgniter.php(333): CodeIgniter\CodeIgniter->handleRequest(NULL, Object(Config\Cache), false)
#3 C:\xampp\htdocs\pos\public\index.php(46): CodeIgniter\CodeIgniter->run()
#4 {main}
CRITICAL - 2021-06-27 18:54:39 --> Too few arguments to function App\Controllers\Empresas::boolClienteEmpresa(), 0 passed in C:\xampp\htdocs\pos\system\CodeIgniter.php on line 936 and exactly 1 expected
#0 C:\xampp\htdocs\pos\system\CodeIgniter.php(936): App\Controllers\Empresas->boolClienteEmpresa()
#1 C:\xampp\htdocs\pos\system\CodeIgniter.php(432): CodeIgniter\CodeIgniter->runController(Object(App\Controllers\Empresas))
#2 C:\xampp\htdocs\pos\system\CodeIgniter.php(333): CodeIgniter\CodeIgniter->handleRequest(NULL, Object(Config\Cache), false)
#3 C:\xampp\htdocs\pos\public\index.php(46): CodeIgniter\CodeIgniter->run()
#4 {main}
CRITICAL - 2021-06-27 19:12:25 --> Too few arguments to function App\Controllers\Empresas::boolClienteEmpresa(), 0 passed in C:\xampp\htdocs\pos\system\CodeIgniter.php on line 936 and exactly 1 expected
#0 C:\xampp\htdocs\pos\system\CodeIgniter.php(936): App\Controllers\Empresas->boolClienteEmpresa()
#1 C:\xampp\htdocs\pos\system\CodeIgniter.php(432): CodeIgniter\CodeIgniter->runController(Object(App\Controllers\Empresas))
#2 C:\xampp\htdocs\pos\system\CodeIgniter.php(333): CodeIgniter\CodeIgniter->handleRequest(NULL, Object(Config\Cache), false)
#3 C:\xampp\htdocs\pos\public\index.php(46): CodeIgniter\CodeIgniter->run()
#4 {main}
CRITICAL - 2021-06-27 19:12:28 --> Trying to access array offset on value of type null
#0 C:\xampp\htdocs\pos\app\Controllers\Empresas.php(33): CodeIgniter\Debug\Exceptions->errorHandler(2, 'Trying to acces...', 'C:\\xampp\\htdocs...', 33)
#1 C:\xampp\htdocs\pos\system\CodeIgniter.php(936): App\Controllers\Empresas->buscarPorRutCliente('17790074')
#2 C:\xampp\htdocs\pos\system\CodeIgniter.php(432): CodeIgniter\CodeIgniter->runController(Object(App\Controllers\Empresas))
#3 C:\xampp\htdocs\pos\system\CodeIgniter.php(333): CodeIgniter\CodeIgniter->handleRequest(NULL, Object(Config\Cache), false)
#4 C:\xampp\htdocs\pos\public\index.php(46): CodeIgniter\CodeIgniter->run()
#5 {main}
CRITICAL - 2021-06-27 19:12:29 --> Trying to access array offset on value of type null
#0 C:\xampp\htdocs\pos\app\Controllers\Empresas.php(33): CodeIgniter\Debug\Exceptions->errorHandler(2, 'Trying to acces...', 'C:\\xampp\\htdocs...', 33)
#1 C:\xampp\htdocs\pos\system\CodeIgniter.php(936): App\Controllers\Empresas->buscarPorRutCliente('17790074')
#2 C:\xampp\htdocs\pos\system\CodeIgniter.php(432): CodeIgniter\CodeIgniter->runController(Object(App\Controllers\Empresas))
#3 C:\xampp\htdocs\pos\system\CodeIgniter.php(333): CodeIgniter\CodeIgniter->handleRequest(NULL, Object(Config\Cache), false)
#4 C:\xampp\htdocs\pos\public\index.php(46): CodeIgniter\CodeIgniter->run()
#5 {main}
CRITICAL - 2021-06-27 19:12:30 --> Trying to access array offset on value of type null
#0 C:\xampp\htdocs\pos\app\Controllers\Empresas.php(33): CodeIgniter\Debug\Exceptions->errorHandler(2, 'Trying to acces...', 'C:\\xampp\\htdocs...', 33)
#1 C:\xampp\htdocs\pos\system\CodeIgniter.php(936): App\Controllers\Empresas->buscarPorRutCliente('17790074')
#2 C:\xampp\htdocs\pos\system\CodeIgniter.php(432): CodeIgniter\CodeIgniter->runController(Object(App\Controllers\Empresas))
#3 C:\xampp\htdocs\pos\system\CodeIgniter.php(333): CodeIgniter\CodeIgniter->handleRequest(NULL, Object(Config\Cache), false)
#4 C:\xampp\htdocs\pos\public\index.php(46): CodeIgniter\CodeIgniter->run()
#5 {main}
CRITICAL - 2021-06-27 19:12:37 --> Too few arguments to function App\Controllers\Empresas::boolClienteEmpresa(), 0 passed in C:\xampp\htdocs\pos\system\CodeIgniter.php on line 936 and exactly 1 expected
#0 C:\xampp\htdocs\pos\system\CodeIgniter.php(936): App\Controllers\Empresas->boolClienteEmpresa()
#1 C:\xampp\htdocs\pos\system\CodeIgniter.php(432): CodeIgniter\CodeIgniter->runController(Object(App\Controllers\Empresas))
#2 C:\xampp\htdocs\pos\system\CodeIgniter.php(333): CodeIgniter\CodeIgniter->handleRequest(NULL, Object(Config\Cache), false)
#3 C:\xampp\htdocs\pos\public\index.php(46): CodeIgniter\CodeIgniter->run()
#4 {main}
CRITICAL - 2021-06-27 19:12:39 --> Trying to access array offset on value of type null
#0 C:\xampp\htdocs\pos\app\Controllers\Empresas.php(33): CodeIgniter\Debug\Exceptions->errorHandler(2, 'Trying to acces...', 'C:\\xampp\\htdocs...', 33)
#1 C:\xampp\htdocs\pos\system\CodeIgniter.php(936): App\Controllers\Empresas->buscarPorRutCliente('17790074')
#2 C:\xampp\htdocs\pos\system\CodeIgniter.php(432): CodeIgniter\CodeIgniter->runController(Object(App\Controllers\Empresas))
#3 C:\xampp\htdocs\pos\system\CodeIgniter.php(333): CodeIgniter\CodeIgniter->handleRequest(NULL, Object(Config\Cache), false)
#4 C:\xampp\htdocs\pos\public\index.php(46): CodeIgniter\CodeIgniter->run()
#5 {main}
CRITICAL - 2021-06-27 19:14:34 --> Too few arguments to function App\Controllers\Empresas::boolClienteEmpresa(), 0 passed in C:\xampp\htdocs\pos\system\CodeIgniter.php on line 936 and exactly 1 expected
#0 C:\xampp\htdocs\pos\system\CodeIgniter.php(936): App\Controllers\Empresas->boolClienteEmpresa()
#1 C:\xampp\htdocs\pos\system\CodeIgniter.php(432): CodeIgniter\CodeIgniter->runController(Object(App\Controllers\Empresas))
#2 C:\xampp\htdocs\pos\system\CodeIgniter.php(333): CodeIgniter\CodeIgniter->handleRequest(NULL, Object(Config\Cache), false)
#3 C:\xampp\htdocs\pos\public\index.php(46): CodeIgniter\CodeIgniter->run()
#4 {main}
CRITICAL - 2021-06-27 19:14:37 --> Trying to access array offset on value of type null
#0 C:\xampp\htdocs\pos\app\Controllers\Empresas.php(33): CodeIgniter\Debug\Exceptions->errorHandler(2, 'Trying to acces...', 'C:\\xampp\\htdocs...', 33)
#1 C:\xampp\htdocs\pos\system\CodeIgniter.php(936): App\Controllers\Empresas->buscarPorRutCliente('17790074')
#2 C:\xampp\htdocs\pos\system\CodeIgniter.php(432): CodeIgniter\CodeIgniter->runController(Object(App\Controllers\Empresas))
#3 C:\xampp\htdocs\pos\system\CodeIgniter.php(333): CodeIgniter\CodeIgniter->handleRequest(NULL, Object(Config\Cache), false)
#4 C:\xampp\htdocs\pos\public\index.php(46): CodeIgniter\CodeIgniter->run()
#5 {main}
CRITICAL - 2021-06-27 19:14:38 --> Trying to access array offset on value of type null
#0 C:\xampp\htdocs\pos\app\Controllers\Empresas.php(33): CodeIgniter\Debug\Exceptions->errorHandler(2, 'Trying to acces...', 'C:\\xampp\\htdocs...', 33)
#1 C:\xampp\htdocs\pos\system\CodeIgniter.php(936): App\Controllers\Empresas->buscarPorRutCliente('17790074')
#2 C:\xampp\htdocs\pos\system\CodeIgniter.php(432): CodeIgniter\CodeIgniter->runController(Object(App\Controllers\Empresas))
#3 C:\xampp\htdocs\pos\system\CodeIgniter.php(333): CodeIgniter\CodeIgniter->handleRequest(NULL, Object(Config\Cache), false)
#4 C:\xampp\htdocs\pos\public\index.php(46): CodeIgniter\CodeIgniter->run()
#5 {main}
CRITICAL - 2021-06-27 19:24:20 --> Too few arguments to function App\Controllers\Empresas::boolClienteEmpresa(), 0 passed in C:\xampp\htdocs\pos\system\CodeIgniter.php on line 936 and exactly 1 expected
#0 C:\xampp\htdocs\pos\system\CodeIgniter.php(936): App\Controllers\Empresas->boolClienteEmpresa()
#1 C:\xampp\htdocs\pos\system\CodeIgniter.php(432): CodeIgniter\CodeIgniter->runController(Object(App\Controllers\Empresas))
#2 C:\xampp\htdocs\pos\system\CodeIgniter.php(333): CodeIgniter\CodeIgniter->handleRequest(NULL, Object(Config\Cache), false)
#3 C:\xampp\htdocs\pos\public\index.php(46): CodeIgniter\CodeIgniter->run()
#4 {main}
CRITICAL - 2021-06-27 19:26:19 --> Too few arguments to function App\Controllers\Empresas::boolClienteEmpresa(), 0 passed in C:\xampp\htdocs\pos\system\CodeIgniter.php on line 936 and exactly 1 expected
#0 C:\xampp\htdocs\pos\system\CodeIgniter.php(936): App\Controllers\Empresas->boolClienteEmpresa()
#1 C:\xampp\htdocs\pos\system\CodeIgniter.php(432): CodeIgniter\CodeIgniter->runController(Object(App\Controllers\Empresas))
#2 C:\xampp\htdocs\pos\system\CodeIgniter.php(333): CodeIgniter\CodeIgniter->handleRequest(NULL, Object(Config\Cache), false)
#3 C:\xampp\htdocs\pos\public\index.php(46): CodeIgniter\CodeIgniter->run()
#4 {main}
CRITICAL - 2021-06-27 19:26:20 --> Trying to access array offset on value of type null
#0 C:\xampp\htdocs\pos\app\Controllers\Empresas.php(43): CodeIgniter\Debug\Exceptions->errorHandler(2, 'Trying to acces...', 'C:\\xampp\\htdocs...', 43)
#1 C:\xampp\htdocs\pos\system\CodeIgniter.php(936): App\Controllers\Empresas->buscarPorRutCliente('17790074')
#2 C:\xampp\htdocs\pos\system\CodeIgniter.php(432): CodeIgniter\CodeIgniter->runController(Object(App\Controllers\Empresas))
#3 C:\xampp\htdocs\pos\system\CodeIgniter.php(333): CodeIgniter\CodeIgniter->handleRequest(NULL, Object(Config\Cache), false)
#4 C:\xampp\htdocs\pos\public\index.php(46): CodeIgniter\CodeIgniter->run()
#5 {main}
CRITICAL - 2021-06-27 19:30:09 --> Too few arguments to function App\Controllers\Empresas::boolClienteEmpresa(), 0 passed in C:\xampp\htdocs\pos\system\CodeIgniter.php on line 936 and exactly 1 expected
#0 C:\xampp\htdocs\pos\system\CodeIgniter.php(936): App\Controllers\Empresas->boolClienteEmpresa()
#1 C:\xampp\htdocs\pos\system\CodeIgniter.php(432): CodeIgniter\CodeIgniter->runController(Object(App\Controllers\Empresas))
#2 C:\xampp\htdocs\pos\system\CodeIgniter.php(333): CodeIgniter\CodeIgniter->handleRequest(NULL, Object(Config\Cache), false)
#3 C:\xampp\htdocs\pos\public\index.php(46): CodeIgniter\CodeIgniter->run()
#4 {main}
CRITICAL - 2021-06-27 19:30:09 --> Too few arguments to function App\Controllers\Empresas::pruebaRutEmp(), 0 passed in C:\xampp\htdocs\pos\system\CodeIgniter.php on line 936 and exactly 1 expected
#0 C:\xampp\htdocs\pos\system\CodeIgniter.php(936): App\Controllers\Empresas->pruebaRutEmp()
#1 C:\xampp\htdocs\pos\system\CodeIgniter.php(432): CodeIgniter\CodeIgniter->runController(Object(App\Controllers\Empresas))
#2 C:\xampp\htdocs\pos\system\CodeIgniter.php(333): CodeIgniter\CodeIgniter->handleRequest(NULL, Object(Config\Cache), false)
#3 C:\xampp\htdocs\pos\public\index.php(46): CodeIgniter\CodeIgniter->run()
#4 {main}
CRITICAL - 2021-06-27 19:30:12 --> Trying to access array offset on value of type null
#0 C:\xampp\htdocs\pos\app\Controllers\Empresas.php(43): CodeIgniter\Debug\Exceptions->errorHandler(2, 'Trying to acces...', 'C:\\xampp\\htdocs...', 43)
#1 C:\xampp\htdocs\pos\system\CodeIgniter.php(936): App\Controllers\Empresas->buscarPorRutCliente('17790074')
#2 C:\xampp\htdocs\pos\system\CodeIgniter.php(432): CodeIgniter\CodeIgniter->runController(Object(App\Controllers\Empresas))
#3 C:\xampp\htdocs\pos\system\CodeIgniter.php(333): CodeIgniter\CodeIgniter->handleRequest(NULL, Object(Config\Cache), false)
#4 C:\xampp\htdocs\pos\public\index.php(46): CodeIgniter\CodeIgniter->run()
#5 {main}
CRITICAL - 2021-06-27 19:32:28 --> Too few arguments to function App\Controllers\Empresas::boolClienteEmpresa(), 0 passed in C:\xampp\htdocs\pos\system\CodeIgniter.php on line 936 and exactly 1 expected
#0 C:\xampp\htdocs\pos\system\CodeIgniter.php(936): App\Controllers\Empresas->boolClienteEmpresa()
#1 C:\xampp\htdocs\pos\system\CodeIgniter.php(432): CodeIgniter\CodeIgniter->runController(Object(App\Controllers\Empresas))
#2 C:\xampp\htdocs\pos\system\CodeIgniter.php(333): CodeIgniter\CodeIgniter->handleRequest(NULL, Object(Config\Cache), false)
#3 C:\xampp\htdocs\pos\public\index.php(46): CodeIgniter\CodeIgniter->run()
#4 {main}
CRITICAL - 2021-06-27 19:32:28 --> Too few arguments to function App\Controllers\Empresas::pruebaRutEmp(), 0 passed in C:\xampp\htdocs\pos\system\CodeIgniter.php on line 936 and exactly 1 expected
#0 C:\xampp\htdocs\pos\system\CodeIgniter.php(936): App\Controllers\Empresas->pruebaRutEmp()
#1 C:\xampp\htdocs\pos\system\CodeIgniter.php(432): CodeIgniter\CodeIgniter->runController(Object(App\Controllers\Empresas))
#2 C:\xampp\htdocs\pos\system\CodeIgniter.php(333): CodeIgniter\CodeIgniter->handleRequest(NULL, Object(Config\Cache), false)
#3 C:\xampp\htdocs\pos\public\index.php(46): CodeIgniter\CodeIgniter->run()
#4 {main}
CRITICAL - 2021-06-27 19:32:33 --> Trying to access array offset on value of type null
#0 C:\xampp\htdocs\pos\app\Controllers\Empresas.php(43): CodeIgniter\Debug\Exceptions->errorHandler(2, 'Trying to acces...', 'C:\\xampp\\htdocs...', 43)
#1 C:\xampp\htdocs\pos\system\CodeIgniter.php(936): App\Controllers\Empresas->buscarPorRutCliente('17790074')
#2 C:\xampp\htdocs\pos\system\CodeIgniter.php(432): CodeIgniter\CodeIgniter->runController(Object(App\Controllers\Empresas))
#3 C:\xampp\htdocs\pos\system\CodeIgniter.php(333): CodeIgniter\CodeIgniter->handleRequest(NULL, Object(Config\Cache), false)
#4 C:\xampp\htdocs\pos\public\index.php(46): CodeIgniter\CodeIgniter->run()
#5 {main}
CRITICAL - 2021-06-27 19:34:04 --> Too few arguments to function App\Controllers\Empresas::boolClienteEmpresa(), 0 passed in C:\xampp\htdocs\pos\system\CodeIgniter.php on line 936 and exactly 1 expected
#0 C:\xampp\htdocs\pos\system\CodeIgniter.php(936): App\Controllers\Empresas->boolClienteEmpresa()
#1 C:\xampp\htdocs\pos\system\CodeIgniter.php(432): CodeIgniter\CodeIgniter->runController(Object(App\Controllers\Empresas))
#2 C:\xampp\htdocs\pos\system\CodeIgniter.php(333): CodeIgniter\CodeIgniter->handleRequest(NULL, Object(Config\Cache), false)
#3 C:\xampp\htdocs\pos\public\index.php(46): CodeIgniter\CodeIgniter->run()
#4 {main}
CRITICAL - 2021-06-27 19:34:18 --> Too few arguments to function App\Controllers\Empresas::boolClienteEmpresa(), 0 passed in C:\xampp\htdocs\pos\system\CodeIgniter.php on line 936 and exactly 1 expected
#0 C:\xampp\htdocs\pos\system\CodeIgniter.php(936): App\Controllers\Empresas->boolClienteEmpresa()
#1 C:\xampp\htdocs\pos\system\CodeIgniter.php(432): CodeIgniter\CodeIgniter->runController(Object(App\Controllers\Empresas))
#2 C:\xampp\htdocs\pos\system\CodeIgniter.php(333): CodeIgniter\CodeIgniter->handleRequest(NULL, Object(Config\Cache), false)
#3 C:\xampp\htdocs\pos\public\index.php(46): CodeIgniter\CodeIgniter->run()
#4 {main}
CRITICAL - 2021-06-27 19:34:18 --> Too few arguments to function App\Controllers\Empresas::pruebaRutEmp(), 0 passed in C:\xampp\htdocs\pos\system\CodeIgniter.php on line 936 and exactly 1 expected
#0 C:\xampp\htdocs\pos\system\CodeIgniter.php(936): App\Controllers\Empresas->pruebaRutEmp()
#1 C:\xampp\htdocs\pos\system\CodeIgniter.php(432): CodeIgniter\CodeIgniter->runController(Object(App\Controllers\Empresas))
#2 C:\xampp\htdocs\pos\system\CodeIgniter.php(333): CodeIgniter\CodeIgniter->handleRequest(NULL, Object(Config\Cache), false)
#3 C:\xampp\htdocs\pos\public\index.php(46): CodeIgniter\CodeIgniter->run()
#4 {main}
CRITICAL - 2021-06-27 19:34:33 --> Too few arguments to function App\Controllers\Empresas::pruebaRutEmp(), 0 passed in C:\xampp\htdocs\pos\system\CodeIgniter.php on line 936 and exactly 1 expected
#0 C:\xampp\htdocs\pos\system\CodeIgniter.php(936): App\Controllers\Empresas->pruebaRutEmp()
#1 C:\xampp\htdocs\pos\system\CodeIgniter.php(432): CodeIgniter\CodeIgniter->runController(Object(App\Controllers\Empresas))
#2 C:\xampp\htdocs\pos\system\CodeIgniter.php(333): CodeIgniter\CodeIgniter->handleRequest(NULL, Object(Config\Cache), false)
#3 C:\xampp\htdocs\pos\public\index.php(46): CodeIgniter\CodeIgniter->run()
#4 {main}
CRITICAL - 2021-06-27 19:34:33 --> Too few arguments to function App\Controllers\Empresas::boolClienteEmpresa(), 0 passed in C:\xampp\htdocs\pos\system\CodeIgniter.php on line 936 and exactly 1 expected
#0 C:\xampp\htdocs\pos\system\CodeIgniter.php(936): App\Controllers\Empresas->boolClienteEmpresa()
#1 C:\xampp\htdocs\pos\system\CodeIgniter.php(432): CodeIgniter\CodeIgniter->runController(Object(App\Controllers\Empresas))
#2 C:\xampp\htdocs\pos\system\CodeIgniter.php(333): CodeIgniter\CodeIgniter->handleRequest(NULL, Object(Config\Cache), false)
#3 C:\xampp\htdocs\pos\public\index.php(46): CodeIgniter\CodeIgniter->run()
#4 {main}
CRITICAL - 2021-06-27 19:37:06 --> Too few arguments to function App\Controllers\Empresas::boolClienteEmpresa(), 0 passed in C:\xampp\htdocs\pos\system\CodeIgniter.php on line 936 and exactly 1 expected
#0 C:\xampp\htdocs\pos\system\CodeIgniter.php(936): App\Controllers\Empresas->boolClienteEmpresa()
#1 C:\xampp\htdocs\pos\system\CodeIgniter.php(432): CodeIgniter\CodeIgniter->runController(Object(App\Controllers\Empresas))
#2 C:\xampp\htdocs\pos\system\CodeIgniter.php(333): CodeIgniter\CodeIgniter->handleRequest(NULL, Object(Config\Cache), false)
#3 C:\xampp\htdocs\pos\public\index.php(46): CodeIgniter\CodeIgniter->run()
#4 {main}
CRITICAL - 2021-06-27 19:37:06 --> Too few arguments to function App\Controllers\Empresas::pruebaRutEmp(), 0 passed in C:\xampp\htdocs\pos\system\CodeIgniter.php on line 936 and exactly 1 expected
#0 C:\xampp\htdocs\pos\system\CodeIgniter.php(936): App\Controllers\Empresas->pruebaRutEmp()
#1 C:\xampp\htdocs\pos\system\CodeIgniter.php(432): CodeIgniter\CodeIgniter->runController(Object(App\Controllers\Empresas))
#2 C:\xampp\htdocs\pos\system\CodeIgniter.php(333): CodeIgniter\CodeIgniter->handleRequest(NULL, Object(Config\Cache), false)
#3 C:\xampp\htdocs\pos\public\index.php(46): CodeIgniter\CodeIgniter->run()
#4 {main}
CRITICAL - 2021-06-27 19:37:52 --> Too few arguments to function App\Controllers\Empresas::boolClienteEmpresa(), 0 passed in C:\xampp\htdocs\pos\system\CodeIgniter.php on line 936 and exactly 1 expected
#0 C:\xampp\htdocs\pos\system\CodeIgniter.php(936): App\Controllers\Empresas->boolClienteEmpresa()
#1 C:\xampp\htdocs\pos\system\CodeIgniter.php(432): CodeIgniter\CodeIgniter->runController(Object(App\Controllers\Empresas))
#2 C:\xampp\htdocs\pos\system\CodeIgniter.php(333): CodeIgniter\CodeIgniter->handleRequest(NULL, Object(Config\Cache), false)
#3 C:\xampp\htdocs\pos\public\index.php(46): CodeIgniter\CodeIgniter->run()
#4 {main}
CRITICAL - 2021-06-27 19:38:21 --> Too few arguments to function App\Controllers\Empresas::boolClienteEmpresa(), 0 passed in C:\xampp\htdocs\pos\system\CodeIgniter.php on line 936 and exactly 1 expected
#0 C:\xampp\htdocs\pos\system\CodeIgniter.php(936): App\Controllers\Empresas->boolClienteEmpresa()
#1 C:\xampp\htdocs\pos\system\CodeIgniter.php(432): CodeIgniter\CodeIgniter->runController(Object(App\Controllers\Empresas))
#2 C:\xampp\htdocs\pos\system\CodeIgniter.php(333): CodeIgniter\CodeIgniter->handleRequest(NULL, Object(Config\Cache), false)
#3 C:\xampp\htdocs\pos\public\index.php(46): CodeIgniter\CodeIgniter->run()
#4 {main}
CRITICAL - 2021-06-27 19:38:25 --> Trying to access array offset on value of type null
#0 C:\xampp\htdocs\pos\app\Controllers\Empresas.php(43): CodeIgniter\Debug\Exceptions->errorHandler(2, 'Trying to acces...', 'C:\\xampp\\htdocs...', 43)
#1 C:\xampp\htdocs\pos\system\CodeIgniter.php(936): App\Controllers\Empresas->buscarPorRutCliente('17790074')
#2 C:\xampp\htdocs\pos\system\CodeIgniter.php(432): CodeIgniter\CodeIgniter->runController(Object(App\Controllers\Empresas))
#3 C:\xampp\htdocs\pos\system\CodeIgniter.php(333): CodeIgniter\CodeIgniter->handleRequest(NULL, Object(Config\Cache), false)
#4 C:\xampp\htdocs\pos\public\index.php(46): CodeIgniter\CodeIgniter->run()
#5 {main}
CRITICAL - 2021-06-27 19:39:16 --> Too few arguments to function App\Controllers\Empresas::boolClienteEmpresa(), 0 passed in C:\xampp\htdocs\pos\system\CodeIgniter.php on line 936 and exactly 1 expected
#0 C:\xampp\htdocs\pos\system\CodeIgniter.php(936): App\Controllers\Empresas->boolClienteEmpresa()
#1 C:\xampp\htdocs\pos\system\CodeIgniter.php(432): CodeIgniter\CodeIgniter->runController(Object(App\Controllers\Empresas))
#2 C:\xampp\htdocs\pos\system\CodeIgniter.php(333): CodeIgniter\CodeIgniter->handleRequest(NULL, Object(Config\Cache), false)
#3 C:\xampp\htdocs\pos\public\index.php(46): CodeIgniter\CodeIgniter->run()
#4 {main}
CRITICAL - 2021-06-27 19:40:12 --> Too few arguments to function App\Controllers\Empresas::boolClienteEmpresa(), 0 passed in C:\xampp\htdocs\pos\system\CodeIgniter.php on line 936 and exactly 1 expected
#0 C:\xampp\htdocs\pos\system\CodeIgniter.php(936): App\Controllers\Empresas->boolClienteEmpresa()
#1 C:\xampp\htdocs\pos\system\CodeIgniter.php(432): CodeIgniter\CodeIgniter->runController(Object(App\Controllers\Empresas))
#2 C:\xampp\htdocs\pos\system\CodeIgniter.php(333): CodeIgniter\CodeIgniter->handleRequest(NULL, Object(Config\Cache), false)
#3 C:\xampp\htdocs\pos\public\index.php(46): CodeIgniter\CodeIgniter->run()
#4 {main}
CRITICAL - 2021-06-27 19:43:35 --> Too few arguments to function App\Controllers\Empresas::boolClienteEmpresa(), 0 passed in C:\xampp\htdocs\pos\system\CodeIgniter.php on line 936 and exactly 1 expected
#0 C:\xampp\htdocs\pos\system\CodeIgniter.php(936): App\Controllers\Empresas->boolClienteEmpresa()
#1 C:\xampp\htdocs\pos\system\CodeIgniter.php(432): CodeIgniter\CodeIgniter->runController(Object(App\Controllers\Empresas))
#2 C:\xampp\htdocs\pos\system\CodeIgniter.php(333): CodeIgniter\CodeIgniter->handleRequest(NULL, Object(Config\Cache), false)
#3 C:\xampp\htdocs\pos\public\index.php(46): CodeIgniter\CodeIgniter->run()
#4 {main}
CRITICAL - 2021-06-27 19:44:08 --> Too few arguments to function App\Controllers\Empresas::boolClienteEmpresa(), 0 passed in C:\xampp\htdocs\pos\system\CodeIgniter.php on line 936 and exactly 1 expected
#0 C:\xampp\htdocs\pos\system\CodeIgniter.php(936): App\Controllers\Empresas->boolClienteEmpresa()
#1 C:\xampp\htdocs\pos\system\CodeIgniter.php(432): CodeIgniter\CodeIgniter->runController(Object(App\Controllers\Empresas))
#2 C:\xampp\htdocs\pos\system\CodeIgniter.php(333): CodeIgniter\CodeIgniter->handleRequest(NULL, Object(Config\Cache), false)
#3 C:\xampp\htdocs\pos\public\index.php(46): CodeIgniter\CodeIgniter->run()
#4 {main}
CRITICAL - 2021-06-27 19:44:41 --> Too few arguments to function App\Controllers\Empresas::boolClienteEmpresa(), 0 passed in C:\xampp\htdocs\pos\system\CodeIgniter.php on line 936 and exactly 1 expected
#0 C:\xampp\htdocs\pos\system\CodeIgniter.php(936): App\Controllers\Empresas->boolClienteEmpresa()
#1 C:\xampp\htdocs\pos\system\CodeIgniter.php(432): CodeIgniter\CodeIgniter->runController(Object(App\Controllers\Empresas))
#2 C:\xampp\htdocs\pos\system\CodeIgniter.php(333): CodeIgniter\CodeIgniter->handleRequest(NULL, Object(Config\Cache), false)
#3 C:\xampp\htdocs\pos\public\index.php(46): CodeIgniter\CodeIgniter->run()
#4 {main}
CRITICAL - 2021-06-27 19:45:09 --> Too few arguments to function App\Controllers\Empresas::boolClienteEmpresa(), 0 passed in C:\xampp\htdocs\pos\system\CodeIgniter.php on line 936 and exactly 1 expected
#0 C:\xampp\htdocs\pos\system\CodeIgniter.php(936): App\Controllers\Empresas->boolClienteEmpresa()
#1 C:\xampp\htdocs\pos\system\CodeIgniter.php(432): CodeIgniter\CodeIgniter->runController(Object(App\Controllers\Empresas))
#2 C:\xampp\htdocs\pos\system\CodeIgniter.php(333): CodeIgniter\CodeIgniter->handleRequest(NULL, Object(Config\Cache), false)
#3 C:\xampp\htdocs\pos\public\index.php(46): CodeIgniter\CodeIgniter->run()
#4 {main}
CRITICAL - 2021-06-27 19:45:47 --> Too few arguments to function App\Controllers\Empresas::boolClienteEmpresa(), 0 passed in C:\xampp\htdocs\pos\system\CodeIgniter.php on line 936 and exactly 1 expected
#0 C:\xampp\htdocs\pos\system\CodeIgniter.php(936): App\Controllers\Empresas->boolClienteEmpresa()
#1 C:\xampp\htdocs\pos\system\CodeIgniter.php(432): CodeIgniter\CodeIgniter->runController(Object(App\Controllers\Empresas))
#2 C:\xampp\htdocs\pos\system\CodeIgniter.php(333): CodeIgniter\CodeIgniter->handleRequest(NULL, Object(Config\Cache), false)
#3 C:\xampp\htdocs\pos\public\index.php(46): CodeIgniter\CodeIgniter->run()
#4 {main}
CRITICAL - 2021-06-27 19:46:45 --> Too few arguments to function App\Controllers\Empresas::boolClienteEmpresa(), 0 passed in C:\xampp\htdocs\pos\system\CodeIgniter.php on line 936 and exactly 1 expected
#0 C:\xampp\htdocs\pos\system\CodeIgniter.php(936): App\Controllers\Empresas->boolClienteEmpresa()
#1 C:\xampp\htdocs\pos\system\CodeIgniter.php(432): CodeIgniter\CodeIgniter->runController(Object(App\Controllers\Empresas))
#2 C:\xampp\htdocs\pos\system\CodeIgniter.php(333): CodeIgniter\CodeIgniter->handleRequest(NULL, Object(Config\Cache), false)
#3 C:\xampp\htdocs\pos\public\index.php(46): CodeIgniter\CodeIgniter->run()
#4 {main}
CRITICAL - 2021-06-27 19:47:40 --> Too few arguments to function App\Controllers\Empresas::boolClienteEmpresa(), 0 passed in C:\xampp\htdocs\pos\system\CodeIgniter.php on line 936 and exactly 1 expected
#0 C:\xampp\htdocs\pos\system\CodeIgniter.php(936): App\Controllers\Empresas->boolClienteEmpresa()
#1 C:\xampp\htdocs\pos\system\CodeIgniter.php(432): CodeIgniter\CodeIgniter->runController(Object(App\Controllers\Empresas))
#2 C:\xampp\htdocs\pos\system\CodeIgniter.php(333): CodeIgniter\CodeIgniter->handleRequest(NULL, Object(Config\Cache), false)
#3 C:\xampp\htdocs\pos\public\index.php(46): CodeIgniter\CodeIgniter->run()
#4 {main}
CRITICAL - 2021-06-27 19:49:10 --> Too few arguments to function App\Controllers\Empresas::boolClienteEmpresa(), 0 passed in C:\xampp\htdocs\pos\system\CodeIgniter.php on line 936 and exactly 1 expected
#0 C:\xampp\htdocs\pos\system\CodeIgniter.php(936): App\Controllers\Empresas->boolClienteEmpresa()
#1 C:\xampp\htdocs\pos\system\CodeIgniter.php(432): CodeIgniter\CodeIgniter->runController(Object(App\Controllers\Empresas))
#2 C:\xampp\htdocs\pos\system\CodeIgniter.php(333): CodeIgniter\CodeIgniter->handleRequest(NULL, Object(Config\Cache), false)
#3 C:\xampp\htdocs\pos\public\index.php(46): CodeIgniter\CodeIgniter->run()
#4 {main}
CRITICAL - 2021-06-27 19:50:25 --> Too few arguments to function App\Controllers\Empresas::boolClienteEmpresa(), 0 passed in C:\xampp\htdocs\pos\system\CodeIgniter.php on line 936 and exactly 1 expected
#0 C:\xampp\htdocs\pos\system\CodeIgniter.php(936): App\Controllers\Empresas->boolClienteEmpresa()
#1 C:\xampp\htdocs\pos\system\CodeIgniter.php(432): CodeIgniter\CodeIgniter->runController(Object(App\Controllers\Empresas))
#2 C:\xampp\htdocs\pos\system\CodeIgniter.php(333): CodeIgniter\CodeIgniter->handleRequest(NULL, Object(Config\Cache), false)
#3 C:\xampp\htdocs\pos\public\index.php(46): CodeIgniter\CodeIgniter->run()
#4 {main}
CRITICAL - 2021-06-27 19:51:15 --> Too few arguments to function App\Controllers\Empresas::boolClienteEmpresa(), 0 passed in C:\xampp\htdocs\pos\system\CodeIgniter.php on line 936 and exactly 1 expected
#0 C:\xampp\htdocs\pos\system\CodeIgniter.php(936): App\Controllers\Empresas->boolClienteEmpresa()
#1 C:\xampp\htdocs\pos\system\CodeIgniter.php(432): CodeIgniter\CodeIgniter->runController(Object(App\Controllers\Empresas))
#2 C:\xampp\htdocs\pos\system\CodeIgniter.php(333): CodeIgniter\CodeIgniter->handleRequest(NULL, Object(Config\Cache), false)
#3 C:\xampp\htdocs\pos\public\index.php(46): CodeIgniter\CodeIgniter->run()
#4 {main}
CRITICAL - 2021-06-27 19:52:04 --> Too few arguments to function App\Controllers\Empresas::boolClienteEmpresa(), 0 passed in C:\xampp\htdocs\pos\system\CodeIgniter.php on line 936 and exactly 1 expected
#0 C:\xampp\htdocs\pos\system\CodeIgniter.php(936): App\Controllers\Empresas->boolClienteEmpresa()
#1 C:\xampp\htdocs\pos\system\CodeIgniter.php(432): CodeIgniter\CodeIgniter->runController(Object(App\Controllers\Empresas))
#2 C:\xampp\htdocs\pos\system\CodeIgniter.php(333): CodeIgniter\CodeIgniter->handleRequest(NULL, Object(Config\Cache), false)
#3 C:\xampp\htdocs\pos\public\index.php(46): CodeIgniter\CodeIgniter->run()
#4 {main}
CRITICAL - 2021-06-27 19:52:26 --> Too few arguments to function App\Controllers\Empresas::boolClienteEmpresa(), 0 passed in C:\xampp\htdocs\pos\system\CodeIgniter.php on line 936 and exactly 1 expected
#0 C:\xampp\htdocs\pos\system\CodeIgniter.php(936): App\Controllers\Empresas->boolClienteEmpresa()
#1 C:\xampp\htdocs\pos\system\CodeIgniter.php(432): CodeIgniter\CodeIgniter->runController(Object(App\Controllers\Empresas))
#2 C:\xampp\htdocs\pos\system\CodeIgniter.php(333): CodeIgniter\CodeIgniter->handleRequest(NULL, Object(Config\Cache), false)
#3 C:\xampp\htdocs\pos\public\index.php(46): CodeIgniter\CodeIgniter->run()
#4 {main}
CRITICAL - 2021-06-27 19:52:47 --> Too few arguments to function App\Controllers\Empresas::boolClienteEmpresa(), 0 passed in C:\xampp\htdocs\pos\system\CodeIgniter.php on line 936 and exactly 1 expected
#0 C:\xampp\htdocs\pos\system\CodeIgniter.php(936): App\Controllers\Empresas->boolClienteEmpresa()
#1 C:\xampp\htdocs\pos\system\CodeIgniter.php(432): CodeIgniter\CodeIgniter->runController(Object(App\Controllers\Empresas))
#2 C:\xampp\htdocs\pos\system\CodeIgniter.php(333): CodeIgniter\CodeIgniter->handleRequest(NULL, Object(Config\Cache), false)
#3 C:\xampp\htdocs\pos\public\index.php(46): CodeIgniter\CodeIgniter->run()
#4 {main}
CRITICAL - 2021-06-27 19:53:30 --> Too few arguments to function App\Controllers\Empresas::boolClienteEmpresa(), 0 passed in C:\xampp\htdocs\pos\system\CodeIgniter.php on line 936 and exactly 1 expected
#0 C:\xampp\htdocs\pos\system\CodeIgniter.php(936): App\Controllers\Empresas->boolClienteEmpresa()
#1 C:\xampp\htdocs\pos\system\CodeIgniter.php(432): CodeIgniter\CodeIgniter->runController(Object(App\Controllers\Empresas))
#2 C:\xampp\htdocs\pos\system\CodeIgniter.php(333): CodeIgniter\CodeIgniter->handleRequest(NULL, Object(Config\Cache), false)
#3 C:\xampp\htdocs\pos\public\index.php(46): CodeIgniter\CodeIgniter->run()
#4 {main}
CRITICAL - 2021-06-27 19:54:37 --> Too few arguments to function App\Controllers\Empresas::boolClienteEmpresa(), 0 passed in C:\xampp\htdocs\pos\system\CodeIgniter.php on line 936 and exactly 1 expected
#0 C:\xampp\htdocs\pos\system\CodeIgniter.php(936): App\Controllers\Empresas->boolClienteEmpresa()
#1 C:\xampp\htdocs\pos\system\CodeIgniter.php(432): CodeIgniter\CodeIgniter->runController(Object(App\Controllers\Empresas))
#2 C:\xampp\htdocs\pos\system\CodeIgniter.php(333): CodeIgniter\CodeIgniter->handleRequest(NULL, Object(Config\Cache), false)
#3 C:\xampp\htdocs\pos\public\index.php(46): CodeIgniter\CodeIgniter->run()
#4 {main}
CRITICAL - 2021-06-27 19:54:51 --> Too few arguments to function App\Controllers\Empresas::boolClienteEmpresa(), 0 passed in C:\xampp\htdocs\pos\system\CodeIgniter.php on line 936 and exactly 1 expected
#0 C:\xampp\htdocs\pos\system\CodeIgniter.php(936): App\Controllers\Empresas->boolClienteEmpresa()
#1 C:\xampp\htdocs\pos\system\CodeIgniter.php(432): CodeIgniter\CodeIgniter->runController(Object(App\Controllers\Empresas))
#2 C:\xampp\htdocs\pos\system\CodeIgniter.php(333): CodeIgniter\CodeIgniter->handleRequest(NULL, Object(Config\Cache), false)
#3 C:\xampp\htdocs\pos\public\index.php(46): CodeIgniter\CodeIgniter->run()
#4 {main}
CRITICAL - 2021-06-27 19:55:21 --> Too few arguments to function App\Controllers\Empresas::boolClienteEmpresa(), 0 passed in C:\xampp\htdocs\pos\system\CodeIgniter.php on line 936 and exactly 1 expected
#0 C:\xampp\htdocs\pos\system\CodeIgniter.php(936): App\Controllers\Empresas->boolClienteEmpresa()
#1 C:\xampp\htdocs\pos\system\CodeIgniter.php(432): CodeIgniter\CodeIgniter->runController(Object(App\Controllers\Empresas))
#2 C:\xampp\htdocs\pos\system\CodeIgniter.php(333): CodeIgniter\CodeIgniter->handleRequest(NULL, Object(Config\Cache), false)
#3 C:\xampp\htdocs\pos\public\index.php(46): CodeIgniter\CodeIgniter->run()
#4 {main}
CRITICAL - 2021-06-27 19:55:52 --> Too few arguments to function App\Controllers\Empresas::boolClienteEmpresa(), 0 passed in C:\xampp\htdocs\pos\system\CodeIgniter.php on line 936 and exactly 1 expected
#0 C:\xampp\htdocs\pos\system\CodeIgniter.php(936): App\Controllers\Empresas->boolClienteEmpresa()
#1 C:\xampp\htdocs\pos\system\CodeIgniter.php(432): CodeIgniter\CodeIgniter->runController(Object(App\Controllers\Empresas))
#2 C:\xampp\htdocs\pos\system\CodeIgniter.php(333): CodeIgniter\CodeIgniter->handleRequest(NULL, Object(Config\Cache), false)
#3 C:\xampp\htdocs\pos\public\index.php(46): CodeIgniter\CodeIgniter->run()
#4 {main}
CRITICAL - 2021-06-27 19:56:05 --> Too few arguments to function App\Controllers\Empresas::boolClienteEmpresa(), 0 passed in C:\xampp\htdocs\pos\system\CodeIgniter.php on line 936 and exactly 1 expected
#0 C:\xampp\htdocs\pos\system\CodeIgniter.php(936): App\Controllers\Empresas->boolClienteEmpresa()
#1 C:\xampp\htdocs\pos\system\CodeIgniter.php(432): CodeIgniter\CodeIgniter->runController(Object(App\Controllers\Empresas))
#2 C:\xampp\htdocs\pos\system\CodeIgniter.php(333): CodeIgniter\CodeIgniter->handleRequest(NULL, Object(Config\Cache), false)
#3 C:\xampp\htdocs\pos\public\index.php(46): CodeIgniter\CodeIgniter->run()
#4 {main}
CRITICAL - 2021-06-27 19:57:01 --> Too few arguments to function App\Controllers\Empresas::boolClienteEmpresa(), 0 passed in C:\xampp\htdocs\pos\system\CodeIgniter.php on line 936 and exactly 1 expected
#0 C:\xampp\htdocs\pos\system\CodeIgniter.php(936): App\Controllers\Empresas->boolClienteEmpresa()
#1 C:\xampp\htdocs\pos\system\CodeIgniter.php(432): CodeIgniter\CodeIgniter->runController(Object(App\Controllers\Empresas))
#2 C:\xampp\htdocs\pos\system\CodeIgniter.php(333): CodeIgniter\CodeIgniter->handleRequest(NULL, Object(Config\Cache), false)
#3 C:\xampp\htdocs\pos\public\index.php(46): CodeIgniter\CodeIgniter->run()
#4 {main}
CRITICAL - 2021-06-27 20:01:49 --> Too few arguments to function App\Controllers\Empresas::boolClienteEmpresa(), 0 passed in C:\xampp\htdocs\pos\system\CodeIgniter.php on line 936 and exactly 1 expected
#0 C:\xampp\htdocs\pos\system\CodeIgniter.php(936): App\Controllers\Empresas->boolClienteEmpresa()
#1 C:\xampp\htdocs\pos\system\CodeIgniter.php(432): CodeIgniter\CodeIgniter->runController(Object(App\Controllers\Empresas))
#2 C:\xampp\htdocs\pos\system\CodeIgniter.php(333): CodeIgniter\CodeIgniter->handleRequest(NULL, Object(Config\Cache), false)
#3 C:\xampp\htdocs\pos\public\index.php(46): CodeIgniter\CodeIgniter->run()
#4 {main}
CRITICAL - 2021-06-27 20:11:52 --> Too few arguments to function App\Controllers\Empresas::boolClienteEmpresa(), 0 passed in C:\xampp\htdocs\pos\system\CodeIgniter.php on line 936 and exactly 1 expected
#0 C:\xampp\htdocs\pos\system\CodeIgniter.php(936): App\Controllers\Empresas->boolClienteEmpresa()
#1 C:\xampp\htdocs\pos\system\CodeIgniter.php(432): CodeIgniter\CodeIgniter->runController(Object(App\Controllers\Empresas))
#2 C:\xampp\htdocs\pos\system\CodeIgniter.php(333): CodeIgniter\CodeIgniter->handleRequest(NULL, Object(Config\Cache), false)
#3 C:\xampp\htdocs\pos\public\index.php(46): CodeIgniter\CodeIgniter->run()
#4 {main}
CRITICAL - 2021-06-27 20:19:10 --> Too few arguments to function App\Controllers\Empresas::boolClienteEmpresa(), 0 passed in C:\xampp\htdocs\pos\system\CodeIgniter.php on line 936 and exactly 1 expected
#0 C:\xampp\htdocs\pos\system\CodeIgniter.php(936): App\Controllers\Empresas->boolClienteEmpresa()
#1 C:\xampp\htdocs\pos\system\CodeIgniter.php(432): CodeIgniter\CodeIgniter->runController(Object(App\Controllers\Empresas))
#2 C:\xampp\htdocs\pos\system\CodeIgniter.php(333): CodeIgniter\CodeIgniter->handleRequest(NULL, Object(Config\Cache), false)
#3 C:\xampp\htdocs\pos\public\index.php(46): CodeIgniter\CodeIgniter->run()
#4 {main}
CRITICAL - 2021-06-27 20:19:29 --> Too few arguments to function App\Controllers\Empresas::boolClienteEmpresa(), 0 passed in C:\xampp\htdocs\pos\system\CodeIgniter.php on line 936 and exactly 1 expected
#0 C:\xampp\htdocs\pos\system\CodeIgniter.php(936): App\Controllers\Empresas->boolClienteEmpresa()
#1 C:\xampp\htdocs\pos\system\CodeIgniter.php(432): CodeIgniter\CodeIgniter->runController(Object(App\Controllers\Empresas))
#2 C:\xampp\htdocs\pos\system\CodeIgniter.php(333): CodeIgniter\CodeIgniter->handleRequest(NULL, Object(Config\Cache), false)
#3 C:\xampp\htdocs\pos\public\index.php(46): CodeIgniter\CodeIgniter->run()
#4 {main}
CRITICAL - 2021-06-27 20:23:13 --> Too few arguments to function App\Controllers\Empresas::boolClienteEmpresa(), 0 passed in C:\xampp\htdocs\pos\system\CodeIgniter.php on line 936 and exactly 1 expected
#0 C:\xampp\htdocs\pos\system\CodeIgniter.php(936): App\Controllers\Empresas->boolClienteEmpresa()
#1 C:\xampp\htdocs\pos\system\CodeIgniter.php(432): CodeIgniter\CodeIgniter->runController(Object(App\Controllers\Empresas))
#2 C:\xampp\htdocs\pos\system\CodeIgniter.php(333): CodeIgniter\CodeIgniter->handleRequest(NULL, Object(Config\Cache), false)
#3 C:\xampp\htdocs\pos\public\index.php(46): CodeIgniter\CodeIgniter->run()
#4 {main}
CRITICAL - 2021-06-27 20:23:51 --> Too few arguments to function App\Controllers\Empresas::boolClienteEmpresa(), 0 passed in C:\xampp\htdocs\pos\system\CodeIgniter.php on line 936 and exactly 1 expected
#0 C:\xampp\htdocs\pos\system\CodeIgniter.php(936): App\Controllers\Empresas->boolClienteEmpresa()
#1 C:\xampp\htdocs\pos\system\CodeIgniter.php(432): CodeIgniter\CodeIgniter->runController(Object(App\Controllers\Empresas))
#2 C:\xampp\htdocs\pos\system\CodeIgniter.php(333): CodeIgniter\CodeIgniter->handleRequest(NULL, Object(Config\Cache), false)
#3 C:\xampp\htdocs\pos\public\index.php(46): CodeIgniter\CodeIgniter->run()
#4 {main}
CRITICAL - 2021-06-27 20:27:09 --> Too few arguments to function App\Controllers\Empresas::boolClienteEmpresa(), 0 passed in C:\xampp\htdocs\pos\system\CodeIgniter.php on line 936 and exactly 1 expected
#0 C:\xampp\htdocs\pos\system\CodeIgniter.php(936): App\Controllers\Empresas->boolClienteEmpresa()
#1 C:\xampp\htdocs\pos\system\CodeIgniter.php(432): CodeIgniter\CodeIgniter->runController(Object(App\Controllers\Empresas))
#2 C:\xampp\htdocs\pos\system\CodeIgniter.php(333): CodeIgniter\CodeIgniter->handleRequest(NULL, Object(Config\Cache), false)
#3 C:\xampp\htdocs\pos\public\index.php(46): CodeIgniter\CodeIgniter->run()
#4 {main}
CRITICAL - 2021-06-27 20:28:10 --> Too few arguments to function App\Controllers\Empresas::boolClienteEmpresa(), 0 passed in C:\xampp\htdocs\pos\system\CodeIgniter.php on line 936 and exactly 1 expected
#0 C:\xampp\htdocs\pos\system\CodeIgniter.php(936): App\Controllers\Empresas->boolClienteEmpresa()
#1 C:\xampp\htdocs\pos\system\CodeIgniter.php(432): CodeIgniter\CodeIgniter->runController(Object(App\Controllers\Empresas))
#2 C:\xampp\htdocs\pos\system\CodeIgniter.php(333): CodeIgniter\CodeIgniter->handleRequest(NULL, Object(Config\Cache), false)
#3 C:\xampp\htdocs\pos\public\index.php(46): CodeIgniter\CodeIgniter->run()
#4 {main}
CRITICAL - 2021-06-27 20:28:40 --> Too few arguments to function App\Controllers\Empresas::boolClienteEmpresa(), 0 passed in C:\xampp\htdocs\pos\system\CodeIgniter.php on line 936 and exactly 1 expected
#0 C:\xampp\htdocs\pos\system\CodeIgniter.php(936): App\Controllers\Empresas->boolClienteEmpresa()
#1 C:\xampp\htdocs\pos\system\CodeIgniter.php(432): CodeIgniter\CodeIgniter->runController(Object(App\Controllers\Empresas))
#2 C:\xampp\htdocs\pos\system\CodeIgniter.php(333): CodeIgniter\CodeIgniter->handleRequest(NULL, Object(Config\Cache), false)
#3 C:\xampp\htdocs\pos\public\index.php(46): CodeIgniter\CodeIgniter->run()
#4 {main}
CRITICAL - 2021-06-27 20:29:22 --> Too few arguments to function App\Controllers\Empresas::boolClienteEmpresa(), 0 passed in C:\xampp\htdocs\pos\system\CodeIgniter.php on line 936 and exactly 1 expected
#0 C:\xampp\htdocs\pos\system\CodeIgniter.php(936): App\Controllers\Empresas->boolClienteEmpresa()
#1 C:\xampp\htdocs\pos\system\CodeIgniter.php(432): CodeIgniter\CodeIgniter->runController(Object(App\Controllers\Empresas))
#2 C:\xampp\htdocs\pos\system\CodeIgniter.php(333): CodeIgniter\CodeIgniter->handleRequest(NULL, Object(Config\Cache), false)
#3 C:\xampp\htdocs\pos\public\index.php(46): CodeIgniter\CodeIgniter->run()
#4 {main}
CRITICAL - 2021-06-27 20:29:57 --> Too few arguments to function App\Controllers\Empresas::boolClienteEmpresa(), 0 passed in C:\xampp\htdocs\pos\system\CodeIgniter.php on line 936 and exactly 1 expected
#0 C:\xampp\htdocs\pos\system\CodeIgniter.php(936): App\Controllers\Empresas->boolClienteEmpresa()
#1 C:\xampp\htdocs\pos\system\CodeIgniter.php(432): CodeIgniter\CodeIgniter->runController(Object(App\Controllers\Empresas))
#2 C:\xampp\htdocs\pos\system\CodeIgniter.php(333): CodeIgniter\CodeIgniter->handleRequest(NULL, Object(Config\Cache), false)
#3 C:\xampp\htdocs\pos\public\index.php(46): CodeIgniter\CodeIgniter->run()
#4 {main}
CRITICAL - 2021-06-27 20:30:09 --> Too few arguments to function App\Controllers\Empresas::boolClienteEmpresa(), 0 passed in C:\xampp\htdocs\pos\system\CodeIgniter.php on line 936 and exactly 1 expected
#0 C:\xampp\htdocs\pos\system\CodeIgniter.php(936): App\Controllers\Empresas->boolClienteEmpresa()
#1 C:\xampp\htdocs\pos\system\CodeIgniter.php(432): CodeIgniter\CodeIgniter->runController(Object(App\Controllers\Empresas))
#2 C:\xampp\htdocs\pos\system\CodeIgniter.php(333): CodeIgniter\CodeIgniter->handleRequest(NULL, Object(Config\Cache), false)
#3 C:\xampp\htdocs\pos\public\index.php(46): CodeIgniter\CodeIgniter->run()
#4 {main}
CRITICAL - 2021-06-27 20:30:40 --> Too few arguments to function App\Controllers\Empresas::boolClienteEmpresa(), 0 passed in C:\xampp\htdocs\pos\system\CodeIgniter.php on line 936 and exactly 1 expected
#0 C:\xampp\htdocs\pos\system\CodeIgniter.php(936): App\Controllers\Empresas->boolClienteEmpresa()
#1 C:\xampp\htdocs\pos\system\CodeIgniter.php(432): CodeIgniter\CodeIgniter->runController(Object(App\Controllers\Empresas))
#2 C:\xampp\htdocs\pos\system\CodeIgniter.php(333): CodeIgniter\CodeIgniter->handleRequest(NULL, Object(Config\Cache), false)
#3 C:\xampp\htdocs\pos\public\index.php(46): CodeIgniter\CodeIgniter->run()
#4 {main}
CRITICAL - 2021-06-27 20:38:35 --> Too few arguments to function App\Controllers\Empresas::boolClienteEmpresa(), 0 passed in C:\xampp\htdocs\pos\system\CodeIgniter.php on line 936 and exactly 1 expected
#0 C:\xampp\htdocs\pos\system\CodeIgniter.php(936): App\Controllers\Empresas->boolClienteEmpresa()
#1 C:\xampp\htdocs\pos\system\CodeIgniter.php(432): CodeIgniter\CodeIgniter->runController(Object(App\Controllers\Empresas))
#2 C:\xampp\htdocs\pos\system\CodeIgniter.php(333): CodeIgniter\CodeIgniter->handleRequest(NULL, Object(Config\Cache), false)
#3 C:\xampp\htdocs\pos\public\index.php(46): CodeIgniter\CodeIgniter->run()
#4 {main}
CRITICAL - 2021-06-27 20:38:41 --> Too few arguments to function App\Controllers\Empresas::boolClienteEmpresa(), 0 passed in C:\xampp\htdocs\pos\system\CodeIgniter.php on line 936 and exactly 1 expected
#0 C:\xampp\htdocs\pos\system\CodeIgniter.php(936): App\Controllers\Empresas->boolClienteEmpresa()
#1 C:\xampp\htdocs\pos\system\CodeIgniter.php(432): CodeIgniter\CodeIgniter->runController(Object(App\Controllers\Empresas))
#2 C:\xampp\htdocs\pos\system\CodeIgniter.php(333): CodeIgniter\CodeIgniter->handleRequest(NULL, Object(Config\Cache), false)
#3 C:\xampp\htdocs\pos\public\index.php(46): CodeIgniter\CodeIgniter->run()
#4 {main}
CRITICAL - 2021-06-27 20:39:16 --> Too few arguments to function App\Controllers\Empresas::boolClienteEmpresa(), 0 passed in C:\xampp\htdocs\pos\system\CodeIgniter.php on line 936 and exactly 1 expected
#0 C:\xampp\htdocs\pos\system\CodeIgniter.php(936): App\Controllers\Empresas->boolClienteEmpresa()
#1 C:\xampp\htdocs\pos\system\CodeIgniter.php(432): CodeIgniter\CodeIgniter->runController(Object(App\Controllers\Empresas))
#2 C:\xampp\htdocs\pos\system\CodeIgniter.php(333): CodeIgniter\CodeIgniter->handleRequest(NULL, Object(Config\Cache), false)
#3 C:\xampp\htdocs\pos\public\index.php(46): CodeIgniter\CodeIgniter->run()
#4 {main}
CRITICAL - 2021-06-27 20:39:26 --> Too few arguments to function App\Controllers\Empresas::boolClienteEmpresa(), 0 passed in C:\xampp\htdocs\pos\system\CodeIgniter.php on line 936 and exactly 1 expected
#0 C:\xampp\htdocs\pos\system\CodeIgniter.php(936): App\Controllers\Empresas->boolClienteEmpresa()
#1 C:\xampp\htdocs\pos\system\CodeIgniter.php(432): CodeIgniter\CodeIgniter->runController(Object(App\Controllers\Empresas))
#2 C:\xampp\htdocs\pos\system\CodeIgniter.php(333): CodeIgniter\CodeIgniter->handleRequest(NULL, Object(Config\Cache), false)
#3 C:\xampp\htdocs\pos\public\index.php(46): CodeIgniter\CodeIgniter->run()
#4 {main}
CRITICAL - 2021-06-27 20:41:03 --> Too few arguments to function App\Controllers\Empresas::boolClienteEmpresa(), 0 passed in C:\xampp\htdocs\pos\system\CodeIgniter.php on line 936 and exactly 1 expected
#0 C:\xampp\htdocs\pos\system\CodeIgniter.php(936): App\Controllers\Empresas->boolClienteEmpresa()
#1 C:\xampp\htdocs\pos\system\CodeIgniter.php(432): CodeIgniter\CodeIgniter->runController(Object(App\Controllers\Empresas))
#2 C:\xampp\htdocs\pos\system\CodeIgniter.php(333): CodeIgniter\CodeIgniter->handleRequest(NULL, Object(Config\Cache), false)
#3 C:\xampp\htdocs\pos\public\index.php(46): CodeIgniter\CodeIgniter->run()
#4 {main}
CRITICAL - 2021-06-27 20:41:23 --> Too few arguments to function App\Controllers\Empresas::boolClienteEmpresa(), 0 passed in C:\xampp\htdocs\pos\system\CodeIgniter.php on line 936 and exactly 1 expected
#0 C:\xampp\htdocs\pos\system\CodeIgniter.php(936): App\Controllers\Empresas->boolClienteEmpresa()
#1 C:\xampp\htdocs\pos\system\CodeIgniter.php(432): CodeIgniter\CodeIgniter->runController(Object(App\Controllers\Empresas))
#2 C:\xampp\htdocs\pos\system\CodeIgniter.php(333): CodeIgniter\CodeIgniter->handleRequest(NULL, Object(Config\Cache), false)
#3 C:\xampp\htdocs\pos\public\index.php(46): CodeIgniter\CodeIgniter->run()
#4 {main}
CRITICAL - 2021-06-27 20:45:35 --> Too few arguments to function App\Controllers\Empresas::boolClienteEmpresa(), 0 passed in C:\xampp\htdocs\pos\system\CodeIgniter.php on line 936 and exactly 1 expected
#0 C:\xampp\htdocs\pos\system\CodeIgniter.php(936): App\Controllers\Empresas->boolClienteEmpresa()
#1 C:\xampp\htdocs\pos\system\CodeIgniter.php(432): CodeIgniter\CodeIgniter->runController(Object(App\Controllers\Empresas))
#2 C:\xampp\htdocs\pos\system\CodeIgniter.php(333): CodeIgniter\CodeIgniter->handleRequest(NULL, Object(Config\Cache), false)
#3 C:\xampp\htdocs\pos\public\index.php(46): CodeIgniter\CodeIgniter->run()
#4 {main}
CRITICAL - 2021-06-27 20:45:42 --> Too few arguments to function App\Controllers\Empresas::boolClienteEmpresa(), 0 passed in C:\xampp\htdocs\pos\system\CodeIgniter.php on line 936 and exactly 1 expected
#0 C:\xampp\htdocs\pos\system\CodeIgniter.php(936): App\Controllers\Empresas->boolClienteEmpresa()
#1 C:\xampp\htdocs\pos\system\CodeIgniter.php(432): CodeIgniter\CodeIgniter->runController(Object(App\Controllers\Empresas))
#2 C:\xampp\htdocs\pos\system\CodeIgniter.php(333): CodeIgniter\CodeIgniter->handleRequest(NULL, Object(Config\Cache), false)
#3 C:\xampp\htdocs\pos\public\index.php(46): CodeIgniter\CodeIgniter->run()
#4 {main}
CRITICAL - 2021-06-27 21:04:50 --> Too few arguments to function App\Controllers\Empresas::boolClienteEmpresa(), 0 passed in C:\xampp\htdocs\pos\system\CodeIgniter.php on line 936 and exactly 1 expected
#0 C:\xampp\htdocs\pos\system\CodeIgniter.php(936): App\Controllers\Empresas->boolClienteEmpresa()
#1 C:\xampp\htdocs\pos\system\CodeIgniter.php(432): CodeIgniter\CodeIgniter->runController(Object(App\Controllers\Empresas))
#2 C:\xampp\htdocs\pos\system\CodeIgniter.php(333): CodeIgniter\CodeIgniter->handleRequest(NULL, Object(Config\Cache), false)
#3 C:\xampp\htdocs\pos\public\index.php(46): CodeIgniter\CodeIgniter->run()
#4 {main}
